[2024-09-22T16:37:43.445+0000] {local_task_job_runner.py:123} INFO - ::group::Pre task execution logs
[2024-09-22T16:37:43.452+0000] {taskinstance.py:2612} INFO - Dependencies all met for dep_context=non-requeueable deps ti=<TaskInstance: user_processing.is_api_available manual__2024-09-22T16:28:40.273444+00:00 [queued]>
[2024-09-22T16:37:43.456+0000] {taskinstance.py:2612} INFO - Dependencies all met for dep_context=requeueable deps ti=<TaskInstance: user_processing.is_api_available manual__2024-09-22T16:28:40.273444+00:00 [queued]>
[2024-09-22T16:37:43.456+0000] {taskinstance.py:2865} INFO - Starting attempt 2 of 2
[2024-09-22T16:37:43.461+0000] {taskinstance.py:2888} INFO - Executing <Task(HttpSensor): is_api_available> on 2024-09-22 16:28:40.273444+00:00
[2024-09-22T16:37:43.465+0000] {warnings.py:112} WARNING - /home/***/.local/lib/python3.12/site-packages/***/task/task_runner/standard_task_runner.py:70: DeprecationWarning: This process (pid=8564) is multi-threaded, use of fork() may lead to deadlocks in the child.
  pid = os.fork()

[2024-09-22T16:37:43.466+0000] {standard_task_runner.py:72} INFO - Started process 8566 to run task
[2024-09-22T16:37:43.467+0000] {standard_task_runner.py:104} INFO - Running: ['***', 'tasks', 'run', 'user_processing', 'is_api_available', 'manual__2024-09-22T16:28:40.273444+00:00', '--job-id', '88', '--raw', '--subdir', 'DAGS_FOLDER/user_processing.py', '--cfg-path', '/tmp/tmpg4z8s3aq']
[2024-09-22T16:37:43.467+0000] {standard_task_runner.py:105} INFO - Job 88: Subtask is_api_available
[2024-09-22T16:37:43.491+0000] {task_command.py:467} INFO - Running <TaskInstance: user_processing.is_api_available manual__2024-09-22T16:28:40.273444+00:00 [running]> on host 0bbd6d2129ab
[2024-09-22T16:37:43.527+0000] {taskinstance.py:3131} INFO - Exporting env vars: AIRFLOW_CTX_DAG_OWNER='***' AIRFLOW_CTX_DAG_ID='user_processing' AIRFLOW_CTX_TASK_ID='is_api_available' AIRFLOW_CTX_EXECUTION_DATE='2024-09-22T16:28:40.273444+00:00' AIRFLOW_CTX_TRY_NUMBER='2' AIRFLOW_CTX_DAG_RUN_ID='manual__2024-09-22T16:28:40.273444+00:00'
[2024-09-22T16:37:43.528+0000] {logging_mixin.py:190} INFO - Task instance is in running state
[2024-09-22T16:37:43.529+0000] {logging_mixin.py:190} INFO -  Previous state of the Task instance: queued
[2024-09-22T16:37:43.529+0000] {logging_mixin.py:190} INFO - Current task name:is_api_available state:running start_date:2024-09-22 16:37:43.452950+00:00
[2024-09-22T16:37:43.529+0000] {logging_mixin.py:190} INFO - Dag name:user_processing and current dag run status:running
[2024-09-22T16:37:43.529+0000] {taskinstance.py:731} INFO - ::endgroup::
[2024-09-22T16:37:43.529+0000] {baseoperator.py:405} WARNING - HttpSensor.execute cannot be called outside TaskInstance!
[2024-09-22T16:37:43.529+0000] {http.py:137} INFO - Poking: api/
[2024-09-22T16:37:43.534+0000] {base.py:84} INFO - Retrieving connection 'user_api'
[2024-09-22T16:37:43.747+0000] {base.py:336} INFO - Success criteria met. Exiting.
[2024-09-22T16:37:43.756+0000] {taskinstance.py:340} INFO - ::group::Post task execution logs
[2024-09-22T16:37:43.757+0000] {taskinstance.py:352} INFO - Marking task as SUCCESS. dag_id=user_processing, task_id=is_api_available, run_id=manual__2024-09-22T16:28:40.273444+00:00, execution_date=20240922T162840, start_date=20240922T163743, end_date=20240922T163743
[2024-09-22T16:37:43.764+0000] {logging_mixin.py:190} INFO - Task instance in success state
[2024-09-22T16:37:43.765+0000] {logging_mixin.py:190} INFO -  Previous state of the Task instance: running
[2024-09-22T16:37:43.766+0000] {logging_mixin.py:190} INFO - Dag name:user_processing queued_at:2024-09-22 16:37:41.340603+00:00
[2024-09-22T16:37:43.766+0000] {logging_mixin.py:190} INFO - Task hostname:0bbd6d2129ab operator:HttpSensor
[2024-09-22T16:37:43.780+0000] {local_task_job_runner.py:266} INFO - Task exited with return code 0
[2024-09-22T16:37:43.788+0000] {warnings.py:112} WARNING - /home/***/.local/lib/python3.12/site-packages/***/models/baseoperator.py:1378: AirflowProviderDeprecationWarning: Call to deprecated class SimpleHttpOperator. (Class `SimpleHttpOperator` is deprecated and will be removed in a future release. Please use `HttpOperator` instead.)
  result = cls.__new__(cls)

[2024-09-22T16:37:43.805+0000] {taskinstance.py:3900} INFO - 1 downstream tasks scheduled from follow-on schedule check
[2024-09-22T16:37:43.807+0000] {local_task_job_runner.py:245} INFO - ::endgroup::
