[2024-09-23T14:55:21.593+0000] {local_task_job_runner.py:123} INFO - ::group::Pre task execution logs
[2024-09-23T14:55:21.606+0000] {taskinstance.py:2612} INFO - Dependencies all met for dep_context=non-requeueable deps ti=<TaskInstance: 008-simple-extract-load-bq.insert_query manual__2024-09-23T11:32:25.296554+00:00 [queued]>
[2024-09-23T14:55:21.611+0000] {taskinstance.py:2612} INFO - Dependencies all met for dep_context=requeueable deps ti=<TaskInstance: 008-simple-extract-load-bq.insert_query manual__2024-09-23T11:32:25.296554+00:00 [queued]>
[2024-09-23T14:55:21.611+0000] {taskinstance.py:2865} INFO - Starting attempt 13 of 13
[2024-09-23T14:55:21.617+0000] {taskinstance.py:2888} INFO - Executing <Task(BigQueryInsertJobOperator): insert_query> on 2024-09-23 11:32:25.296554+00:00
[2024-09-23T14:55:21.621+0000] {warnings.py:112} WARNING - /home/***/.local/lib/python3.12/site-packages/***/task/task_runner/standard_task_runner.py:70: DeprecationWarning: This process (pid=2455) is multi-threaded, use of fork() may lead to deadlocks in the child.
  pid = os.fork()

[2024-09-23T14:55:21.622+0000] {standard_task_runner.py:72} INFO - Started process 2457 to run task
[2024-09-23T14:55:21.623+0000] {standard_task_runner.py:104} INFO - Running: ['***', 'tasks', 'run', '008-simple-extract-load-bq', 'insert_query', 'manual__2024-09-23T11:32:25.296554+00:00', '--job-id', '162', '--raw', '--subdir', 'DAGS_FOLDER/008-simple-extract-load-bq.py', '--cfg-path', '/tmp/tmpbnxri9pb']
[2024-09-23T14:55:21.623+0000] {standard_task_runner.py:105} INFO - Job 162: Subtask insert_query
[2024-09-23T14:55:21.646+0000] {task_command.py:467} INFO - Running <TaskInstance: 008-simple-extract-load-bq.insert_query manual__2024-09-23T11:32:25.296554+00:00 [running]> on host 49bf9bae52f3
[2024-09-23T14:55:21.687+0000] {taskinstance.py:3131} INFO - Exporting env vars: AIRFLOW_CTX_DAG_OWNER='***' AIRFLOW_CTX_DAG_ID='008-simple-extract-load-bq' AIRFLOW_CTX_TASK_ID='insert_query' AIRFLOW_CTX_EXECUTION_DATE='2024-09-23T11:32:25.296554+00:00' AIRFLOW_CTX_TRY_NUMBER='13' AIRFLOW_CTX_DAG_RUN_ID='manual__2024-09-23T11:32:25.296554+00:00'
[2024-09-23T14:55:21.689+0000] {logging_mixin.py:190} INFO - Task instance is in running state
[2024-09-23T14:55:21.689+0000] {logging_mixin.py:190} INFO -  Previous state of the Task instance: queued
[2024-09-23T14:55:21.689+0000] {logging_mixin.py:190} INFO - Current task name:insert_query state:running start_date:2024-09-23 14:55:21.606965+00:00
[2024-09-23T14:55:21.689+0000] {logging_mixin.py:190} INFO - Dag name:008-simple-extract-load-bq and current dag run status:running
[2024-09-23T14:55:21.689+0000] {taskinstance.py:731} INFO - ::endgroup::
[2024-09-23T14:55:21.697+0000] {base.py:84} INFO - Retrieving connection 'bigquery'
[2024-09-23T14:55:21.737+0000] {bigquery.py:2957} INFO - Executing: {'query': {'query': "INSERT INTO `third-essence-345723.astronomer.forestfires`\n  (id, y, month, day, ffmc, dmc, dc, isi, temp, rh, wind, rain, area)\nVALUES\n  (1, 1, 'jan', 'mon', 85.4, 26.2, 94.3, 5.1, 22.1, 45, 4.5, 0.0, 0.3),\n  (2, 0, 'feb', 'tue', 90.2, 35.4, 99.1, 7.0, 18.3, 35, 3.2, 0.2, 1.1);", 'useLegacySql': False}}'
[2024-09-23T14:55:21.738+0000] {bigquery.py:1702} INFO - Inserting job ***_008_simple_extract_load_bq_insert_query_2024_09_23T11_32_25_296554_00_00_81f8010330bec61f178c9e34c6465b66
[2024-09-23T14:55:24.222+0000] {taskinstance.py:340} INFO - ::group::Post task execution logs
[2024-09-23T14:55:24.223+0000] {taskinstance.py:352} INFO - Marking task as SUCCESS. dag_id=008-simple-extract-load-bq, task_id=insert_query, run_id=manual__2024-09-23T11:32:25.296554+00:00, execution_date=20240923T113225, start_date=20240923T145521, end_date=20240923T145524
[2024-09-23T14:55:24.232+0000] {logging_mixin.py:190} INFO - Task instance in success state
[2024-09-23T14:55:24.232+0000] {logging_mixin.py:190} INFO -  Previous state of the Task instance: running
[2024-09-23T14:55:24.232+0000] {logging_mixin.py:190} INFO - Dag name:008-simple-extract-load-bq queued_at:2024-09-23 14:55:12.986833+00:00
[2024-09-23T14:55:24.233+0000] {logging_mixin.py:190} INFO - Task hostname:49bf9bae52f3 operator:BigQueryInsertJobOperator
[2024-09-23T14:55:24.249+0000] {local_task_job_runner.py:266} INFO - Task exited with return code 0
[2024-09-23T14:55:24.275+0000] {taskinstance.py:3900} INFO - 3 downstream tasks scheduled from follow-on schedule check
[2024-09-23T14:55:24.276+0000] {local_task_job_runner.py:245} INFO - ::endgroup::
