[2024-09-23T14:46:54.510+0000] {local_task_job_runner.py:123} INFO - ::group::Pre task execution logs
[2024-09-23T14:46:54.520+0000] {taskinstance.py:2612} INFO - Dependencies all met for dep_context=non-requeueable deps ti=<TaskInstance: 008-simple-extract-load-bq.insert_query manual__2024-09-23T11:32:25.296554+00:00 [queued]>
[2024-09-23T14:46:54.524+0000] {taskinstance.py:2612} INFO - Dependencies all met for dep_context=requeueable deps ti=<TaskInstance: 008-simple-extract-load-bq.insert_query manual__2024-09-23T11:32:25.296554+00:00 [queued]>
[2024-09-23T14:46:54.524+0000] {taskinstance.py:2865} INFO - Starting attempt 9 of 9
[2024-09-23T14:46:54.530+0000] {taskinstance.py:2888} INFO - Executing <Task(BigQueryInsertJobOperator): insert_query> on 2024-09-23 11:32:25.296554+00:00
[2024-09-23T14:46:54.536+0000] {warnings.py:112} WARNING - /home/***/.local/lib/python3.12/site-packages/***/task/task_runner/standard_task_runner.py:70: DeprecationWarning: This process (pid=2234) is multi-threaded, use of fork() may lead to deadlocks in the child.
  pid = os.fork()

[2024-09-23T14:46:54.538+0000] {standard_task_runner.py:72} INFO - Started process 2236 to run task
[2024-09-23T14:46:54.540+0000] {standard_task_runner.py:104} INFO - Running: ['***', 'tasks', 'run', '008-simple-extract-load-bq', 'insert_query', 'manual__2024-09-23T11:32:25.296554+00:00', '--job-id', '134', '--raw', '--subdir', 'DAGS_FOLDER/008-simple-extract-load-bq.py', '--cfg-path', '/tmp/tmp9r56hdf2']
[2024-09-23T14:46:54.541+0000] {standard_task_runner.py:105} INFO - Job 134: Subtask insert_query
[2024-09-23T14:46:54.569+0000] {task_command.py:467} INFO - Running <TaskInstance: 008-simple-extract-load-bq.insert_query manual__2024-09-23T11:32:25.296554+00:00 [running]> on host 49bf9bae52f3
[2024-09-23T14:46:54.610+0000] {taskinstance.py:3131} INFO - Exporting env vars: AIRFLOW_CTX_DAG_OWNER='***' AIRFLOW_CTX_DAG_ID='008-simple-extract-load-bq' AIRFLOW_CTX_TASK_ID='insert_query' AIRFLOW_CTX_EXECUTION_DATE='2024-09-23T11:32:25.296554+00:00' AIRFLOW_CTX_TRY_NUMBER='9' AIRFLOW_CTX_DAG_RUN_ID='manual__2024-09-23T11:32:25.296554+00:00'
[2024-09-23T14:46:54.611+0000] {logging_mixin.py:190} INFO - Task instance is in running state
[2024-09-23T14:46:54.612+0000] {logging_mixin.py:190} INFO -  Previous state of the Task instance: queued
[2024-09-23T14:46:54.612+0000] {logging_mixin.py:190} INFO - Current task name:insert_query state:running start_date:2024-09-23 14:46:54.520519+00:00
[2024-09-23T14:46:54.612+0000] {logging_mixin.py:190} INFO - Dag name:008-simple-extract-load-bq and current dag run status:running
[2024-09-23T14:46:54.612+0000] {taskinstance.py:731} INFO - ::endgroup::
[2024-09-23T14:46:54.622+0000] {base.py:84} INFO - Retrieving connection 'bigquery'
[2024-09-23T14:46:54.669+0000] {bigquery.py:2957} INFO - Executing: {'query': {'query': "INSERT INTO `third-essence-345723.astronomer.forestfires`\n    (id, y, month, day, ffmc, dmc, dc, isi, temp, rh, wind, rain, area)\nVALUES\n    (1, 1, 'jan', 'mon', 85.4, 26.2, 94.3, 5.1, 22.1, 45, 4.5, 0.0, 0.3),\n    (2, 2, 'feb', 'tue', 92.3, 35.5, 105.6, 7.4, 19.2, 52, 5.2, 0.1, 0.4),\n    (3, 3, 'mar', 'wed', 89.2, 27.9, 112.4, 8.1, 21.7, 49, 3.9, 0.0, 0.2),\n    (4, 4, 'apr', 'thu', 86.7, 24.3, 93.1, 6.2, 23.3, 43, 4.8, 0.0, 0.5),\n    (5, 5, 'may', 'fri', 91.5, 29.8, 108.7, 9.3, 25.8, 40, 5.6, 0.0, 0.6),\n    (6, 6, 'jun', 'sat', 88.4, 31.2, 99.9, 7.0, 26.4, 38, 6.1, 0.1, 0.8),\n    (7, 7, 'jul', 'sun', 87.9, 28.3, 102.3, 8.8, 24.5, 50, 4.2, 0.0, 0.9),\n    (8, 8, 'aug', 'mon', 90.8, 33.1, 110.2, 9.0, 27.1, 41, 5.9, 0.0, 1.1),\n    (9, 9, 'sep', 'tue', 93.1, 34.5, 115.6, 7.7, 28.5, 44, 6.5, 0.1, 1.3),\n    (10, 10, 'oct', 'wed', 84.5, 22.6, 90.8, 5.6, 20.2, 55, 3.7, 0.0, 0.7);", 'useLegacySql': False}}'
[2024-09-23T14:46:54.672+0000] {bigquery.py:1702} INFO - Inserting job ***_008_simple_extract_load_bq_insert_query_2024_09_23T11_32_25_296554_00_00_4a1f97b32d1f889bd560572686e2dcdc
[2024-09-23T14:46:57.245+0000] {taskinstance.py:340} INFO - ::group::Post task execution logs
[2024-09-23T14:46:57.246+0000] {taskinstance.py:352} INFO - Marking task as SUCCESS. dag_id=008-simple-extract-load-bq, task_id=insert_query, run_id=manual__2024-09-23T11:32:25.296554+00:00, execution_date=20240923T113225, start_date=20240923T144654, end_date=20240923T144657
[2024-09-23T14:46:57.253+0000] {logging_mixin.py:190} INFO - Task instance in success state
[2024-09-23T14:46:57.253+0000] {logging_mixin.py:190} INFO -  Previous state of the Task instance: running
[2024-09-23T14:46:57.254+0000] {logging_mixin.py:190} INFO - Dag name:008-simple-extract-load-bq queued_at:2024-09-23 14:46:44.448246+00:00
[2024-09-23T14:46:57.254+0000] {logging_mixin.py:190} INFO - Task hostname:49bf9bae52f3 operator:BigQueryInsertJobOperator
[2024-09-23T14:46:57.280+0000] {local_task_job_runner.py:266} INFO - Task exited with return code 0
[2024-09-23T14:46:57.303+0000] {taskinstance.py:3900} INFO - 3 downstream tasks scheduled from follow-on schedule check
[2024-09-23T14:46:57.305+0000] {local_task_job_runner.py:245} INFO - ::endgroup::
