[2024-09-23T15:00:55.785+0000] {local_task_job_runner.py:123} INFO - ::group::Pre task execution logs
[2024-09-23T15:00:55.795+0000] {taskinstance.py:2612} INFO - Dependencies all met for dep_context=non-requeueable deps ti=<TaskInstance: 008-simple-extract-load-bq.insert_query manual__2024-09-23T11:32:25.296554+00:00 [queued]>
[2024-09-23T15:00:55.800+0000] {taskinstance.py:2612} INFO - Dependencies all met for dep_context=requeueable deps ti=<TaskInstance: 008-simple-extract-load-bq.insert_query manual__2024-09-23T11:32:25.296554+00:00 [queued]>
[2024-09-23T15:00:55.800+0000] {taskinstance.py:2865} INFO - Starting attempt 14 of 14
[2024-09-23T15:00:55.805+0000] {taskinstance.py:2888} INFO - Executing <Task(BigQueryInsertJobOperator): insert_query> on 2024-09-23 11:32:25.296554+00:00
[2024-09-23T15:00:55.809+0000] {warnings.py:112} WARNING - /home/***/.local/lib/python3.12/site-packages/***/task/task_runner/standard_task_runner.py:70: DeprecationWarning: This process (pid=2553) is multi-threaded, use of fork() may lead to deadlocks in the child.
  pid = os.fork()

[2024-09-23T15:00:55.811+0000] {standard_task_runner.py:104} INFO - Running: ['***', 'tasks', 'run', '008-simple-extract-load-bq', 'insert_query', 'manual__2024-09-23T11:32:25.296554+00:00', '--job-id', '169', '--raw', '--subdir', 'DAGS_FOLDER/008-simple-extract-load-bq.py', '--cfg-path', '/tmp/tmpugshbo2p']
[2024-09-23T15:00:55.812+0000] {standard_task_runner.py:105} INFO - Job 169: Subtask insert_query
[2024-09-23T15:00:55.811+0000] {standard_task_runner.py:72} INFO - Started process 2555 to run task
[2024-09-23T15:00:55.844+0000] {task_command.py:467} INFO - Running <TaskInstance: 008-simple-extract-load-bq.insert_query manual__2024-09-23T11:32:25.296554+00:00 [running]> on host 49bf9bae52f3
[2024-09-23T15:00:55.885+0000] {taskinstance.py:3131} INFO - Exporting env vars: AIRFLOW_CTX_DAG_OWNER='***' AIRFLOW_CTX_DAG_ID='008-simple-extract-load-bq' AIRFLOW_CTX_TASK_ID='insert_query' AIRFLOW_CTX_EXECUTION_DATE='2024-09-23T11:32:25.296554+00:00' AIRFLOW_CTX_TRY_NUMBER='14' AIRFLOW_CTX_DAG_RUN_ID='manual__2024-09-23T11:32:25.296554+00:00'
[2024-09-23T15:00:55.885+0000] {logging_mixin.py:190} INFO - Task instance is in running state
[2024-09-23T15:00:55.886+0000] {logging_mixin.py:190} INFO -  Previous state of the Task instance: queued
[2024-09-23T15:00:55.886+0000] {logging_mixin.py:190} INFO - Current task name:insert_query state:running start_date:2024-09-23 15:00:55.796227+00:00
[2024-09-23T15:00:55.886+0000] {logging_mixin.py:190} INFO - Dag name:008-simple-extract-load-bq and current dag run status:running
[2024-09-23T15:00:55.886+0000] {taskinstance.py:731} INFO - ::endgroup::
[2024-09-23T15:00:55.895+0000] {base.py:84} INFO - Retrieving connection 'bigquery'
[2024-09-23T15:00:55.935+0000] {bigquery.py:2957} INFO - Executing: {'query': {'query': "INSERT INTO `third-essence-345723.astronomer.forestfires`\n  (id, y, month, day, ffmc, dmc, dc, isi, temp, rh, wind, rain, area)\nVALUES\n  (1, 1, 'jan', 'mon', 85.4, 26.2, 94.3, 5.1, 22.1, 45, 4.5, 0.0, 0.3),\n  (2, 0, 'feb', 'tue', 90.2, 35.4, 99.1, 7.0, 18.3, 35, 3.2, 0.2, 1.1);", 'useLegacySql': False}}'
[2024-09-23T15:00:55.936+0000] {bigquery.py:1702} INFO - Inserting job ***_008_simple_extract_load_bq_insert_query_2024_09_23T11_32_25_296554_00_00_fe3d7529353c101591cbaaecab2f1c6a
[2024-09-23T15:00:58.329+0000] {taskinstance.py:340} INFO - ::group::Post task execution logs
[2024-09-23T15:00:58.330+0000] {taskinstance.py:352} INFO - Marking task as SUCCESS. dag_id=008-simple-extract-load-bq, task_id=insert_query, run_id=manual__2024-09-23T11:32:25.296554+00:00, execution_date=20240923T113225, start_date=20240923T150055, end_date=20240923T150058
[2024-09-23T15:00:58.337+0000] {logging_mixin.py:190} INFO - Task instance in success state
[2024-09-23T15:00:58.338+0000] {logging_mixin.py:190} INFO -  Previous state of the Task instance: running
[2024-09-23T15:00:58.338+0000] {logging_mixin.py:190} INFO - Dag name:008-simple-extract-load-bq queued_at:2024-09-23 15:00:47.656694+00:00
[2024-09-23T15:00:58.338+0000] {logging_mixin.py:190} INFO - Task hostname:49bf9bae52f3 operator:BigQueryInsertJobOperator
[2024-09-23T15:00:58.371+0000] {local_task_job_runner.py:266} INFO - Task exited with return code 0
[2024-09-23T15:00:58.397+0000] {taskinstance.py:3900} INFO - 3 downstream tasks scheduled from follow-on schedule check
[2024-09-23T15:00:58.398+0000] {local_task_job_runner.py:245} INFO - ::endgroup::
