[2024-09-22T14:53:37.808+0000] {local_task_job_runner.py:123} INFO - ::group::Pre task execution logs
[2024-09-22T14:53:37.816+0000] {taskinstance.py:2612} INFO - Dependencies all met for dep_context=non-requeueable deps ti=<TaskInstance: project.process_user manual__2024-09-22T12:57:24.010523+00:00 [queued]>
[2024-09-22T14:53:37.819+0000] {taskinstance.py:2612} INFO - Dependencies all met for dep_context=requeueable deps ti=<TaskInstance: project.process_user manual__2024-09-22T12:57:24.010523+00:00 [queued]>
[2024-09-22T14:53:37.820+0000] {taskinstance.py:2865} INFO - Starting attempt 7 of 7
[2024-09-22T14:53:37.825+0000] {taskinstance.py:2888} INFO - Executing <Task(PythonOperator): process_user> on 2024-09-22 12:57:24.010523+00:00
[2024-09-22T14:53:37.828+0000] {warnings.py:112} WARNING - /home/***/.local/lib/python3.12/site-packages/***/task/task_runner/standard_task_runner.py:70: DeprecationWarning: This process (pid=6992) is multi-threaded, use of fork() may lead to deadlocks in the child.
  pid = os.fork()

[2024-09-22T14:53:37.829+0000] {standard_task_runner.py:72} INFO - Started process 6994 to run task
[2024-09-22T14:53:37.829+0000] {standard_task_runner.py:104} INFO - Running: ['***', 'tasks', 'run', 'project', 'process_user', 'manual__2024-09-22T12:57:24.010523+00:00', '--job-id', '42', '--raw', '--subdir', 'DAGS_FOLDER/project.py', '--cfg-path', '/tmp/tmp4y0u6ly7']
[2024-09-22T14:53:37.830+0000] {standard_task_runner.py:105} INFO - Job 42: Subtask process_user
[2024-09-22T14:53:37.853+0000] {task_command.py:467} INFO - Running <TaskInstance: project.process_user manual__2024-09-22T12:57:24.010523+00:00 [running]> on host 0bbd6d2129ab
[2024-09-22T14:53:37.886+0000] {taskinstance.py:3131} INFO - Exporting env vars: AIRFLOW_CTX_DAG_OWNER='***' AIRFLOW_CTX_DAG_ID='project' AIRFLOW_CTX_TASK_ID='process_user' AIRFLOW_CTX_EXECUTION_DATE='2024-09-22T12:57:24.010523+00:00' AIRFLOW_CTX_TRY_NUMBER='7' AIRFLOW_CTX_DAG_RUN_ID='manual__2024-09-22T12:57:24.010523+00:00'
[2024-09-22T14:53:37.886+0000] {logging_mixin.py:190} INFO - Task instance is in running state
[2024-09-22T14:53:37.887+0000] {logging_mixin.py:190} INFO -  Previous state of the Task instance: queued
[2024-09-22T14:53:37.887+0000] {logging_mixin.py:190} INFO - Current task name:process_user state:running start_date:2024-09-22 14:53:37.816687+00:00
[2024-09-22T14:53:37.887+0000] {logging_mixin.py:190} INFO - Dag name:project and current dag run status:running
[2024-09-22T14:53:37.887+0000] {taskinstance.py:731} INFO - ::endgroup::
[2024-09-22T14:53:37.896+0000] {python.py:240} INFO - Done. Returned value was: None
[2024-09-22T14:53:37.901+0000] {taskinstance.py:340} INFO - ::group::Post task execution logs
[2024-09-22T14:53:37.901+0000] {taskinstance.py:352} INFO - Marking task as SUCCESS. dag_id=project, task_id=process_user, run_id=manual__2024-09-22T12:57:24.010523+00:00, execution_date=20240922T125724, start_date=20240922T145337, end_date=20240922T145337
[2024-09-22T14:53:37.904+0000] {logging_mixin.py:190} INFO - Task instance in success state
[2024-09-22T14:53:37.905+0000] {logging_mixin.py:190} INFO -  Previous state of the Task instance: running
[2024-09-22T14:53:37.905+0000] {logging_mixin.py:190} INFO - Dag name:project queued_at:2024-09-22 14:53:33.949013+00:00
[2024-09-22T14:53:37.905+0000] {logging_mixin.py:190} INFO - Task hostname:0bbd6d2129ab operator:PythonOperator
[2024-09-22T14:53:37.928+0000] {local_task_job_runner.py:266} INFO - Task exited with return code 0
[2024-09-22T14:53:37.938+0000] {taskinstance.py:3900} INFO - 0 downstream tasks scheduled from follow-on schedule check
[2024-09-22T14:53:37.939+0000] {local_task_job_runner.py:245} INFO - ::endgroup::
