[2024-09-22T16:28:43.365+0000] {local_task_job_runner.py:123} INFO - ::group::Pre task execution logs
[2024-09-22T16:28:43.374+0000] {taskinstance.py:2612} INFO - Dependencies all met for dep_context=non-requeueable deps ti=<TaskInstance: user_processing.extract_user manual__2024-09-22T16:28:40.273444+00:00 [queued]>
[2024-09-22T16:28:43.378+0000] {taskinstance.py:2612} INFO - Dependencies all met for dep_context=requeueable deps ti=<TaskInstance: user_processing.extract_user manual__2024-09-22T16:28:40.273444+00:00 [queued]>
[2024-09-22T16:28:43.378+0000] {taskinstance.py:2865} INFO - Starting attempt 1 of 1
[2024-09-22T16:28:43.383+0000] {taskinstance.py:2888} INFO - Executing <Task(SimpleHttpOperator): extract_user> on 2024-09-22 16:28:40.273444+00:00
[2024-09-22T16:28:43.386+0000] {warnings.py:112} WARNING - /home/***/.local/lib/python3.12/site-packages/***/task/task_runner/standard_task_runner.py:70: DeprecationWarning: This process (pid=8431) is multi-threaded, use of fork() may lead to deadlocks in the child.
  pid = os.fork()

[2024-09-22T16:28:43.387+0000] {standard_task_runner.py:72} INFO - Started process 8433 to run task
[2024-09-22T16:28:43.388+0000] {standard_task_runner.py:104} INFO - Running: ['***', 'tasks', 'run', 'user_processing', 'extract_user', 'manual__2024-09-22T16:28:40.273444+00:00', '--job-id', '84', '--raw', '--subdir', 'DAGS_FOLDER/user_processing.py', '--cfg-path', '/tmp/tmp_faqm5q3']
[2024-09-22T16:28:43.389+0000] {standard_task_runner.py:105} INFO - Job 84: Subtask extract_user
[2024-09-22T16:28:43.410+0000] {task_command.py:467} INFO - Running <TaskInstance: user_processing.extract_user manual__2024-09-22T16:28:40.273444+00:00 [running]> on host 0bbd6d2129ab
[2024-09-22T16:28:43.445+0000] {taskinstance.py:3131} INFO - Exporting env vars: AIRFLOW_CTX_DAG_OWNER='***' AIRFLOW_CTX_DAG_ID='user_processing' AIRFLOW_CTX_TASK_ID='extract_user' AIRFLOW_CTX_EXECUTION_DATE='2024-09-22T16:28:40.273444+00:00' AIRFLOW_CTX_TRY_NUMBER='1' AIRFLOW_CTX_DAG_RUN_ID='manual__2024-09-22T16:28:40.273444+00:00'
[2024-09-22T16:28:43.446+0000] {logging_mixin.py:190} INFO - Task instance is in running state
[2024-09-22T16:28:43.446+0000] {logging_mixin.py:190} INFO -  Previous state of the Task instance: queued
[2024-09-22T16:28:43.446+0000] {logging_mixin.py:190} INFO - Current task name:extract_user state:running start_date:2024-09-22 16:28:43.374629+00:00
[2024-09-22T16:28:43.446+0000] {logging_mixin.py:190} INFO - Dag name:user_processing and current dag run status:running
[2024-09-22T16:28:43.446+0000] {taskinstance.py:731} INFO - ::endgroup::
[2024-09-22T16:28:43.446+0000] {http.py:173} INFO - Calling HTTP method
[2024-09-22T16:28:43.451+0000] {base.py:84} INFO - Retrieving connection 'user_api'
[2024-09-22T16:28:43.457+0000] {base.py:84} INFO - Retrieving connection 'user_api'
[2024-09-22T16:28:43.661+0000] {http.py:222} INFO - {"results":[{"gender":"male","name":{"title":"Mr","first":"Eemeli","last":"Mattila"},"location":{"street":{"number":2639,"name":"Visiokatu"},"city":"Riihimäki","state":"Finland Proper","country":"Finland","postcode":81646,"coordinates":{"latitude":"-24.2379","longitude":"-60.2391"},"timezone":{"offset":"+8:00","description":"Beijing, Perth, Singapore, Hong Kong"}},"email":"eemeli.mattila@example.com","login":{"uuid":"39d4fb2c-7cd4-43c6-a8cb-f27d5bfb2eec","username":"silverpanda991","password":"liao","salt":"BVZrpXx5","md5":"ef9e9dafe3c9a8ee6860e17d649d6ac5","sha1":"e09f4ee4ac841f2b4d65827ef652fea565ac4011","sha256":"dce78c22a0d9804025e16643e2c3d2a51a03f0a5444dd2fb06d6197b24ec82fb"},"dob":{"date":"1953-08-09T02:17:54.141Z","age":71},"registered":{"date":"2012-01-03T15:17:26.107Z","age":12},"phone":"04-797-198","cell":"047-171-23-63","id":{"name":"HETU","value":"NaNNA395undefined"},"picture":{"large":"https://randomuser.me/api/portraits/men/83.jpg","medium":"https://randomuser.me/api/portraits/med/men/83.jpg","thumbnail":"https://randomuser.me/api/portraits/thumb/men/83.jpg"},"nat":"FI"}],"info":{"seed":"da579fbafbefe2fb","results":1,"page":1,"version":"1.4"}}
[2024-09-22T16:28:43.682+0000] {taskinstance.py:340} INFO - ::group::Post task execution logs
[2024-09-22T16:28:43.683+0000] {taskinstance.py:352} INFO - Marking task as SUCCESS. dag_id=user_processing, task_id=extract_user, run_id=manual__2024-09-22T16:28:40.273444+00:00, execution_date=20240922T162840, start_date=20240922T162843, end_date=20240922T162843
[2024-09-22T16:28:43.689+0000] {logging_mixin.py:190} INFO - Task instance in success state
[2024-09-22T16:28:43.689+0000] {logging_mixin.py:190} INFO -  Previous state of the Task instance: running
[2024-09-22T16:28:43.690+0000] {logging_mixin.py:190} INFO - Dag name:user_processing queued_at:2024-09-22 16:28:40.283708+00:00
[2024-09-22T16:28:43.690+0000] {logging_mixin.py:190} INFO - Task hostname:0bbd6d2129ab operator:SimpleHttpOperator
[2024-09-22T16:28:43.698+0000] {local_task_job_runner.py:266} INFO - Task exited with return code 0
[2024-09-22T16:28:43.707+0000] {warnings.py:112} WARNING - /home/***/.local/lib/python3.12/site-packages/***/models/baseoperator.py:1378: AirflowProviderDeprecationWarning: Call to deprecated class SimpleHttpOperator. (Class `SimpleHttpOperator` is deprecated and will be removed in a future release. Please use `HttpOperator` instead.)
  result = cls.__new__(cls)

[2024-09-22T16:28:43.718+0000] {taskinstance.py:3900} INFO - 1 downstream tasks scheduled from follow-on schedule check
[2024-09-22T16:28:43.719+0000] {local_task_job_runner.py:245} INFO - ::endgroup::
