[2024-09-23T14:53:13.521+0000] {local_task_job_runner.py:123} INFO - ::group::Pre task execution logs
[2024-09-23T14:53:13.529+0000] {taskinstance.py:2612} INFO - Dependencies all met for dep_context=non-requeueable deps ti=<TaskInstance: 008-simple-extract-load-bq.create_dataset manual__2024-09-23T11:32:25.296554+00:00 [queued]>
[2024-09-23T14:53:13.533+0000] {taskinstance.py:2612} INFO - Dependencies all met for dep_context=requeueable deps ti=<TaskInstance: 008-simple-extract-load-bq.create_dataset manual__2024-09-23T11:32:25.296554+00:00 [queued]>
[2024-09-23T14:53:13.534+0000] {taskinstance.py:2865} INFO - Starting attempt 14 of 14
[2024-09-23T14:53:13.539+0000] {taskinstance.py:2888} INFO - Executing <Task(BigQueryCreateEmptyDatasetOperator): create_dataset> on 2024-09-23 11:32:25.296554+00:00
[2024-09-23T14:53:13.545+0000] {warnings.py:112} WARNING - /home/***/.local/lib/python3.12/site-packages/***/task/task_runner/standard_task_runner.py:70: DeprecationWarning: This process (pid=2387) is multi-threaded, use of fork() may lead to deadlocks in the child.
  pid = os.fork()

[2024-09-23T14:53:13.546+0000] {standard_task_runner.py:72} INFO - Started process 2389 to run task
[2024-09-23T14:53:13.547+0000] {standard_task_runner.py:104} INFO - Running: ['***', 'tasks', 'run', '008-simple-extract-load-bq', 'create_dataset', 'manual__2024-09-23T11:32:25.296554+00:00', '--job-id', '152', '--raw', '--subdir', 'DAGS_FOLDER/008-simple-extract-load-bq.py', '--cfg-path', '/tmp/tmpehb0as_9']
[2024-09-23T14:53:13.548+0000] {standard_task_runner.py:105} INFO - Job 152: Subtask create_dataset
[2024-09-23T14:53:13.575+0000] {task_command.py:467} INFO - Running <TaskInstance: 008-simple-extract-load-bq.create_dataset manual__2024-09-23T11:32:25.296554+00:00 [running]> on host 49bf9bae52f3
[2024-09-23T14:53:13.611+0000] {taskinstance.py:3131} INFO - Exporting env vars: AIRFLOW_CTX_DAG_OWNER='***' AIRFLOW_CTX_DAG_ID='008-simple-extract-load-bq' AIRFLOW_CTX_TASK_ID='create_dataset' AIRFLOW_CTX_EXECUTION_DATE='2024-09-23T11:32:25.296554+00:00' AIRFLOW_CTX_TRY_NUMBER='14' AIRFLOW_CTX_DAG_RUN_ID='manual__2024-09-23T11:32:25.296554+00:00'
[2024-09-23T14:53:13.612+0000] {logging_mixin.py:190} INFO - Task instance is in running state
[2024-09-23T14:53:13.612+0000] {logging_mixin.py:190} INFO -  Previous state of the Task instance: queued
[2024-09-23T14:53:13.612+0000] {logging_mixin.py:190} INFO - Current task name:create_dataset state:running start_date:2024-09-23 14:53:13.530225+00:00
[2024-09-23T14:53:13.612+0000] {logging_mixin.py:190} INFO - Dag name:008-simple-extract-load-bq and current dag run status:running
[2024-09-23T14:53:13.612+0000] {taskinstance.py:731} INFO - ::endgroup::
[2024-09-23T14:53:13.621+0000] {base.py:84} INFO - Retrieving connection 'bigquery'
[2024-09-23T14:53:13.663+0000] {bigquery.py:533} INFO - datasetId was not specified in `dataset_reference`. Will use default value astronomer.
[2024-09-23T14:53:13.663+0000] {bigquery.py:533} INFO - projectId was not specified in `dataset_reference`. Will use default value third-essence-345723.
[2024-09-23T14:53:13.664+0000] {bigquery.py:544} INFO - Creating dataset: astronomer in project: third-essence-345723 
[2024-09-23T14:53:14.343+0000] {bigquery.py:548} INFO - Dataset created successfully.
[2024-09-23T14:53:14.363+0000] {taskinstance.py:340} INFO - ::group::Post task execution logs
[2024-09-23T14:53:14.363+0000] {taskinstance.py:352} INFO - Marking task as SUCCESS. dag_id=008-simple-extract-load-bq, task_id=create_dataset, run_id=manual__2024-09-23T11:32:25.296554+00:00, execution_date=20240923T113225, start_date=20240923T145313, end_date=20240923T145314
[2024-09-23T14:53:14.369+0000] {logging_mixin.py:190} INFO - Task instance in success state
[2024-09-23T14:53:14.370+0000] {logging_mixin.py:190} INFO -  Previous state of the Task instance: running
[2024-09-23T14:53:14.370+0000] {logging_mixin.py:190} INFO - Dag name:008-simple-extract-load-bq queued_at:2024-09-23 14:53:10.920355+00:00
[2024-09-23T14:53:14.370+0000] {logging_mixin.py:190} INFO - Task hostname:49bf9bae52f3 operator:BigQueryCreateEmptyDatasetOperator
[2024-09-23T14:53:14.401+0000] {local_task_job_runner.py:266} INFO - Task exited with return code 0
[2024-09-23T14:53:14.423+0000] {taskinstance.py:3900} INFO - 1 downstream tasks scheduled from follow-on schedule check
[2024-09-23T14:53:14.425+0000] {local_task_job_runner.py:245} INFO - ::endgroup::
