[2024-09-23T11:41:39.274+0000] {local_task_job_runner.py:123} INFO - ::group::Pre task execution logs
[2024-09-23T11:41:39.283+0000] {taskinstance.py:2612} INFO - Dependencies all met for dep_context=non-requeueable deps ti=<TaskInstance: 008-simple-extract-load-bq.create_dataset manual__2024-09-23T11:32:25.296554+00:00 [queued]>
[2024-09-23T11:41:39.286+0000] {taskinstance.py:2612} INFO - Dependencies all met for dep_context=requeueable deps ti=<TaskInstance: 008-simple-extract-load-bq.create_dataset manual__2024-09-23T11:32:25.296554+00:00 [queued]>
[2024-09-23T11:41:39.286+0000] {taskinstance.py:2865} INFO - Starting attempt 2 of 2
[2024-09-23T11:41:39.291+0000] {taskinstance.py:2888} INFO - Executing <Task(BigQueryCreateEmptyDatasetOperator): create_dataset> on 2024-09-23 11:32:25.296554+00:00
[2024-09-23T11:41:39.295+0000] {warnings.py:112} WARNING - /home/***/.local/lib/python3.12/site-packages/***/task/task_runner/standard_task_runner.py:70: DeprecationWarning: This process (pid=231) is multi-threaded, use of fork() may lead to deadlocks in the child.
  pid = os.fork()

[2024-09-23T11:41:39.296+0000] {standard_task_runner.py:72} INFO - Started process 233 to run task
[2024-09-23T11:41:39.297+0000] {standard_task_runner.py:104} INFO - Running: ['***', 'tasks', 'run', '008-simple-extract-load-bq', 'create_dataset', 'manual__2024-09-23T11:32:25.296554+00:00', '--job-id', '8', '--raw', '--subdir', 'DAGS_FOLDER/008-simple-extract-load-bq.py', '--cfg-path', '/tmp/tmp3j4snqcp']
[2024-09-23T11:41:39.298+0000] {standard_task_runner.py:105} INFO - Job 8: Subtask create_dataset
[2024-09-23T11:41:39.324+0000] {task_command.py:467} INFO - Running <TaskInstance: 008-simple-extract-load-bq.create_dataset manual__2024-09-23T11:32:25.296554+00:00 [running]> on host 49bf9bae52f3
[2024-09-23T11:41:39.358+0000] {taskinstance.py:3131} INFO - Exporting env vars: AIRFLOW_CTX_DAG_OWNER='***' AIRFLOW_CTX_DAG_ID='008-simple-extract-load-bq' AIRFLOW_CTX_TASK_ID='create_dataset' AIRFLOW_CTX_EXECUTION_DATE='2024-09-23T11:32:25.296554+00:00' AIRFLOW_CTX_TRY_NUMBER='2' AIRFLOW_CTX_DAG_RUN_ID='manual__2024-09-23T11:32:25.296554+00:00'
[2024-09-23T11:41:39.359+0000] {logging_mixin.py:190} INFO - Task instance is in running state
[2024-09-23T11:41:39.360+0000] {logging_mixin.py:190} INFO -  Previous state of the Task instance: queued
[2024-09-23T11:41:39.360+0000] {logging_mixin.py:190} INFO - Current task name:create_dataset state:running start_date:2024-09-23 11:41:39.283460+00:00
[2024-09-23T11:41:39.360+0000] {logging_mixin.py:190} INFO - Dag name:008-simple-extract-load-bq and current dag run status:running
[2024-09-23T11:41:39.360+0000] {taskinstance.py:731} INFO - ::endgroup::
[2024-09-23T11:41:39.368+0000] {base.py:84} INFO - Retrieving connection 'bigquery'
[2024-09-23T11:41:39.415+0000] {bigquery.py:533} INFO - datasetId was not specified in `dataset_reference`. Will use default value astronomer.
[2024-09-23T11:41:39.415+0000] {bigquery.py:533} INFO - projectId was not specified in `dataset_reference`. Will use default value third-essence-345723.
[2024-09-23T11:41:39.416+0000] {bigquery.py:544} INFO - Creating dataset: astronomer in project: third-essence-345723 
[2024-09-23T11:41:40.246+0000] {bigquery.py:548} INFO - Dataset created successfully.
[2024-09-23T11:41:40.281+0000] {taskinstance.py:340} INFO - ::group::Post task execution logs
[2024-09-23T11:41:40.282+0000] {taskinstance.py:352} INFO - Marking task as SUCCESS. dag_id=008-simple-extract-load-bq, task_id=create_dataset, run_id=manual__2024-09-23T11:32:25.296554+00:00, execution_date=20240923T113225, start_date=20240923T114139, end_date=20240923T114140
[2024-09-23T11:41:40.287+0000] {logging_mixin.py:190} INFO - Task instance in success state
[2024-09-23T11:41:40.288+0000] {logging_mixin.py:190} INFO -  Previous state of the Task instance: running
[2024-09-23T11:41:40.288+0000] {logging_mixin.py:190} INFO - Dag name:008-simple-extract-load-bq queued_at:2024-09-23 11:41:37.147507+00:00
[2024-09-23T11:41:40.288+0000] {logging_mixin.py:190} INFO - Task hostname:49bf9bae52f3 operator:BigQueryCreateEmptyDatasetOperator
[2024-09-23T11:41:40.323+0000] {local_task_job_runner.py:266} INFO - Task exited with return code 0
[2024-09-23T11:41:40.341+0000] {taskinstance.py:3900} INFO - 1 downstream tasks scheduled from follow-on schedule check
[2024-09-23T11:41:40.342+0000] {local_task_job_runner.py:245} INFO - ::endgroup::
