[2024-09-22T09:56:43.498+0000] {local_task_job_runner.py:123} INFO - ::group::Pre task execution logs
[2024-09-22T09:56:43.506+0000] {taskinstance.py:2612} INFO - Dependencies all met for dep_context=non-requeueable deps ti=<TaskInstance: sql_demo.create_table scheduled__2024-09-21T00:00:00+00:00 [queued]>
[2024-09-22T09:56:43.510+0000] {taskinstance.py:2612} INFO - Dependencies all met for dep_context=requeueable deps ti=<TaskInstance: sql_demo.create_table scheduled__2024-09-21T00:00:00+00:00 [queued]>
[2024-09-22T09:56:43.510+0000] {taskinstance.py:2865} INFO - Starting attempt 1 of 1
[2024-09-22T09:56:43.516+0000] {taskinstance.py:2888} INFO - Executing <Task(PostgresOperator): create_table> on 2024-09-21 00:00:00+00:00
[2024-09-22T09:56:43.519+0000] {warnings.py:112} WARNING - /home/***/.local/lib/python3.12/site-packages/***/task/task_runner/standard_task_runner.py:70: DeprecationWarning: This process (pid=2945) is multi-threaded, use of fork() may lead to deadlocks in the child.
  pid = os.fork()

[2024-09-22T09:56:43.520+0000] {standard_task_runner.py:72} INFO - Started process 2947 to run task
[2024-09-22T09:56:43.521+0000] {standard_task_runner.py:104} INFO - Running: ['***', 'tasks', 'run', 'sql_demo', 'create_table', 'scheduled__2024-09-21T00:00:00+00:00', '--job-id', '13', '--raw', '--subdir', 'DAGS_FOLDER/sql_demo.py', '--cfg-path', '/tmp/tmp2bza_hfo']
[2024-09-22T09:56:43.521+0000] {standard_task_runner.py:105} INFO - Job 13: Subtask create_table
[2024-09-22T09:56:43.564+0000] {task_command.py:467} INFO - Running <TaskInstance: sql_demo.create_table scheduled__2024-09-21T00:00:00+00:00 [running]> on host 0bbd6d2129ab
[2024-09-22T09:56:43.646+0000] {taskinstance.py:3131} INFO - Exporting env vars: AIRFLOW_CTX_DAG_OWNER='***' AIRFLOW_CTX_DAG_ID='sql_demo' AIRFLOW_CTX_TASK_ID='create_table' AIRFLOW_CTX_EXECUTION_DATE='2024-09-21T00:00:00+00:00' AIRFLOW_CTX_TRY_NUMBER='1' AIRFLOW_CTX_DAG_RUN_ID='scheduled__2024-09-21T00:00:00+00:00'
[2024-09-22T09:56:43.648+0000] {logging_mixin.py:190} INFO - Task instance is in running state
[2024-09-22T09:56:43.648+0000] {logging_mixin.py:190} INFO -  Previous state of the Task instance: queued
[2024-09-22T09:56:43.649+0000] {logging_mixin.py:190} INFO - Current task name:create_table state:running start_date:2024-09-22 09:56:43.506995+00:00
[2024-09-22T09:56:43.649+0000] {logging_mixin.py:190} INFO - Dag name:sql_demo and current dag run status:running
[2024-09-22T09:56:43.649+0000] {taskinstance.py:731} INFO - ::endgroup::
[2024-09-22T09:56:43.649+0000] {sql.py:266} INFO - Executing: CREATE TABLE IF NOT EXISTS users (
                firstname TEXT NOT NULL,
                lastname TEXT NOT NULL,
                country TEXT NOT NULL,
                username TEXT NOT NULL,
                password TEXT NOT NULL,
                email TEXT NOT NULL
            )
[2024-09-22T09:56:43.657+0000] {base.py:84} INFO - Retrieving connection 'postgres'
[2024-09-22T09:56:43.667+0000] {base.py:84} INFO - Retrieving connection 'postgres'
[2024-09-22T09:56:43.673+0000] {sql.py:509} INFO - Running statement: CREATE TABLE IF NOT EXISTS users (
                firstname TEXT NOT NULL,
                lastname TEXT NOT NULL,
                country TEXT NOT NULL,
                username TEXT NOT NULL,
                password TEXT NOT NULL,
                email TEXT NOT NULL
            ), parameters: None
[2024-09-22T09:56:43.683+0000] {taskinstance.py:340} INFO - ::group::Post task execution logs
[2024-09-22T09:56:43.684+0000] {taskinstance.py:352} INFO - Marking task as SUCCESS. dag_id=sql_demo, task_id=create_table, run_id=scheduled__2024-09-21T00:00:00+00:00, execution_date=20240921T000000, start_date=20240922T095643, end_date=20240922T095643
[2024-09-22T09:56:43.691+0000] {logging_mixin.py:190} INFO - Task instance in success state
[2024-09-22T09:56:43.692+0000] {logging_mixin.py:190} INFO -  Previous state of the Task instance: running
[2024-09-22T09:56:43.693+0000] {logging_mixin.py:190} INFO - Dag name:sql_demo queued_at:2024-09-22 09:56:40.674745+00:00
[2024-09-22T09:56:43.693+0000] {logging_mixin.py:190} INFO - Task hostname:0bbd6d2129ab operator:PostgresOperator
[2024-09-22T09:56:43.703+0000] {local_task_job_runner.py:266} INFO - Task exited with return code 0
[2024-09-22T09:56:43.718+0000] {taskinstance.py:3900} INFO - 0 downstream tasks scheduled from follow-on schedule check
[2024-09-22T09:56:43.720+0000] {local_task_job_runner.py:245} INFO - ::endgroup::
