[2024-09-22T07:52:24.725+0000] {local_task_job_runner.py:123} INFO - ::group::Pre task execution logs
[2024-09-22T07:52:24.733+0000] {taskinstance.py:2612} INFO - Dependencies all met for dep_context=non-requeueable deps ti=<TaskInstance: user_processing.extract_user manual__2024-09-22T07:52:21.132070+00:00 [queued]>
[2024-09-22T07:52:24.737+0000] {taskinstance.py:2612} INFO - Dependencies all met for dep_context=requeueable deps ti=<TaskInstance: user_processing.extract_user manual__2024-09-22T07:52:21.132070+00:00 [queued]>
[2024-09-22T07:52:24.737+0000] {taskinstance.py:2865} INFO - Starting attempt 1 of 1
[2024-09-22T07:52:24.741+0000] {taskinstance.py:2888} INFO - Executing <Task(SimpleHttpOperator): extract_user> on 2024-09-22 07:52:21.132070+00:00
[2024-09-22T07:52:24.745+0000] {warnings.py:112} WARNING - /home/***/.local/lib/python3.12/site-packages/***/task/task_runner/standard_task_runner.py:70: DeprecationWarning: This process (pid=1254) is multi-threaded, use of fork() may lead to deadlocks in the child.
  pid = os.fork()

[2024-09-22T07:52:24.746+0000] {standard_task_runner.py:72} INFO - Started process 1256 to run task
[2024-09-22T07:52:24.747+0000] {standard_task_runner.py:104} INFO - Running: ['***', 'tasks', 'run', 'user_processing', 'extract_user', 'manual__2024-09-22T07:52:21.132070+00:00', '--job-id', '7', '--raw', '--subdir', 'DAGS_FOLDER/user_processing.py', '--cfg-path', '/tmp/tmpi6gloqpd']
[2024-09-22T07:52:24.747+0000] {standard_task_runner.py:105} INFO - Job 7: Subtask extract_user
[2024-09-22T07:52:24.767+0000] {task_command.py:467} INFO - Running <TaskInstance: user_processing.extract_user manual__2024-09-22T07:52:21.132070+00:00 [running]> on host 0bbd6d2129ab
[2024-09-22T07:52:24.801+0000] {taskinstance.py:3131} INFO - Exporting env vars: AIRFLOW_CTX_DAG_OWNER='***' AIRFLOW_CTX_DAG_ID='user_processing' AIRFLOW_CTX_TASK_ID='extract_user' AIRFLOW_CTX_EXECUTION_DATE='2024-09-22T07:52:21.132070+00:00' AIRFLOW_CTX_TRY_NUMBER='1' AIRFLOW_CTX_DAG_RUN_ID='manual__2024-09-22T07:52:21.132070+00:00'
[2024-09-22T07:52:24.802+0000] {logging_mixin.py:190} INFO - Task instance is in running state
[2024-09-22T07:52:24.802+0000] {logging_mixin.py:190} INFO -  Previous state of the Task instance: queued
[2024-09-22T07:52:24.802+0000] {logging_mixin.py:190} INFO - Current task name:extract_user state:running start_date:2024-09-22 07:52:24.733853+00:00
[2024-09-22T07:52:24.802+0000] {logging_mixin.py:190} INFO - Dag name:user_processing and current dag run status:running
[2024-09-22T07:52:24.802+0000] {taskinstance.py:731} INFO - ::endgroup::
[2024-09-22T07:52:24.802+0000] {http.py:173} INFO - Calling HTTP method
[2024-09-22T07:52:24.806+0000] {base.py:84} INFO - Retrieving connection 'user_api'
[2024-09-22T07:52:24.810+0000] {base.py:84} INFO - Retrieving connection 'user_api'
[2024-09-22T07:52:24.991+0000] {http.py:222} INFO - {"results":[{"gender":"female","name":{"title":"Ms","first":"Charel","last":"Bijnen"},"location":{"street":{"number":2668,"name":"Eerste Bokslootweg"},"city":"Leuvenheim","state":"Noord-Holland","country":"Netherlands","postcode":"6124 AL","coordinates":{"latitude":"31.9417","longitude":"89.1515"},"timezone":{"offset":"+9:00","description":"Tokyo, Seoul, Osaka, Sapporo, Yakutsk"}},"email":"charel.bijnen@example.com","login":{"uuid":"20ce4779-b977-458f-bf01-c7613868caa6","username":"bigrabbit527","password":"161616","salt":"LCEwI8S0","md5":"d4dfc207ecba64cc22a9f72c87cd1760","sha1":"a6229141157d171fb8045555e844f8a809b74f06","sha256":"666328f5805a28ba3256f58d79c1b86bc234d0877a6cfd6fa24f1955f163837e"},"dob":{"date":"1968-05-02T19:05:44.815Z","age":56},"registered":{"date":"2004-02-22T20:53:45.040Z","age":20},"phone":"(0599) 385078","cell":"(06) 71218132","id":{"name":"BSN","value":"40882618"},"picture":{"large":"https://randomuser.me/api/portraits/women/23.jpg","medium":"https://randomuser.me/api/portraits/med/women/23.jpg","thumbnail":"https://randomuser.me/api/portraits/thumb/women/23.jpg"},"nat":"NL"}],"info":{"seed":"f9e96eb48858a65c","results":1,"page":1,"version":"1.4"}}
[2024-09-22T07:52:25.009+0000] {taskinstance.py:340} INFO - ::group::Post task execution logs
[2024-09-22T07:52:25.010+0000] {taskinstance.py:352} INFO - Marking task as SUCCESS. dag_id=user_processing, task_id=extract_user, run_id=manual__2024-09-22T07:52:21.132070+00:00, execution_date=20240922T075221, start_date=20240922T075224, end_date=20240922T075225
[2024-09-22T07:52:25.016+0000] {logging_mixin.py:190} INFO - Task instance in success state
[2024-09-22T07:52:25.017+0000] {logging_mixin.py:190} INFO -  Previous state of the Task instance: running
[2024-09-22T07:52:25.017+0000] {logging_mixin.py:190} INFO - Dag name:user_processing queued_at:2024-09-22 07:52:21.152528+00:00
[2024-09-22T07:52:25.017+0000] {logging_mixin.py:190} INFO - Task hostname:0bbd6d2129ab operator:SimpleHttpOperator
[2024-09-22T07:52:25.061+0000] {local_task_job_runner.py:266} INFO - Task exited with return code 0
[2024-09-22T07:52:25.074+0000] {taskinstance.py:3900} INFO - 0 downstream tasks scheduled from follow-on schedule check
[2024-09-22T07:52:25.075+0000] {local_task_job_runner.py:245} INFO - ::endgroup::
