[2024-09-22T07:52:22.655+0000] {local_task_job_runner.py:123} INFO - ::group::Pre task execution logs
[2024-09-22T07:52:22.662+0000] {taskinstance.py:2612} INFO - Dependencies all met for dep_context=non-requeueable deps ti=<TaskInstance: user_processing.create_table manual__2024-09-22T07:52:21.132070+00:00 [queued]>
[2024-09-22T07:52:22.665+0000] {taskinstance.py:2612} INFO - Dependencies all met for dep_context=requeueable deps ti=<TaskInstance: user_processing.create_table manual__2024-09-22T07:52:21.132070+00:00 [queued]>
[2024-09-22T07:52:22.665+0000] {taskinstance.py:2865} INFO - Starting attempt 1 of 1
[2024-09-22T07:52:22.670+0000] {taskinstance.py:2888} INFO - Executing <Task(PostgresOperator): create_table> on 2024-09-22 07:52:21.132070+00:00
[2024-09-22T07:52:22.674+0000] {warnings.py:112} WARNING - /home/***/.local/lib/python3.12/site-packages/***/task/task_runner/standard_task_runner.py:70: DeprecationWarning: This process (pid=1246) is multi-threaded, use of fork() may lead to deadlocks in the child.
  pid = os.fork()

[2024-09-22T07:52:22.675+0000] {standard_task_runner.py:72} INFO - Started process 1248 to run task
[2024-09-22T07:52:22.675+0000] {standard_task_runner.py:104} INFO - Running: ['***', 'tasks', 'run', 'user_processing', 'create_table', 'manual__2024-09-22T07:52:21.132070+00:00', '--job-id', '5', '--raw', '--subdir', 'DAGS_FOLDER/user_processing.py', '--cfg-path', '/tmp/tmpa1do_93b']
[2024-09-22T07:52:22.676+0000] {standard_task_runner.py:105} INFO - Job 5: Subtask create_table
[2024-09-22T07:52:22.696+0000] {task_command.py:467} INFO - Running <TaskInstance: user_processing.create_table manual__2024-09-22T07:52:21.132070+00:00 [running]> on host 0bbd6d2129ab
[2024-09-22T07:52:22.731+0000] {taskinstance.py:3131} INFO - Exporting env vars: AIRFLOW_CTX_DAG_OWNER='***' AIRFLOW_CTX_DAG_ID='user_processing' AIRFLOW_CTX_TASK_ID='create_table' AIRFLOW_CTX_EXECUTION_DATE='2024-09-22T07:52:21.132070+00:00' AIRFLOW_CTX_TRY_NUMBER='1' AIRFLOW_CTX_DAG_RUN_ID='manual__2024-09-22T07:52:21.132070+00:00'
[2024-09-22T07:52:22.732+0000] {logging_mixin.py:190} INFO - Task instance is in running state
[2024-09-22T07:52:22.732+0000] {logging_mixin.py:190} INFO -  Previous state of the Task instance: queued
[2024-09-22T07:52:22.732+0000] {logging_mixin.py:190} INFO - Current task name:create_table state:running start_date:2024-09-22 07:52:22.662853+00:00
[2024-09-22T07:52:22.733+0000] {logging_mixin.py:190} INFO - Dag name:user_processing and current dag run status:running
[2024-09-22T07:52:22.733+0000] {taskinstance.py:731} INFO - ::endgroup::
[2024-09-22T07:52:22.733+0000] {sql.py:266} INFO - Executing: CREATE TABLE IF NOT EXISTS users (
                firstname TEXT NOT NULL,
                lastname TEXT NOT NULL,
                country TEXT NOT NULL,
                username TEXT NOT NULL,
                password TEXT NOT NULL,
                email TEXT NOT NULL
            )
[2024-09-22T07:52:22.737+0000] {base.py:84} INFO - Retrieving connection 'postgres'
[2024-09-22T07:52:22.741+0000] {base.py:84} INFO - Retrieving connection 'postgres'
[2024-09-22T07:52:22.743+0000] {sql.py:509} INFO - Running statement: CREATE TABLE IF NOT EXISTS users (
                firstname TEXT NOT NULL,
                lastname TEXT NOT NULL,
                country TEXT NOT NULL,
                username TEXT NOT NULL,
                password TEXT NOT NULL,
                email TEXT NOT NULL
            ), parameters: None
[2024-09-22T07:52:22.748+0000] {taskinstance.py:340} INFO - ::group::Post task execution logs
[2024-09-22T07:52:22.748+0000] {taskinstance.py:352} INFO - Marking task as SUCCESS. dag_id=user_processing, task_id=create_table, run_id=manual__2024-09-22T07:52:21.132070+00:00, execution_date=20240922T075221, start_date=20240922T075222, end_date=20240922T075222
[2024-09-22T07:52:22.751+0000] {logging_mixin.py:190} INFO - Task instance in success state
[2024-09-22T07:52:22.752+0000] {logging_mixin.py:190} INFO -  Previous state of the Task instance: running
[2024-09-22T07:52:22.752+0000] {logging_mixin.py:190} INFO - Dag name:user_processing queued_at:2024-09-22 07:52:21.152528+00:00
[2024-09-22T07:52:22.752+0000] {logging_mixin.py:190} INFO - Task hostname:0bbd6d2129ab operator:PostgresOperator
[2024-09-22T07:52:22.774+0000] {local_task_job_runner.py:266} INFO - Task exited with return code 0
[2024-09-22T07:52:22.781+0000] {warnings.py:112} WARNING - /home/***/.local/lib/python3.12/site-packages/***/models/baseoperator.py:1378: AirflowProviderDeprecationWarning: Call to deprecated class SimpleHttpOperator. (Class `SimpleHttpOperator` is deprecated and will be removed in a future release. Please use `HttpOperator` instead.)
  result = cls.__new__(cls)

[2024-09-22T07:52:22.781+0000] {warnings.py:112} WARNING - /home/***/.local/lib/python3.12/site-packages/***/models/baseoperator.py:1378: AirflowProviderDeprecationWarning: Call to deprecated class PostgresOperator. (Please use `***.providers.common.sql.operators.sql.SQLExecuteQueryOperator`.Also, you can provide `hook_params={'schema': <database>}`.)
  result = cls.__new__(cls)

[2024-09-22T07:52:22.790+0000] {taskinstance.py:3900} INFO - 1 downstream tasks scheduled from follow-on schedule check
[2024-09-22T07:52:22.791+0000] {local_task_job_runner.py:245} INFO - ::endgroup::
