[2024-09-22T11:35:54.323+0000] {local_task_job_runner.py:123} INFO - ::group::Pre task execution logs
[2024-09-22T11:35:54.333+0000] {taskinstance.py:2612} INFO - Dependencies all met for dep_context=non-requeueable deps ti=<TaskInstance: sql_params.mul_two_vals scheduled__2024-09-21T00:00:00+00:00 [queued]>
[2024-09-22T11:35:54.336+0000] {taskinstance.py:2612} INFO - Dependencies all met for dep_context=requeueable deps ti=<TaskInstance: sql_params.mul_two_vals scheduled__2024-09-21T00:00:00+00:00 [queued]>
[2024-09-22T11:35:54.337+0000] {taskinstance.py:2865} INFO - Starting attempt 1 of 1
[2024-09-22T11:35:54.345+0000] {taskinstance.py:2888} INFO - Executing <Task(PostgresOperator): mul_two_vals> on 2024-09-21 00:00:00+00:00
[2024-09-22T11:35:54.351+0000] {warnings.py:112} WARNING - /home/***/.local/lib/python3.12/site-packages/***/task/task_runner/standard_task_runner.py:70: DeprecationWarning: This process (pid=4270) is multi-threaded, use of fork() may lead to deadlocks in the child.
  pid = os.fork()

[2024-09-22T11:35:54.352+0000] {standard_task_runner.py:72} INFO - Started process 4274 to run task
[2024-09-22T11:35:54.353+0000] {standard_task_runner.py:104} INFO - Running: ['***', 'tasks', 'run', 'sql_params', 'mul_two_vals', 'scheduled__2024-09-21T00:00:00+00:00', '--job-id', '16', '--raw', '--subdir', 'DAGS_FOLDER/sql_params.py', '--cfg-path', '/tmp/tmpsetzdh00']
[2024-09-22T11:35:54.354+0000] {standard_task_runner.py:105} INFO - Job 16: Subtask mul_two_vals
[2024-09-22T11:35:54.384+0000] {task_command.py:467} INFO - Running <TaskInstance: sql_params.mul_two_vals scheduled__2024-09-21T00:00:00+00:00 [running]> on host 0bbd6d2129ab
[2024-09-22T11:35:54.422+0000] {taskinstance.py:3131} INFO - Exporting env vars: AIRFLOW_CTX_DAG_OWNER='***' AIRFLOW_CTX_DAG_ID='sql_params' AIRFLOW_CTX_TASK_ID='mul_two_vals' AIRFLOW_CTX_EXECUTION_DATE='2024-09-21T00:00:00+00:00' AIRFLOW_CTX_TRY_NUMBER='1' AIRFLOW_CTX_DAG_RUN_ID='scheduled__2024-09-21T00:00:00+00:00'
[2024-09-22T11:35:54.423+0000] {logging_mixin.py:190} INFO - Task instance is in running state
[2024-09-22T11:35:54.423+0000] {logging_mixin.py:190} INFO -  Previous state of the Task instance: queued
[2024-09-22T11:35:54.423+0000] {logging_mixin.py:190} INFO - Current task name:mul_two_vals state:running start_date:2024-09-22 11:35:54.333425+00:00
[2024-09-22T11:35:54.423+0000] {logging_mixin.py:190} INFO - Dag name:sql_params and current dag run status:running
[2024-09-22T11:35:54.423+0000] {taskinstance.py:731} INFO - ::endgroup::
[2024-09-22T11:35:54.424+0000] {sql.py:266} INFO - Executing: SELECT 2 * 50;
[2024-09-22T11:35:54.428+0000] {base.py:84} INFO - Retrieving connection 'postgres'
[2024-09-22T11:35:54.433+0000] {base.py:84} INFO - Retrieving connection 'postgres'
[2024-09-22T11:35:54.436+0000] {sql.py:509} INFO - Running statement: SELECT 2 * 50;, parameters: None
[2024-09-22T11:35:54.436+0000] {sql.py:518} INFO - Rows affected: 1
[2024-09-22T11:35:54.449+0000] {taskinstance.py:340} INFO - ::group::Post task execution logs
[2024-09-22T11:35:54.449+0000] {taskinstance.py:352} INFO - Marking task as SUCCESS. dag_id=sql_params, task_id=mul_two_vals, run_id=scheduled__2024-09-21T00:00:00+00:00, execution_date=20240921T000000, start_date=20240922T113554, end_date=20240922T113554
[2024-09-22T11:35:54.453+0000] {logging_mixin.py:190} INFO - Task instance in success state
[2024-09-22T11:35:54.454+0000] {logging_mixin.py:190} INFO -  Previous state of the Task instance: running
[2024-09-22T11:35:54.454+0000] {logging_mixin.py:190} INFO - Dag name:sql_params queued_at:2024-09-22 11:35:52.296783+00:00
[2024-09-22T11:35:54.454+0000] {logging_mixin.py:190} INFO - Task hostname:0bbd6d2129ab operator:PostgresOperator
[2024-09-22T11:35:54.492+0000] {local_task_job_runner.py:266} INFO - Task exited with return code 0
[2024-09-22T11:35:54.502+0000] {taskinstance.py:3900} INFO - 0 downstream tasks scheduled from follow-on schedule check
[2024-09-22T11:35:54.504+0000] {local_task_job_runner.py:245} INFO - ::endgroup::
