[2024-09-22T09:56:42.509+0000] {local_task_job_runner.py:123} INFO - ::group::Pre task execution logs
[2024-09-22T09:56:42.519+0000] {taskinstance.py:2612} INFO - Dependencies all met for dep_context=non-requeueable deps ti=<TaskInstance: sql_demo.check_db_version scheduled__2024-09-21T00:00:00+00:00 [queued]>
[2024-09-22T09:56:42.525+0000] {taskinstance.py:2612} INFO - Dependencies all met for dep_context=requeueable deps ti=<TaskInstance: sql_demo.check_db_version scheduled__2024-09-21T00:00:00+00:00 [queued]>
[2024-09-22T09:56:42.525+0000] {taskinstance.py:2865} INFO - Starting attempt 1 of 1
[2024-09-22T09:56:42.533+0000] {taskinstance.py:2888} INFO - Executing <Task(PostgresOperator): check_db_version> on 2024-09-21 00:00:00+00:00
[2024-09-22T09:56:42.537+0000] {warnings.py:112} WARNING - /home/***/.local/lib/python3.12/site-packages/***/task/task_runner/standard_task_runner.py:70: DeprecationWarning: This process (pid=2941) is multi-threaded, use of fork() may lead to deadlocks in the child.
  pid = os.fork()

[2024-09-22T09:56:42.538+0000] {standard_task_runner.py:72} INFO - Started process 2943 to run task
[2024-09-22T09:56:42.540+0000] {standard_task_runner.py:104} INFO - Running: ['***', 'tasks', 'run', 'sql_demo', 'check_db_version', 'scheduled__2024-09-21T00:00:00+00:00', '--job-id', '12', '--raw', '--subdir', 'DAGS_FOLDER/sql_demo.py', '--cfg-path', '/tmp/tmp8j6d44da']
[2024-09-22T09:56:42.540+0000] {standard_task_runner.py:105} INFO - Job 12: Subtask check_db_version
[2024-09-22T09:56:42.569+0000] {task_command.py:467} INFO - Running <TaskInstance: sql_demo.check_db_version scheduled__2024-09-21T00:00:00+00:00 [running]> on host 0bbd6d2129ab
[2024-09-22T09:56:42.601+0000] {taskinstance.py:3131} INFO - Exporting env vars: AIRFLOW_CTX_DAG_OWNER='***' AIRFLOW_CTX_DAG_ID='sql_demo' AIRFLOW_CTX_TASK_ID='check_db_version' AIRFLOW_CTX_EXECUTION_DATE='2024-09-21T00:00:00+00:00' AIRFLOW_CTX_TRY_NUMBER='1' AIRFLOW_CTX_DAG_RUN_ID='scheduled__2024-09-21T00:00:00+00:00'
[2024-09-22T09:56:42.602+0000] {logging_mixin.py:190} INFO - Task instance is in running state
[2024-09-22T09:56:42.602+0000] {logging_mixin.py:190} INFO -  Previous state of the Task instance: queued
[2024-09-22T09:56:42.602+0000] {logging_mixin.py:190} INFO - Current task name:check_db_version state:running start_date:2024-09-22 09:56:42.519737+00:00
[2024-09-22T09:56:42.602+0000] {logging_mixin.py:190} INFO - Dag name:sql_demo and current dag run status:running
[2024-09-22T09:56:42.602+0000] {taskinstance.py:731} INFO - ::endgroup::
[2024-09-22T09:56:42.602+0000] {sql.py:266} INFO - Executing: SELECT version();
[2024-09-22T09:56:42.606+0000] {base.py:84} INFO - Retrieving connection 'postgres'
[2024-09-22T09:56:42.611+0000] {base.py:84} INFO - Retrieving connection 'postgres'
[2024-09-22T09:56:42.613+0000] {sql.py:509} INFO - Running statement: SELECT version();, parameters: None
[2024-09-22T09:56:42.616+0000] {sql.py:518} INFO - Rows affected: 1
[2024-09-22T09:56:42.628+0000] {taskinstance.py:340} INFO - ::group::Post task execution logs
[2024-09-22T09:56:42.628+0000] {taskinstance.py:352} INFO - Marking task as SUCCESS. dag_id=sql_demo, task_id=check_db_version, run_id=scheduled__2024-09-21T00:00:00+00:00, execution_date=20240921T000000, start_date=20240922T095642, end_date=20240922T095642
[2024-09-22T09:56:42.631+0000] {logging_mixin.py:190} INFO - Task instance in success state
[2024-09-22T09:56:42.632+0000] {logging_mixin.py:190} INFO -  Previous state of the Task instance: running
[2024-09-22T09:56:42.632+0000] {logging_mixin.py:190} INFO - Dag name:sql_demo queued_at:2024-09-22 09:56:40.674745+00:00
[2024-09-22T09:56:42.632+0000] {logging_mixin.py:190} INFO - Task hostname:0bbd6d2129ab operator:PostgresOperator
[2024-09-22T09:56:42.637+0000] {local_task_job_runner.py:266} INFO - Task exited with return code 0
[2024-09-22T09:56:42.642+0000] {warnings.py:112} WARNING - /home/***/.local/lib/python3.12/site-packages/***/models/baseoperator.py:1378: AirflowProviderDeprecationWarning: Call to deprecated class PostgresOperator. (Please use `***.providers.common.sql.operators.sql.SQLExecuteQueryOperator`.Also, you can provide `hook_params={'schema': <database>}`.)
  result = cls.__new__(cls)

[2024-09-22T09:56:42.648+0000] {taskinstance.py:3900} INFO - 1 downstream tasks scheduled from follow-on schedule check
[2024-09-22T09:56:42.648+0000] {local_task_job_runner.py:245} INFO - ::endgroup::
