[2024-09-22T10:32:09.256+0000] {local_task_job_runner.py:123} INFO - ::group::Pre task execution logs
[2024-09-22T10:32:09.265+0000] {taskinstance.py:2612} INFO - Dependencies all met for dep_context=non-requeueable deps ti=<TaskInstance: sql_demo.check_db_version scheduled__2024-09-21T00:00:00+00:00 [queued]>
[2024-09-22T10:32:09.272+0000] {taskinstance.py:2612} INFO - Dependencies all met for dep_context=requeueable deps ti=<TaskInstance: sql_demo.check_db_version scheduled__2024-09-21T00:00:00+00:00 [queued]>
[2024-09-22T10:32:09.273+0000] {taskinstance.py:2865} INFO - Starting attempt 2 of 2
[2024-09-22T10:32:09.284+0000] {taskinstance.py:2888} INFO - Executing <Task(PostgresOperator): check_db_version> on 2024-09-21 00:00:00+00:00
[2024-09-22T10:32:09.289+0000] {warnings.py:112} WARNING - /home/***/.local/lib/python3.12/site-packages/***/task/task_runner/standard_task_runner.py:70: DeprecationWarning: This process (pid=3415) is multi-threaded, use of fork() may lead to deadlocks in the child.
  pid = os.fork()

[2024-09-22T10:32:09.291+0000] {standard_task_runner.py:72} INFO - Started process 3420 to run task
[2024-09-22T10:32:09.293+0000] {standard_task_runner.py:104} INFO - Running: ['***', 'tasks', 'run', 'sql_demo', 'check_db_version', 'scheduled__2024-09-21T00:00:00+00:00', '--job-id', '15', '--raw', '--subdir', 'DAGS_FOLDER/sql_demo.py', '--cfg-path', '/tmp/tmpbotq1p45']
[2024-09-22T10:32:09.294+0000] {standard_task_runner.py:105} INFO - Job 15: Subtask check_db_version
[2024-09-22T10:32:09.338+0000] {task_command.py:467} INFO - Running <TaskInstance: sql_demo.check_db_version scheduled__2024-09-21T00:00:00+00:00 [running]> on host 0bbd6d2129ab
[2024-09-22T10:32:09.394+0000] {taskinstance.py:3131} INFO - Exporting env vars: AIRFLOW_CTX_DAG_OWNER='***' AIRFLOW_CTX_DAG_ID='sql_demo' AIRFLOW_CTX_TASK_ID='check_db_version' AIRFLOW_CTX_EXECUTION_DATE='2024-09-21T00:00:00+00:00' AIRFLOW_CTX_TRY_NUMBER='2' AIRFLOW_CTX_DAG_RUN_ID='scheduled__2024-09-21T00:00:00+00:00'
[2024-09-22T10:32:09.395+0000] {logging_mixin.py:190} INFO - Task instance is in running state
[2024-09-22T10:32:09.395+0000] {logging_mixin.py:190} INFO -  Previous state of the Task instance: queued
[2024-09-22T10:32:09.395+0000] {logging_mixin.py:190} INFO - Current task name:check_db_version state:running start_date:2024-09-22 10:32:09.267431+00:00
[2024-09-22T10:32:09.395+0000] {logging_mixin.py:190} INFO - Dag name:sql_demo and current dag run status:running
[2024-09-22T10:32:09.395+0000] {taskinstance.py:731} INFO - ::endgroup::
[2024-09-22T10:32:09.396+0000] {sql.py:266} INFO - Executing: SELECT version();
[2024-09-22T10:32:09.400+0000] {base.py:84} INFO - Retrieving connection 'postgres'
[2024-09-22T10:32:09.408+0000] {base.py:84} INFO - Retrieving connection 'postgres'
[2024-09-22T10:32:09.412+0000] {sql.py:509} INFO - Running statement: SELECT version();, parameters: None
[2024-09-22T10:32:09.413+0000] {sql.py:518} INFO - Rows affected: 1
[2024-09-22T10:32:09.432+0000] {taskinstance.py:340} INFO - ::group::Post task execution logs
[2024-09-22T10:32:09.433+0000] {taskinstance.py:352} INFO - Marking task as SUCCESS. dag_id=sql_demo, task_id=check_db_version, run_id=scheduled__2024-09-21T00:00:00+00:00, execution_date=20240921T000000, start_date=20240922T103209, end_date=20240922T103209
[2024-09-22T10:32:09.440+0000] {logging_mixin.py:190} INFO - Task instance in success state
[2024-09-22T10:32:09.440+0000] {logging_mixin.py:190} INFO -  Previous state of the Task instance: running
[2024-09-22T10:32:09.440+0000] {logging_mixin.py:190} INFO - Dag name:sql_demo queued_at:2024-09-22 10:32:06.886787+00:00
[2024-09-22T10:32:09.441+0000] {logging_mixin.py:190} INFO - Task hostname:0bbd6d2129ab operator:PostgresOperator
[2024-09-22T10:32:09.450+0000] {local_task_job_runner.py:266} INFO - Task exited with return code 0
[2024-09-22T10:32:09.460+0000] {taskinstance.py:3900} INFO - 0 downstream tasks scheduled from follow-on schedule check
[2024-09-22T10:32:09.461+0000] {local_task_job_runner.py:245} INFO - ::endgroup::
