[2024-09-23T14:51:30.391+0000] {local_task_job_runner.py:123} INFO - ::group::Pre task execution logs
[2024-09-23T14:51:30.401+0000] {taskinstance.py:2612} INFO - Dependencies all met for dep_context=non-requeueable deps ti=<TaskInstance: 008-simple-extract-load-bq.create_table manual__2024-09-23T11:32:25.296554+00:00 [queued]>
[2024-09-23T14:51:30.405+0000] {taskinstance.py:2612} INFO - Dependencies all met for dep_context=requeueable deps ti=<TaskInstance: 008-simple-extract-load-bq.create_table manual__2024-09-23T11:32:25.296554+00:00 [queued]>
[2024-09-23T14:51:30.405+0000] {taskinstance.py:2865} INFO - Starting attempt 12 of 12
[2024-09-23T14:51:30.411+0000] {taskinstance.py:2888} INFO - Executing <Task(BigQueryCreateEmptyTableOperator): create_table> on 2024-09-23 11:32:25.296554+00:00
[2024-09-23T14:51:30.416+0000] {warnings.py:112} WARNING - /home/***/.local/lib/python3.12/site-packages/***/task/task_runner/standard_task_runner.py:70: DeprecationWarning: This process (pid=2344) is multi-threaded, use of fork() may lead to deadlocks in the child.
  pid = os.fork()

[2024-09-23T14:51:30.417+0000] {standard_task_runner.py:72} INFO - Started process 2346 to run task
[2024-09-23T14:51:30.418+0000] {standard_task_runner.py:104} INFO - Running: ['***', 'tasks', 'run', '008-simple-extract-load-bq', 'create_table', 'manual__2024-09-23T11:32:25.296554+00:00', '--job-id', '146', '--raw', '--subdir', 'DAGS_FOLDER/008-simple-extract-load-bq.py', '--cfg-path', '/tmp/tmpuyda3u_s']
[2024-09-23T14:51:30.418+0000] {standard_task_runner.py:105} INFO - Job 146: Subtask create_table
[2024-09-23T14:51:30.444+0000] {task_command.py:467} INFO - Running <TaskInstance: 008-simple-extract-load-bq.create_table manual__2024-09-23T11:32:25.296554+00:00 [running]> on host 49bf9bae52f3
[2024-09-23T14:51:30.480+0000] {taskinstance.py:3131} INFO - Exporting env vars: AIRFLOW_CTX_DAG_OWNER='***' AIRFLOW_CTX_DAG_ID='008-simple-extract-load-bq' AIRFLOW_CTX_TASK_ID='create_table' AIRFLOW_CTX_EXECUTION_DATE='2024-09-23T11:32:25.296554+00:00' AIRFLOW_CTX_TRY_NUMBER='12' AIRFLOW_CTX_DAG_RUN_ID='manual__2024-09-23T11:32:25.296554+00:00'
[2024-09-23T14:51:30.481+0000] {logging_mixin.py:190} INFO - Task instance is in running state
[2024-09-23T14:51:30.482+0000] {logging_mixin.py:190} INFO -  Previous state of the Task instance: queued
[2024-09-23T14:51:30.482+0000] {logging_mixin.py:190} INFO - Current task name:create_table state:running start_date:2024-09-23 14:51:30.401505+00:00
[2024-09-23T14:51:30.482+0000] {logging_mixin.py:190} INFO - Dag name:008-simple-extract-load-bq and current dag run status:running
[2024-09-23T14:51:30.482+0000] {taskinstance.py:731} INFO - ::endgroup::
[2024-09-23T14:51:30.490+0000] {base.py:84} INFO - Retrieving connection 'bigquery'
[2024-09-23T14:51:30.490+0000] {bigquery.py:1635} INFO - Creating table
[2024-09-23T14:51:30.918+0000] {bigquery.py:1663} INFO - Table astronomer.forestfires already exists.
[2024-09-23T14:51:30.936+0000] {taskinstance.py:340} INFO - ::group::Post task execution logs
[2024-09-23T14:51:30.936+0000] {taskinstance.py:352} INFO - Marking task as SUCCESS. dag_id=008-simple-extract-load-bq, task_id=create_table, run_id=manual__2024-09-23T11:32:25.296554+00:00, execution_date=20240923T113225, start_date=20240923T145130, end_date=20240923T145130
[2024-09-23T14:51:30.941+0000] {logging_mixin.py:190} INFO - Task instance in success state
[2024-09-23T14:51:30.941+0000] {logging_mixin.py:190} INFO -  Previous state of the Task instance: running
[2024-09-23T14:51:30.942+0000] {logging_mixin.py:190} INFO - Dag name:008-simple-extract-load-bq queued_at:2024-09-23 14:51:25.490433+00:00
[2024-09-23T14:51:30.942+0000] {logging_mixin.py:190} INFO - Task hostname:49bf9bae52f3 operator:BigQueryCreateEmptyTableOperator
[2024-09-23T14:51:30.969+0000] {local_task_job_runner.py:266} INFO - Task exited with return code 0
[2024-09-23T14:51:30.987+0000] {taskinstance.py:3900} INFO - 1 downstream tasks scheduled from follow-on schedule check
[2024-09-23T14:51:30.988+0000] {local_task_job_runner.py:245} INFO - ::endgroup::
