[2024-09-22T19:35:29.311+0000] {processor.py:186} INFO - Started process (PID=69) to work on /home/airflow/.local/lib/python3.12/site-packages/airflow/example_dags/example_dag_decorator.py
[2024-09-22T19:35:29.313+0000] {processor.py:914} INFO - Processing file /home/airflow/.local/lib/python3.12/site-packages/airflow/example_dags/example_dag_decorator.py for tasks to queue
[2024-09-22T19:35:29.316+0000] {logging_mixin.py:190} INFO - [2024-09-22T19:35:29.315+0000] {dagbag.py:587} INFO - Filling up the DagBag from /home/airflow/.local/lib/python3.12/site-packages/airflow/example_dags/example_dag_decorator.py
[2024-09-22T19:35:29.329+0000] {processor.py:925} INFO - DAG(s) 'example_dag_decorator' retrieved from /home/airflow/.local/lib/python3.12/site-packages/airflow/example_dags/example_dag_decorator.py
[2024-09-22T19:35:29.397+0000] {logging_mixin.py:190} INFO - [2024-09-22T19:35:29.397+0000] {override.py:1900} INFO - Created Permission View: can read on DAG:example_dag_decorator
[2024-09-22T19:35:29.406+0000] {logging_mixin.py:190} INFO - [2024-09-22T19:35:29.405+0000] {override.py:1900} INFO - Created Permission View: can edit on DAG:example_dag_decorator
[2024-09-22T19:35:29.413+0000] {logging_mixin.py:190} INFO - [2024-09-22T19:35:29.413+0000] {override.py:1900} INFO - Created Permission View: can delete on DAG:example_dag_decorator
[2024-09-22T19:35:29.419+0000] {logging_mixin.py:190} INFO - [2024-09-22T19:35:29.419+0000] {override.py:1900} INFO - Created Permission View: can read on DAG Run:example_dag_decorator
[2024-09-22T19:35:29.426+0000] {logging_mixin.py:190} INFO - [2024-09-22T19:35:29.426+0000] {override.py:1900} INFO - Created Permission View: menu access on DAG Run:example_dag_decorator
[2024-09-22T19:35:29.431+0000] {logging_mixin.py:190} INFO - [2024-09-22T19:35:29.431+0000] {override.py:1900} INFO - Created Permission View: can delete on DAG Run:example_dag_decorator
[2024-09-22T19:35:29.437+0000] {logging_mixin.py:190} INFO - [2024-09-22T19:35:29.436+0000] {override.py:1900} INFO - Created Permission View: can create on DAG Run:example_dag_decorator
[2024-09-22T19:35:29.437+0000] {logging_mixin.py:190} INFO - [2024-09-22T19:35:29.437+0000] {dag.py:3229} INFO - Sync 1 DAGs
[2024-09-22T19:35:29.445+0000] {logging_mixin.py:190} INFO - [2024-09-22T19:35:29.445+0000] {dag.py:3252} INFO - Creating ORM DAG for example_dag_decorator
[2024-09-22T19:35:29.449+0000] {logging_mixin.py:190} INFO - [2024-09-22T19:35:29.449+0000] {dag.py:4156} INFO - Setting next_dagrun for example_dag_decorator to None, run_after=None
[2024-09-22T19:35:29.468+0000] {processor.py:208} INFO - Processing /home/airflow/.local/lib/python3.12/site-packages/airflow/example_dags/example_dag_decorator.py took 0.166 seconds
[2024-09-22T19:36:00.177+0000] {processor.py:186} INFO - Started process (PID=131) to work on /home/airflow/.local/lib/python3.12/site-packages/airflow/example_dags/example_dag_decorator.py
[2024-09-22T19:36:00.178+0000] {processor.py:914} INFO - Processing file /home/airflow/.local/lib/python3.12/site-packages/airflow/example_dags/example_dag_decorator.py for tasks to queue
[2024-09-22T19:36:00.180+0000] {logging_mixin.py:190} INFO - [2024-09-22T19:36:00.179+0000] {dagbag.py:587} INFO - Filling up the DagBag from /home/airflow/.local/lib/python3.12/site-packages/airflow/example_dags/example_dag_decorator.py
[2024-09-22T19:36:00.187+0000] {processor.py:925} INFO - DAG(s) 'example_dag_decorator' retrieved from /home/airflow/.local/lib/python3.12/site-packages/airflow/example_dags/example_dag_decorator.py
[2024-09-22T19:36:00.277+0000] {logging_mixin.py:190} INFO - [2024-09-22T19:36:00.277+0000] {dag.py:3229} INFO - Sync 1 DAGs
[2024-09-22T19:36:00.285+0000] {logging_mixin.py:190} INFO - [2024-09-22T19:36:00.284+0000] {dag.py:4156} INFO - Setting next_dagrun for example_dag_decorator to None, run_after=None
[2024-09-22T19:36:00.300+0000] {processor.py:208} INFO - Processing /home/airflow/.local/lib/python3.12/site-packages/airflow/example_dags/example_dag_decorator.py took 0.127 seconds
[2024-09-22T19:36:30.684+0000] {processor.py:186} INFO - Started process (PID=193) to work on /home/airflow/.local/lib/python3.12/site-packages/airflow/example_dags/example_dag_decorator.py
[2024-09-22T19:36:30.685+0000] {processor.py:914} INFO - Processing file /home/airflow/.local/lib/python3.12/site-packages/airflow/example_dags/example_dag_decorator.py for tasks to queue
[2024-09-22T19:36:30.687+0000] {logging_mixin.py:190} INFO - [2024-09-22T19:36:30.686+0000] {dagbag.py:587} INFO - Filling up the DagBag from /home/airflow/.local/lib/python3.12/site-packages/airflow/example_dags/example_dag_decorator.py
[2024-09-22T19:36:30.693+0000] {processor.py:925} INFO - DAG(s) 'example_dag_decorator' retrieved from /home/airflow/.local/lib/python3.12/site-packages/airflow/example_dags/example_dag_decorator.py
[2024-09-22T19:36:30.745+0000] {logging_mixin.py:190} INFO - [2024-09-22T19:36:30.745+0000] {dag.py:3229} INFO - Sync 1 DAGs
[2024-09-22T19:36:30.751+0000] {logging_mixin.py:190} INFO - [2024-09-22T19:36:30.751+0000] {dag.py:4156} INFO - Setting next_dagrun for example_dag_decorator to None, run_after=None
[2024-09-22T19:36:30.766+0000] {processor.py:208} INFO - Processing /home/airflow/.local/lib/python3.12/site-packages/airflow/example_dags/example_dag_decorator.py took 0.085 seconds
