[2024-09-22T19:35:32.915+0000] {processor.py:186} INFO - Started process (PID=103) to work on /home/airflow/.local/lib/python3.12/site-packages/airflow/example_dags/example_branch_operator_decorator.py
[2024-09-22T19:35:32.916+0000] {processor.py:914} INFO - Processing file /home/airflow/.local/lib/python3.12/site-packages/airflow/example_dags/example_branch_operator_decorator.py for tasks to queue
[2024-09-22T19:35:32.918+0000] {logging_mixin.py:190} INFO - [2024-09-22T19:35:32.918+0000] {dagbag.py:587} INFO - Filling up the DagBag from /home/airflow/.local/lib/python3.12/site-packages/airflow/example_dags/example_branch_operator_decorator.py
[2024-09-22T19:35:32.932+0000] {processor.py:925} INFO - DAG(s) 'example_branch_python_operator_decorator' retrieved from /home/airflow/.local/lib/python3.12/site-packages/airflow/example_dags/example_branch_operator_decorator.py
[2024-09-22T19:35:33.000+0000] {logging_mixin.py:190} INFO - [2024-09-22T19:35:33.000+0000] {override.py:1900} INFO - Created Permission View: can read on DAG:example_branch_python_operator_decorator
[2024-09-22T19:35:33.005+0000] {logging_mixin.py:190} INFO - [2024-09-22T19:35:33.004+0000] {override.py:1900} INFO - Created Permission View: can edit on DAG:example_branch_python_operator_decorator
[2024-09-22T19:35:33.007+0000] {logging_mixin.py:190} INFO - [2024-09-22T19:35:33.007+0000] {override.py:1900} INFO - Created Permission View: can delete on DAG:example_branch_python_operator_decorator
[2024-09-22T19:35:33.013+0000] {logging_mixin.py:190} INFO - [2024-09-22T19:35:33.013+0000] {override.py:1900} INFO - Created Permission View: can read on DAG Run:example_branch_python_operator_decorator
[2024-09-22T19:35:33.017+0000] {logging_mixin.py:190} INFO - [2024-09-22T19:35:33.017+0000] {override.py:1900} INFO - Created Permission View: menu access on DAG Run:example_branch_python_operator_decorator
[2024-09-22T19:35:33.021+0000] {logging_mixin.py:190} INFO - [2024-09-22T19:35:33.021+0000] {override.py:1900} INFO - Created Permission View: can delete on DAG Run:example_branch_python_operator_decorator
[2024-09-22T19:35:33.024+0000] {logging_mixin.py:190} INFO - [2024-09-22T19:35:33.024+0000] {override.py:1900} INFO - Created Permission View: can create on DAG Run:example_branch_python_operator_decorator
[2024-09-22T19:35:33.025+0000] {logging_mixin.py:190} INFO - [2024-09-22T19:35:33.025+0000] {dag.py:3229} INFO - Sync 1 DAGs
[2024-09-22T19:35:33.034+0000] {logging_mixin.py:190} INFO - [2024-09-22T19:35:33.034+0000] {dag.py:3252} INFO - Creating ORM DAG for example_branch_python_operator_decorator
[2024-09-22T19:35:33.042+0000] {logging_mixin.py:190} INFO - [2024-09-22T19:35:33.041+0000] {dag.py:4156} INFO - Setting next_dagrun for example_branch_python_operator_decorator to 2024-09-21 00:00:00+00:00, run_after=2024-09-22 00:00:00+00:00
[2024-09-22T19:35:33.058+0000] {processor.py:208} INFO - Processing /home/airflow/.local/lib/python3.12/site-packages/airflow/example_dags/example_branch_operator_decorator.py took 0.147 seconds
[2024-09-22T19:36:03.683+0000] {processor.py:186} INFO - Started process (PID=165) to work on /home/airflow/.local/lib/python3.12/site-packages/airflow/example_dags/example_branch_operator_decorator.py
[2024-09-22T19:36:03.683+0000] {processor.py:914} INFO - Processing file /home/airflow/.local/lib/python3.12/site-packages/airflow/example_dags/example_branch_operator_decorator.py for tasks to queue
[2024-09-22T19:36:03.685+0000] {logging_mixin.py:190} INFO - [2024-09-22T19:36:03.684+0000] {dagbag.py:587} INFO - Filling up the DagBag from /home/airflow/.local/lib/python3.12/site-packages/airflow/example_dags/example_branch_operator_decorator.py
[2024-09-22T19:36:03.694+0000] {processor.py:925} INFO - DAG(s) 'example_branch_python_operator_decorator' retrieved from /home/airflow/.local/lib/python3.12/site-packages/airflow/example_dags/example_branch_operator_decorator.py
[2024-09-22T19:36:03.707+0000] {logging_mixin.py:190} INFO - [2024-09-22T19:36:03.707+0000] {dag.py:3229} INFO - Sync 1 DAGs
[2024-09-22T19:36:03.718+0000] {logging_mixin.py:190} INFO - [2024-09-22T19:36:03.718+0000] {dag.py:4156} INFO - Setting next_dagrun for example_branch_python_operator_decorator to 2024-09-21 00:00:00+00:00, run_after=2024-09-22 00:00:00+00:00
[2024-09-22T19:36:03.725+0000] {processor.py:208} INFO - Processing /home/airflow/.local/lib/python3.12/site-packages/airflow/example_dags/example_branch_operator_decorator.py took 0.045 seconds
[2024-09-22T19:36:34.060+0000] {processor.py:186} INFO - Started process (PID=227) to work on /home/airflow/.local/lib/python3.12/site-packages/airflow/example_dags/example_branch_operator_decorator.py
[2024-09-22T19:36:34.060+0000] {processor.py:914} INFO - Processing file /home/airflow/.local/lib/python3.12/site-packages/airflow/example_dags/example_branch_operator_decorator.py for tasks to queue
[2024-09-22T19:36:34.063+0000] {logging_mixin.py:190} INFO - [2024-09-22T19:36:34.062+0000] {dagbag.py:587} INFO - Filling up the DagBag from /home/airflow/.local/lib/python3.12/site-packages/airflow/example_dags/example_branch_operator_decorator.py
[2024-09-22T19:36:34.080+0000] {processor.py:925} INFO - DAG(s) 'example_branch_python_operator_decorator' retrieved from /home/airflow/.local/lib/python3.12/site-packages/airflow/example_dags/example_branch_operator_decorator.py
[2024-09-22T19:36:34.097+0000] {logging_mixin.py:190} INFO - [2024-09-22T19:36:34.097+0000] {dag.py:3229} INFO - Sync 1 DAGs
[2024-09-22T19:36:34.109+0000] {logging_mixin.py:190} INFO - [2024-09-22T19:36:34.109+0000] {dag.py:4156} INFO - Setting next_dagrun for example_branch_python_operator_decorator to 2024-09-21 00:00:00+00:00, run_after=2024-09-22 00:00:00+00:00
[2024-09-22T19:36:34.122+0000] {processor.py:208} INFO - Processing /home/airflow/.local/lib/python3.12/site-packages/airflow/example_dags/example_branch_operator_decorator.py took 0.066 seconds
