[2024-09-22T19:35:29.696+0000] {processor.py:186} INFO - Started process (PID=73) to work on /home/airflow/.local/lib/python3.12/site-packages/airflow/example_dags/example_datasets.py
[2024-09-22T19:35:29.696+0000] {processor.py:914} INFO - Processing file /home/airflow/.local/lib/python3.12/site-packages/airflow/example_dags/example_datasets.py for tasks to queue
[2024-09-22T19:35:29.701+0000] {logging_mixin.py:190} INFO - [2024-09-22T19:35:29.701+0000] {dagbag.py:587} INFO - Filling up the DagBag from /home/airflow/.local/lib/python3.12/site-packages/airflow/example_dags/example_datasets.py
[2024-09-22T19:35:30.077+0000] {processor.py:925} INFO - DAG(s) 'dataset_consumes_1', 'dataset_produces_2', 'consume_1_and_2_with_dataset_expressions', 'conditional_dataset_and_time_based_timetable', 'dataset_produces_1', 'consume_1_or_2_with_dataset_expressions', 'dataset_consumes_1_and_2', 'dataset_consumes_unknown_never_scheduled', 'dataset_consumes_1_never_scheduled', 'consume_1_or_both_2_and_3_with_dataset_expressions' retrieved from /home/airflow/.local/lib/python3.12/site-packages/airflow/example_dags/example_datasets.py
[2024-09-22T19:35:30.164+0000] {logging_mixin.py:190} INFO - [2024-09-22T19:35:30.163+0000] {override.py:1900} INFO - Created Permission View: can read on DAG:dataset_consumes_1
[2024-09-22T19:35:30.177+0000] {logging_mixin.py:190} INFO - [2024-09-22T19:35:30.176+0000] {override.py:1900} INFO - Created Permission View: can edit on DAG:dataset_consumes_1
[2024-09-22T19:35:30.188+0000] {logging_mixin.py:190} INFO - [2024-09-22T19:35:30.188+0000] {override.py:1900} INFO - Created Permission View: can delete on DAG:dataset_consumes_1
[2024-09-22T19:35:30.194+0000] {logging_mixin.py:190} INFO - [2024-09-22T19:35:30.194+0000] {override.py:1900} INFO - Created Permission View: can read on DAG Run:dataset_consumes_1
[2024-09-22T19:35:30.197+0000] {logging_mixin.py:190} INFO - [2024-09-22T19:35:30.197+0000] {override.py:1900} INFO - Created Permission View: menu access on DAG Run:dataset_consumes_1
[2024-09-22T19:35:30.200+0000] {logging_mixin.py:190} INFO - [2024-09-22T19:35:30.200+0000] {override.py:1900} INFO - Created Permission View: can delete on DAG Run:dataset_consumes_1
[2024-09-22T19:35:30.203+0000] {logging_mixin.py:190} INFO - [2024-09-22T19:35:30.202+0000] {override.py:1900} INFO - Created Permission View: can create on DAG Run:dataset_consumes_1
[2024-09-22T19:35:30.210+0000] {logging_mixin.py:190} INFO - [2024-09-22T19:35:30.210+0000] {override.py:1900} INFO - Created Permission View: can read on DAG:dataset_produces_2
[2024-09-22T19:35:30.214+0000] {logging_mixin.py:190} INFO - [2024-09-22T19:35:30.214+0000] {override.py:1900} INFO - Created Permission View: can edit on DAG:dataset_produces_2
[2024-09-22T19:35:30.220+0000] {logging_mixin.py:190} INFO - [2024-09-22T19:35:30.220+0000] {override.py:1900} INFO - Created Permission View: can delete on DAG:dataset_produces_2
[2024-09-22T19:35:30.226+0000] {logging_mixin.py:190} INFO - [2024-09-22T19:35:30.226+0000] {override.py:1900} INFO - Created Permission View: can read on DAG Run:dataset_produces_2
[2024-09-22T19:35:30.230+0000] {logging_mixin.py:190} INFO - [2024-09-22T19:35:30.230+0000] {override.py:1900} INFO - Created Permission View: menu access on DAG Run:dataset_produces_2
[2024-09-22T19:35:30.236+0000] {logging_mixin.py:190} INFO - [2024-09-22T19:35:30.236+0000] {override.py:1900} INFO - Created Permission View: can delete on DAG Run:dataset_produces_2
[2024-09-22T19:35:30.242+0000] {logging_mixin.py:190} INFO - [2024-09-22T19:35:30.242+0000] {override.py:1900} INFO - Created Permission View: can create on DAG Run:dataset_produces_2
[2024-09-22T19:35:30.253+0000] {logging_mixin.py:190} INFO - [2024-09-22T19:35:30.253+0000] {override.py:1900} INFO - Created Permission View: can read on DAG:consume_1_and_2_with_dataset_expressions
[2024-09-22T19:35:30.262+0000] {logging_mixin.py:190} INFO - [2024-09-22T19:35:30.261+0000] {override.py:1900} INFO - Created Permission View: can edit on DAG:consume_1_and_2_with_dataset_expressions
[2024-09-22T19:35:30.267+0000] {logging_mixin.py:190} INFO - [2024-09-22T19:35:30.267+0000] {override.py:1900} INFO - Created Permission View: can delete on DAG:consume_1_and_2_with_dataset_expressions
[2024-09-22T19:35:30.273+0000] {logging_mixin.py:190} INFO - [2024-09-22T19:35:30.273+0000] {override.py:1900} INFO - Created Permission View: can read on DAG Run:consume_1_and_2_with_dataset_expressions
[2024-09-22T19:35:30.277+0000] {logging_mixin.py:190} INFO - [2024-09-22T19:35:30.276+0000] {override.py:1900} INFO - Created Permission View: menu access on DAG Run:consume_1_and_2_with_dataset_expressions
[2024-09-22T19:35:30.280+0000] {logging_mixin.py:190} INFO - [2024-09-22T19:35:30.279+0000] {override.py:1900} INFO - Created Permission View: can delete on DAG Run:consume_1_and_2_with_dataset_expressions
[2024-09-22T19:35:30.283+0000] {logging_mixin.py:190} INFO - [2024-09-22T19:35:30.282+0000] {override.py:1900} INFO - Created Permission View: can create on DAG Run:consume_1_and_2_with_dataset_expressions
[2024-09-22T19:35:30.290+0000] {logging_mixin.py:190} INFO - [2024-09-22T19:35:30.289+0000] {override.py:1900} INFO - Created Permission View: can read on DAG:conditional_dataset_and_time_based_timetable
[2024-09-22T19:35:30.294+0000] {logging_mixin.py:190} INFO - [2024-09-22T19:35:30.294+0000] {override.py:1900} INFO - Created Permission View: can edit on DAG:conditional_dataset_and_time_based_timetable
[2024-09-22T19:35:30.299+0000] {logging_mixin.py:190} INFO - [2024-09-22T19:35:30.299+0000] {override.py:1900} INFO - Created Permission View: can delete on DAG:conditional_dataset_and_time_based_timetable
[2024-09-22T19:35:30.308+0000] {logging_mixin.py:190} INFO - [2024-09-22T19:35:30.308+0000] {override.py:1900} INFO - Created Permission View: can read on DAG Run:conditional_dataset_and_time_based_timetable
[2024-09-22T19:35:30.312+0000] {logging_mixin.py:190} INFO - [2024-09-22T19:35:30.312+0000] {override.py:1900} INFO - Created Permission View: menu access on DAG Run:conditional_dataset_and_time_based_timetable
[2024-09-22T19:35:30.319+0000] {logging_mixin.py:190} INFO - [2024-09-22T19:35:30.318+0000] {override.py:1900} INFO - Created Permission View: can delete on DAG Run:conditional_dataset_and_time_based_timetable
[2024-09-22T19:35:30.325+0000] {logging_mixin.py:190} INFO - [2024-09-22T19:35:30.325+0000] {override.py:1900} INFO - Created Permission View: can create on DAG Run:conditional_dataset_and_time_based_timetable
[2024-09-22T19:35:30.339+0000] {logging_mixin.py:190} INFO - [2024-09-22T19:35:30.339+0000] {override.py:1900} INFO - Created Permission View: can read on DAG:dataset_produces_1
[2024-09-22T19:35:30.344+0000] {logging_mixin.py:190} INFO - [2024-09-22T19:35:30.344+0000] {override.py:1900} INFO - Created Permission View: can edit on DAG:dataset_produces_1
[2024-09-22T19:35:30.350+0000] {logging_mixin.py:190} INFO - [2024-09-22T19:35:30.350+0000] {override.py:1900} INFO - Created Permission View: can delete on DAG:dataset_produces_1
[2024-09-22T19:35:30.359+0000] {logging_mixin.py:190} INFO - [2024-09-22T19:35:30.359+0000] {override.py:1900} INFO - Created Permission View: can read on DAG Run:dataset_produces_1
[2024-09-22T19:35:30.365+0000] {logging_mixin.py:190} INFO - [2024-09-22T19:35:30.365+0000] {override.py:1900} INFO - Created Permission View: menu access on DAG Run:dataset_produces_1
[2024-09-22T19:35:30.376+0000] {logging_mixin.py:190} INFO - [2024-09-22T19:35:30.375+0000] {override.py:1900} INFO - Created Permission View: can delete on DAG Run:dataset_produces_1
[2024-09-22T19:35:30.380+0000] {logging_mixin.py:190} INFO - [2024-09-22T19:35:30.380+0000] {override.py:1900} INFO - Created Permission View: can create on DAG Run:dataset_produces_1
[2024-09-22T19:35:30.397+0000] {logging_mixin.py:190} INFO - [2024-09-22T19:35:30.397+0000] {override.py:1900} INFO - Created Permission View: can read on DAG:consume_1_or_2_with_dataset_expressions
[2024-09-22T19:35:30.405+0000] {logging_mixin.py:190} INFO - [2024-09-22T19:35:30.405+0000] {override.py:1900} INFO - Created Permission View: can edit on DAG:consume_1_or_2_with_dataset_expressions
[2024-09-22T19:35:30.430+0000] {logging_mixin.py:190} INFO - [2024-09-22T19:35:30.430+0000] {override.py:1900} INFO - Created Permission View: can delete on DAG:consume_1_or_2_with_dataset_expressions
[2024-09-22T19:35:30.449+0000] {logging_mixin.py:190} INFO - [2024-09-22T19:35:30.449+0000] {override.py:1900} INFO - Created Permission View: can read on DAG Run:consume_1_or_2_with_dataset_expressions
[2024-09-22T19:35:30.460+0000] {logging_mixin.py:190} INFO - [2024-09-22T19:35:30.460+0000] {override.py:1900} INFO - Created Permission View: menu access on DAG Run:consume_1_or_2_with_dataset_expressions
[2024-09-22T19:35:30.466+0000] {logging_mixin.py:190} INFO - [2024-09-22T19:35:30.466+0000] {override.py:1900} INFO - Created Permission View: can delete on DAG Run:consume_1_or_2_with_dataset_expressions
[2024-09-22T19:35:30.471+0000] {logging_mixin.py:190} INFO - [2024-09-22T19:35:30.471+0000] {override.py:1900} INFO - Created Permission View: can create on DAG Run:consume_1_or_2_with_dataset_expressions
[2024-09-22T19:35:30.486+0000] {logging_mixin.py:190} INFO - [2024-09-22T19:35:30.486+0000] {override.py:1900} INFO - Created Permission View: can read on DAG:dataset_consumes_1_and_2
[2024-09-22T19:35:30.490+0000] {logging_mixin.py:190} INFO - [2024-09-22T19:35:30.490+0000] {override.py:1900} INFO - Created Permission View: can edit on DAG:dataset_consumes_1_and_2
[2024-09-22T19:35:30.496+0000] {logging_mixin.py:190} INFO - [2024-09-22T19:35:30.496+0000] {override.py:1900} INFO - Created Permission View: can delete on DAG:dataset_consumes_1_and_2
[2024-09-22T19:35:30.503+0000] {logging_mixin.py:190} INFO - [2024-09-22T19:35:30.503+0000] {override.py:1900} INFO - Created Permission View: can read on DAG Run:dataset_consumes_1_and_2
[2024-09-22T19:35:30.507+0000] {logging_mixin.py:190} INFO - [2024-09-22T19:35:30.507+0000] {override.py:1900} INFO - Created Permission View: menu access on DAG Run:dataset_consumes_1_and_2
[2024-09-22T19:35:30.522+0000] {logging_mixin.py:190} INFO - [2024-09-22T19:35:30.521+0000] {override.py:1900} INFO - Created Permission View: can delete on DAG Run:dataset_consumes_1_and_2
[2024-09-22T19:35:30.531+0000] {logging_mixin.py:190} INFO - [2024-09-22T19:35:30.530+0000] {override.py:1900} INFO - Created Permission View: can create on DAG Run:dataset_consumes_1_and_2
[2024-09-22T19:35:30.542+0000] {logging_mixin.py:190} INFO - [2024-09-22T19:35:30.541+0000] {override.py:1900} INFO - Created Permission View: can read on DAG:dataset_consumes_unknown_never_scheduled
[2024-09-22T19:35:30.552+0000] {logging_mixin.py:190} INFO - [2024-09-22T19:35:30.552+0000] {override.py:1900} INFO - Created Permission View: can edit on DAG:dataset_consumes_unknown_never_scheduled
[2024-09-22T19:35:30.556+0000] {logging_mixin.py:190} INFO - [2024-09-22T19:35:30.556+0000] {override.py:1900} INFO - Created Permission View: can delete on DAG:dataset_consumes_unknown_never_scheduled
[2024-09-22T19:35:30.560+0000] {logging_mixin.py:190} INFO - [2024-09-22T19:35:30.560+0000] {override.py:1900} INFO - Created Permission View: can read on DAG Run:dataset_consumes_unknown_never_scheduled
[2024-09-22T19:35:30.564+0000] {logging_mixin.py:190} INFO - [2024-09-22T19:35:30.563+0000] {override.py:1900} INFO - Created Permission View: menu access on DAG Run:dataset_consumes_unknown_never_scheduled
[2024-09-22T19:35:30.568+0000] {logging_mixin.py:190} INFO - [2024-09-22T19:35:30.568+0000] {override.py:1900} INFO - Created Permission View: can delete on DAG Run:dataset_consumes_unknown_never_scheduled
[2024-09-22T19:35:30.571+0000] {logging_mixin.py:190} INFO - [2024-09-22T19:35:30.571+0000] {override.py:1900} INFO - Created Permission View: can create on DAG Run:dataset_consumes_unknown_never_scheduled
[2024-09-22T19:35:30.578+0000] {logging_mixin.py:190} INFO - [2024-09-22T19:35:30.578+0000] {override.py:1900} INFO - Created Permission View: can read on DAG:dataset_consumes_1_never_scheduled
[2024-09-22T19:35:30.582+0000] {logging_mixin.py:190} INFO - [2024-09-22T19:35:30.581+0000] {override.py:1900} INFO - Created Permission View: can edit on DAG:dataset_consumes_1_never_scheduled
[2024-09-22T19:35:30.585+0000] {logging_mixin.py:190} INFO - [2024-09-22T19:35:30.585+0000] {override.py:1900} INFO - Created Permission View: can delete on DAG:dataset_consumes_1_never_scheduled
[2024-09-22T19:35:30.589+0000] {logging_mixin.py:190} INFO - [2024-09-22T19:35:30.588+0000] {override.py:1900} INFO - Created Permission View: can read on DAG Run:dataset_consumes_1_never_scheduled
[2024-09-22T19:35:30.592+0000] {logging_mixin.py:190} INFO - [2024-09-22T19:35:30.591+0000] {override.py:1900} INFO - Created Permission View: menu access on DAG Run:dataset_consumes_1_never_scheduled
[2024-09-22T19:35:30.595+0000] {logging_mixin.py:190} INFO - [2024-09-22T19:35:30.594+0000] {override.py:1900} INFO - Created Permission View: can delete on DAG Run:dataset_consumes_1_never_scheduled
[2024-09-22T19:35:30.597+0000] {logging_mixin.py:190} INFO - [2024-09-22T19:35:30.597+0000] {override.py:1900} INFO - Created Permission View: can create on DAG Run:dataset_consumes_1_never_scheduled
[2024-09-22T19:35:30.604+0000] {logging_mixin.py:190} INFO - [2024-09-22T19:35:30.603+0000] {override.py:1900} INFO - Created Permission View: can read on DAG:consume_1_or_both_2_and_3_with_dataset_expressions
[2024-09-22T19:35:30.607+0000] {logging_mixin.py:190} INFO - [2024-09-22T19:35:30.607+0000] {override.py:1900} INFO - Created Permission View: can edit on DAG:consume_1_or_both_2_and_3_with_dataset_expressions
[2024-09-22T19:35:30.611+0000] {logging_mixin.py:190} INFO - [2024-09-22T19:35:30.611+0000] {override.py:1900} INFO - Created Permission View: can delete on DAG:consume_1_or_both_2_and_3_with_dataset_expressions
[2024-09-22T19:35:30.615+0000] {logging_mixin.py:190} INFO - [2024-09-22T19:35:30.615+0000] {override.py:1900} INFO - Created Permission View: can read on DAG Run:consume_1_or_both_2_and_3_with_dataset_expressions
[2024-09-22T19:35:30.618+0000] {logging_mixin.py:190} INFO - [2024-09-22T19:35:30.618+0000] {override.py:1900} INFO - Created Permission View: menu access on DAG Run:consume_1_or_both_2_and_3_with_dataset_expressions
[2024-09-22T19:35:30.621+0000] {logging_mixin.py:190} INFO - [2024-09-22T19:35:30.621+0000] {override.py:1900} INFO - Created Permission View: can delete on DAG Run:consume_1_or_both_2_and_3_with_dataset_expressions
[2024-09-22T19:35:30.625+0000] {logging_mixin.py:190} INFO - [2024-09-22T19:35:30.625+0000] {override.py:1900} INFO - Created Permission View: can create on DAG Run:consume_1_or_both_2_and_3_with_dataset_expressions
[2024-09-22T19:35:30.625+0000] {logging_mixin.py:190} INFO - [2024-09-22T19:35:30.625+0000] {dag.py:3229} INFO - Sync 10 DAGs
[2024-09-22T19:35:30.635+0000] {logging_mixin.py:190} INFO - [2024-09-22T19:35:30.635+0000] {dag.py:3252} INFO - Creating ORM DAG for consume_1_and_2_with_dataset_expressions
[2024-09-22T19:35:30.636+0000] {logging_mixin.py:190} INFO - [2024-09-22T19:35:30.635+0000] {dag.py:3252} INFO - Creating ORM DAG for dataset_consumes_1_never_scheduled
[2024-09-22T19:35:30.636+0000] {logging_mixin.py:190} INFO - [2024-09-22T19:35:30.636+0000] {dag.py:3252} INFO - Creating ORM DAG for dataset_produces_2
[2024-09-22T19:35:30.636+0000] {logging_mixin.py:190} INFO - [2024-09-22T19:35:30.636+0000] {dag.py:3252} INFO - Creating ORM DAG for dataset_consumes_1
[2024-09-22T19:35:30.636+0000] {logging_mixin.py:190} INFO - [2024-09-22T19:35:30.636+0000] {dag.py:3252} INFO - Creating ORM DAG for conditional_dataset_and_time_based_timetable
[2024-09-22T19:35:30.637+0000] {logging_mixin.py:190} INFO - [2024-09-22T19:35:30.636+0000] {dag.py:3252} INFO - Creating ORM DAG for consume_1_or_both_2_and_3_with_dataset_expressions
[2024-09-22T19:35:30.637+0000] {logging_mixin.py:190} INFO - [2024-09-22T19:35:30.637+0000] {dag.py:3252} INFO - Creating ORM DAG for dataset_produces_1
[2024-09-22T19:35:30.637+0000] {logging_mixin.py:190} INFO - [2024-09-22T19:35:30.637+0000] {dag.py:3252} INFO - Creating ORM DAG for dataset_consumes_unknown_never_scheduled
[2024-09-22T19:35:30.637+0000] {logging_mixin.py:190} INFO - [2024-09-22T19:35:30.637+0000] {dag.py:3252} INFO - Creating ORM DAG for dataset_consumes_1_and_2
[2024-09-22T19:35:30.638+0000] {logging_mixin.py:190} INFO - [2024-09-22T19:35:30.638+0000] {dag.py:3252} INFO - Creating ORM DAG for consume_1_or_2_with_dataset_expressions
[2024-09-22T19:35:30.645+0000] {logging_mixin.py:190} INFO - [2024-09-22T19:35:30.645+0000] {dag.py:4156} INFO - Setting next_dagrun for conditional_dataset_and_time_based_timetable to 2024-09-18 01:00:00+00:00, run_after=2024-09-18 01:00:00+00:00
[2024-09-22T19:35:30.646+0000] {logging_mixin.py:190} INFO - [2024-09-22T19:35:30.646+0000] {dag.py:4156} INFO - Setting next_dagrun for consume_1_and_2_with_dataset_expressions to None, run_after=None
[2024-09-22T19:35:30.646+0000] {logging_mixin.py:190} INFO - [2024-09-22T19:35:30.646+0000] {dag.py:4156} INFO - Setting next_dagrun for consume_1_or_2_with_dataset_expressions to None, run_after=None
[2024-09-22T19:35:30.646+0000] {logging_mixin.py:190} INFO - [2024-09-22T19:35:30.646+0000] {dag.py:4156} INFO - Setting next_dagrun for consume_1_or_both_2_and_3_with_dataset_expressions to None, run_after=None
[2024-09-22T19:35:30.647+0000] {logging_mixin.py:190} INFO - [2024-09-22T19:35:30.647+0000] {dag.py:4156} INFO - Setting next_dagrun for dataset_consumes_1 to None, run_after=None
[2024-09-22T19:35:30.647+0000] {logging_mixin.py:190} INFO - [2024-09-22T19:35:30.647+0000] {dag.py:4156} INFO - Setting next_dagrun for dataset_consumes_1_and_2 to None, run_after=None
[2024-09-22T19:35:30.647+0000] {logging_mixin.py:190} INFO - [2024-09-22T19:35:30.647+0000] {dag.py:4156} INFO - Setting next_dagrun for dataset_consumes_1_never_scheduled to None, run_after=None
[2024-09-22T19:35:30.648+0000] {logging_mixin.py:190} INFO - [2024-09-22T19:35:30.648+0000] {dag.py:4156} INFO - Setting next_dagrun for dataset_consumes_unknown_never_scheduled to None, run_after=None
[2024-09-22T19:35:30.648+0000] {logging_mixin.py:190} INFO - [2024-09-22T19:35:30.648+0000] {dag.py:4156} INFO - Setting next_dagrun for dataset_produces_1 to 2024-09-21 00:00:00+00:00, run_after=2024-09-22 00:00:00+00:00
[2024-09-22T19:35:30.649+0000] {logging_mixin.py:190} INFO - [2024-09-22T19:35:30.649+0000] {dag.py:4156} INFO - Setting next_dagrun for dataset_produces_2 to None, run_after=None
[2024-09-22T19:35:30.690+0000] {processor.py:208} INFO - Processing /home/airflow/.local/lib/python3.12/site-packages/airflow/example_dags/example_datasets.py took 0.997 seconds
[2024-09-22T19:36:01.459+0000] {processor.py:186} INFO - Started process (PID=138) to work on /home/airflow/.local/lib/python3.12/site-packages/airflow/example_dags/example_datasets.py
[2024-09-22T19:36:01.461+0000] {processor.py:914} INFO - Processing file /home/airflow/.local/lib/python3.12/site-packages/airflow/example_dags/example_datasets.py for tasks to queue
[2024-09-22T19:36:01.466+0000] {logging_mixin.py:190} INFO - [2024-09-22T19:36:01.466+0000] {dagbag.py:587} INFO - Filling up the DagBag from /home/airflow/.local/lib/python3.12/site-packages/airflow/example_dags/example_datasets.py
[2024-09-22T19:36:01.582+0000] {processor.py:925} INFO - DAG(s) 'dataset_consumes_1_and_2', 'dataset_consumes_1', 'dataset_produces_2', 'dataset_produces_1', 'consume_1_and_2_with_dataset_expressions', 'conditional_dataset_and_time_based_timetable', 'consume_1_or_both_2_and_3_with_dataset_expressions', 'dataset_consumes_unknown_never_scheduled', 'dataset_consumes_1_never_scheduled', 'consume_1_or_2_with_dataset_expressions' retrieved from /home/airflow/.local/lib/python3.12/site-packages/airflow/example_dags/example_datasets.py
[2024-09-22T19:36:01.611+0000] {logging_mixin.py:190} INFO - [2024-09-22T19:36:01.610+0000] {dag.py:3229} INFO - Sync 10 DAGs
[2024-09-22T19:36:01.627+0000] {logging_mixin.py:190} INFO - [2024-09-22T19:36:01.627+0000] {dag.py:4156} INFO - Setting next_dagrun for conditional_dataset_and_time_based_timetable to 2024-09-18 01:00:00+00:00, run_after=2024-09-18 01:00:00+00:00
[2024-09-22T19:36:01.629+0000] {logging_mixin.py:190} INFO - [2024-09-22T19:36:01.629+0000] {dag.py:4156} INFO - Setting next_dagrun for consume_1_and_2_with_dataset_expressions to None, run_after=None
[2024-09-22T19:36:01.630+0000] {logging_mixin.py:190} INFO - [2024-09-22T19:36:01.630+0000] {dag.py:4156} INFO - Setting next_dagrun for consume_1_or_2_with_dataset_expressions to None, run_after=None
[2024-09-22T19:36:01.630+0000] {logging_mixin.py:190} INFO - [2024-09-22T19:36:01.630+0000] {dag.py:4156} INFO - Setting next_dagrun for consume_1_or_both_2_and_3_with_dataset_expressions to None, run_after=None
[2024-09-22T19:36:01.631+0000] {logging_mixin.py:190} INFO - [2024-09-22T19:36:01.631+0000] {dag.py:4156} INFO - Setting next_dagrun for dataset_consumes_1 to None, run_after=None
[2024-09-22T19:36:01.634+0000] {logging_mixin.py:190} INFO - [2024-09-22T19:36:01.634+0000] {dag.py:4156} INFO - Setting next_dagrun for dataset_consumes_1_and_2 to None, run_after=None
[2024-09-22T19:36:01.635+0000] {logging_mixin.py:190} INFO - [2024-09-22T19:36:01.635+0000] {dag.py:4156} INFO - Setting next_dagrun for dataset_consumes_1_never_scheduled to None, run_after=None
[2024-09-22T19:36:01.636+0000] {logging_mixin.py:190} INFO - [2024-09-22T19:36:01.636+0000] {dag.py:4156} INFO - Setting next_dagrun for dataset_consumes_unknown_never_scheduled to None, run_after=None
[2024-09-22T19:36:01.637+0000] {logging_mixin.py:190} INFO - [2024-09-22T19:36:01.637+0000] {dag.py:4156} INFO - Setting next_dagrun for dataset_produces_1 to 2024-09-21 00:00:00+00:00, run_after=2024-09-22 00:00:00+00:00
[2024-09-22T19:36:01.638+0000] {logging_mixin.py:190} INFO - [2024-09-22T19:36:01.638+0000] {dag.py:4156} INFO - Setting next_dagrun for dataset_produces_2 to None, run_after=None
[2024-09-22T19:36:01.665+0000] {processor.py:208} INFO - Processing /home/airflow/.local/lib/python3.12/site-packages/airflow/example_dags/example_datasets.py took 0.209 seconds
[2024-09-22T19:36:31.927+0000] {processor.py:186} INFO - Started process (PID=200) to work on /home/airflow/.local/lib/python3.12/site-packages/airflow/example_dags/example_datasets.py
[2024-09-22T19:36:31.928+0000] {processor.py:914} INFO - Processing file /home/airflow/.local/lib/python3.12/site-packages/airflow/example_dags/example_datasets.py for tasks to queue
[2024-09-22T19:36:31.930+0000] {logging_mixin.py:190} INFO - [2024-09-22T19:36:31.930+0000] {dagbag.py:587} INFO - Filling up the DagBag from /home/airflow/.local/lib/python3.12/site-packages/airflow/example_dags/example_datasets.py
[2024-09-22T19:36:32.028+0000] {processor.py:925} INFO - DAG(s) 'dataset_consumes_unknown_never_scheduled', 'conditional_dataset_and_time_based_timetable', 'consume_1_or_both_2_and_3_with_dataset_expressions', 'dataset_produces_2', 'dataset_consumes_1_and_2', 'consume_1_and_2_with_dataset_expressions', 'consume_1_or_2_with_dataset_expressions', 'dataset_produces_1', 'dataset_consumes_1_never_scheduled', 'dataset_consumes_1' retrieved from /home/airflow/.local/lib/python3.12/site-packages/airflow/example_dags/example_datasets.py
[2024-09-22T19:36:32.054+0000] {logging_mixin.py:190} INFO - [2024-09-22T19:36:32.054+0000] {dag.py:3229} INFO - Sync 10 DAGs
[2024-09-22T19:36:32.067+0000] {logging_mixin.py:190} INFO - [2024-09-22T19:36:32.067+0000] {dag.py:4156} INFO - Setting next_dagrun for conditional_dataset_and_time_based_timetable to 2024-09-18 01:00:00+00:00, run_after=2024-09-18 01:00:00+00:00
[2024-09-22T19:36:32.069+0000] {logging_mixin.py:190} INFO - [2024-09-22T19:36:32.068+0000] {dag.py:4156} INFO - Setting next_dagrun for consume_1_and_2_with_dataset_expressions to None, run_after=None
[2024-09-22T19:36:32.069+0000] {logging_mixin.py:190} INFO - [2024-09-22T19:36:32.069+0000] {dag.py:4156} INFO - Setting next_dagrun for consume_1_or_2_with_dataset_expressions to None, run_after=None
[2024-09-22T19:36:32.070+0000] {logging_mixin.py:190} INFO - [2024-09-22T19:36:32.070+0000] {dag.py:4156} INFO - Setting next_dagrun for consume_1_or_both_2_and_3_with_dataset_expressions to None, run_after=None
[2024-09-22T19:36:32.070+0000] {logging_mixin.py:190} INFO - [2024-09-22T19:36:32.070+0000] {dag.py:4156} INFO - Setting next_dagrun for dataset_consumes_1 to None, run_after=None
[2024-09-22T19:36:32.071+0000] {logging_mixin.py:190} INFO - [2024-09-22T19:36:32.071+0000] {dag.py:4156} INFO - Setting next_dagrun for dataset_consumes_1_and_2 to None, run_after=None
[2024-09-22T19:36:32.071+0000] {logging_mixin.py:190} INFO - [2024-09-22T19:36:32.071+0000] {dag.py:4156} INFO - Setting next_dagrun for dataset_consumes_1_never_scheduled to None, run_after=None
[2024-09-22T19:36:32.072+0000] {logging_mixin.py:190} INFO - [2024-09-22T19:36:32.072+0000] {dag.py:4156} INFO - Setting next_dagrun for dataset_consumes_unknown_never_scheduled to None, run_after=None
[2024-09-22T19:36:32.073+0000] {logging_mixin.py:190} INFO - [2024-09-22T19:36:32.073+0000] {dag.py:4156} INFO - Setting next_dagrun for dataset_produces_1 to 2024-09-21 00:00:00+00:00, run_after=2024-09-22 00:00:00+00:00
[2024-09-22T19:36:32.073+0000] {logging_mixin.py:190} INFO - [2024-09-22T19:36:32.073+0000] {dag.py:4156} INFO - Setting next_dagrun for dataset_produces_2 to None, run_after=None
[2024-09-22T19:36:32.090+0000] {processor.py:208} INFO - Processing /home/airflow/.local/lib/python3.12/site-packages/airflow/example_dags/example_datasets.py took 0.168 seconds
