[2024-09-22T19:35:31.922+0000] {processor.py:186} INFO - Started process (PID=93) to work on /home/airflow/.local/lib/python3.12/site-packages/airflow/example_dags/example_sensors.py
[2024-09-22T19:35:31.923+0000] {processor.py:914} INFO - Processing file /home/airflow/.local/lib/python3.12/site-packages/airflow/example_dags/example_sensors.py for tasks to queue
[2024-09-22T19:35:31.924+0000] {logging_mixin.py:190} INFO - [2024-09-22T19:35:31.924+0000] {dagbag.py:587} INFO - Filling up the DagBag from /home/airflow/.local/lib/python3.12/site-packages/airflow/example_dags/example_sensors.py
[2024-09-22T19:35:31.931+0000] {processor.py:925} INFO - DAG(s) 'example_sensors' retrieved from /home/airflow/.local/lib/python3.12/site-packages/airflow/example_dags/example_sensors.py
[2024-09-22T19:35:31.991+0000] {logging_mixin.py:190} INFO - [2024-09-22T19:35:31.990+0000] {override.py:1900} INFO - Created Permission View: can read on DAG:example_sensors
[2024-09-22T19:35:31.995+0000] {logging_mixin.py:190} INFO - [2024-09-22T19:35:31.995+0000] {override.py:1900} INFO - Created Permission View: can edit on DAG:example_sensors
[2024-09-22T19:35:31.998+0000] {logging_mixin.py:190} INFO - [2024-09-22T19:35:31.998+0000] {override.py:1900} INFO - Created Permission View: can delete on DAG:example_sensors
[2024-09-22T19:35:32.001+0000] {logging_mixin.py:190} INFO - [2024-09-22T19:35:32.000+0000] {override.py:1900} INFO - Created Permission View: can read on DAG Run:example_sensors
[2024-09-22T19:35:32.003+0000] {logging_mixin.py:190} INFO - [2024-09-22T19:35:32.003+0000] {override.py:1900} INFO - Created Permission View: menu access on DAG Run:example_sensors
[2024-09-22T19:35:32.005+0000] {logging_mixin.py:190} INFO - [2024-09-22T19:35:32.005+0000] {override.py:1900} INFO - Created Permission View: can delete on DAG Run:example_sensors
[2024-09-22T19:35:32.008+0000] {logging_mixin.py:190} INFO - [2024-09-22T19:35:32.008+0000] {override.py:1900} INFO - Created Permission View: can create on DAG Run:example_sensors
[2024-09-22T19:35:32.008+0000] {logging_mixin.py:190} INFO - [2024-09-22T19:35:32.008+0000] {dag.py:3229} INFO - Sync 1 DAGs
[2024-09-22T19:35:32.015+0000] {logging_mixin.py:190} INFO - [2024-09-22T19:35:32.014+0000] {dag.py:3252} INFO - Creating ORM DAG for example_sensors
[2024-09-22T19:35:32.015+0000] {logging_mixin.py:190} INFO - [2024-09-22T19:35:32.015+0000] {dag.py:4156} INFO - Setting next_dagrun for example_sensors to None, run_after=None
[2024-09-22T19:35:32.025+0000] {processor.py:208} INFO - Processing /home/airflow/.local/lib/python3.12/site-packages/airflow/example_dags/example_sensors.py took 0.106 seconds
[2024-09-22T19:36:02.192+0000] {processor.py:186} INFO - Started process (PID=155) to work on /home/airflow/.local/lib/python3.12/site-packages/airflow/example_dags/example_sensors.py
[2024-09-22T19:36:02.193+0000] {processor.py:914} INFO - Processing file /home/airflow/.local/lib/python3.12/site-packages/airflow/example_dags/example_sensors.py for tasks to queue
[2024-09-22T19:36:02.195+0000] {logging_mixin.py:190} INFO - [2024-09-22T19:36:02.195+0000] {dagbag.py:587} INFO - Filling up the DagBag from /home/airflow/.local/lib/python3.12/site-packages/airflow/example_dags/example_sensors.py
[2024-09-22T19:36:02.205+0000] {processor.py:925} INFO - DAG(s) 'example_sensors' retrieved from /home/airflow/.local/lib/python3.12/site-packages/airflow/example_dags/example_sensors.py
[2024-09-22T19:36:02.221+0000] {logging_mixin.py:190} INFO - [2024-09-22T19:36:02.221+0000] {dag.py:3229} INFO - Sync 1 DAGs
[2024-09-22T19:36:02.228+0000] {logging_mixin.py:190} INFO - [2024-09-22T19:36:02.228+0000] {dag.py:4156} INFO - Setting next_dagrun for example_sensors to None, run_after=None
[2024-09-22T19:36:02.238+0000] {processor.py:208} INFO - Processing /home/airflow/.local/lib/python3.12/site-packages/airflow/example_dags/example_sensors.py took 0.050 seconds
[2024-09-22T19:36:32.512+0000] {processor.py:186} INFO - Started process (PID=216) to work on /home/airflow/.local/lib/python3.12/site-packages/airflow/example_dags/example_sensors.py
[2024-09-22T19:36:32.516+0000] {processor.py:914} INFO - Processing file /home/airflow/.local/lib/python3.12/site-packages/airflow/example_dags/example_sensors.py for tasks to queue
[2024-09-22T19:36:32.518+0000] {logging_mixin.py:190} INFO - [2024-09-22T19:36:32.517+0000] {dagbag.py:587} INFO - Filling up the DagBag from /home/airflow/.local/lib/python3.12/site-packages/airflow/example_dags/example_sensors.py
[2024-09-22T19:36:32.526+0000] {processor.py:925} INFO - DAG(s) 'example_sensors' retrieved from /home/airflow/.local/lib/python3.12/site-packages/airflow/example_dags/example_sensors.py
[2024-09-22T19:36:32.544+0000] {logging_mixin.py:190} INFO - [2024-09-22T19:36:32.543+0000] {dag.py:3229} INFO - Sync 1 DAGs
[2024-09-22T19:36:32.551+0000] {logging_mixin.py:190} INFO - [2024-09-22T19:36:32.551+0000] {dag.py:4156} INFO - Setting next_dagrun for example_sensors to None, run_after=None
[2024-09-22T19:36:32.560+0000] {processor.py:208} INFO - Processing /home/airflow/.local/lib/python3.12/site-packages/airflow/example_dags/example_sensors.py took 0.052 seconds
