[2024-09-22T19:35:27.945+0000] {processor.py:186} INFO - Started process (PID=55) to work on /home/airflow/.local/lib/python3.12/site-packages/airflow/example_dags/example_branch_python_dop_operator_3.py
[2024-09-22T19:35:27.946+0000] {processor.py:914} INFO - Processing file /home/airflow/.local/lib/python3.12/site-packages/airflow/example_dags/example_branch_python_dop_operator_3.py for tasks to queue
[2024-09-22T19:35:27.950+0000] {logging_mixin.py:190} INFO - [2024-09-22T19:35:27.949+0000] {dagbag.py:587} INFO - Filling up the DagBag from /home/airflow/.local/lib/python3.12/site-packages/airflow/example_dags/example_branch_python_dop_operator_3.py
[2024-09-22T19:35:27.962+0000] {processor.py:925} INFO - DAG(s) 'example_branch_dop_operator_v3' retrieved from /home/airflow/.local/lib/python3.12/site-packages/airflow/example_dags/example_branch_python_dop_operator_3.py
[2024-09-22T19:35:28.090+0000] {logging_mixin.py:190} INFO - [2024-09-22T19:35:28.090+0000] {override.py:1900} INFO - Created Permission View: can read on DAG:example_branch_dop_operator_v3
[2024-09-22T19:35:28.101+0000] {logging_mixin.py:190} INFO - [2024-09-22T19:35:28.101+0000] {override.py:1900} INFO - Created Permission View: can edit on DAG:example_branch_dop_operator_v3
[2024-09-22T19:35:28.110+0000] {logging_mixin.py:190} INFO - [2024-09-22T19:35:28.110+0000] {override.py:1900} INFO - Created Permission View: can delete on DAG:example_branch_dop_operator_v3
[2024-09-22T19:35:28.115+0000] {logging_mixin.py:190} INFO - [2024-09-22T19:35:28.115+0000] {override.py:1900} INFO - Created Permission View: can read on DAG Run:example_branch_dop_operator_v3
[2024-09-22T19:35:28.123+0000] {logging_mixin.py:190} INFO - [2024-09-22T19:35:28.123+0000] {override.py:1900} INFO - Created Permission View: menu access on DAG Run:example_branch_dop_operator_v3
[2024-09-22T19:35:28.133+0000] {logging_mixin.py:190} INFO - [2024-09-22T19:35:28.133+0000] {override.py:1900} INFO - Created Permission View: can delete on DAG Run:example_branch_dop_operator_v3
[2024-09-22T19:35:28.143+0000] {logging_mixin.py:190} INFO - [2024-09-22T19:35:28.143+0000] {override.py:1900} INFO - Created Permission View: can create on DAG Run:example_branch_dop_operator_v3
[2024-09-22T19:35:28.144+0000] {logging_mixin.py:190} INFO - [2024-09-22T19:35:28.144+0000] {dag.py:3229} INFO - Sync 1 DAGs
[2024-09-22T19:35:28.157+0000] {logging_mixin.py:190} INFO - [2024-09-22T19:35:28.157+0000] {dag.py:3252} INFO - Creating ORM DAG for example_branch_dop_operator_v3
[2024-09-22T19:35:28.172+0000] {logging_mixin.py:190} INFO - [2024-09-22T19:35:28.172+0000] {dag.py:4156} INFO - Setting next_dagrun for example_branch_dop_operator_v3 to 2024-09-22 19:34:00+00:00, run_after=2024-09-22 19:35:00+00:00
[2024-09-22T19:35:28.197+0000] {processor.py:208} INFO - Processing /home/airflow/.local/lib/python3.12/site-packages/airflow/example_dags/example_branch_python_dop_operator_3.py took 0.259 seconds
[2024-09-22T19:35:58.866+0000] {processor.py:186} INFO - Started process (PID=117) to work on /home/airflow/.local/lib/python3.12/site-packages/airflow/example_dags/example_branch_python_dop_operator_3.py
[2024-09-22T19:35:58.868+0000] {processor.py:914} INFO - Processing file /home/airflow/.local/lib/python3.12/site-packages/airflow/example_dags/example_branch_python_dop_operator_3.py for tasks to queue
[2024-09-22T19:35:58.881+0000] {logging_mixin.py:190} INFO - [2024-09-22T19:35:58.881+0000] {dagbag.py:587} INFO - Filling up the DagBag from /home/airflow/.local/lib/python3.12/site-packages/airflow/example_dags/example_branch_python_dop_operator_3.py
[2024-09-22T19:35:58.892+0000] {processor.py:925} INFO - DAG(s) 'example_branch_dop_operator_v3' retrieved from /home/airflow/.local/lib/python3.12/site-packages/airflow/example_dags/example_branch_python_dop_operator_3.py
[2024-09-22T19:35:58.910+0000] {logging_mixin.py:190} INFO - [2024-09-22T19:35:58.910+0000] {dag.py:3229} INFO - Sync 1 DAGs
[2024-09-22T19:35:58.932+0000] {logging_mixin.py:190} INFO - [2024-09-22T19:35:58.932+0000] {dag.py:4156} INFO - Setting next_dagrun for example_branch_dop_operator_v3 to 2024-09-22 19:34:00+00:00, run_after=2024-09-22 19:35:00+00:00
[2024-09-22T19:35:58.946+0000] {processor.py:208} INFO - Processing /home/airflow/.local/lib/python3.12/site-packages/airflow/example_dags/example_branch_python_dop_operator_3.py took 0.084 seconds
[2024-09-22T19:36:29.400+0000] {processor.py:186} INFO - Started process (PID=185) to work on /home/airflow/.local/lib/python3.12/site-packages/airflow/example_dags/example_branch_python_dop_operator_3.py
[2024-09-22T19:36:29.401+0000] {processor.py:914} INFO - Processing file /home/airflow/.local/lib/python3.12/site-packages/airflow/example_dags/example_branch_python_dop_operator_3.py for tasks to queue
[2024-09-22T19:36:29.402+0000] {logging_mixin.py:190} INFO - [2024-09-22T19:36:29.402+0000] {dagbag.py:587} INFO - Filling up the DagBag from /home/airflow/.local/lib/python3.12/site-packages/airflow/example_dags/example_branch_python_dop_operator_3.py
[2024-09-22T19:36:29.411+0000] {processor.py:925} INFO - DAG(s) 'example_branch_dop_operator_v3' retrieved from /home/airflow/.local/lib/python3.12/site-packages/airflow/example_dags/example_branch_python_dop_operator_3.py
[2024-09-22T19:36:29.425+0000] {logging_mixin.py:190} INFO - [2024-09-22T19:36:29.425+0000] {dag.py:3229} INFO - Sync 1 DAGs
[2024-09-22T19:36:29.442+0000] {logging_mixin.py:190} INFO - [2024-09-22T19:36:29.442+0000] {dag.py:4156} INFO - Setting next_dagrun for example_branch_dop_operator_v3 to 2024-09-22 19:35:00+00:00, run_after=2024-09-22 19:36:00+00:00
[2024-09-22T19:36:29.457+0000] {processor.py:208} INFO - Processing /home/airflow/.local/lib/python3.12/site-packages/airflow/example_dags/example_branch_python_dop_operator_3.py took 0.060 seconds
