[2024-09-22T19:35:33.075+0000] {processor.py:186} INFO - Started process (PID=105) to work on /home/airflow/.local/lib/python3.12/site-packages/airflow/example_dags/example_subdag_operator.py
[2024-09-22T19:35:33.076+0000] {processor.py:914} INFO - Processing file /home/airflow/.local/lib/python3.12/site-packages/airflow/example_dags/example_subdag_operator.py for tasks to queue
[2024-09-22T19:35:33.079+0000] {logging_mixin.py:190} INFO - [2024-09-22T19:35:33.079+0000] {dagbag.py:587} INFO - Filling up the DagBag from /home/airflow/.local/lib/python3.12/site-packages/airflow/example_dags/example_subdag_operator.py
[2024-09-22T19:35:33.105+0000] {processor.py:925} INFO - DAG(s) 'example_subdag_operator.section-1', 'example_subdag_operator.section-2', 'example_subdag_operator' retrieved from /home/airflow/.local/lib/python3.12/site-packages/airflow/example_dags/example_subdag_operator.py
[2024-09-22T19:35:33.162+0000] {logging_mixin.py:190} INFO - [2024-09-22T19:35:33.162+0000] {override.py:1900} INFO - Created Permission View: can read on DAG:example_subdag_operator
[2024-09-22T19:35:33.169+0000] {logging_mixin.py:190} INFO - [2024-09-22T19:35:33.169+0000] {override.py:1900} INFO - Created Permission View: can edit on DAG:example_subdag_operator
[2024-09-22T19:35:33.173+0000] {logging_mixin.py:190} INFO - [2024-09-22T19:35:33.173+0000] {override.py:1900} INFO - Created Permission View: can delete on DAG:example_subdag_operator
[2024-09-22T19:35:33.177+0000] {logging_mixin.py:190} INFO - [2024-09-22T19:35:33.177+0000] {override.py:1900} INFO - Created Permission View: can read on DAG Run:example_subdag_operator
[2024-09-22T19:35:33.180+0000] {logging_mixin.py:190} INFO - [2024-09-22T19:35:33.180+0000] {override.py:1900} INFO - Created Permission View: menu access on DAG Run:example_subdag_operator
[2024-09-22T19:35:33.184+0000] {logging_mixin.py:190} INFO - [2024-09-22T19:35:33.184+0000] {override.py:1900} INFO - Created Permission View: can delete on DAG Run:example_subdag_operator
[2024-09-22T19:35:33.190+0000] {logging_mixin.py:190} INFO - [2024-09-22T19:35:33.189+0000] {override.py:1900} INFO - Created Permission View: can create on DAG Run:example_subdag_operator
[2024-09-22T19:35:33.190+0000] {logging_mixin.py:190} INFO - [2024-09-22T19:35:33.190+0000] {dag.py:3229} INFO - Sync 3 DAGs
[2024-09-22T19:35:33.196+0000] {logging_mixin.py:190} INFO - [2024-09-22T19:35:33.196+0000] {dag.py:3252} INFO - Creating ORM DAG for example_subdag_operator.section-1
[2024-09-22T19:35:33.198+0000] {logging_mixin.py:190} INFO - [2024-09-22T19:35:33.197+0000] {dag.py:3252} INFO - Creating ORM DAG for example_subdag_operator
[2024-09-22T19:35:33.198+0000] {logging_mixin.py:190} INFO - [2024-09-22T19:35:33.198+0000] {dag.py:3252} INFO - Creating ORM DAG for example_subdag_operator.section-2
[2024-09-22T19:35:33.206+0000] {logging_mixin.py:190} INFO - [2024-09-22T19:35:33.206+0000] {dag.py:4156} INFO - Setting next_dagrun for example_subdag_operator to 2022-01-01 00:00:00+00:00, run_after=2022-01-01 00:00:00+00:00
[2024-09-22T19:35:33.206+0000] {logging_mixin.py:190} INFO - [2024-09-22T19:35:33.206+0000] {dag.py:4156} INFO - Setting next_dagrun for example_subdag_operator.section-1 to None, run_after=None
[2024-09-22T19:35:33.207+0000] {logging_mixin.py:190} INFO - [2024-09-22T19:35:33.207+0000] {dag.py:4156} INFO - Setting next_dagrun for example_subdag_operator.section-2 to None, run_after=None
[2024-09-22T19:35:33.212+0000] {logging_mixin.py:190} INFO - [2024-09-22T19:35:33.212+0000] {dag.py:3229} INFO - Sync 2 DAGs
[2024-09-22T19:35:33.215+0000] {logging_mixin.py:190} INFO - [2024-09-22T19:35:33.215+0000] {dag.py:4156} INFO - Setting next_dagrun for example_subdag_operator.section-1 to None, run_after=None
[2024-09-22T19:35:33.217+0000] {logging_mixin.py:190} INFO - [2024-09-22T19:35:33.217+0000] {dag.py:4156} INFO - Setting next_dagrun for example_subdag_operator.section-2 to None, run_after=None
[2024-09-22T19:35:33.226+0000] {processor.py:208} INFO - Processing /home/airflow/.local/lib/python3.12/site-packages/airflow/example_dags/example_subdag_operator.py took 0.153 seconds
[2024-09-22T19:36:03.740+0000] {processor.py:186} INFO - Started process (PID=167) to work on /home/airflow/.local/lib/python3.12/site-packages/airflow/example_dags/example_subdag_operator.py
[2024-09-22T19:36:03.741+0000] {processor.py:914} INFO - Processing file /home/airflow/.local/lib/python3.12/site-packages/airflow/example_dags/example_subdag_operator.py for tasks to queue
[2024-09-22T19:36:03.744+0000] {logging_mixin.py:190} INFO - [2024-09-22T19:36:03.744+0000] {dagbag.py:587} INFO - Filling up the DagBag from /home/airflow/.local/lib/python3.12/site-packages/airflow/example_dags/example_subdag_operator.py
[2024-09-22T19:36:03.763+0000] {processor.py:925} INFO - DAG(s) 'example_subdag_operator.section-1', 'example_subdag_operator.section-2', 'example_subdag_operator' retrieved from /home/airflow/.local/lib/python3.12/site-packages/airflow/example_dags/example_subdag_operator.py
[2024-09-22T19:36:03.772+0000] {logging_mixin.py:190} INFO - [2024-09-22T19:36:03.771+0000] {dag.py:3229} INFO - Sync 3 DAGs
[2024-09-22T19:36:03.783+0000] {logging_mixin.py:190} INFO - [2024-09-22T19:36:03.783+0000] {dag.py:4156} INFO - Setting next_dagrun for example_subdag_operator to 2022-01-01 00:00:00+00:00, run_after=2022-01-01 00:00:00+00:00
[2024-09-22T19:36:03.787+0000] {logging_mixin.py:190} INFO - [2024-09-22T19:36:03.786+0000] {dag.py:4156} INFO - Setting next_dagrun for example_subdag_operator.section-1 to None, run_after=None
[2024-09-22T19:36:03.788+0000] {logging_mixin.py:190} INFO - [2024-09-22T19:36:03.787+0000] {dag.py:4156} INFO - Setting next_dagrun for example_subdag_operator.section-2 to None, run_after=None
[2024-09-22T19:36:03.793+0000] {logging_mixin.py:190} INFO - [2024-09-22T19:36:03.792+0000] {dag.py:3229} INFO - Sync 2 DAGs
[2024-09-22T19:36:03.795+0000] {logging_mixin.py:190} INFO - [2024-09-22T19:36:03.795+0000] {dag.py:4156} INFO - Setting next_dagrun for example_subdag_operator.section-1 to None, run_after=None
[2024-09-22T19:36:03.795+0000] {logging_mixin.py:190} INFO - [2024-09-22T19:36:03.795+0000] {dag.py:4156} INFO - Setting next_dagrun for example_subdag_operator.section-2 to None, run_after=None
[2024-09-22T19:36:03.800+0000] {processor.py:208} INFO - Processing /home/airflow/.local/lib/python3.12/site-packages/airflow/example_dags/example_subdag_operator.py took 0.063 seconds
[2024-09-22T19:36:34.129+0000] {processor.py:186} INFO - Started process (PID=229) to work on /home/airflow/.local/lib/python3.12/site-packages/airflow/example_dags/example_subdag_operator.py
[2024-09-22T19:36:34.130+0000] {processor.py:914} INFO - Processing file /home/airflow/.local/lib/python3.12/site-packages/airflow/example_dags/example_subdag_operator.py for tasks to queue
[2024-09-22T19:36:34.131+0000] {logging_mixin.py:190} INFO - [2024-09-22T19:36:34.131+0000] {dagbag.py:587} INFO - Filling up the DagBag from /home/airflow/.local/lib/python3.12/site-packages/airflow/example_dags/example_subdag_operator.py
[2024-09-22T19:36:34.150+0000] {processor.py:925} INFO - DAG(s) 'example_subdag_operator.section-1', 'example_subdag_operator.section-2', 'example_subdag_operator' retrieved from /home/airflow/.local/lib/python3.12/site-packages/airflow/example_dags/example_subdag_operator.py
[2024-09-22T19:36:34.161+0000] {logging_mixin.py:190} INFO - [2024-09-22T19:36:34.161+0000] {dag.py:3229} INFO - Sync 3 DAGs
[2024-09-22T19:36:34.173+0000] {logging_mixin.py:190} INFO - [2024-09-22T19:36:34.173+0000] {dag.py:4156} INFO - Setting next_dagrun for example_subdag_operator to 2022-01-01 00:00:00+00:00, run_after=2022-01-01 00:00:00+00:00
[2024-09-22T19:36:34.174+0000] {logging_mixin.py:190} INFO - [2024-09-22T19:36:34.174+0000] {dag.py:4156} INFO - Setting next_dagrun for example_subdag_operator.section-1 to None, run_after=None
[2024-09-22T19:36:34.175+0000] {logging_mixin.py:190} INFO - [2024-09-22T19:36:34.175+0000] {dag.py:4156} INFO - Setting next_dagrun for example_subdag_operator.section-2 to None, run_after=None
[2024-09-22T19:36:34.181+0000] {logging_mixin.py:190} INFO - [2024-09-22T19:36:34.181+0000] {dag.py:3229} INFO - Sync 2 DAGs
[2024-09-22T19:36:34.185+0000] {logging_mixin.py:190} INFO - [2024-09-22T19:36:34.185+0000] {dag.py:4156} INFO - Setting next_dagrun for example_subdag_operator.section-1 to None, run_after=None
[2024-09-22T19:36:34.185+0000] {logging_mixin.py:190} INFO - [2024-09-22T19:36:34.185+0000] {dag.py:4156} INFO - Setting next_dagrun for example_subdag_operator.section-2 to None, run_after=None
[2024-09-22T19:36:34.190+0000] {processor.py:208} INFO - Processing /home/airflow/.local/lib/python3.12/site-packages/airflow/example_dags/example_subdag_operator.py took 0.064 seconds
