[2024-09-22T19:35:28.642+0000] {processor.py:186} INFO - Started process (PID=59) to work on /home/airflow/.local/lib/python3.12/site-packages/airflow/example_dags/example_sla_dag.py
[2024-09-22T19:35:28.644+0000] {processor.py:914} INFO - Processing file /home/airflow/.local/lib/python3.12/site-packages/airflow/example_dags/example_sla_dag.py for tasks to queue
[2024-09-22T19:35:28.655+0000] {logging_mixin.py:190} INFO - [2024-09-22T19:35:28.654+0000] {dagbag.py:587} INFO - Filling up the DagBag from /home/airflow/.local/lib/python3.12/site-packages/airflow/example_dags/example_sla_dag.py
[2024-09-22T19:35:28.678+0000] {processor.py:925} INFO - DAG(s) 'example_sla_dag' retrieved from /home/airflow/.local/lib/python3.12/site-packages/airflow/example_dags/example_sla_dag.py
[2024-09-22T19:35:28.882+0000] {logging_mixin.py:190} INFO - [2024-09-22T19:35:28.882+0000] {override.py:1900} INFO - Created Permission View: can read on DAG:example_sla_dag
[2024-09-22T19:35:28.905+0000] {logging_mixin.py:190} INFO - [2024-09-22T19:35:28.905+0000] {override.py:1900} INFO - Created Permission View: can edit on DAG:example_sla_dag
[2024-09-22T19:35:28.912+0000] {logging_mixin.py:190} INFO - [2024-09-22T19:35:28.912+0000] {override.py:1900} INFO - Created Permission View: can delete on DAG:example_sla_dag
[2024-09-22T19:35:28.934+0000] {logging_mixin.py:190} INFO - [2024-09-22T19:35:28.933+0000] {override.py:1900} INFO - Created Permission View: can read on DAG Run:example_sla_dag
[2024-09-22T19:35:28.940+0000] {logging_mixin.py:190} INFO - [2024-09-22T19:35:28.940+0000] {override.py:1900} INFO - Created Permission View: menu access on DAG Run:example_sla_dag
[2024-09-22T19:35:28.970+0000] {logging_mixin.py:190} INFO - [2024-09-22T19:35:28.970+0000] {override.py:1900} INFO - Created Permission View: can delete on DAG Run:example_sla_dag
[2024-09-22T19:35:28.979+0000] {logging_mixin.py:190} INFO - [2024-09-22T19:35:28.979+0000] {override.py:1900} INFO - Created Permission View: can create on DAG Run:example_sla_dag
[2024-09-22T19:35:28.980+0000] {logging_mixin.py:190} INFO - [2024-09-22T19:35:28.980+0000] {dag.py:3229} INFO - Sync 1 DAGs
[2024-09-22T19:35:29.014+0000] {logging_mixin.py:190} INFO - [2024-09-22T19:35:29.009+0000] {dag.py:3252} INFO - Creating ORM DAG for example_sla_dag
[2024-09-22T19:35:29.042+0000] {logging_mixin.py:190} INFO - [2024-09-22T19:35:29.039+0000] {dag.py:4156} INFO - Setting next_dagrun for example_sla_dag to 2024-09-22 19:32:00+00:00, run_after=2024-09-22 19:34:00+00:00
[2024-09-22T19:35:29.063+0000] {processor.py:208} INFO - Processing /home/airflow/.local/lib/python3.12/site-packages/airflow/example_dags/example_sla_dag.py took 0.435 seconds
[2024-09-22T19:36:00.032+0000] {processor.py:186} INFO - Started process (PID=127) to work on /home/airflow/.local/lib/python3.12/site-packages/airflow/example_dags/example_sla_dag.py
[2024-09-22T19:36:00.033+0000] {processor.py:914} INFO - Processing file /home/airflow/.local/lib/python3.12/site-packages/airflow/example_dags/example_sla_dag.py for tasks to queue
[2024-09-22T19:36:00.036+0000] {logging_mixin.py:190} INFO - [2024-09-22T19:36:00.035+0000] {dagbag.py:587} INFO - Filling up the DagBag from /home/airflow/.local/lib/python3.12/site-packages/airflow/example_dags/example_sla_dag.py
[2024-09-22T19:36:00.046+0000] {processor.py:925} INFO - DAG(s) 'example_sla_dag' retrieved from /home/airflow/.local/lib/python3.12/site-packages/airflow/example_dags/example_sla_dag.py
[2024-09-22T19:36:00.066+0000] {logging_mixin.py:190} INFO - [2024-09-22T19:36:00.066+0000] {dag.py:3229} INFO - Sync 1 DAGs
[2024-09-22T19:36:00.085+0000] {logging_mixin.py:190} INFO - [2024-09-22T19:36:00.085+0000] {dag.py:4156} INFO - Setting next_dagrun for example_sla_dag to 2024-09-22 19:34:00+00:00, run_after=2024-09-22 19:36:00+00:00
[2024-09-22T19:36:00.101+0000] {processor.py:208} INFO - Processing /home/airflow/.local/lib/python3.12/site-packages/airflow/example_dags/example_sla_dag.py took 0.075 seconds
[2024-09-22T19:36:30.540+0000] {processor.py:186} INFO - Started process (PID=189) to work on /home/airflow/.local/lib/python3.12/site-packages/airflow/example_dags/example_sla_dag.py
[2024-09-22T19:36:30.541+0000] {processor.py:914} INFO - Processing file /home/airflow/.local/lib/python3.12/site-packages/airflow/example_dags/example_sla_dag.py for tasks to queue
[2024-09-22T19:36:30.542+0000] {logging_mixin.py:190} INFO - [2024-09-22T19:36:30.542+0000] {dagbag.py:587} INFO - Filling up the DagBag from /home/airflow/.local/lib/python3.12/site-packages/airflow/example_dags/example_sla_dag.py
[2024-09-22T19:36:30.550+0000] {processor.py:925} INFO - DAG(s) 'example_sla_dag' retrieved from /home/airflow/.local/lib/python3.12/site-packages/airflow/example_dags/example_sla_dag.py
[2024-09-22T19:36:30.567+0000] {logging_mixin.py:190} INFO - [2024-09-22T19:36:30.567+0000] {dag.py:3229} INFO - Sync 1 DAGs
[2024-09-22T19:36:30.586+0000] {logging_mixin.py:190} INFO - [2024-09-22T19:36:30.586+0000] {dag.py:4156} INFO - Setting next_dagrun for example_sla_dag to 2024-09-22 19:34:00+00:00, run_after=2024-09-22 19:36:00+00:00
[2024-09-22T19:36:30.601+0000] {processor.py:208} INFO - Processing /home/airflow/.local/lib/python3.12/site-packages/airflow/example_dags/example_sla_dag.py took 0.067 seconds
[2024-09-22T19:37:00.892+0000] {processor.py:186} INFO - Started process (PID=251) to work on /home/airflow/.local/lib/python3.12/site-packages/airflow/example_dags/example_sla_dag.py
[2024-09-22T19:37:00.896+0000] {processor.py:914} INFO - Processing file /home/airflow/.local/lib/python3.12/site-packages/airflow/example_dags/example_sla_dag.py for tasks to queue
[2024-09-22T19:37:00.898+0000] {logging_mixin.py:190} INFO - [2024-09-22T19:37:00.898+0000] {dagbag.py:587} INFO - Filling up the DagBag from /home/airflow/.local/lib/python3.12/site-packages/airflow/example_dags/example_sla_dag.py
[2024-09-22T19:37:00.906+0000] {processor.py:925} INFO - DAG(s) 'example_sla_dag' retrieved from /home/airflow/.local/lib/python3.12/site-packages/airflow/example_dags/example_sla_dag.py
[2024-09-22T19:37:00.964+0000] {logging_mixin.py:190} INFO - [2024-09-22T19:37:00.963+0000] {dag.py:3229} INFO - Sync 1 DAGs
[2024-09-22T19:37:01.105+0000] {logging_mixin.py:190} INFO - [2024-09-22T19:37:01.104+0000] {dag.py:4156} INFO - Setting next_dagrun for example_sla_dag to 2024-09-22 19:34:00+00:00, run_after=2024-09-22 19:36:00+00:00
[2024-09-22T19:37:01.123+0000] {processor.py:208} INFO - Processing /home/airflow/.local/lib/python3.12/site-packages/airflow/example_dags/example_sla_dag.py took 0.237 seconds
[2024-09-22T19:37:31.691+0000] {processor.py:186} INFO - Started process (PID=313) to work on /home/airflow/.local/lib/python3.12/site-packages/airflow/example_dags/example_sla_dag.py
[2024-09-22T19:37:31.692+0000] {processor.py:914} INFO - Processing file /home/airflow/.local/lib/python3.12/site-packages/airflow/example_dags/example_sla_dag.py for tasks to queue
[2024-09-22T19:37:31.696+0000] {logging_mixin.py:190} INFO - [2024-09-22T19:37:31.696+0000] {dagbag.py:587} INFO - Filling up the DagBag from /home/airflow/.local/lib/python3.12/site-packages/airflow/example_dags/example_sla_dag.py
[2024-09-22T19:37:31.709+0000] {processor.py:925} INFO - DAG(s) 'example_sla_dag' retrieved from /home/airflow/.local/lib/python3.12/site-packages/airflow/example_dags/example_sla_dag.py
[2024-09-22T19:37:31.723+0000] {logging_mixin.py:190} INFO - [2024-09-22T19:37:31.723+0000] {dag.py:3229} INFO - Sync 1 DAGs
[2024-09-22T19:37:31.737+0000] {logging_mixin.py:190} INFO - [2024-09-22T19:37:31.737+0000] {dag.py:4156} INFO - Setting next_dagrun for example_sla_dag to 2024-09-22 19:34:00+00:00, run_after=2024-09-22 19:36:00+00:00
[2024-09-22T19:37:31.749+0000] {processor.py:208} INFO - Processing /home/airflow/.local/lib/python3.12/site-packages/airflow/example_dags/example_sla_dag.py took 0.064 seconds
[2024-09-22T19:38:02.014+0000] {processor.py:186} INFO - Started process (PID=375) to work on /home/airflow/.local/lib/python3.12/site-packages/airflow/example_dags/example_sla_dag.py
[2024-09-22T19:38:02.016+0000] {processor.py:914} INFO - Processing file /home/airflow/.local/lib/python3.12/site-packages/airflow/example_dags/example_sla_dag.py for tasks to queue
[2024-09-22T19:38:02.018+0000] {logging_mixin.py:190} INFO - [2024-09-22T19:38:02.018+0000] {dagbag.py:587} INFO - Filling up the DagBag from /home/airflow/.local/lib/python3.12/site-packages/airflow/example_dags/example_sla_dag.py
[2024-09-22T19:38:02.025+0000] {processor.py:925} INFO - DAG(s) 'example_sla_dag' retrieved from /home/airflow/.local/lib/python3.12/site-packages/airflow/example_dags/example_sla_dag.py
[2024-09-22T19:38:02.039+0000] {logging_mixin.py:190} INFO - [2024-09-22T19:38:02.039+0000] {dag.py:3229} INFO - Sync 1 DAGs
[2024-09-22T19:38:02.052+0000] {logging_mixin.py:190} INFO - [2024-09-22T19:38:02.052+0000] {dag.py:4156} INFO - Setting next_dagrun for example_sla_dag to 2024-09-22 19:36:00+00:00, run_after=2024-09-22 19:38:00+00:00
[2024-09-22T19:38:02.062+0000] {processor.py:208} INFO - Processing /home/airflow/.local/lib/python3.12/site-packages/airflow/example_dags/example_sla_dag.py took 0.051 seconds
[2024-09-22T19:38:32.257+0000] {processor.py:186} INFO - Started process (PID=437) to work on /home/airflow/.local/lib/python3.12/site-packages/airflow/example_dags/example_sla_dag.py
[2024-09-22T19:38:32.258+0000] {processor.py:914} INFO - Processing file /home/airflow/.local/lib/python3.12/site-packages/airflow/example_dags/example_sla_dag.py for tasks to queue
[2024-09-22T19:38:32.260+0000] {logging_mixin.py:190} INFO - [2024-09-22T19:38:32.260+0000] {dagbag.py:587} INFO - Filling up the DagBag from /home/airflow/.local/lib/python3.12/site-packages/airflow/example_dags/example_sla_dag.py
[2024-09-22T19:38:32.271+0000] {processor.py:925} INFO - DAG(s) 'example_sla_dag' retrieved from /home/airflow/.local/lib/python3.12/site-packages/airflow/example_dags/example_sla_dag.py
[2024-09-22T19:38:32.289+0000] {logging_mixin.py:190} INFO - [2024-09-22T19:38:32.288+0000] {dag.py:3229} INFO - Sync 1 DAGs
[2024-09-22T19:38:32.308+0000] {logging_mixin.py:190} INFO - [2024-09-22T19:38:32.308+0000] {dag.py:4156} INFO - Setting next_dagrun for example_sla_dag to 2024-09-22 19:36:00+00:00, run_after=2024-09-22 19:38:00+00:00
[2024-09-22T19:38:32.321+0000] {processor.py:208} INFO - Processing /home/airflow/.local/lib/python3.12/site-packages/airflow/example_dags/example_sla_dag.py took 0.069 seconds
[2024-09-22T19:39:02.952+0000] {processor.py:186} INFO - Started process (PID=499) to work on /home/airflow/.local/lib/python3.12/site-packages/airflow/example_dags/example_sla_dag.py
[2024-09-22T19:39:02.952+0000] {processor.py:914} INFO - Processing file /home/airflow/.local/lib/python3.12/site-packages/airflow/example_dags/example_sla_dag.py for tasks to queue
[2024-09-22T19:39:02.956+0000] {logging_mixin.py:190} INFO - [2024-09-22T19:39:02.956+0000] {dagbag.py:587} INFO - Filling up the DagBag from /home/airflow/.local/lib/python3.12/site-packages/airflow/example_dags/example_sla_dag.py
[2024-09-22T19:39:02.966+0000] {processor.py:925} INFO - DAG(s) 'example_sla_dag' retrieved from /home/airflow/.local/lib/python3.12/site-packages/airflow/example_dags/example_sla_dag.py
[2024-09-22T19:39:02.985+0000] {logging_mixin.py:190} INFO - [2024-09-22T19:39:02.984+0000] {dag.py:3229} INFO - Sync 1 DAGs
[2024-09-22T19:39:03.002+0000] {logging_mixin.py:190} INFO - [2024-09-22T19:39:03.002+0000] {dag.py:4156} INFO - Setting next_dagrun for example_sla_dag to 2024-09-22 19:36:00+00:00, run_after=2024-09-22 19:38:00+00:00
[2024-09-22T19:39:03.013+0000] {processor.py:208} INFO - Processing /home/airflow/.local/lib/python3.12/site-packages/airflow/example_dags/example_sla_dag.py took 0.067 seconds
[2024-09-22T19:39:33.262+0000] {processor.py:186} INFO - Started process (PID=561) to work on /home/airflow/.local/lib/python3.12/site-packages/airflow/example_dags/example_sla_dag.py
[2024-09-22T19:39:33.263+0000] {processor.py:914} INFO - Processing file /home/airflow/.local/lib/python3.12/site-packages/airflow/example_dags/example_sla_dag.py for tasks to queue
[2024-09-22T19:39:33.266+0000] {logging_mixin.py:190} INFO - [2024-09-22T19:39:33.265+0000] {dagbag.py:587} INFO - Filling up the DagBag from /home/airflow/.local/lib/python3.12/site-packages/airflow/example_dags/example_sla_dag.py
[2024-09-22T19:39:33.283+0000] {processor.py:925} INFO - DAG(s) 'example_sla_dag' retrieved from /home/airflow/.local/lib/python3.12/site-packages/airflow/example_dags/example_sla_dag.py
[2024-09-22T19:39:33.301+0000] {logging_mixin.py:190} INFO - [2024-09-22T19:39:33.301+0000] {dag.py:3229} INFO - Sync 1 DAGs
[2024-09-22T19:39:33.318+0000] {logging_mixin.py:190} INFO - [2024-09-22T19:39:33.318+0000] {dag.py:4156} INFO - Setting next_dagrun for example_sla_dag to 2024-09-22 19:36:00+00:00, run_after=2024-09-22 19:38:00+00:00
[2024-09-22T19:39:33.334+0000] {processor.py:208} INFO - Processing /home/airflow/.local/lib/python3.12/site-packages/airflow/example_dags/example_sla_dag.py took 0.077 seconds
[2024-09-22T19:40:03.502+0000] {processor.py:186} INFO - Started process (PID=623) to work on /home/airflow/.local/lib/python3.12/site-packages/airflow/example_dags/example_sla_dag.py
[2024-09-22T19:40:03.503+0000] {processor.py:914} INFO - Processing file /home/airflow/.local/lib/python3.12/site-packages/airflow/example_dags/example_sla_dag.py for tasks to queue
[2024-09-22T19:40:03.505+0000] {logging_mixin.py:190} INFO - [2024-09-22T19:40:03.504+0000] {dagbag.py:587} INFO - Filling up the DagBag from /home/airflow/.local/lib/python3.12/site-packages/airflow/example_dags/example_sla_dag.py
[2024-09-22T19:40:03.513+0000] {processor.py:925} INFO - DAG(s) 'example_sla_dag' retrieved from /home/airflow/.local/lib/python3.12/site-packages/airflow/example_dags/example_sla_dag.py
[2024-09-22T19:40:03.528+0000] {logging_mixin.py:190} INFO - [2024-09-22T19:40:03.528+0000] {dag.py:3229} INFO - Sync 1 DAGs
[2024-09-22T19:40:03.545+0000] {logging_mixin.py:190} INFO - [2024-09-22T19:40:03.545+0000] {dag.py:4156} INFO - Setting next_dagrun for example_sla_dag to 2024-09-22 19:38:00+00:00, run_after=2024-09-22 19:40:00+00:00
[2024-09-22T19:40:03.559+0000] {processor.py:208} INFO - Processing /home/airflow/.local/lib/python3.12/site-packages/airflow/example_dags/example_sla_dag.py took 0.063 seconds
[2024-09-22T19:40:33.737+0000] {processor.py:186} INFO - Started process (PID=685) to work on /home/airflow/.local/lib/python3.12/site-packages/airflow/example_dags/example_sla_dag.py
[2024-09-22T19:40:33.738+0000] {processor.py:914} INFO - Processing file /home/airflow/.local/lib/python3.12/site-packages/airflow/example_dags/example_sla_dag.py for tasks to queue
[2024-09-22T19:40:33.740+0000] {logging_mixin.py:190} INFO - [2024-09-22T19:40:33.739+0000] {dagbag.py:587} INFO - Filling up the DagBag from /home/airflow/.local/lib/python3.12/site-packages/airflow/example_dags/example_sla_dag.py
[2024-09-22T19:40:33.748+0000] {processor.py:925} INFO - DAG(s) 'example_sla_dag' retrieved from /home/airflow/.local/lib/python3.12/site-packages/airflow/example_dags/example_sla_dag.py
[2024-09-22T19:40:33.763+0000] {logging_mixin.py:190} INFO - [2024-09-22T19:40:33.763+0000] {dag.py:3229} INFO - Sync 1 DAGs
[2024-09-22T19:40:33.780+0000] {logging_mixin.py:190} INFO - [2024-09-22T19:40:33.780+0000] {dag.py:4156} INFO - Setting next_dagrun for example_sla_dag to 2024-09-22 19:38:00+00:00, run_after=2024-09-22 19:40:00+00:00
[2024-09-22T19:40:33.791+0000] {processor.py:208} INFO - Processing /home/airflow/.local/lib/python3.12/site-packages/airflow/example_dags/example_sla_dag.py took 0.060 seconds
[2024-09-22T19:41:04.018+0000] {processor.py:186} INFO - Started process (PID=747) to work on /home/airflow/.local/lib/python3.12/site-packages/airflow/example_dags/example_sla_dag.py
[2024-09-22T19:41:04.019+0000] {processor.py:914} INFO - Processing file /home/airflow/.local/lib/python3.12/site-packages/airflow/example_dags/example_sla_dag.py for tasks to queue
[2024-09-22T19:41:04.021+0000] {logging_mixin.py:190} INFO - [2024-09-22T19:41:04.020+0000] {dagbag.py:587} INFO - Filling up the DagBag from /home/airflow/.local/lib/python3.12/site-packages/airflow/example_dags/example_sla_dag.py
[2024-09-22T19:41:04.030+0000] {processor.py:925} INFO - DAG(s) 'example_sla_dag' retrieved from /home/airflow/.local/lib/python3.12/site-packages/airflow/example_dags/example_sla_dag.py
[2024-09-22T19:41:04.046+0000] {logging_mixin.py:190} INFO - [2024-09-22T19:41:04.045+0000] {dag.py:3229} INFO - Sync 1 DAGs
[2024-09-22T19:41:04.064+0000] {logging_mixin.py:190} INFO - [2024-09-22T19:41:04.064+0000] {dag.py:4156} INFO - Setting next_dagrun for example_sla_dag to 2024-09-22 19:38:00+00:00, run_after=2024-09-22 19:40:00+00:00
[2024-09-22T19:41:04.075+0000] {processor.py:208} INFO - Processing /home/airflow/.local/lib/python3.12/site-packages/airflow/example_dags/example_sla_dag.py took 0.063 seconds
[2024-09-22T19:41:34.243+0000] {processor.py:186} INFO - Started process (PID=809) to work on /home/airflow/.local/lib/python3.12/site-packages/airflow/example_dags/example_sla_dag.py
[2024-09-22T19:41:34.246+0000] {processor.py:914} INFO - Processing file /home/airflow/.local/lib/python3.12/site-packages/airflow/example_dags/example_sla_dag.py for tasks to queue
[2024-09-22T19:41:34.248+0000] {logging_mixin.py:190} INFO - [2024-09-22T19:41:34.248+0000] {dagbag.py:587} INFO - Filling up the DagBag from /home/airflow/.local/lib/python3.12/site-packages/airflow/example_dags/example_sla_dag.py
[2024-09-22T19:41:34.256+0000] {processor.py:925} INFO - DAG(s) 'example_sla_dag' retrieved from /home/airflow/.local/lib/python3.12/site-packages/airflow/example_dags/example_sla_dag.py
[2024-09-22T19:41:34.272+0000] {logging_mixin.py:190} INFO - [2024-09-22T19:41:34.272+0000] {dag.py:3229} INFO - Sync 1 DAGs
[2024-09-22T19:41:34.291+0000] {logging_mixin.py:190} INFO - [2024-09-22T19:41:34.291+0000] {dag.py:4156} INFO - Setting next_dagrun for example_sla_dag to 2024-09-22 19:38:00+00:00, run_after=2024-09-22 19:40:00+00:00
[2024-09-22T19:41:34.300+0000] {processor.py:208} INFO - Processing /home/airflow/.local/lib/python3.12/site-packages/airflow/example_dags/example_sla_dag.py took 0.063 seconds
[2024-09-22T19:42:04.583+0000] {processor.py:186} INFO - Started process (PID=871) to work on /home/airflow/.local/lib/python3.12/site-packages/airflow/example_dags/example_sla_dag.py
[2024-09-22T19:42:04.585+0000] {processor.py:914} INFO - Processing file /home/airflow/.local/lib/python3.12/site-packages/airflow/example_dags/example_sla_dag.py for tasks to queue
[2024-09-22T19:42:04.588+0000] {logging_mixin.py:190} INFO - [2024-09-22T19:42:04.587+0000] {dagbag.py:587} INFO - Filling up the DagBag from /home/airflow/.local/lib/python3.12/site-packages/airflow/example_dags/example_sla_dag.py
[2024-09-22T19:42:04.598+0000] {processor.py:925} INFO - DAG(s) 'example_sla_dag' retrieved from /home/airflow/.local/lib/python3.12/site-packages/airflow/example_dags/example_sla_dag.py
[2024-09-22T19:42:04.614+0000] {logging_mixin.py:190} INFO - [2024-09-22T19:42:04.614+0000] {dag.py:3229} INFO - Sync 1 DAGs
[2024-09-22T19:42:04.630+0000] {logging_mixin.py:190} INFO - [2024-09-22T19:42:04.630+0000] {dag.py:4156} INFO - Setting next_dagrun for example_sla_dag to 2024-09-22 19:40:00+00:00, run_after=2024-09-22 19:42:00+00:00
[2024-09-22T19:42:04.640+0000] {processor.py:208} INFO - Processing /home/airflow/.local/lib/python3.12/site-packages/airflow/example_dags/example_sla_dag.py took 0.062 seconds
[2024-09-22T19:42:34.851+0000] {processor.py:186} INFO - Started process (PID=933) to work on /home/airflow/.local/lib/python3.12/site-packages/airflow/example_dags/example_sla_dag.py
[2024-09-22T19:42:34.852+0000] {processor.py:914} INFO - Processing file /home/airflow/.local/lib/python3.12/site-packages/airflow/example_dags/example_sla_dag.py for tasks to queue
[2024-09-22T19:42:34.853+0000] {logging_mixin.py:190} INFO - [2024-09-22T19:42:34.853+0000] {dagbag.py:587} INFO - Filling up the DagBag from /home/airflow/.local/lib/python3.12/site-packages/airflow/example_dags/example_sla_dag.py
[2024-09-22T19:42:34.862+0000] {processor.py:925} INFO - DAG(s) 'example_sla_dag' retrieved from /home/airflow/.local/lib/python3.12/site-packages/airflow/example_dags/example_sla_dag.py
[2024-09-22T19:42:34.877+0000] {logging_mixin.py:190} INFO - [2024-09-22T19:42:34.877+0000] {dag.py:3229} INFO - Sync 1 DAGs
[2024-09-22T19:42:34.892+0000] {logging_mixin.py:190} INFO - [2024-09-22T19:42:34.892+0000] {dag.py:4156} INFO - Setting next_dagrun for example_sla_dag to 2024-09-22 19:40:00+00:00, run_after=2024-09-22 19:42:00+00:00
[2024-09-22T19:42:34.902+0000] {processor.py:208} INFO - Processing /home/airflow/.local/lib/python3.12/site-packages/airflow/example_dags/example_sla_dag.py took 0.056 seconds
[2024-09-22T19:43:05.187+0000] {processor.py:186} INFO - Started process (PID=995) to work on /home/airflow/.local/lib/python3.12/site-packages/airflow/example_dags/example_sla_dag.py
[2024-09-22T19:43:05.196+0000] {processor.py:914} INFO - Processing file /home/airflow/.local/lib/python3.12/site-packages/airflow/example_dags/example_sla_dag.py for tasks to queue
[2024-09-22T19:43:05.201+0000] {logging_mixin.py:190} INFO - [2024-09-22T19:43:05.199+0000] {dagbag.py:587} INFO - Filling up the DagBag from /home/airflow/.local/lib/python3.12/site-packages/airflow/example_dags/example_sla_dag.py
[2024-09-22T19:43:05.218+0000] {processor.py:925} INFO - DAG(s) 'example_sla_dag' retrieved from /home/airflow/.local/lib/python3.12/site-packages/airflow/example_dags/example_sla_dag.py
[2024-09-22T19:43:05.245+0000] {logging_mixin.py:190} INFO - [2024-09-22T19:43:05.245+0000] {dag.py:3229} INFO - Sync 1 DAGs
[2024-09-22T19:43:05.274+0000] {logging_mixin.py:190} INFO - [2024-09-22T19:43:05.274+0000] {dag.py:4156} INFO - Setting next_dagrun for example_sla_dag to 2024-09-22 19:40:00+00:00, run_after=2024-09-22 19:42:00+00:00
[2024-09-22T19:43:05.284+0000] {processor.py:208} INFO - Processing /home/airflow/.local/lib/python3.12/site-packages/airflow/example_dags/example_sla_dag.py took 0.120 seconds
[2024-09-22T19:43:35.804+0000] {processor.py:186} INFO - Started process (PID=1056) to work on /home/airflow/.local/lib/python3.12/site-packages/airflow/example_dags/example_sla_dag.py
[2024-09-22T19:43:35.805+0000] {processor.py:914} INFO - Processing file /home/airflow/.local/lib/python3.12/site-packages/airflow/example_dags/example_sla_dag.py for tasks to queue
[2024-09-22T19:43:35.807+0000] {logging_mixin.py:190} INFO - [2024-09-22T19:43:35.807+0000] {dagbag.py:587} INFO - Filling up the DagBag from /home/airflow/.local/lib/python3.12/site-packages/airflow/example_dags/example_sla_dag.py
[2024-09-22T19:43:35.815+0000] {processor.py:925} INFO - DAG(s) 'example_sla_dag' retrieved from /home/airflow/.local/lib/python3.12/site-packages/airflow/example_dags/example_sla_dag.py
[2024-09-22T19:43:35.832+0000] {logging_mixin.py:190} INFO - [2024-09-22T19:43:35.832+0000] {dag.py:3229} INFO - Sync 1 DAGs
[2024-09-22T19:43:35.849+0000] {logging_mixin.py:190} INFO - [2024-09-22T19:43:35.849+0000] {dag.py:4156} INFO - Setting next_dagrun for example_sla_dag to 2024-09-22 19:40:00+00:00, run_after=2024-09-22 19:42:00+00:00
[2024-09-22T19:43:35.860+0000] {processor.py:208} INFO - Processing /home/airflow/.local/lib/python3.12/site-packages/airflow/example_dags/example_sla_dag.py took 0.061 seconds
[2024-09-22T19:44:05.989+0000] {processor.py:186} INFO - Started process (PID=1118) to work on /home/airflow/.local/lib/python3.12/site-packages/airflow/example_dags/example_sla_dag.py
[2024-09-22T19:44:05.990+0000] {processor.py:914} INFO - Processing file /home/airflow/.local/lib/python3.12/site-packages/airflow/example_dags/example_sla_dag.py for tasks to queue
[2024-09-22T19:44:05.992+0000] {logging_mixin.py:190} INFO - [2024-09-22T19:44:05.992+0000] {dagbag.py:587} INFO - Filling up the DagBag from /home/airflow/.local/lib/python3.12/site-packages/airflow/example_dags/example_sla_dag.py
[2024-09-22T19:44:06.000+0000] {processor.py:925} INFO - DAG(s) 'example_sla_dag' retrieved from /home/airflow/.local/lib/python3.12/site-packages/airflow/example_dags/example_sla_dag.py
[2024-09-22T19:44:06.016+0000] {logging_mixin.py:190} INFO - [2024-09-22T19:44:06.015+0000] {dag.py:3229} INFO - Sync 1 DAGs
[2024-09-22T19:44:06.033+0000] {logging_mixin.py:190} INFO - [2024-09-22T19:44:06.033+0000] {dag.py:4156} INFO - Setting next_dagrun for example_sla_dag to 2024-09-22 19:42:00+00:00, run_after=2024-09-22 19:44:00+00:00
[2024-09-22T19:44:06.043+0000] {processor.py:208} INFO - Processing /home/airflow/.local/lib/python3.12/site-packages/airflow/example_dags/example_sla_dag.py took 0.059 seconds
[2024-09-22T19:44:36.384+0000] {processor.py:186} INFO - Started process (PID=1180) to work on /home/airflow/.local/lib/python3.12/site-packages/airflow/example_dags/example_sla_dag.py
[2024-09-22T19:44:36.385+0000] {processor.py:914} INFO - Processing file /home/airflow/.local/lib/python3.12/site-packages/airflow/example_dags/example_sla_dag.py for tasks to queue
[2024-09-22T19:44:36.388+0000] {logging_mixin.py:190} INFO - [2024-09-22T19:44:36.387+0000] {dagbag.py:587} INFO - Filling up the DagBag from /home/airflow/.local/lib/python3.12/site-packages/airflow/example_dags/example_sla_dag.py
[2024-09-22T19:44:36.399+0000] {processor.py:925} INFO - DAG(s) 'example_sla_dag' retrieved from /home/airflow/.local/lib/python3.12/site-packages/airflow/example_dags/example_sla_dag.py
[2024-09-22T19:44:36.418+0000] {logging_mixin.py:190} INFO - [2024-09-22T19:44:36.418+0000] {dag.py:3229} INFO - Sync 1 DAGs
[2024-09-22T19:44:36.438+0000] {logging_mixin.py:190} INFO - [2024-09-22T19:44:36.438+0000] {dag.py:4156} INFO - Setting next_dagrun for example_sla_dag to 2024-09-22 19:42:00+00:00, run_after=2024-09-22 19:44:00+00:00
[2024-09-22T19:44:36.448+0000] {processor.py:208} INFO - Processing /home/airflow/.local/lib/python3.12/site-packages/airflow/example_dags/example_sla_dag.py took 0.070 seconds
[2024-09-22T19:45:06.787+0000] {processor.py:186} INFO - Started process (PID=1242) to work on /home/airflow/.local/lib/python3.12/site-packages/airflow/example_dags/example_sla_dag.py
[2024-09-22T19:45:06.789+0000] {processor.py:914} INFO - Processing file /home/airflow/.local/lib/python3.12/site-packages/airflow/example_dags/example_sla_dag.py for tasks to queue
[2024-09-22T19:45:06.790+0000] {logging_mixin.py:190} INFO - [2024-09-22T19:45:06.790+0000] {dagbag.py:587} INFO - Filling up the DagBag from /home/airflow/.local/lib/python3.12/site-packages/airflow/example_dags/example_sla_dag.py
[2024-09-22T19:45:06.798+0000] {processor.py:925} INFO - DAG(s) 'example_sla_dag' retrieved from /home/airflow/.local/lib/python3.12/site-packages/airflow/example_dags/example_sla_dag.py
[2024-09-22T19:45:06.813+0000] {logging_mixin.py:190} INFO - [2024-09-22T19:45:06.813+0000] {dag.py:3229} INFO - Sync 1 DAGs
[2024-09-22T19:45:06.830+0000] {logging_mixin.py:190} INFO - [2024-09-22T19:45:06.830+0000] {dag.py:4156} INFO - Setting next_dagrun for example_sla_dag to 2024-09-22 19:42:00+00:00, run_after=2024-09-22 19:44:00+00:00
[2024-09-22T19:45:06.840+0000] {processor.py:208} INFO - Processing /home/airflow/.local/lib/python3.12/site-packages/airflow/example_dags/example_sla_dag.py took 0.059 seconds
[2024-09-22T19:45:37.022+0000] {processor.py:186} INFO - Started process (PID=1304) to work on /home/airflow/.local/lib/python3.12/site-packages/airflow/example_dags/example_sla_dag.py
[2024-09-22T19:45:37.025+0000] {processor.py:914} INFO - Processing file /home/airflow/.local/lib/python3.12/site-packages/airflow/example_dags/example_sla_dag.py for tasks to queue
[2024-09-22T19:45:37.027+0000] {logging_mixin.py:190} INFO - [2024-09-22T19:45:37.027+0000] {dagbag.py:587} INFO - Filling up the DagBag from /home/airflow/.local/lib/python3.12/site-packages/airflow/example_dags/example_sla_dag.py
[2024-09-22T19:45:37.041+0000] {processor.py:925} INFO - DAG(s) 'example_sla_dag' retrieved from /home/airflow/.local/lib/python3.12/site-packages/airflow/example_dags/example_sla_dag.py
[2024-09-22T19:45:37.061+0000] {logging_mixin.py:190} INFO - [2024-09-22T19:45:37.060+0000] {dag.py:3229} INFO - Sync 1 DAGs
[2024-09-22T19:45:37.079+0000] {logging_mixin.py:190} INFO - [2024-09-22T19:45:37.079+0000] {dag.py:4156} INFO - Setting next_dagrun for example_sla_dag to 2024-09-22 19:42:00+00:00, run_after=2024-09-22 19:44:00+00:00
[2024-09-22T19:45:37.093+0000] {processor.py:208} INFO - Processing /home/airflow/.local/lib/python3.12/site-packages/airflow/example_dags/example_sla_dag.py took 0.076 seconds
[2024-09-22T19:46:07.643+0000] {processor.py:186} INFO - Started process (PID=1365) to work on /home/airflow/.local/lib/python3.12/site-packages/airflow/example_dags/example_sla_dag.py
[2024-09-22T19:46:07.647+0000] {processor.py:914} INFO - Processing file /home/airflow/.local/lib/python3.12/site-packages/airflow/example_dags/example_sla_dag.py for tasks to queue
[2024-09-22T19:46:07.649+0000] {logging_mixin.py:190} INFO - [2024-09-22T19:46:07.649+0000] {dagbag.py:587} INFO - Filling up the DagBag from /home/airflow/.local/lib/python3.12/site-packages/airflow/example_dags/example_sla_dag.py
[2024-09-22T19:46:07.660+0000] {processor.py:925} INFO - DAG(s) 'example_sla_dag' retrieved from /home/airflow/.local/lib/python3.12/site-packages/airflow/example_dags/example_sla_dag.py
[2024-09-22T19:46:07.677+0000] {logging_mixin.py:190} INFO - [2024-09-22T19:46:07.676+0000] {dag.py:3229} INFO - Sync 1 DAGs
[2024-09-22T19:46:07.694+0000] {logging_mixin.py:190} INFO - [2024-09-22T19:46:07.694+0000] {dag.py:4156} INFO - Setting next_dagrun for example_sla_dag to 2024-09-22 19:44:00+00:00, run_after=2024-09-22 19:46:00+00:00
[2024-09-22T19:46:07.709+0000] {processor.py:208} INFO - Processing /home/airflow/.local/lib/python3.12/site-packages/airflow/example_dags/example_sla_dag.py took 0.070 seconds
[2024-09-22T19:46:38.495+0000] {processor.py:186} INFO - Started process (PID=1427) to work on /home/airflow/.local/lib/python3.12/site-packages/airflow/example_dags/example_sla_dag.py
[2024-09-22T19:46:38.496+0000] {processor.py:914} INFO - Processing file /home/airflow/.local/lib/python3.12/site-packages/airflow/example_dags/example_sla_dag.py for tasks to queue
[2024-09-22T19:46:38.499+0000] {logging_mixin.py:190} INFO - [2024-09-22T19:46:38.498+0000] {dagbag.py:587} INFO - Filling up the DagBag from /home/airflow/.local/lib/python3.12/site-packages/airflow/example_dags/example_sla_dag.py
[2024-09-22T19:46:38.511+0000] {processor.py:925} INFO - DAG(s) 'example_sla_dag' retrieved from /home/airflow/.local/lib/python3.12/site-packages/airflow/example_dags/example_sla_dag.py
[2024-09-22T19:46:38.530+0000] {logging_mixin.py:190} INFO - [2024-09-22T19:46:38.530+0000] {dag.py:3229} INFO - Sync 1 DAGs
[2024-09-22T19:46:38.553+0000] {logging_mixin.py:190} INFO - [2024-09-22T19:46:38.553+0000] {dag.py:4156} INFO - Setting next_dagrun for example_sla_dag to 2024-09-22 19:44:00+00:00, run_after=2024-09-22 19:46:00+00:00
[2024-09-22T19:46:38.569+0000] {processor.py:208} INFO - Processing /home/airflow/.local/lib/python3.12/site-packages/airflow/example_dags/example_sla_dag.py took 0.080 seconds
[2024-09-22T19:47:09.038+0000] {processor.py:186} INFO - Started process (PID=1489) to work on /home/airflow/.local/lib/python3.12/site-packages/airflow/example_dags/example_sla_dag.py
[2024-09-22T19:47:09.039+0000] {processor.py:914} INFO - Processing file /home/airflow/.local/lib/python3.12/site-packages/airflow/example_dags/example_sla_dag.py for tasks to queue
[2024-09-22T19:47:09.041+0000] {logging_mixin.py:190} INFO - [2024-09-22T19:47:09.041+0000] {dagbag.py:587} INFO - Filling up the DagBag from /home/airflow/.local/lib/python3.12/site-packages/airflow/example_dags/example_sla_dag.py
[2024-09-22T19:47:09.051+0000] {processor.py:925} INFO - DAG(s) 'example_sla_dag' retrieved from /home/airflow/.local/lib/python3.12/site-packages/airflow/example_dags/example_sla_dag.py
[2024-09-22T19:47:09.071+0000] {logging_mixin.py:190} INFO - [2024-09-22T19:47:09.071+0000] {dag.py:3229} INFO - Sync 1 DAGs
[2024-09-22T19:47:09.088+0000] {logging_mixin.py:190} INFO - [2024-09-22T19:47:09.088+0000] {dag.py:4156} INFO - Setting next_dagrun for example_sla_dag to 2024-09-22 19:44:00+00:00, run_after=2024-09-22 19:46:00+00:00
[2024-09-22T19:47:09.101+0000] {processor.py:208} INFO - Processing /home/airflow/.local/lib/python3.12/site-packages/airflow/example_dags/example_sla_dag.py took 0.069 seconds
[2024-09-22T19:47:39.665+0000] {processor.py:186} INFO - Started process (PID=1550) to work on /home/airflow/.local/lib/python3.12/site-packages/airflow/example_dags/example_sla_dag.py
[2024-09-22T19:47:39.666+0000] {processor.py:914} INFO - Processing file /home/airflow/.local/lib/python3.12/site-packages/airflow/example_dags/example_sla_dag.py for tasks to queue
[2024-09-22T19:47:39.668+0000] {logging_mixin.py:190} INFO - [2024-09-22T19:47:39.668+0000] {dagbag.py:587} INFO - Filling up the DagBag from /home/airflow/.local/lib/python3.12/site-packages/airflow/example_dags/example_sla_dag.py
[2024-09-22T19:47:39.676+0000] {processor.py:925} INFO - DAG(s) 'example_sla_dag' retrieved from /home/airflow/.local/lib/python3.12/site-packages/airflow/example_dags/example_sla_dag.py
[2024-09-22T19:47:39.695+0000] {logging_mixin.py:190} INFO - [2024-09-22T19:47:39.695+0000] {dag.py:3229} INFO - Sync 1 DAGs
[2024-09-22T19:47:39.714+0000] {logging_mixin.py:190} INFO - [2024-09-22T19:47:39.713+0000] {dag.py:4156} INFO - Setting next_dagrun for example_sla_dag to 2024-09-22 19:44:00+00:00, run_after=2024-09-22 19:46:00+00:00
[2024-09-22T19:47:39.726+0000] {processor.py:208} INFO - Processing /home/airflow/.local/lib/python3.12/site-packages/airflow/example_dags/example_sla_dag.py took 0.068 seconds
[2024-09-22T19:48:10.375+0000] {processor.py:186} INFO - Started process (PID=1612) to work on /home/airflow/.local/lib/python3.12/site-packages/airflow/example_dags/example_sla_dag.py
[2024-09-22T19:48:10.376+0000] {processor.py:914} INFO - Processing file /home/airflow/.local/lib/python3.12/site-packages/airflow/example_dags/example_sla_dag.py for tasks to queue
[2024-09-22T19:48:10.377+0000] {logging_mixin.py:190} INFO - [2024-09-22T19:48:10.377+0000] {dagbag.py:587} INFO - Filling up the DagBag from /home/airflow/.local/lib/python3.12/site-packages/airflow/example_dags/example_sla_dag.py
[2024-09-22T19:48:10.387+0000] {processor.py:925} INFO - DAG(s) 'example_sla_dag' retrieved from /home/airflow/.local/lib/python3.12/site-packages/airflow/example_dags/example_sla_dag.py
[2024-09-22T19:48:10.405+0000] {logging_mixin.py:190} INFO - [2024-09-22T19:48:10.405+0000] {dag.py:3229} INFO - Sync 1 DAGs
[2024-09-22T19:48:10.422+0000] {logging_mixin.py:190} INFO - [2024-09-22T19:48:10.422+0000] {dag.py:4156} INFO - Setting next_dagrun for example_sla_dag to 2024-09-22 19:46:00+00:00, run_after=2024-09-22 19:48:00+00:00
[2024-09-22T19:48:10.435+0000] {processor.py:208} INFO - Processing /home/airflow/.local/lib/python3.12/site-packages/airflow/example_dags/example_sla_dag.py took 0.065 seconds
[2024-09-22T19:48:40.600+0000] {processor.py:186} INFO - Started process (PID=1674) to work on /home/airflow/.local/lib/python3.12/site-packages/airflow/example_dags/example_sla_dag.py
[2024-09-22T19:48:40.601+0000] {processor.py:914} INFO - Processing file /home/airflow/.local/lib/python3.12/site-packages/airflow/example_dags/example_sla_dag.py for tasks to queue
[2024-09-22T19:48:40.603+0000] {logging_mixin.py:190} INFO - [2024-09-22T19:48:40.603+0000] {dagbag.py:587} INFO - Filling up the DagBag from /home/airflow/.local/lib/python3.12/site-packages/airflow/example_dags/example_sla_dag.py
[2024-09-22T19:48:40.612+0000] {processor.py:925} INFO - DAG(s) 'example_sla_dag' retrieved from /home/airflow/.local/lib/python3.12/site-packages/airflow/example_dags/example_sla_dag.py
[2024-09-22T19:48:40.632+0000] {logging_mixin.py:190} INFO - [2024-09-22T19:48:40.632+0000] {dag.py:3229} INFO - Sync 1 DAGs
[2024-09-22T19:48:40.649+0000] {logging_mixin.py:190} INFO - [2024-09-22T19:48:40.648+0000] {dag.py:4156} INFO - Setting next_dagrun for example_sla_dag to 2024-09-22 19:46:00+00:00, run_after=2024-09-22 19:48:00+00:00
[2024-09-22T19:48:40.661+0000] {processor.py:208} INFO - Processing /home/airflow/.local/lib/python3.12/site-packages/airflow/example_dags/example_sla_dag.py took 0.066 seconds
[2024-09-22T19:49:11.038+0000] {processor.py:186} INFO - Started process (PID=1736) to work on /home/airflow/.local/lib/python3.12/site-packages/airflow/example_dags/example_sla_dag.py
[2024-09-22T19:49:11.039+0000] {processor.py:914} INFO - Processing file /home/airflow/.local/lib/python3.12/site-packages/airflow/example_dags/example_sla_dag.py for tasks to queue
[2024-09-22T19:49:11.040+0000] {logging_mixin.py:190} INFO - [2024-09-22T19:49:11.040+0000] {dagbag.py:587} INFO - Filling up the DagBag from /home/airflow/.local/lib/python3.12/site-packages/airflow/example_dags/example_sla_dag.py
[2024-09-22T19:49:11.051+0000] {processor.py:925} INFO - DAG(s) 'example_sla_dag' retrieved from /home/airflow/.local/lib/python3.12/site-packages/airflow/example_dags/example_sla_dag.py
[2024-09-22T19:49:11.068+0000] {logging_mixin.py:190} INFO - [2024-09-22T19:49:11.068+0000] {dag.py:3229} INFO - Sync 1 DAGs
[2024-09-22T19:49:11.081+0000] {logging_mixin.py:190} INFO - [2024-09-22T19:49:11.081+0000] {dag.py:4156} INFO - Setting next_dagrun for example_sla_dag to 2024-09-22 19:46:00+00:00, run_after=2024-09-22 19:48:00+00:00
[2024-09-22T19:49:11.092+0000] {processor.py:208} INFO - Processing /home/airflow/.local/lib/python3.12/site-packages/airflow/example_dags/example_sla_dag.py took 0.057 seconds
[2024-09-22T19:49:41.280+0000] {processor.py:186} INFO - Started process (PID=1798) to work on /home/airflow/.local/lib/python3.12/site-packages/airflow/example_dags/example_sla_dag.py
[2024-09-22T19:49:41.281+0000] {processor.py:914} INFO - Processing file /home/airflow/.local/lib/python3.12/site-packages/airflow/example_dags/example_sla_dag.py for tasks to queue
[2024-09-22T19:49:41.283+0000] {logging_mixin.py:190} INFO - [2024-09-22T19:49:41.283+0000] {dagbag.py:587} INFO - Filling up the DagBag from /home/airflow/.local/lib/python3.12/site-packages/airflow/example_dags/example_sla_dag.py
[2024-09-22T19:49:41.291+0000] {processor.py:925} INFO - DAG(s) 'example_sla_dag' retrieved from /home/airflow/.local/lib/python3.12/site-packages/airflow/example_dags/example_sla_dag.py
[2024-09-22T19:49:41.306+0000] {logging_mixin.py:190} INFO - [2024-09-22T19:49:41.306+0000] {dag.py:3229} INFO - Sync 1 DAGs
[2024-09-22T19:49:41.320+0000] {logging_mixin.py:190} INFO - [2024-09-22T19:49:41.320+0000] {dag.py:4156} INFO - Setting next_dagrun for example_sla_dag to 2024-09-22 19:46:00+00:00, run_after=2024-09-22 19:48:00+00:00
[2024-09-22T19:49:41.330+0000] {processor.py:208} INFO - Processing /home/airflow/.local/lib/python3.12/site-packages/airflow/example_dags/example_sla_dag.py took 0.055 seconds
[2024-09-22T19:50:11.881+0000] {processor.py:186} INFO - Started process (PID=1860) to work on /home/airflow/.local/lib/python3.12/site-packages/airflow/example_dags/example_sla_dag.py
[2024-09-22T19:50:11.882+0000] {processor.py:914} INFO - Processing file /home/airflow/.local/lib/python3.12/site-packages/airflow/example_dags/example_sla_dag.py for tasks to queue
[2024-09-22T19:50:11.884+0000] {logging_mixin.py:190} INFO - [2024-09-22T19:50:11.884+0000] {dagbag.py:587} INFO - Filling up the DagBag from /home/airflow/.local/lib/python3.12/site-packages/airflow/example_dags/example_sla_dag.py
[2024-09-22T19:50:11.894+0000] {processor.py:925} INFO - DAG(s) 'example_sla_dag' retrieved from /home/airflow/.local/lib/python3.12/site-packages/airflow/example_dags/example_sla_dag.py
[2024-09-22T19:50:11.911+0000] {logging_mixin.py:190} INFO - [2024-09-22T19:50:11.911+0000] {dag.py:3229} INFO - Sync 1 DAGs
[2024-09-22T19:50:11.929+0000] {logging_mixin.py:190} INFO - [2024-09-22T19:50:11.929+0000] {dag.py:4156} INFO - Setting next_dagrun for example_sla_dag to 2024-09-22 19:48:00+00:00, run_after=2024-09-22 19:50:00+00:00
[2024-09-22T19:50:11.945+0000] {processor.py:208} INFO - Processing /home/airflow/.local/lib/python3.12/site-packages/airflow/example_dags/example_sla_dag.py took 0.069 seconds
[2024-09-22T19:50:42.701+0000] {processor.py:186} INFO - Started process (PID=1922) to work on /home/airflow/.local/lib/python3.12/site-packages/airflow/example_dags/example_sla_dag.py
[2024-09-22T19:50:42.701+0000] {processor.py:914} INFO - Processing file /home/airflow/.local/lib/python3.12/site-packages/airflow/example_dags/example_sla_dag.py for tasks to queue
[2024-09-22T19:50:42.704+0000] {logging_mixin.py:190} INFO - [2024-09-22T19:50:42.704+0000] {dagbag.py:587} INFO - Filling up the DagBag from /home/airflow/.local/lib/python3.12/site-packages/airflow/example_dags/example_sla_dag.py
[2024-09-22T19:50:42.714+0000] {processor.py:925} INFO - DAG(s) 'example_sla_dag' retrieved from /home/airflow/.local/lib/python3.12/site-packages/airflow/example_dags/example_sla_dag.py
[2024-09-22T19:50:42.731+0000] {logging_mixin.py:190} INFO - [2024-09-22T19:50:42.731+0000] {dag.py:3229} INFO - Sync 1 DAGs
[2024-09-22T19:50:42.749+0000] {logging_mixin.py:190} INFO - [2024-09-22T19:50:42.749+0000] {dag.py:4156} INFO - Setting next_dagrun for example_sla_dag to 2024-09-22 19:48:00+00:00, run_after=2024-09-22 19:50:00+00:00
[2024-09-22T19:50:42.759+0000] {processor.py:208} INFO - Processing /home/airflow/.local/lib/python3.12/site-packages/airflow/example_dags/example_sla_dag.py took 0.063 seconds
[2024-09-22T19:51:13.214+0000] {processor.py:186} INFO - Started process (PID=1984) to work on /home/airflow/.local/lib/python3.12/site-packages/airflow/example_dags/example_sla_dag.py
[2024-09-22T19:51:13.216+0000] {processor.py:914} INFO - Processing file /home/airflow/.local/lib/python3.12/site-packages/airflow/example_dags/example_sla_dag.py for tasks to queue
[2024-09-22T19:51:13.219+0000] {logging_mixin.py:190} INFO - [2024-09-22T19:51:13.219+0000] {dagbag.py:587} INFO - Filling up the DagBag from /home/airflow/.local/lib/python3.12/site-packages/airflow/example_dags/example_sla_dag.py
[2024-09-22T19:51:13.235+0000] {processor.py:925} INFO - DAG(s) 'example_sla_dag' retrieved from /home/airflow/.local/lib/python3.12/site-packages/airflow/example_dags/example_sla_dag.py
[2024-09-22T19:51:13.255+0000] {logging_mixin.py:190} INFO - [2024-09-22T19:51:13.255+0000] {dag.py:3229} INFO - Sync 1 DAGs
[2024-09-22T19:51:13.274+0000] {logging_mixin.py:190} INFO - [2024-09-22T19:51:13.274+0000] {dag.py:4156} INFO - Setting next_dagrun for example_sla_dag to 2024-09-22 19:48:00+00:00, run_after=2024-09-22 19:50:00+00:00
[2024-09-22T19:51:13.286+0000] {processor.py:208} INFO - Processing /home/airflow/.local/lib/python3.12/site-packages/airflow/example_dags/example_sla_dag.py took 0.081 seconds
[2024-09-22T19:51:43.930+0000] {processor.py:186} INFO - Started process (PID=2046) to work on /home/airflow/.local/lib/python3.12/site-packages/airflow/example_dags/example_sla_dag.py
[2024-09-22T19:51:43.931+0000] {processor.py:914} INFO - Processing file /home/airflow/.local/lib/python3.12/site-packages/airflow/example_dags/example_sla_dag.py for tasks to queue
[2024-09-22T19:51:43.933+0000] {logging_mixin.py:190} INFO - [2024-09-22T19:51:43.932+0000] {dagbag.py:587} INFO - Filling up the DagBag from /home/airflow/.local/lib/python3.12/site-packages/airflow/example_dags/example_sla_dag.py
[2024-09-22T19:51:43.942+0000] {processor.py:925} INFO - DAG(s) 'example_sla_dag' retrieved from /home/airflow/.local/lib/python3.12/site-packages/airflow/example_dags/example_sla_dag.py
[2024-09-22T19:51:43.960+0000] {logging_mixin.py:190} INFO - [2024-09-22T19:51:43.960+0000] {dag.py:3229} INFO - Sync 1 DAGs
[2024-09-22T19:51:43.977+0000] {logging_mixin.py:190} INFO - [2024-09-22T19:51:43.977+0000] {dag.py:4156} INFO - Setting next_dagrun for example_sla_dag to 2024-09-22 19:48:00+00:00, run_after=2024-09-22 19:50:00+00:00
[2024-09-22T19:51:43.988+0000] {processor.py:208} INFO - Processing /home/airflow/.local/lib/python3.12/site-packages/airflow/example_dags/example_sla_dag.py took 0.064 seconds
[2024-09-22T19:52:14.285+0000] {processor.py:186} INFO - Started process (PID=2108) to work on /home/airflow/.local/lib/python3.12/site-packages/airflow/example_dags/example_sla_dag.py
[2024-09-22T19:52:14.285+0000] {processor.py:914} INFO - Processing file /home/airflow/.local/lib/python3.12/site-packages/airflow/example_dags/example_sla_dag.py for tasks to queue
[2024-09-22T19:52:14.287+0000] {logging_mixin.py:190} INFO - [2024-09-22T19:52:14.287+0000] {dagbag.py:587} INFO - Filling up the DagBag from /home/airflow/.local/lib/python3.12/site-packages/airflow/example_dags/example_sla_dag.py
[2024-09-22T19:52:14.297+0000] {processor.py:925} INFO - DAG(s) 'example_sla_dag' retrieved from /home/airflow/.local/lib/python3.12/site-packages/airflow/example_dags/example_sla_dag.py
[2024-09-22T19:52:14.314+0000] {logging_mixin.py:190} INFO - [2024-09-22T19:52:14.314+0000] {dag.py:3229} INFO - Sync 1 DAGs
[2024-09-22T19:52:14.330+0000] {logging_mixin.py:190} INFO - [2024-09-22T19:52:14.330+0000] {dag.py:4156} INFO - Setting next_dagrun for example_sla_dag to 2024-09-22 19:50:00+00:00, run_after=2024-09-22 19:52:00+00:00
[2024-09-22T19:52:14.341+0000] {processor.py:208} INFO - Processing /home/airflow/.local/lib/python3.12/site-packages/airflow/example_dags/example_sla_dag.py took 0.062 seconds
[2024-09-22T19:52:44.752+0000] {processor.py:186} INFO - Started process (PID=2170) to work on /home/airflow/.local/lib/python3.12/site-packages/airflow/example_dags/example_sla_dag.py
[2024-09-22T19:52:44.753+0000] {processor.py:914} INFO - Processing file /home/airflow/.local/lib/python3.12/site-packages/airflow/example_dags/example_sla_dag.py for tasks to queue
[2024-09-22T19:52:44.755+0000] {logging_mixin.py:190} INFO - [2024-09-22T19:52:44.755+0000] {dagbag.py:587} INFO - Filling up the DagBag from /home/airflow/.local/lib/python3.12/site-packages/airflow/example_dags/example_sla_dag.py
[2024-09-22T19:52:44.763+0000] {processor.py:925} INFO - DAG(s) 'example_sla_dag' retrieved from /home/airflow/.local/lib/python3.12/site-packages/airflow/example_dags/example_sla_dag.py
[2024-09-22T19:52:44.779+0000] {logging_mixin.py:190} INFO - [2024-09-22T19:52:44.779+0000] {dag.py:3229} INFO - Sync 1 DAGs
[2024-09-22T19:52:44.795+0000] {logging_mixin.py:190} INFO - [2024-09-22T19:52:44.795+0000] {dag.py:4156} INFO - Setting next_dagrun for example_sla_dag to 2024-09-22 19:50:00+00:00, run_after=2024-09-22 19:52:00+00:00
[2024-09-22T19:52:44.805+0000] {processor.py:208} INFO - Processing /home/airflow/.local/lib/python3.12/site-packages/airflow/example_dags/example_sla_dag.py took 0.058 seconds
[2024-09-22T19:53:15.419+0000] {processor.py:186} INFO - Started process (PID=2232) to work on /home/airflow/.local/lib/python3.12/site-packages/airflow/example_dags/example_sla_dag.py
[2024-09-22T19:53:15.420+0000] {processor.py:914} INFO - Processing file /home/airflow/.local/lib/python3.12/site-packages/airflow/example_dags/example_sla_dag.py for tasks to queue
[2024-09-22T19:53:15.422+0000] {logging_mixin.py:190} INFO - [2024-09-22T19:53:15.422+0000] {dagbag.py:587} INFO - Filling up the DagBag from /home/airflow/.local/lib/python3.12/site-packages/airflow/example_dags/example_sla_dag.py
[2024-09-22T19:53:15.433+0000] {processor.py:925} INFO - DAG(s) 'example_sla_dag' retrieved from /home/airflow/.local/lib/python3.12/site-packages/airflow/example_dags/example_sla_dag.py
[2024-09-22T19:53:15.451+0000] {logging_mixin.py:190} INFO - [2024-09-22T19:53:15.450+0000] {dag.py:3229} INFO - Sync 1 DAGs
[2024-09-22T19:53:15.468+0000] {logging_mixin.py:190} INFO - [2024-09-22T19:53:15.468+0000] {dag.py:4156} INFO - Setting next_dagrun for example_sla_dag to 2024-09-22 19:50:00+00:00, run_after=2024-09-22 19:52:00+00:00
[2024-09-22T19:53:15.479+0000] {processor.py:208} INFO - Processing /home/airflow/.local/lib/python3.12/site-packages/airflow/example_dags/example_sla_dag.py took 0.066 seconds
[2024-09-22T19:53:45.946+0000] {processor.py:186} INFO - Started process (PID=2294) to work on /home/airflow/.local/lib/python3.12/site-packages/airflow/example_dags/example_sla_dag.py
[2024-09-22T19:53:45.947+0000] {processor.py:914} INFO - Processing file /home/airflow/.local/lib/python3.12/site-packages/airflow/example_dags/example_sla_dag.py for tasks to queue
[2024-09-22T19:53:45.949+0000] {logging_mixin.py:190} INFO - [2024-09-22T19:53:45.948+0000] {dagbag.py:587} INFO - Filling up the DagBag from /home/airflow/.local/lib/python3.12/site-packages/airflow/example_dags/example_sla_dag.py
[2024-09-22T19:53:45.957+0000] {processor.py:925} INFO - DAG(s) 'example_sla_dag' retrieved from /home/airflow/.local/lib/python3.12/site-packages/airflow/example_dags/example_sla_dag.py
[2024-09-22T19:53:45.973+0000] {logging_mixin.py:190} INFO - [2024-09-22T19:53:45.972+0000] {dag.py:3229} INFO - Sync 1 DAGs
[2024-09-22T19:53:45.990+0000] {logging_mixin.py:190} INFO - [2024-09-22T19:53:45.990+0000] {dag.py:4156} INFO - Setting next_dagrun for example_sla_dag to 2024-09-22 19:50:00+00:00, run_after=2024-09-22 19:52:00+00:00
[2024-09-22T19:53:46.000+0000] {processor.py:208} INFO - Processing /home/airflow/.local/lib/python3.12/site-packages/airflow/example_dags/example_sla_dag.py took 0.060 seconds
[2024-09-22T19:54:16.508+0000] {processor.py:186} INFO - Started process (PID=2356) to work on /home/airflow/.local/lib/python3.12/site-packages/airflow/example_dags/example_sla_dag.py
[2024-09-22T19:54:16.509+0000] {processor.py:914} INFO - Processing file /home/airflow/.local/lib/python3.12/site-packages/airflow/example_dags/example_sla_dag.py for tasks to queue
[2024-09-22T19:54:16.510+0000] {logging_mixin.py:190} INFO - [2024-09-22T19:54:16.510+0000] {dagbag.py:587} INFO - Filling up the DagBag from /home/airflow/.local/lib/python3.12/site-packages/airflow/example_dags/example_sla_dag.py
[2024-09-22T19:54:16.518+0000] {processor.py:925} INFO - DAG(s) 'example_sla_dag' retrieved from /home/airflow/.local/lib/python3.12/site-packages/airflow/example_dags/example_sla_dag.py
[2024-09-22T19:54:16.536+0000] {logging_mixin.py:190} INFO - [2024-09-22T19:54:16.535+0000] {dag.py:3229} INFO - Sync 1 DAGs
[2024-09-22T19:54:16.553+0000] {logging_mixin.py:190} INFO - [2024-09-22T19:54:16.553+0000] {dag.py:4156} INFO - Setting next_dagrun for example_sla_dag to 2024-09-22 19:52:00+00:00, run_after=2024-09-22 19:54:00+00:00
[2024-09-22T19:54:16.564+0000] {processor.py:208} INFO - Processing /home/airflow/.local/lib/python3.12/site-packages/airflow/example_dags/example_sla_dag.py took 0.063 seconds
[2024-09-22T19:54:47.089+0000] {processor.py:186} INFO - Started process (PID=2418) to work on /home/airflow/.local/lib/python3.12/site-packages/airflow/example_dags/example_sla_dag.py
[2024-09-22T19:54:47.090+0000] {processor.py:914} INFO - Processing file /home/airflow/.local/lib/python3.12/site-packages/airflow/example_dags/example_sla_dag.py for tasks to queue
[2024-09-22T19:54:47.092+0000] {logging_mixin.py:190} INFO - [2024-09-22T19:54:47.091+0000] {dagbag.py:587} INFO - Filling up the DagBag from /home/airflow/.local/lib/python3.12/site-packages/airflow/example_dags/example_sla_dag.py
[2024-09-22T19:54:47.101+0000] {processor.py:925} INFO - DAG(s) 'example_sla_dag' retrieved from /home/airflow/.local/lib/python3.12/site-packages/airflow/example_dags/example_sla_dag.py
[2024-09-22T19:54:47.117+0000] {logging_mixin.py:190} INFO - [2024-09-22T19:54:47.116+0000] {dag.py:3229} INFO - Sync 1 DAGs
[2024-09-22T19:54:47.134+0000] {logging_mixin.py:190} INFO - [2024-09-22T19:54:47.134+0000] {dag.py:4156} INFO - Setting next_dagrun for example_sla_dag to 2024-09-22 19:52:00+00:00, run_after=2024-09-22 19:54:00+00:00
[2024-09-22T19:54:47.145+0000] {processor.py:208} INFO - Processing /home/airflow/.local/lib/python3.12/site-packages/airflow/example_dags/example_sla_dag.py took 0.061 seconds
[2024-09-22T19:55:17.689+0000] {processor.py:186} INFO - Started process (PID=2480) to work on /home/airflow/.local/lib/python3.12/site-packages/airflow/example_dags/example_sla_dag.py
[2024-09-22T19:55:17.690+0000] {processor.py:914} INFO - Processing file /home/airflow/.local/lib/python3.12/site-packages/airflow/example_dags/example_sla_dag.py for tasks to queue
[2024-09-22T19:55:17.692+0000] {logging_mixin.py:190} INFO - [2024-09-22T19:55:17.692+0000] {dagbag.py:587} INFO - Filling up the DagBag from /home/airflow/.local/lib/python3.12/site-packages/airflow/example_dags/example_sla_dag.py
[2024-09-22T19:55:17.703+0000] {processor.py:925} INFO - DAG(s) 'example_sla_dag' retrieved from /home/airflow/.local/lib/python3.12/site-packages/airflow/example_dags/example_sla_dag.py
[2024-09-22T19:55:17.718+0000] {logging_mixin.py:190} INFO - [2024-09-22T19:55:17.718+0000] {dag.py:3229} INFO - Sync 1 DAGs
[2024-09-22T19:55:17.734+0000] {logging_mixin.py:190} INFO - [2024-09-22T19:55:17.734+0000] {dag.py:4156} INFO - Setting next_dagrun for example_sla_dag to 2024-09-22 19:52:00+00:00, run_after=2024-09-22 19:54:00+00:00
[2024-09-22T19:55:17.744+0000] {processor.py:208} INFO - Processing /home/airflow/.local/lib/python3.12/site-packages/airflow/example_dags/example_sla_dag.py took 0.061 seconds
[2024-09-22T19:55:48.118+0000] {processor.py:186} INFO - Started process (PID=2542) to work on /home/airflow/.local/lib/python3.12/site-packages/airflow/example_dags/example_sla_dag.py
[2024-09-22T19:55:48.122+0000] {processor.py:914} INFO - Processing file /home/airflow/.local/lib/python3.12/site-packages/airflow/example_dags/example_sla_dag.py for tasks to queue
[2024-09-22T19:55:48.125+0000] {logging_mixin.py:190} INFO - [2024-09-22T19:55:48.124+0000] {dagbag.py:587} INFO - Filling up the DagBag from /home/airflow/.local/lib/python3.12/site-packages/airflow/example_dags/example_sla_dag.py
[2024-09-22T19:55:48.134+0000] {processor.py:925} INFO - DAG(s) 'example_sla_dag' retrieved from /home/airflow/.local/lib/python3.12/site-packages/airflow/example_dags/example_sla_dag.py
[2024-09-22T19:55:48.154+0000] {logging_mixin.py:190} INFO - [2024-09-22T19:55:48.154+0000] {dag.py:3229} INFO - Sync 1 DAGs
[2024-09-22T19:55:48.172+0000] {logging_mixin.py:190} INFO - [2024-09-22T19:55:48.172+0000] {dag.py:4156} INFO - Setting next_dagrun for example_sla_dag to 2024-09-22 19:52:00+00:00, run_after=2024-09-22 19:54:00+00:00
[2024-09-22T19:55:48.183+0000] {processor.py:208} INFO - Processing /home/airflow/.local/lib/python3.12/site-packages/airflow/example_dags/example_sla_dag.py took 0.070 seconds
[2024-09-22T19:56:18.925+0000] {processor.py:186} INFO - Started process (PID=2604) to work on /home/airflow/.local/lib/python3.12/site-packages/airflow/example_dags/example_sla_dag.py
[2024-09-22T19:56:18.927+0000] {processor.py:914} INFO - Processing file /home/airflow/.local/lib/python3.12/site-packages/airflow/example_dags/example_sla_dag.py for tasks to queue
[2024-09-22T19:56:18.929+0000] {logging_mixin.py:190} INFO - [2024-09-22T19:56:18.929+0000] {dagbag.py:587} INFO - Filling up the DagBag from /home/airflow/.local/lib/python3.12/site-packages/airflow/example_dags/example_sla_dag.py
[2024-09-22T19:56:18.938+0000] {processor.py:925} INFO - DAG(s) 'example_sla_dag' retrieved from /home/airflow/.local/lib/python3.12/site-packages/airflow/example_dags/example_sla_dag.py
[2024-09-22T19:56:18.958+0000] {logging_mixin.py:190} INFO - [2024-09-22T19:56:18.958+0000] {dag.py:3229} INFO - Sync 1 DAGs
[2024-09-22T19:56:18.975+0000] {logging_mixin.py:190} INFO - [2024-09-22T19:56:18.974+0000] {dag.py:4156} INFO - Setting next_dagrun for example_sla_dag to 2024-09-22 19:54:00+00:00, run_after=2024-09-22 19:56:00+00:00
[2024-09-22T19:56:18.988+0000] {processor.py:208} INFO - Processing /home/airflow/.local/lib/python3.12/site-packages/airflow/example_dags/example_sla_dag.py took 0.070 seconds
[2024-09-22T19:56:49.736+0000] {processor.py:186} INFO - Started process (PID=2666) to work on /home/airflow/.local/lib/python3.12/site-packages/airflow/example_dags/example_sla_dag.py
[2024-09-22T19:56:49.737+0000] {processor.py:914} INFO - Processing file /home/airflow/.local/lib/python3.12/site-packages/airflow/example_dags/example_sla_dag.py for tasks to queue
[2024-09-22T19:56:49.739+0000] {logging_mixin.py:190} INFO - [2024-09-22T19:56:49.739+0000] {dagbag.py:587} INFO - Filling up the DagBag from /home/airflow/.local/lib/python3.12/site-packages/airflow/example_dags/example_sla_dag.py
[2024-09-22T19:56:49.748+0000] {processor.py:925} INFO - DAG(s) 'example_sla_dag' retrieved from /home/airflow/.local/lib/python3.12/site-packages/airflow/example_dags/example_sla_dag.py
[2024-09-22T19:56:49.768+0000] {logging_mixin.py:190} INFO - [2024-09-22T19:56:49.767+0000] {dag.py:3229} INFO - Sync 1 DAGs
[2024-09-22T19:56:49.791+0000] {logging_mixin.py:190} INFO - [2024-09-22T19:56:49.790+0000] {dag.py:4156} INFO - Setting next_dagrun for example_sla_dag to 2024-09-22 19:54:00+00:00, run_after=2024-09-22 19:56:00+00:00
[2024-09-22T19:56:49.805+0000] {processor.py:208} INFO - Processing /home/airflow/.local/lib/python3.12/site-packages/airflow/example_dags/example_sla_dag.py took 0.074 seconds
[2024-09-22T19:57:20.529+0000] {processor.py:186} INFO - Started process (PID=2728) to work on /home/airflow/.local/lib/python3.12/site-packages/airflow/example_dags/example_sla_dag.py
[2024-09-22T19:57:20.530+0000] {processor.py:914} INFO - Processing file /home/airflow/.local/lib/python3.12/site-packages/airflow/example_dags/example_sla_dag.py for tasks to queue
[2024-09-22T19:57:20.532+0000] {logging_mixin.py:190} INFO - [2024-09-22T19:57:20.531+0000] {dagbag.py:587} INFO - Filling up the DagBag from /home/airflow/.local/lib/python3.12/site-packages/airflow/example_dags/example_sla_dag.py
[2024-09-22T19:57:20.542+0000] {processor.py:925} INFO - DAG(s) 'example_sla_dag' retrieved from /home/airflow/.local/lib/python3.12/site-packages/airflow/example_dags/example_sla_dag.py
[2024-09-22T19:57:20.560+0000] {logging_mixin.py:190} INFO - [2024-09-22T19:57:20.560+0000] {dag.py:3229} INFO - Sync 1 DAGs
[2024-09-22T19:57:20.579+0000] {logging_mixin.py:190} INFO - [2024-09-22T19:57:20.579+0000] {dag.py:4156} INFO - Setting next_dagrun for example_sla_dag to 2024-09-22 19:54:00+00:00, run_after=2024-09-22 19:56:00+00:00
[2024-09-22T19:57:20.594+0000] {processor.py:208} INFO - Processing /home/airflow/.local/lib/python3.12/site-packages/airflow/example_dags/example_sla_dag.py took 0.071 seconds
[2024-09-22T19:57:50.839+0000] {processor.py:186} INFO - Started process (PID=2790) to work on /home/airflow/.local/lib/python3.12/site-packages/airflow/example_dags/example_sla_dag.py
[2024-09-22T19:57:50.840+0000] {processor.py:914} INFO - Processing file /home/airflow/.local/lib/python3.12/site-packages/airflow/example_dags/example_sla_dag.py for tasks to queue
[2024-09-22T19:57:50.843+0000] {logging_mixin.py:190} INFO - [2024-09-22T19:57:50.842+0000] {dagbag.py:587} INFO - Filling up the DagBag from /home/airflow/.local/lib/python3.12/site-packages/airflow/example_dags/example_sla_dag.py
[2024-09-22T19:57:50.853+0000] {processor.py:925} INFO - DAG(s) 'example_sla_dag' retrieved from /home/airflow/.local/lib/python3.12/site-packages/airflow/example_dags/example_sla_dag.py
[2024-09-22T19:57:50.874+0000] {logging_mixin.py:190} INFO - [2024-09-22T19:57:50.874+0000] {dag.py:3229} INFO - Sync 1 DAGs
[2024-09-22T19:57:50.892+0000] {logging_mixin.py:190} INFO - [2024-09-22T19:57:50.892+0000] {dag.py:4156} INFO - Setting next_dagrun for example_sla_dag to 2024-09-22 19:54:00+00:00, run_after=2024-09-22 19:56:00+00:00
[2024-09-22T19:57:50.904+0000] {processor.py:208} INFO - Processing /home/airflow/.local/lib/python3.12/site-packages/airflow/example_dags/example_sla_dag.py took 0.073 seconds
[2024-09-22T20:46:45.018+0000] {processor.py:186} INFO - Started process (PID=2851) to work on /home/airflow/.local/lib/python3.12/site-packages/airflow/example_dags/example_sla_dag.py
[2024-09-22T20:46:45.018+0000] {processor.py:914} INFO - Processing file /home/airflow/.local/lib/python3.12/site-packages/airflow/example_dags/example_sla_dag.py for tasks to queue
[2024-09-22T20:46:45.020+0000] {logging_mixin.py:190} INFO - [2024-09-22T20:46:45.020+0000] {dagbag.py:587} INFO - Filling up the DagBag from /home/airflow/.local/lib/python3.12/site-packages/airflow/example_dags/example_sla_dag.py
[2024-09-22T20:46:45.027+0000] {processor.py:925} INFO - DAG(s) 'example_sla_dag' retrieved from /home/airflow/.local/lib/python3.12/site-packages/airflow/example_dags/example_sla_dag.py
[2024-09-22T20:46:45.041+0000] {logging_mixin.py:190} INFO - [2024-09-22T20:46:45.041+0000] {dag.py:3229} INFO - Sync 1 DAGs
[2024-09-22T20:46:45.055+0000] {logging_mixin.py:190} INFO - [2024-09-22T20:46:45.055+0000] {dag.py:4156} INFO - Setting next_dagrun for example_sla_dag to 2024-09-22 20:44:00+00:00, run_after=2024-09-22 20:46:00+00:00
[2024-09-22T20:46:45.066+0000] {processor.py:208} INFO - Processing /home/airflow/.local/lib/python3.12/site-packages/airflow/example_dags/example_sla_dag.py took 0.052 seconds
[2024-09-22T21:58:47.095+0000] {processor.py:186} INFO - Started process (PID=2913) to work on /home/airflow/.local/lib/python3.12/site-packages/airflow/example_dags/example_sla_dag.py
[2024-09-22T21:58:47.098+0000] {processor.py:914} INFO - Processing file /home/airflow/.local/lib/python3.12/site-packages/airflow/example_dags/example_sla_dag.py for tasks to queue
[2024-09-22T21:58:47.103+0000] {logging_mixin.py:190} INFO - [2024-09-22T21:58:47.103+0000] {dagbag.py:587} INFO - Filling up the DagBag from /home/airflow/.local/lib/python3.12/site-packages/airflow/example_dags/example_sla_dag.py
[2024-09-22T21:58:47.108+0000] {processor.py:925} INFO - DAG(s) 'example_sla_dag' retrieved from /home/airflow/.local/lib/python3.12/site-packages/airflow/example_dags/example_sla_dag.py
[2024-09-22T21:58:47.120+0000] {logging_mixin.py:190} INFO - [2024-09-22T21:58:47.120+0000] {dag.py:3229} INFO - Sync 1 DAGs
[2024-09-22T21:58:47.132+0000] {logging_mixin.py:190} INFO - [2024-09-22T21:58:47.132+0000] {dag.py:4156} INFO - Setting next_dagrun for example_sla_dag to 2024-09-22 21:56:00+00:00, run_after=2024-09-22 21:58:00+00:00
[2024-09-22T21:58:47.141+0000] {processor.py:208} INFO - Processing /home/airflow/.local/lib/python3.12/site-packages/airflow/example_dags/example_sla_dag.py took 0.049 seconds
[2024-09-22T23:25:49.414+0000] {processor.py:186} INFO - Started process (PID=2975) to work on /home/airflow/.local/lib/python3.12/site-packages/airflow/example_dags/example_sla_dag.py
[2024-09-22T23:25:49.415+0000] {processor.py:914} INFO - Processing file /home/airflow/.local/lib/python3.12/site-packages/airflow/example_dags/example_sla_dag.py for tasks to queue
[2024-09-22T23:25:49.417+0000] {logging_mixin.py:190} INFO - [2024-09-22T23:25:49.417+0000] {dagbag.py:587} INFO - Filling up the DagBag from /home/airflow/.local/lib/python3.12/site-packages/airflow/example_dags/example_sla_dag.py
[2024-09-22T23:25:49.424+0000] {processor.py:925} INFO - DAG(s) 'example_sla_dag' retrieved from /home/airflow/.local/lib/python3.12/site-packages/airflow/example_dags/example_sla_dag.py
[2024-09-22T23:25:49.437+0000] {logging_mixin.py:190} INFO - [2024-09-22T23:25:49.437+0000] {dag.py:3229} INFO - Sync 1 DAGs
[2024-09-22T23:25:49.449+0000] {logging_mixin.py:190} INFO - [2024-09-22T23:25:49.449+0000] {dag.py:4156} INFO - Setting next_dagrun for example_sla_dag to 2024-09-22 23:22:00+00:00, run_after=2024-09-22 23:24:00+00:00
[2024-09-22T23:25:49.463+0000] {processor.py:208} INFO - Processing /home/airflow/.local/lib/python3.12/site-packages/airflow/example_dags/example_sla_dag.py took 0.055 seconds
