[2024-09-22T19:35:31.624+0000] {processor.py:186} INFO - Started process (PID=89) to work on /home/airflow/.local/lib/python3.12/site-packages/airflow/example_dags/example_latest_only_with_trigger.py
[2024-09-22T19:35:31.625+0000] {processor.py:914} INFO - Processing file /home/airflow/.local/lib/python3.12/site-packages/airflow/example_dags/example_latest_only_with_trigger.py for tasks to queue
[2024-09-22T19:35:31.631+0000] {logging_mixin.py:190} INFO - [2024-09-22T19:35:31.631+0000] {dagbag.py:587} INFO - Filling up the DagBag from /home/airflow/.local/lib/python3.12/site-packages/airflow/example_dags/example_latest_only_with_trigger.py
[2024-09-22T19:35:31.636+0000] {processor.py:925} INFO - DAG(s) 'latest_only_with_trigger' retrieved from /home/airflow/.local/lib/python3.12/site-packages/airflow/example_dags/example_latest_only_with_trigger.py
[2024-09-22T19:35:31.705+0000] {logging_mixin.py:190} INFO - [2024-09-22T19:35:31.705+0000] {override.py:1900} INFO - Created Permission View: can read on DAG:latest_only_with_trigger
[2024-09-22T19:35:31.711+0000] {logging_mixin.py:190} INFO - [2024-09-22T19:35:31.710+0000] {override.py:1900} INFO - Created Permission View: can edit on DAG:latest_only_with_trigger
[2024-09-22T19:35:31.717+0000] {logging_mixin.py:190} INFO - [2024-09-22T19:35:31.716+0000] {override.py:1900} INFO - Created Permission View: can delete on DAG:latest_only_with_trigger
[2024-09-22T19:35:31.721+0000] {logging_mixin.py:190} INFO - [2024-09-22T19:35:31.721+0000] {override.py:1900} INFO - Created Permission View: can read on DAG Run:latest_only_with_trigger
[2024-09-22T19:35:31.727+0000] {logging_mixin.py:190} INFO - [2024-09-22T19:35:31.727+0000] {override.py:1900} INFO - Created Permission View: menu access on DAG Run:latest_only_with_trigger
[2024-09-22T19:35:31.732+0000] {logging_mixin.py:190} INFO - [2024-09-22T19:35:31.732+0000] {override.py:1900} INFO - Created Permission View: can delete on DAG Run:latest_only_with_trigger
[2024-09-22T19:35:31.741+0000] {logging_mixin.py:190} INFO - [2024-09-22T19:35:31.741+0000] {override.py:1900} INFO - Created Permission View: can create on DAG Run:latest_only_with_trigger
[2024-09-22T19:35:31.741+0000] {logging_mixin.py:190} INFO - [2024-09-22T19:35:31.741+0000] {dag.py:3229} INFO - Sync 1 DAGs
[2024-09-22T19:35:31.751+0000] {logging_mixin.py:190} INFO - [2024-09-22T19:35:31.751+0000] {dag.py:3252} INFO - Creating ORM DAG for latest_only_with_trigger
[2024-09-22T19:35:31.759+0000] {logging_mixin.py:190} INFO - [2024-09-22T19:35:31.759+0000] {dag.py:4156} INFO - Setting next_dagrun for latest_only_with_trigger to 2024-09-22 12:00:00+00:00, run_after=2024-09-22 16:00:00+00:00
[2024-09-22T19:35:31.770+0000] {processor.py:208} INFO - Processing /home/airflow/.local/lib/python3.12/site-packages/airflow/example_dags/example_latest_only_with_trigger.py took 0.149 seconds
[2024-09-22T19:36:02.045+0000] {processor.py:186} INFO - Started process (PID=151) to work on /home/airflow/.local/lib/python3.12/site-packages/airflow/example_dags/example_latest_only_with_trigger.py
[2024-09-22T19:36:02.047+0000] {processor.py:914} INFO - Processing file /home/airflow/.local/lib/python3.12/site-packages/airflow/example_dags/example_latest_only_with_trigger.py for tasks to queue
[2024-09-22T19:36:02.049+0000] {logging_mixin.py:190} INFO - [2024-09-22T19:36:02.048+0000] {dagbag.py:587} INFO - Filling up the DagBag from /home/airflow/.local/lib/python3.12/site-packages/airflow/example_dags/example_latest_only_with_trigger.py
[2024-09-22T19:36:02.053+0000] {processor.py:925} INFO - DAG(s) 'latest_only_with_trigger' retrieved from /home/airflow/.local/lib/python3.12/site-packages/airflow/example_dags/example_latest_only_with_trigger.py
[2024-09-22T19:36:02.064+0000] {logging_mixin.py:190} INFO - [2024-09-22T19:36:02.064+0000] {dag.py:3229} INFO - Sync 1 DAGs
[2024-09-22T19:36:02.079+0000] {logging_mixin.py:190} INFO - [2024-09-22T19:36:02.079+0000] {dag.py:4156} INFO - Setting next_dagrun for latest_only_with_trigger to 2024-09-22 12:00:00+00:00, run_after=2024-09-22 16:00:00+00:00
[2024-09-22T19:36:02.093+0000] {processor.py:208} INFO - Processing /home/airflow/.local/lib/python3.12/site-packages/airflow/example_dags/example_latest_only_with_trigger.py took 0.053 seconds
[2024-09-22T19:36:32.429+0000] {processor.py:186} INFO - Started process (PID=213) to work on /home/airflow/.local/lib/python3.12/site-packages/airflow/example_dags/example_latest_only_with_trigger.py
[2024-09-22T19:36:32.430+0000] {processor.py:914} INFO - Processing file /home/airflow/.local/lib/python3.12/site-packages/airflow/example_dags/example_latest_only_with_trigger.py for tasks to queue
[2024-09-22T19:36:32.431+0000] {logging_mixin.py:190} INFO - [2024-09-22T19:36:32.431+0000] {dagbag.py:587} INFO - Filling up the DagBag from /home/airflow/.local/lib/python3.12/site-packages/airflow/example_dags/example_latest_only_with_trigger.py
[2024-09-22T19:36:32.435+0000] {processor.py:925} INFO - DAG(s) 'latest_only_with_trigger' retrieved from /home/airflow/.local/lib/python3.12/site-packages/airflow/example_dags/example_latest_only_with_trigger.py
[2024-09-22T19:36:32.446+0000] {logging_mixin.py:190} INFO - [2024-09-22T19:36:32.446+0000] {dag.py:3229} INFO - Sync 1 DAGs
[2024-09-22T19:36:32.457+0000] {logging_mixin.py:190} INFO - [2024-09-22T19:36:32.457+0000] {dag.py:4156} INFO - Setting next_dagrun for latest_only_with_trigger to 2024-09-22 12:00:00+00:00, run_after=2024-09-22 16:00:00+00:00
[2024-09-22T19:36:32.471+0000] {processor.py:208} INFO - Processing /home/airflow/.local/lib/python3.12/site-packages/airflow/example_dags/example_latest_only_with_trigger.py took 0.045 seconds
[2024-09-22T19:37:03.059+0000] {processor.py:186} INFO - Started process (PID=275) to work on /home/airflow/.local/lib/python3.12/site-packages/airflow/example_dags/example_latest_only_with_trigger.py
[2024-09-22T19:37:03.060+0000] {processor.py:914} INFO - Processing file /home/airflow/.local/lib/python3.12/site-packages/airflow/example_dags/example_latest_only_with_trigger.py for tasks to queue
[2024-09-22T19:37:03.061+0000] {logging_mixin.py:190} INFO - [2024-09-22T19:37:03.061+0000] {dagbag.py:587} INFO - Filling up the DagBag from /home/airflow/.local/lib/python3.12/site-packages/airflow/example_dags/example_latest_only_with_trigger.py
[2024-09-22T19:37:03.065+0000] {processor.py:925} INFO - DAG(s) 'latest_only_with_trigger' retrieved from /home/airflow/.local/lib/python3.12/site-packages/airflow/example_dags/example_latest_only_with_trigger.py
[2024-09-22T19:37:03.077+0000] {logging_mixin.py:190} INFO - [2024-09-22T19:37:03.077+0000] {dag.py:3229} INFO - Sync 1 DAGs
[2024-09-22T19:37:03.093+0000] {logging_mixin.py:190} INFO - [2024-09-22T19:37:03.093+0000] {dag.py:4156} INFO - Setting next_dagrun for latest_only_with_trigger to 2024-09-22 12:00:00+00:00, run_after=2024-09-22 16:00:00+00:00
[2024-09-22T19:37:03.109+0000] {processor.py:208} INFO - Processing /home/airflow/.local/lib/python3.12/site-packages/airflow/example_dags/example_latest_only_with_trigger.py took 0.053 seconds
[2024-09-22T19:37:33.617+0000] {processor.py:186} INFO - Started process (PID=337) to work on /home/airflow/.local/lib/python3.12/site-packages/airflow/example_dags/example_latest_only_with_trigger.py
[2024-09-22T19:37:33.617+0000] {processor.py:914} INFO - Processing file /home/airflow/.local/lib/python3.12/site-packages/airflow/example_dags/example_latest_only_with_trigger.py for tasks to queue
[2024-09-22T19:37:33.619+0000] {logging_mixin.py:190} INFO - [2024-09-22T19:37:33.618+0000] {dagbag.py:587} INFO - Filling up the DagBag from /home/airflow/.local/lib/python3.12/site-packages/airflow/example_dags/example_latest_only_with_trigger.py
[2024-09-22T19:37:33.622+0000] {processor.py:925} INFO - DAG(s) 'latest_only_with_trigger' retrieved from /home/airflow/.local/lib/python3.12/site-packages/airflow/example_dags/example_latest_only_with_trigger.py
[2024-09-22T19:37:33.632+0000] {logging_mixin.py:190} INFO - [2024-09-22T19:37:33.632+0000] {dag.py:3229} INFO - Sync 1 DAGs
[2024-09-22T19:37:33.642+0000] {logging_mixin.py:190} INFO - [2024-09-22T19:37:33.642+0000] {dag.py:4156} INFO - Setting next_dagrun for latest_only_with_trigger to 2024-09-22 12:00:00+00:00, run_after=2024-09-22 16:00:00+00:00
[2024-09-22T19:37:33.649+0000] {processor.py:208} INFO - Processing /home/airflow/.local/lib/python3.12/site-packages/airflow/example_dags/example_latest_only_with_trigger.py took 0.035 seconds
[2024-09-22T19:38:03.864+0000] {processor.py:186} INFO - Started process (PID=399) to work on /home/airflow/.local/lib/python3.12/site-packages/airflow/example_dags/example_latest_only_with_trigger.py
[2024-09-22T19:38:03.865+0000] {processor.py:914} INFO - Processing file /home/airflow/.local/lib/python3.12/site-packages/airflow/example_dags/example_latest_only_with_trigger.py for tasks to queue
[2024-09-22T19:38:03.866+0000] {logging_mixin.py:190} INFO - [2024-09-22T19:38:03.866+0000] {dagbag.py:587} INFO - Filling up the DagBag from /home/airflow/.local/lib/python3.12/site-packages/airflow/example_dags/example_latest_only_with_trigger.py
[2024-09-22T19:38:03.871+0000] {processor.py:925} INFO - DAG(s) 'latest_only_with_trigger' retrieved from /home/airflow/.local/lib/python3.12/site-packages/airflow/example_dags/example_latest_only_with_trigger.py
[2024-09-22T19:38:03.882+0000] {logging_mixin.py:190} INFO - [2024-09-22T19:38:03.882+0000] {dag.py:3229} INFO - Sync 1 DAGs
[2024-09-22T19:38:03.894+0000] {logging_mixin.py:190} INFO - [2024-09-22T19:38:03.894+0000] {dag.py:4156} INFO - Setting next_dagrun for latest_only_with_trigger to 2024-09-22 12:00:00+00:00, run_after=2024-09-22 16:00:00+00:00
[2024-09-22T19:38:03.905+0000] {processor.py:208} INFO - Processing /home/airflow/.local/lib/python3.12/site-packages/airflow/example_dags/example_latest_only_with_trigger.py took 0.045 seconds
[2024-09-22T19:38:34.491+0000] {processor.py:186} INFO - Started process (PID=461) to work on /home/airflow/.local/lib/python3.12/site-packages/airflow/example_dags/example_latest_only_with_trigger.py
[2024-09-22T19:38:34.492+0000] {processor.py:914} INFO - Processing file /home/airflow/.local/lib/python3.12/site-packages/airflow/example_dags/example_latest_only_with_trigger.py for tasks to queue
[2024-09-22T19:38:34.493+0000] {logging_mixin.py:190} INFO - [2024-09-22T19:38:34.493+0000] {dagbag.py:587} INFO - Filling up the DagBag from /home/airflow/.local/lib/python3.12/site-packages/airflow/example_dags/example_latest_only_with_trigger.py
[2024-09-22T19:38:34.497+0000] {processor.py:925} INFO - DAG(s) 'latest_only_with_trigger' retrieved from /home/airflow/.local/lib/python3.12/site-packages/airflow/example_dags/example_latest_only_with_trigger.py
[2024-09-22T19:38:34.509+0000] {logging_mixin.py:190} INFO - [2024-09-22T19:38:34.509+0000] {dag.py:3229} INFO - Sync 1 DAGs
[2024-09-22T19:38:34.523+0000] {logging_mixin.py:190} INFO - [2024-09-22T19:38:34.523+0000] {dag.py:4156} INFO - Setting next_dagrun for latest_only_with_trigger to 2024-09-22 12:00:00+00:00, run_after=2024-09-22 16:00:00+00:00
[2024-09-22T19:38:34.532+0000] {processor.py:208} INFO - Processing /home/airflow/.local/lib/python3.12/site-packages/airflow/example_dags/example_latest_only_with_trigger.py took 0.044 seconds
[2024-09-22T19:39:04.833+0000] {processor.py:186} INFO - Started process (PID=523) to work on /home/airflow/.local/lib/python3.12/site-packages/airflow/example_dags/example_latest_only_with_trigger.py
[2024-09-22T19:39:04.834+0000] {processor.py:914} INFO - Processing file /home/airflow/.local/lib/python3.12/site-packages/airflow/example_dags/example_latest_only_with_trigger.py for tasks to queue
[2024-09-22T19:39:04.835+0000] {logging_mixin.py:190} INFO - [2024-09-22T19:39:04.835+0000] {dagbag.py:587} INFO - Filling up the DagBag from /home/airflow/.local/lib/python3.12/site-packages/airflow/example_dags/example_latest_only_with_trigger.py
[2024-09-22T19:39:04.839+0000] {processor.py:925} INFO - DAG(s) 'latest_only_with_trigger' retrieved from /home/airflow/.local/lib/python3.12/site-packages/airflow/example_dags/example_latest_only_with_trigger.py
[2024-09-22T19:39:04.848+0000] {logging_mixin.py:190} INFO - [2024-09-22T19:39:04.848+0000] {dag.py:3229} INFO - Sync 1 DAGs
[2024-09-22T19:39:04.858+0000] {logging_mixin.py:190} INFO - [2024-09-22T19:39:04.858+0000] {dag.py:4156} INFO - Setting next_dagrun for latest_only_with_trigger to 2024-09-22 12:00:00+00:00, run_after=2024-09-22 16:00:00+00:00
[2024-09-22T19:39:04.865+0000] {processor.py:208} INFO - Processing /home/airflow/.local/lib/python3.12/site-packages/airflow/example_dags/example_latest_only_with_trigger.py took 0.035 seconds
[2024-09-22T19:39:35.123+0000] {processor.py:186} INFO - Started process (PID=585) to work on /home/airflow/.local/lib/python3.12/site-packages/airflow/example_dags/example_latest_only_with_trigger.py
[2024-09-22T19:39:35.124+0000] {processor.py:914} INFO - Processing file /home/airflow/.local/lib/python3.12/site-packages/airflow/example_dags/example_latest_only_with_trigger.py for tasks to queue
[2024-09-22T19:39:35.125+0000] {logging_mixin.py:190} INFO - [2024-09-22T19:39:35.125+0000] {dagbag.py:587} INFO - Filling up the DagBag from /home/airflow/.local/lib/python3.12/site-packages/airflow/example_dags/example_latest_only_with_trigger.py
[2024-09-22T19:39:35.129+0000] {processor.py:925} INFO - DAG(s) 'latest_only_with_trigger' retrieved from /home/airflow/.local/lib/python3.12/site-packages/airflow/example_dags/example_latest_only_with_trigger.py
[2024-09-22T19:39:35.140+0000] {logging_mixin.py:190} INFO - [2024-09-22T19:39:35.139+0000] {dag.py:3229} INFO - Sync 1 DAGs
[2024-09-22T19:39:35.152+0000] {logging_mixin.py:190} INFO - [2024-09-22T19:39:35.152+0000] {dag.py:4156} INFO - Setting next_dagrun for latest_only_with_trigger to 2024-09-22 12:00:00+00:00, run_after=2024-09-22 16:00:00+00:00
[2024-09-22T19:39:35.162+0000] {processor.py:208} INFO - Processing /home/airflow/.local/lib/python3.12/site-packages/airflow/example_dags/example_latest_only_with_trigger.py took 0.042 seconds
[2024-09-22T19:40:05.362+0000] {processor.py:186} INFO - Started process (PID=647) to work on /home/airflow/.local/lib/python3.12/site-packages/airflow/example_dags/example_latest_only_with_trigger.py
[2024-09-22T19:40:05.363+0000] {processor.py:914} INFO - Processing file /home/airflow/.local/lib/python3.12/site-packages/airflow/example_dags/example_latest_only_with_trigger.py for tasks to queue
[2024-09-22T19:40:05.364+0000] {logging_mixin.py:190} INFO - [2024-09-22T19:40:05.364+0000] {dagbag.py:587} INFO - Filling up the DagBag from /home/airflow/.local/lib/python3.12/site-packages/airflow/example_dags/example_latest_only_with_trigger.py
[2024-09-22T19:40:05.369+0000] {processor.py:925} INFO - DAG(s) 'latest_only_with_trigger' retrieved from /home/airflow/.local/lib/python3.12/site-packages/airflow/example_dags/example_latest_only_with_trigger.py
[2024-09-22T19:40:05.379+0000] {logging_mixin.py:190} INFO - [2024-09-22T19:40:05.379+0000] {dag.py:3229} INFO - Sync 1 DAGs
[2024-09-22T19:40:05.390+0000] {logging_mixin.py:190} INFO - [2024-09-22T19:40:05.389+0000] {dag.py:4156} INFO - Setting next_dagrun for latest_only_with_trigger to 2024-09-22 12:00:00+00:00, run_after=2024-09-22 16:00:00+00:00
[2024-09-22T19:40:05.405+0000] {processor.py:208} INFO - Processing /home/airflow/.local/lib/python3.12/site-packages/airflow/example_dags/example_latest_only_with_trigger.py took 0.046 seconds
[2024-09-22T19:40:35.567+0000] {processor.py:186} INFO - Started process (PID=709) to work on /home/airflow/.local/lib/python3.12/site-packages/airflow/example_dags/example_latest_only_with_trigger.py
[2024-09-22T19:40:35.569+0000] {processor.py:914} INFO - Processing file /home/airflow/.local/lib/python3.12/site-packages/airflow/example_dags/example_latest_only_with_trigger.py for tasks to queue
[2024-09-22T19:40:35.570+0000] {logging_mixin.py:190} INFO - [2024-09-22T19:40:35.570+0000] {dagbag.py:587} INFO - Filling up the DagBag from /home/airflow/.local/lib/python3.12/site-packages/airflow/example_dags/example_latest_only_with_trigger.py
[2024-09-22T19:40:35.574+0000] {processor.py:925} INFO - DAG(s) 'latest_only_with_trigger' retrieved from /home/airflow/.local/lib/python3.12/site-packages/airflow/example_dags/example_latest_only_with_trigger.py
[2024-09-22T19:40:35.585+0000] {logging_mixin.py:190} INFO - [2024-09-22T19:40:35.585+0000] {dag.py:3229} INFO - Sync 1 DAGs
[2024-09-22T19:40:35.598+0000] {logging_mixin.py:190} INFO - [2024-09-22T19:40:35.598+0000] {dag.py:4156} INFO - Setting next_dagrun for latest_only_with_trigger to 2024-09-22 12:00:00+00:00, run_after=2024-09-22 16:00:00+00:00
[2024-09-22T19:40:35.606+0000] {processor.py:208} INFO - Processing /home/airflow/.local/lib/python3.12/site-packages/airflow/example_dags/example_latest_only_with_trigger.py took 0.042 seconds
[2024-09-22T19:41:05.933+0000] {processor.py:186} INFO - Started process (PID=771) to work on /home/airflow/.local/lib/python3.12/site-packages/airflow/example_dags/example_latest_only_with_trigger.py
[2024-09-22T19:41:05.934+0000] {processor.py:914} INFO - Processing file /home/airflow/.local/lib/python3.12/site-packages/airflow/example_dags/example_latest_only_with_trigger.py for tasks to queue
[2024-09-22T19:41:05.935+0000] {logging_mixin.py:190} INFO - [2024-09-22T19:41:05.935+0000] {dagbag.py:587} INFO - Filling up the DagBag from /home/airflow/.local/lib/python3.12/site-packages/airflow/example_dags/example_latest_only_with_trigger.py
[2024-09-22T19:41:05.939+0000] {processor.py:925} INFO - DAG(s) 'latest_only_with_trigger' retrieved from /home/airflow/.local/lib/python3.12/site-packages/airflow/example_dags/example_latest_only_with_trigger.py
[2024-09-22T19:41:05.949+0000] {logging_mixin.py:190} INFO - [2024-09-22T19:41:05.949+0000] {dag.py:3229} INFO - Sync 1 DAGs
[2024-09-22T19:41:05.959+0000] {logging_mixin.py:190} INFO - [2024-09-22T19:41:05.959+0000] {dag.py:4156} INFO - Setting next_dagrun for latest_only_with_trigger to 2024-09-22 12:00:00+00:00, run_after=2024-09-22 16:00:00+00:00
[2024-09-22T19:41:05.967+0000] {processor.py:208} INFO - Processing /home/airflow/.local/lib/python3.12/site-packages/airflow/example_dags/example_latest_only_with_trigger.py took 0.037 seconds
[2024-09-22T19:41:36.118+0000] {processor.py:186} INFO - Started process (PID=833) to work on /home/airflow/.local/lib/python3.12/site-packages/airflow/example_dags/example_latest_only_with_trigger.py
[2024-09-22T19:41:36.121+0000] {processor.py:914} INFO - Processing file /home/airflow/.local/lib/python3.12/site-packages/airflow/example_dags/example_latest_only_with_trigger.py for tasks to queue
[2024-09-22T19:41:36.122+0000] {logging_mixin.py:190} INFO - [2024-09-22T19:41:36.122+0000] {dagbag.py:587} INFO - Filling up the DagBag from /home/airflow/.local/lib/python3.12/site-packages/airflow/example_dags/example_latest_only_with_trigger.py
[2024-09-22T19:41:36.126+0000] {processor.py:925} INFO - DAG(s) 'latest_only_with_trigger' retrieved from /home/airflow/.local/lib/python3.12/site-packages/airflow/example_dags/example_latest_only_with_trigger.py
[2024-09-22T19:41:36.136+0000] {logging_mixin.py:190} INFO - [2024-09-22T19:41:36.136+0000] {dag.py:3229} INFO - Sync 1 DAGs
[2024-09-22T19:41:36.147+0000] {logging_mixin.py:190} INFO - [2024-09-22T19:41:36.146+0000] {dag.py:4156} INFO - Setting next_dagrun for latest_only_with_trigger to 2024-09-22 12:00:00+00:00, run_after=2024-09-22 16:00:00+00:00
[2024-09-22T19:41:36.155+0000] {processor.py:208} INFO - Processing /home/airflow/.local/lib/python3.12/site-packages/airflow/example_dags/example_latest_only_with_trigger.py took 0.041 seconds
[2024-09-22T19:42:06.502+0000] {processor.py:186} INFO - Started process (PID=895) to work on /home/airflow/.local/lib/python3.12/site-packages/airflow/example_dags/example_latest_only_with_trigger.py
[2024-09-22T19:42:06.503+0000] {processor.py:914} INFO - Processing file /home/airflow/.local/lib/python3.12/site-packages/airflow/example_dags/example_latest_only_with_trigger.py for tasks to queue
[2024-09-22T19:42:06.505+0000] {logging_mixin.py:190} INFO - [2024-09-22T19:42:06.505+0000] {dagbag.py:587} INFO - Filling up the DagBag from /home/airflow/.local/lib/python3.12/site-packages/airflow/example_dags/example_latest_only_with_trigger.py
[2024-09-22T19:42:06.509+0000] {processor.py:925} INFO - DAG(s) 'latest_only_with_trigger' retrieved from /home/airflow/.local/lib/python3.12/site-packages/airflow/example_dags/example_latest_only_with_trigger.py
[2024-09-22T19:42:06.520+0000] {logging_mixin.py:190} INFO - [2024-09-22T19:42:06.520+0000] {dag.py:3229} INFO - Sync 1 DAGs
[2024-09-22T19:42:06.531+0000] {logging_mixin.py:190} INFO - [2024-09-22T19:42:06.530+0000] {dag.py:4156} INFO - Setting next_dagrun for latest_only_with_trigger to 2024-09-22 12:00:00+00:00, run_after=2024-09-22 16:00:00+00:00
[2024-09-22T19:42:06.540+0000] {processor.py:208} INFO - Processing /home/airflow/.local/lib/python3.12/site-packages/airflow/example_dags/example_latest_only_with_trigger.py took 0.042 seconds
[2024-09-22T19:42:36.744+0000] {processor.py:186} INFO - Started process (PID=957) to work on /home/airflow/.local/lib/python3.12/site-packages/airflow/example_dags/example_latest_only_with_trigger.py
[2024-09-22T19:42:36.745+0000] {processor.py:914} INFO - Processing file /home/airflow/.local/lib/python3.12/site-packages/airflow/example_dags/example_latest_only_with_trigger.py for tasks to queue
[2024-09-22T19:42:36.749+0000] {logging_mixin.py:190} INFO - [2024-09-22T19:42:36.748+0000] {dagbag.py:587} INFO - Filling up the DagBag from /home/airflow/.local/lib/python3.12/site-packages/airflow/example_dags/example_latest_only_with_trigger.py
[2024-09-22T19:42:36.754+0000] {processor.py:925} INFO - DAG(s) 'latest_only_with_trigger' retrieved from /home/airflow/.local/lib/python3.12/site-packages/airflow/example_dags/example_latest_only_with_trigger.py
[2024-09-22T19:42:36.768+0000] {logging_mixin.py:190} INFO - [2024-09-22T19:42:36.768+0000] {dag.py:3229} INFO - Sync 1 DAGs
[2024-09-22T19:42:36.783+0000] {logging_mixin.py:190} INFO - [2024-09-22T19:42:36.783+0000] {dag.py:4156} INFO - Setting next_dagrun for latest_only_with_trigger to 2024-09-22 12:00:00+00:00, run_after=2024-09-22 16:00:00+00:00
[2024-09-22T19:42:36.794+0000] {processor.py:208} INFO - Processing /home/airflow/.local/lib/python3.12/site-packages/airflow/example_dags/example_latest_only_with_trigger.py took 0.054 seconds
[2024-09-22T19:43:07.362+0000] {processor.py:186} INFO - Started process (PID=1019) to work on /home/airflow/.local/lib/python3.12/site-packages/airflow/example_dags/example_latest_only_with_trigger.py
[2024-09-22T19:43:07.364+0000] {processor.py:914} INFO - Processing file /home/airflow/.local/lib/python3.12/site-packages/airflow/example_dags/example_latest_only_with_trigger.py for tasks to queue
[2024-09-22T19:43:07.366+0000] {logging_mixin.py:190} INFO - [2024-09-22T19:43:07.366+0000] {dagbag.py:587} INFO - Filling up the DagBag from /home/airflow/.local/lib/python3.12/site-packages/airflow/example_dags/example_latest_only_with_trigger.py
[2024-09-22T19:43:07.373+0000] {processor.py:925} INFO - DAG(s) 'latest_only_with_trigger' retrieved from /home/airflow/.local/lib/python3.12/site-packages/airflow/example_dags/example_latest_only_with_trigger.py
[2024-09-22T19:43:07.390+0000] {logging_mixin.py:190} INFO - [2024-09-22T19:43:07.390+0000] {dag.py:3229} INFO - Sync 1 DAGs
[2024-09-22T19:43:07.403+0000] {logging_mixin.py:190} INFO - [2024-09-22T19:43:07.403+0000] {dag.py:4156} INFO - Setting next_dagrun for latest_only_with_trigger to 2024-09-22 12:00:00+00:00, run_after=2024-09-22 16:00:00+00:00
[2024-09-22T19:43:07.418+0000] {processor.py:208} INFO - Processing /home/airflow/.local/lib/python3.12/site-packages/airflow/example_dags/example_latest_only_with_trigger.py took 0.059 seconds
[2024-09-22T19:43:37.709+0000] {processor.py:186} INFO - Started process (PID=1080) to work on /home/airflow/.local/lib/python3.12/site-packages/airflow/example_dags/example_latest_only_with_trigger.py
[2024-09-22T19:43:37.710+0000] {processor.py:914} INFO - Processing file /home/airflow/.local/lib/python3.12/site-packages/airflow/example_dags/example_latest_only_with_trigger.py for tasks to queue
[2024-09-22T19:43:37.713+0000] {logging_mixin.py:190} INFO - [2024-09-22T19:43:37.713+0000] {dagbag.py:587} INFO - Filling up the DagBag from /home/airflow/.local/lib/python3.12/site-packages/airflow/example_dags/example_latest_only_with_trigger.py
[2024-09-22T19:43:37.718+0000] {processor.py:925} INFO - DAG(s) 'latest_only_with_trigger' retrieved from /home/airflow/.local/lib/python3.12/site-packages/airflow/example_dags/example_latest_only_with_trigger.py
[2024-09-22T19:43:37.730+0000] {logging_mixin.py:190} INFO - [2024-09-22T19:43:37.730+0000] {dag.py:3229} INFO - Sync 1 DAGs
[2024-09-22T19:43:37.741+0000] {logging_mixin.py:190} INFO - [2024-09-22T19:43:37.741+0000] {dag.py:4156} INFO - Setting next_dagrun for latest_only_with_trigger to 2024-09-22 12:00:00+00:00, run_after=2024-09-22 16:00:00+00:00
[2024-09-22T19:43:37.749+0000] {processor.py:208} INFO - Processing /home/airflow/.local/lib/python3.12/site-packages/airflow/example_dags/example_latest_only_with_trigger.py took 0.043 seconds
[2024-09-22T19:44:07.968+0000] {processor.py:186} INFO - Started process (PID=1142) to work on /home/airflow/.local/lib/python3.12/site-packages/airflow/example_dags/example_latest_only_with_trigger.py
[2024-09-22T19:44:07.969+0000] {processor.py:914} INFO - Processing file /home/airflow/.local/lib/python3.12/site-packages/airflow/example_dags/example_latest_only_with_trigger.py for tasks to queue
[2024-09-22T19:44:07.971+0000] {logging_mixin.py:190} INFO - [2024-09-22T19:44:07.971+0000] {dagbag.py:587} INFO - Filling up the DagBag from /home/airflow/.local/lib/python3.12/site-packages/airflow/example_dags/example_latest_only_with_trigger.py
[2024-09-22T19:44:07.976+0000] {processor.py:925} INFO - DAG(s) 'latest_only_with_trigger' retrieved from /home/airflow/.local/lib/python3.12/site-packages/airflow/example_dags/example_latest_only_with_trigger.py
[2024-09-22T19:44:07.989+0000] {logging_mixin.py:190} INFO - [2024-09-22T19:44:07.989+0000] {dag.py:3229} INFO - Sync 1 DAGs
[2024-09-22T19:44:08.002+0000] {logging_mixin.py:190} INFO - [2024-09-22T19:44:08.001+0000] {dag.py:4156} INFO - Setting next_dagrun for latest_only_with_trigger to 2024-09-22 12:00:00+00:00, run_after=2024-09-22 16:00:00+00:00
[2024-09-22T19:44:08.010+0000] {processor.py:208} INFO - Processing /home/airflow/.local/lib/python3.12/site-packages/airflow/example_dags/example_latest_only_with_trigger.py took 0.046 seconds
[2024-09-22T19:44:38.281+0000] {processor.py:186} INFO - Started process (PID=1204) to work on /home/airflow/.local/lib/python3.12/site-packages/airflow/example_dags/example_latest_only_with_trigger.py
[2024-09-22T19:44:38.282+0000] {processor.py:914} INFO - Processing file /home/airflow/.local/lib/python3.12/site-packages/airflow/example_dags/example_latest_only_with_trigger.py for tasks to queue
[2024-09-22T19:44:38.283+0000] {logging_mixin.py:190} INFO - [2024-09-22T19:44:38.283+0000] {dagbag.py:587} INFO - Filling up the DagBag from /home/airflow/.local/lib/python3.12/site-packages/airflow/example_dags/example_latest_only_with_trigger.py
[2024-09-22T19:44:38.287+0000] {processor.py:925} INFO - DAG(s) 'latest_only_with_trigger' retrieved from /home/airflow/.local/lib/python3.12/site-packages/airflow/example_dags/example_latest_only_with_trigger.py
[2024-09-22T19:44:38.300+0000] {logging_mixin.py:190} INFO - [2024-09-22T19:44:38.300+0000] {dag.py:3229} INFO - Sync 1 DAGs
[2024-09-22T19:44:38.312+0000] {logging_mixin.py:190} INFO - [2024-09-22T19:44:38.312+0000] {dag.py:4156} INFO - Setting next_dagrun for latest_only_with_trigger to 2024-09-22 12:00:00+00:00, run_after=2024-09-22 16:00:00+00:00
[2024-09-22T19:44:38.320+0000] {processor.py:208} INFO - Processing /home/airflow/.local/lib/python3.12/site-packages/airflow/example_dags/example_latest_only_with_trigger.py took 0.042 seconds
[2024-09-22T19:45:08.666+0000] {processor.py:186} INFO - Started process (PID=1266) to work on /home/airflow/.local/lib/python3.12/site-packages/airflow/example_dags/example_latest_only_with_trigger.py
[2024-09-22T19:45:08.667+0000] {processor.py:914} INFO - Processing file /home/airflow/.local/lib/python3.12/site-packages/airflow/example_dags/example_latest_only_with_trigger.py for tasks to queue
[2024-09-22T19:45:08.669+0000] {logging_mixin.py:190} INFO - [2024-09-22T19:45:08.669+0000] {dagbag.py:587} INFO - Filling up the DagBag from /home/airflow/.local/lib/python3.12/site-packages/airflow/example_dags/example_latest_only_with_trigger.py
[2024-09-22T19:45:08.673+0000] {processor.py:925} INFO - DAG(s) 'latest_only_with_trigger' retrieved from /home/airflow/.local/lib/python3.12/site-packages/airflow/example_dags/example_latest_only_with_trigger.py
[2024-09-22T19:45:08.689+0000] {logging_mixin.py:190} INFO - [2024-09-22T19:45:08.689+0000] {dag.py:3229} INFO - Sync 1 DAGs
[2024-09-22T19:45:08.700+0000] {logging_mixin.py:190} INFO - [2024-09-22T19:45:08.700+0000] {dag.py:4156} INFO - Setting next_dagrun for latest_only_with_trigger to 2024-09-22 12:00:00+00:00, run_after=2024-09-22 16:00:00+00:00
[2024-09-22T19:45:08.709+0000] {processor.py:208} INFO - Processing /home/airflow/.local/lib/python3.12/site-packages/airflow/example_dags/example_latest_only_with_trigger.py took 0.046 seconds
[2024-09-22T19:45:39.019+0000] {processor.py:186} INFO - Started process (PID=1328) to work on /home/airflow/.local/lib/python3.12/site-packages/airflow/example_dags/example_latest_only_with_trigger.py
[2024-09-22T19:45:39.020+0000] {processor.py:914} INFO - Processing file /home/airflow/.local/lib/python3.12/site-packages/airflow/example_dags/example_latest_only_with_trigger.py for tasks to queue
[2024-09-22T19:45:39.021+0000] {logging_mixin.py:190} INFO - [2024-09-22T19:45:39.021+0000] {dagbag.py:587} INFO - Filling up the DagBag from /home/airflow/.local/lib/python3.12/site-packages/airflow/example_dags/example_latest_only_with_trigger.py
[2024-09-22T19:45:39.025+0000] {processor.py:925} INFO - DAG(s) 'latest_only_with_trigger' retrieved from /home/airflow/.local/lib/python3.12/site-packages/airflow/example_dags/example_latest_only_with_trigger.py
[2024-09-22T19:45:39.041+0000] {logging_mixin.py:190} INFO - [2024-09-22T19:45:39.041+0000] {dag.py:3229} INFO - Sync 1 DAGs
[2024-09-22T19:45:39.058+0000] {logging_mixin.py:190} INFO - [2024-09-22T19:45:39.058+0000] {dag.py:4156} INFO - Setting next_dagrun for latest_only_with_trigger to 2024-09-22 12:00:00+00:00, run_after=2024-09-22 16:00:00+00:00
[2024-09-22T19:45:39.074+0000] {processor.py:208} INFO - Processing /home/airflow/.local/lib/python3.12/site-packages/airflow/example_dags/example_latest_only_with_trigger.py took 0.058 seconds
[2024-09-22T19:46:09.954+0000] {processor.py:186} INFO - Started process (PID=1389) to work on /home/airflow/.local/lib/python3.12/site-packages/airflow/example_dags/example_latest_only_with_trigger.py
[2024-09-22T19:46:09.955+0000] {processor.py:914} INFO - Processing file /home/airflow/.local/lib/python3.12/site-packages/airflow/example_dags/example_latest_only_with_trigger.py for tasks to queue
[2024-09-22T19:46:09.956+0000] {logging_mixin.py:190} INFO - [2024-09-22T19:46:09.956+0000] {dagbag.py:587} INFO - Filling up the DagBag from /home/airflow/.local/lib/python3.12/site-packages/airflow/example_dags/example_latest_only_with_trigger.py
[2024-09-22T19:46:09.959+0000] {processor.py:925} INFO - DAG(s) 'latest_only_with_trigger' retrieved from /home/airflow/.local/lib/python3.12/site-packages/airflow/example_dags/example_latest_only_with_trigger.py
[2024-09-22T19:46:09.970+0000] {logging_mixin.py:190} INFO - [2024-09-22T19:46:09.969+0000] {dag.py:3229} INFO - Sync 1 DAGs
[2024-09-22T19:46:09.980+0000] {logging_mixin.py:190} INFO - [2024-09-22T19:46:09.979+0000] {dag.py:4156} INFO - Setting next_dagrun for latest_only_with_trigger to 2024-09-22 12:00:00+00:00, run_after=2024-09-22 16:00:00+00:00
[2024-09-22T19:46:09.987+0000] {processor.py:208} INFO - Processing /home/airflow/.local/lib/python3.12/site-packages/airflow/example_dags/example_latest_only_with_trigger.py took 0.037 seconds
[2024-09-22T19:46:40.582+0000] {processor.py:186} INFO - Started process (PID=1451) to work on /home/airflow/.local/lib/python3.12/site-packages/airflow/example_dags/example_latest_only_with_trigger.py
[2024-09-22T19:46:40.582+0000] {processor.py:914} INFO - Processing file /home/airflow/.local/lib/python3.12/site-packages/airflow/example_dags/example_latest_only_with_trigger.py for tasks to queue
[2024-09-22T19:46:40.584+0000] {logging_mixin.py:190} INFO - [2024-09-22T19:46:40.584+0000] {dagbag.py:587} INFO - Filling up the DagBag from /home/airflow/.local/lib/python3.12/site-packages/airflow/example_dags/example_latest_only_with_trigger.py
[2024-09-22T19:46:40.588+0000] {processor.py:925} INFO - DAG(s) 'latest_only_with_trigger' retrieved from /home/airflow/.local/lib/python3.12/site-packages/airflow/example_dags/example_latest_only_with_trigger.py
[2024-09-22T19:46:40.598+0000] {logging_mixin.py:190} INFO - [2024-09-22T19:46:40.598+0000] {dag.py:3229} INFO - Sync 1 DAGs
[2024-09-22T19:46:40.608+0000] {logging_mixin.py:190} INFO - [2024-09-22T19:46:40.608+0000] {dag.py:4156} INFO - Setting next_dagrun for latest_only_with_trigger to 2024-09-22 12:00:00+00:00, run_after=2024-09-22 16:00:00+00:00
[2024-09-22T19:46:40.616+0000] {processor.py:208} INFO - Processing /home/airflow/.local/lib/python3.12/site-packages/airflow/example_dags/example_latest_only_with_trigger.py took 0.037 seconds
[2024-09-22T19:47:10.991+0000] {processor.py:186} INFO - Started process (PID=1513) to work on /home/airflow/.local/lib/python3.12/site-packages/airflow/example_dags/example_latest_only_with_trigger.py
[2024-09-22T19:47:10.991+0000] {processor.py:914} INFO - Processing file /home/airflow/.local/lib/python3.12/site-packages/airflow/example_dags/example_latest_only_with_trigger.py for tasks to queue
[2024-09-22T19:47:10.993+0000] {logging_mixin.py:190} INFO - [2024-09-22T19:47:10.992+0000] {dagbag.py:587} INFO - Filling up the DagBag from /home/airflow/.local/lib/python3.12/site-packages/airflow/example_dags/example_latest_only_with_trigger.py
[2024-09-22T19:47:10.997+0000] {processor.py:925} INFO - DAG(s) 'latest_only_with_trigger' retrieved from /home/airflow/.local/lib/python3.12/site-packages/airflow/example_dags/example_latest_only_with_trigger.py
[2024-09-22T19:47:11.007+0000] {logging_mixin.py:190} INFO - [2024-09-22T19:47:11.007+0000] {dag.py:3229} INFO - Sync 1 DAGs
[2024-09-22T19:47:11.018+0000] {logging_mixin.py:190} INFO - [2024-09-22T19:47:11.017+0000] {dag.py:4156} INFO - Setting next_dagrun for latest_only_with_trigger to 2024-09-22 12:00:00+00:00, run_after=2024-09-22 16:00:00+00:00
[2024-09-22T19:47:11.028+0000] {processor.py:208} INFO - Processing /home/airflow/.local/lib/python3.12/site-packages/airflow/example_dags/example_latest_only_with_trigger.py took 0.041 seconds
[2024-09-22T19:47:41.747+0000] {processor.py:186} INFO - Started process (PID=1574) to work on /home/airflow/.local/lib/python3.12/site-packages/airflow/example_dags/example_latest_only_with_trigger.py
[2024-09-22T19:47:41.748+0000] {processor.py:914} INFO - Processing file /home/airflow/.local/lib/python3.12/site-packages/airflow/example_dags/example_latest_only_with_trigger.py for tasks to queue
[2024-09-22T19:47:41.749+0000] {logging_mixin.py:190} INFO - [2024-09-22T19:47:41.749+0000] {dagbag.py:587} INFO - Filling up the DagBag from /home/airflow/.local/lib/python3.12/site-packages/airflow/example_dags/example_latest_only_with_trigger.py
[2024-09-22T19:47:41.754+0000] {processor.py:925} INFO - DAG(s) 'latest_only_with_trigger' retrieved from /home/airflow/.local/lib/python3.12/site-packages/airflow/example_dags/example_latest_only_with_trigger.py
[2024-09-22T19:47:41.772+0000] {logging_mixin.py:190} INFO - [2024-09-22T19:47:41.772+0000] {dag.py:3229} INFO - Sync 1 DAGs
[2024-09-22T19:47:41.787+0000] {logging_mixin.py:190} INFO - [2024-09-22T19:47:41.787+0000] {dag.py:4156} INFO - Setting next_dagrun for latest_only_with_trigger to 2024-09-22 12:00:00+00:00, run_after=2024-09-22 16:00:00+00:00
[2024-09-22T19:47:41.800+0000] {processor.py:208} INFO - Processing /home/airflow/.local/lib/python3.12/site-packages/airflow/example_dags/example_latest_only_with_trigger.py took 0.056 seconds
[2024-09-22T19:48:12.310+0000] {processor.py:186} INFO - Started process (PID=1636) to work on /home/airflow/.local/lib/python3.12/site-packages/airflow/example_dags/example_latest_only_with_trigger.py
[2024-09-22T19:48:12.310+0000] {processor.py:914} INFO - Processing file /home/airflow/.local/lib/python3.12/site-packages/airflow/example_dags/example_latest_only_with_trigger.py for tasks to queue
[2024-09-22T19:48:12.311+0000] {logging_mixin.py:190} INFO - [2024-09-22T19:48:12.311+0000] {dagbag.py:587} INFO - Filling up the DagBag from /home/airflow/.local/lib/python3.12/site-packages/airflow/example_dags/example_latest_only_with_trigger.py
[2024-09-22T19:48:12.315+0000] {processor.py:925} INFO - DAG(s) 'latest_only_with_trigger' retrieved from /home/airflow/.local/lib/python3.12/site-packages/airflow/example_dags/example_latest_only_with_trigger.py
[2024-09-22T19:48:12.328+0000] {logging_mixin.py:190} INFO - [2024-09-22T19:48:12.328+0000] {dag.py:3229} INFO - Sync 1 DAGs
[2024-09-22T19:48:12.340+0000] {logging_mixin.py:190} INFO - [2024-09-22T19:48:12.340+0000] {dag.py:4156} INFO - Setting next_dagrun for latest_only_with_trigger to 2024-09-22 12:00:00+00:00, run_after=2024-09-22 16:00:00+00:00
[2024-09-22T19:48:12.356+0000] {processor.py:208} INFO - Processing /home/airflow/.local/lib/python3.12/site-packages/airflow/example_dags/example_latest_only_with_trigger.py took 0.050 seconds
[2024-09-22T19:48:42.563+0000] {processor.py:186} INFO - Started process (PID=1698) to work on /home/airflow/.local/lib/python3.12/site-packages/airflow/example_dags/example_latest_only_with_trigger.py
[2024-09-22T19:48:42.564+0000] {processor.py:914} INFO - Processing file /home/airflow/.local/lib/python3.12/site-packages/airflow/example_dags/example_latest_only_with_trigger.py for tasks to queue
[2024-09-22T19:48:42.566+0000] {logging_mixin.py:190} INFO - [2024-09-22T19:48:42.565+0000] {dagbag.py:587} INFO - Filling up the DagBag from /home/airflow/.local/lib/python3.12/site-packages/airflow/example_dags/example_latest_only_with_trigger.py
[2024-09-22T19:48:42.570+0000] {processor.py:925} INFO - DAG(s) 'latest_only_with_trigger' retrieved from /home/airflow/.local/lib/python3.12/site-packages/airflow/example_dags/example_latest_only_with_trigger.py
[2024-09-22T19:48:42.580+0000] {logging_mixin.py:190} INFO - [2024-09-22T19:48:42.580+0000] {dag.py:3229} INFO - Sync 1 DAGs
[2024-09-22T19:48:42.593+0000] {logging_mixin.py:190} INFO - [2024-09-22T19:48:42.592+0000] {dag.py:4156} INFO - Setting next_dagrun for latest_only_with_trigger to 2024-09-22 12:00:00+00:00, run_after=2024-09-22 16:00:00+00:00
[2024-09-22T19:48:42.603+0000] {processor.py:208} INFO - Processing /home/airflow/.local/lib/python3.12/site-packages/airflow/example_dags/example_latest_only_with_trigger.py took 0.043 seconds
[2024-09-22T19:49:12.921+0000] {processor.py:186} INFO - Started process (PID=1760) to work on /home/airflow/.local/lib/python3.12/site-packages/airflow/example_dags/example_latest_only_with_trigger.py
[2024-09-22T19:49:12.922+0000] {processor.py:914} INFO - Processing file /home/airflow/.local/lib/python3.12/site-packages/airflow/example_dags/example_latest_only_with_trigger.py for tasks to queue
[2024-09-22T19:49:12.926+0000] {logging_mixin.py:190} INFO - [2024-09-22T19:49:12.925+0000] {dagbag.py:587} INFO - Filling up the DagBag from /home/airflow/.local/lib/python3.12/site-packages/airflow/example_dags/example_latest_only_with_trigger.py
[2024-09-22T19:49:12.930+0000] {processor.py:925} INFO - DAG(s) 'latest_only_with_trigger' retrieved from /home/airflow/.local/lib/python3.12/site-packages/airflow/example_dags/example_latest_only_with_trigger.py
[2024-09-22T19:49:12.941+0000] {logging_mixin.py:190} INFO - [2024-09-22T19:49:12.941+0000] {dag.py:3229} INFO - Sync 1 DAGs
[2024-09-22T19:49:12.952+0000] {logging_mixin.py:190} INFO - [2024-09-22T19:49:12.952+0000] {dag.py:4156} INFO - Setting next_dagrun for latest_only_with_trigger to 2024-09-22 12:00:00+00:00, run_after=2024-09-22 16:00:00+00:00
[2024-09-22T19:49:12.963+0000] {processor.py:208} INFO - Processing /home/airflow/.local/lib/python3.12/site-packages/airflow/example_dags/example_latest_only_with_trigger.py took 0.046 seconds
[2024-09-22T19:49:43.441+0000] {processor.py:186} INFO - Started process (PID=1822) to work on /home/airflow/.local/lib/python3.12/site-packages/airflow/example_dags/example_latest_only_with_trigger.py
[2024-09-22T19:49:43.444+0000] {processor.py:914} INFO - Processing file /home/airflow/.local/lib/python3.12/site-packages/airflow/example_dags/example_latest_only_with_trigger.py for tasks to queue
[2024-09-22T19:49:43.445+0000] {logging_mixin.py:190} INFO - [2024-09-22T19:49:43.445+0000] {dagbag.py:587} INFO - Filling up the DagBag from /home/airflow/.local/lib/python3.12/site-packages/airflow/example_dags/example_latest_only_with_trigger.py
[2024-09-22T19:49:43.449+0000] {processor.py:925} INFO - DAG(s) 'latest_only_with_trigger' retrieved from /home/airflow/.local/lib/python3.12/site-packages/airflow/example_dags/example_latest_only_with_trigger.py
[2024-09-22T19:49:43.462+0000] {logging_mixin.py:190} INFO - [2024-09-22T19:49:43.462+0000] {dag.py:3229} INFO - Sync 1 DAGs
[2024-09-22T19:49:43.474+0000] {logging_mixin.py:190} INFO - [2024-09-22T19:49:43.474+0000] {dag.py:4156} INFO - Setting next_dagrun for latest_only_with_trigger to 2024-09-22 12:00:00+00:00, run_after=2024-09-22 16:00:00+00:00
[2024-09-22T19:49:43.483+0000] {processor.py:208} INFO - Processing /home/airflow/.local/lib/python3.12/site-packages/airflow/example_dags/example_latest_only_with_trigger.py took 0.046 seconds
[2024-09-22T19:50:14.128+0000] {processor.py:186} INFO - Started process (PID=1884) to work on /home/airflow/.local/lib/python3.12/site-packages/airflow/example_dags/example_latest_only_with_trigger.py
[2024-09-22T19:50:14.129+0000] {processor.py:914} INFO - Processing file /home/airflow/.local/lib/python3.12/site-packages/airflow/example_dags/example_latest_only_with_trigger.py for tasks to queue
[2024-09-22T19:50:14.130+0000] {logging_mixin.py:190} INFO - [2024-09-22T19:50:14.130+0000] {dagbag.py:587} INFO - Filling up the DagBag from /home/airflow/.local/lib/python3.12/site-packages/airflow/example_dags/example_latest_only_with_trigger.py
[2024-09-22T19:50:14.134+0000] {processor.py:925} INFO - DAG(s) 'latest_only_with_trigger' retrieved from /home/airflow/.local/lib/python3.12/site-packages/airflow/example_dags/example_latest_only_with_trigger.py
[2024-09-22T19:50:14.147+0000] {logging_mixin.py:190} INFO - [2024-09-22T19:50:14.147+0000] {dag.py:3229} INFO - Sync 1 DAGs
[2024-09-22T19:50:14.162+0000] {logging_mixin.py:190} INFO - [2024-09-22T19:50:14.162+0000] {dag.py:4156} INFO - Setting next_dagrun for latest_only_with_trigger to 2024-09-22 12:00:00+00:00, run_after=2024-09-22 16:00:00+00:00
[2024-09-22T19:50:14.177+0000] {processor.py:208} INFO - Processing /home/airflow/.local/lib/python3.12/site-packages/airflow/example_dags/example_latest_only_with_trigger.py took 0.052 seconds
[2024-09-22T19:50:44.678+0000] {processor.py:186} INFO - Started process (PID=1946) to work on /home/airflow/.local/lib/python3.12/site-packages/airflow/example_dags/example_latest_only_with_trigger.py
[2024-09-22T19:50:44.681+0000] {processor.py:914} INFO - Processing file /home/airflow/.local/lib/python3.12/site-packages/airflow/example_dags/example_latest_only_with_trigger.py for tasks to queue
[2024-09-22T19:50:44.683+0000] {logging_mixin.py:190} INFO - [2024-09-22T19:50:44.683+0000] {dagbag.py:587} INFO - Filling up the DagBag from /home/airflow/.local/lib/python3.12/site-packages/airflow/example_dags/example_latest_only_with_trigger.py
[2024-09-22T19:50:44.688+0000] {processor.py:925} INFO - DAG(s) 'latest_only_with_trigger' retrieved from /home/airflow/.local/lib/python3.12/site-packages/airflow/example_dags/example_latest_only_with_trigger.py
[2024-09-22T19:50:44.712+0000] {logging_mixin.py:190} INFO - [2024-09-22T19:50:44.712+0000] {dag.py:3229} INFO - Sync 1 DAGs
[2024-09-22T19:50:44.727+0000] {logging_mixin.py:190} INFO - [2024-09-22T19:50:44.727+0000] {dag.py:4156} INFO - Setting next_dagrun for latest_only_with_trigger to 2024-09-22 12:00:00+00:00, run_after=2024-09-22 16:00:00+00:00
[2024-09-22T19:50:44.741+0000] {processor.py:208} INFO - Processing /home/airflow/.local/lib/python3.12/site-packages/airflow/example_dags/example_latest_only_with_trigger.py took 0.067 seconds
[2024-09-22T19:51:15.226+0000] {processor.py:186} INFO - Started process (PID=2008) to work on /home/airflow/.local/lib/python3.12/site-packages/airflow/example_dags/example_latest_only_with_trigger.py
[2024-09-22T19:51:15.227+0000] {processor.py:914} INFO - Processing file /home/airflow/.local/lib/python3.12/site-packages/airflow/example_dags/example_latest_only_with_trigger.py for tasks to queue
[2024-09-22T19:51:15.228+0000] {logging_mixin.py:190} INFO - [2024-09-22T19:51:15.228+0000] {dagbag.py:587} INFO - Filling up the DagBag from /home/airflow/.local/lib/python3.12/site-packages/airflow/example_dags/example_latest_only_with_trigger.py
[2024-09-22T19:51:15.233+0000] {processor.py:925} INFO - DAG(s) 'latest_only_with_trigger' retrieved from /home/airflow/.local/lib/python3.12/site-packages/airflow/example_dags/example_latest_only_with_trigger.py
[2024-09-22T19:51:15.244+0000] {logging_mixin.py:190} INFO - [2024-09-22T19:51:15.244+0000] {dag.py:3229} INFO - Sync 1 DAGs
[2024-09-22T19:51:15.257+0000] {logging_mixin.py:190} INFO - [2024-09-22T19:51:15.257+0000] {dag.py:4156} INFO - Setting next_dagrun for latest_only_with_trigger to 2024-09-22 12:00:00+00:00, run_after=2024-09-22 16:00:00+00:00
[2024-09-22T19:51:15.266+0000] {processor.py:208} INFO - Processing /home/airflow/.local/lib/python3.12/site-packages/airflow/example_dags/example_latest_only_with_trigger.py took 0.045 seconds
[2024-09-22T19:51:45.915+0000] {processor.py:186} INFO - Started process (PID=2070) to work on /home/airflow/.local/lib/python3.12/site-packages/airflow/example_dags/example_latest_only_with_trigger.py
[2024-09-22T19:51:45.915+0000] {processor.py:914} INFO - Processing file /home/airflow/.local/lib/python3.12/site-packages/airflow/example_dags/example_latest_only_with_trigger.py for tasks to queue
[2024-09-22T19:51:45.917+0000] {logging_mixin.py:190} INFO - [2024-09-22T19:51:45.917+0000] {dagbag.py:587} INFO - Filling up the DagBag from /home/airflow/.local/lib/python3.12/site-packages/airflow/example_dags/example_latest_only_with_trigger.py
[2024-09-22T19:51:45.922+0000] {processor.py:925} INFO - DAG(s) 'latest_only_with_trigger' retrieved from /home/airflow/.local/lib/python3.12/site-packages/airflow/example_dags/example_latest_only_with_trigger.py
[2024-09-22T19:51:45.932+0000] {logging_mixin.py:190} INFO - [2024-09-22T19:51:45.932+0000] {dag.py:3229} INFO - Sync 1 DAGs
[2024-09-22T19:51:45.943+0000] {logging_mixin.py:190} INFO - [2024-09-22T19:51:45.943+0000] {dag.py:4156} INFO - Setting next_dagrun for latest_only_with_trigger to 2024-09-22 12:00:00+00:00, run_after=2024-09-22 16:00:00+00:00
[2024-09-22T19:51:45.951+0000] {processor.py:208} INFO - Processing /home/airflow/.local/lib/python3.12/site-packages/airflow/example_dags/example_latest_only_with_trigger.py took 0.041 seconds
[2024-09-22T19:52:16.293+0000] {processor.py:186} INFO - Started process (PID=2132) to work on /home/airflow/.local/lib/python3.12/site-packages/airflow/example_dags/example_latest_only_with_trigger.py
[2024-09-22T19:52:16.295+0000] {processor.py:914} INFO - Processing file /home/airflow/.local/lib/python3.12/site-packages/airflow/example_dags/example_latest_only_with_trigger.py for tasks to queue
[2024-09-22T19:52:16.296+0000] {logging_mixin.py:190} INFO - [2024-09-22T19:52:16.296+0000] {dagbag.py:587} INFO - Filling up the DagBag from /home/airflow/.local/lib/python3.12/site-packages/airflow/example_dags/example_latest_only_with_trigger.py
[2024-09-22T19:52:16.301+0000] {processor.py:925} INFO - DAG(s) 'latest_only_with_trigger' retrieved from /home/airflow/.local/lib/python3.12/site-packages/airflow/example_dags/example_latest_only_with_trigger.py
[2024-09-22T19:52:16.312+0000] {logging_mixin.py:190} INFO - [2024-09-22T19:52:16.312+0000] {dag.py:3229} INFO - Sync 1 DAGs
[2024-09-22T19:52:16.323+0000] {logging_mixin.py:190} INFO - [2024-09-22T19:52:16.323+0000] {dag.py:4156} INFO - Setting next_dagrun for latest_only_with_trigger to 2024-09-22 12:00:00+00:00, run_after=2024-09-22 16:00:00+00:00
[2024-09-22T19:52:16.331+0000] {processor.py:208} INFO - Processing /home/airflow/.local/lib/python3.12/site-packages/airflow/example_dags/example_latest_only_with_trigger.py took 0.041 seconds
[2024-09-22T19:52:46.805+0000] {processor.py:186} INFO - Started process (PID=2194) to work on /home/airflow/.local/lib/python3.12/site-packages/airflow/example_dags/example_latest_only_with_trigger.py
[2024-09-22T19:52:46.805+0000] {processor.py:914} INFO - Processing file /home/airflow/.local/lib/python3.12/site-packages/airflow/example_dags/example_latest_only_with_trigger.py for tasks to queue
[2024-09-22T19:52:46.806+0000] {logging_mixin.py:190} INFO - [2024-09-22T19:52:46.806+0000] {dagbag.py:587} INFO - Filling up the DagBag from /home/airflow/.local/lib/python3.12/site-packages/airflow/example_dags/example_latest_only_with_trigger.py
[2024-09-22T19:52:46.810+0000] {processor.py:925} INFO - DAG(s) 'latest_only_with_trigger' retrieved from /home/airflow/.local/lib/python3.12/site-packages/airflow/example_dags/example_latest_only_with_trigger.py
[2024-09-22T19:52:46.820+0000] {logging_mixin.py:190} INFO - [2024-09-22T19:52:46.820+0000] {dag.py:3229} INFO - Sync 1 DAGs
[2024-09-22T19:52:46.830+0000] {logging_mixin.py:190} INFO - [2024-09-22T19:52:46.830+0000] {dag.py:4156} INFO - Setting next_dagrun for latest_only_with_trigger to 2024-09-22 12:00:00+00:00, run_after=2024-09-22 16:00:00+00:00
[2024-09-22T19:52:46.838+0000] {processor.py:208} INFO - Processing /home/airflow/.local/lib/python3.12/site-packages/airflow/example_dags/example_latest_only_with_trigger.py took 0.036 seconds
[2024-09-22T19:53:17.479+0000] {processor.py:186} INFO - Started process (PID=2256) to work on /home/airflow/.local/lib/python3.12/site-packages/airflow/example_dags/example_latest_only_with_trigger.py
[2024-09-22T19:53:17.481+0000] {processor.py:914} INFO - Processing file /home/airflow/.local/lib/python3.12/site-packages/airflow/example_dags/example_latest_only_with_trigger.py for tasks to queue
[2024-09-22T19:53:17.484+0000] {logging_mixin.py:190} INFO - [2024-09-22T19:53:17.483+0000] {dagbag.py:587} INFO - Filling up the DagBag from /home/airflow/.local/lib/python3.12/site-packages/airflow/example_dags/example_latest_only_with_trigger.py
[2024-09-22T19:53:17.490+0000] {processor.py:925} INFO - DAG(s) 'latest_only_with_trigger' retrieved from /home/airflow/.local/lib/python3.12/site-packages/airflow/example_dags/example_latest_only_with_trigger.py
[2024-09-22T19:53:17.502+0000] {logging_mixin.py:190} INFO - [2024-09-22T19:53:17.502+0000] {dag.py:3229} INFO - Sync 1 DAGs
[2024-09-22T19:53:17.514+0000] {logging_mixin.py:190} INFO - [2024-09-22T19:53:17.514+0000] {dag.py:4156} INFO - Setting next_dagrun for latest_only_with_trigger to 2024-09-22 12:00:00+00:00, run_after=2024-09-22 16:00:00+00:00
[2024-09-22T19:53:17.523+0000] {processor.py:208} INFO - Processing /home/airflow/.local/lib/python3.12/site-packages/airflow/example_dags/example_latest_only_with_trigger.py took 0.047 seconds
[2024-09-22T19:53:47.936+0000] {processor.py:186} INFO - Started process (PID=2318) to work on /home/airflow/.local/lib/python3.12/site-packages/airflow/example_dags/example_latest_only_with_trigger.py
[2024-09-22T19:53:47.937+0000] {processor.py:914} INFO - Processing file /home/airflow/.local/lib/python3.12/site-packages/airflow/example_dags/example_latest_only_with_trigger.py for tasks to queue
[2024-09-22T19:53:47.939+0000] {logging_mixin.py:190} INFO - [2024-09-22T19:53:47.939+0000] {dagbag.py:587} INFO - Filling up the DagBag from /home/airflow/.local/lib/python3.12/site-packages/airflow/example_dags/example_latest_only_with_trigger.py
[2024-09-22T19:53:47.943+0000] {processor.py:925} INFO - DAG(s) 'latest_only_with_trigger' retrieved from /home/airflow/.local/lib/python3.12/site-packages/airflow/example_dags/example_latest_only_with_trigger.py
[2024-09-22T19:53:47.954+0000] {logging_mixin.py:190} INFO - [2024-09-22T19:53:47.953+0000] {dag.py:3229} INFO - Sync 1 DAGs
[2024-09-22T19:53:47.968+0000] {logging_mixin.py:190} INFO - [2024-09-22T19:53:47.968+0000] {dag.py:4156} INFO - Setting next_dagrun for latest_only_with_trigger to 2024-09-22 12:00:00+00:00, run_after=2024-09-22 16:00:00+00:00
[2024-09-22T19:53:47.978+0000] {processor.py:208} INFO - Processing /home/airflow/.local/lib/python3.12/site-packages/airflow/example_dags/example_latest_only_with_trigger.py took 0.044 seconds
[2024-09-22T19:54:18.598+0000] {processor.py:186} INFO - Started process (PID=2380) to work on /home/airflow/.local/lib/python3.12/site-packages/airflow/example_dags/example_latest_only_with_trigger.py
[2024-09-22T19:54:18.599+0000] {processor.py:914} INFO - Processing file /home/airflow/.local/lib/python3.12/site-packages/airflow/example_dags/example_latest_only_with_trigger.py for tasks to queue
[2024-09-22T19:54:18.600+0000] {logging_mixin.py:190} INFO - [2024-09-22T19:54:18.600+0000] {dagbag.py:587} INFO - Filling up the DagBag from /home/airflow/.local/lib/python3.12/site-packages/airflow/example_dags/example_latest_only_with_trigger.py
[2024-09-22T19:54:18.604+0000] {processor.py:925} INFO - DAG(s) 'latest_only_with_trigger' retrieved from /home/airflow/.local/lib/python3.12/site-packages/airflow/example_dags/example_latest_only_with_trigger.py
[2024-09-22T19:54:18.615+0000] {logging_mixin.py:190} INFO - [2024-09-22T19:54:18.615+0000] {dag.py:3229} INFO - Sync 1 DAGs
[2024-09-22T19:54:18.626+0000] {logging_mixin.py:190} INFO - [2024-09-22T19:54:18.626+0000] {dag.py:4156} INFO - Setting next_dagrun for latest_only_with_trigger to 2024-09-22 12:00:00+00:00, run_after=2024-09-22 16:00:00+00:00
[2024-09-22T19:54:18.635+0000] {processor.py:208} INFO - Processing /home/airflow/.local/lib/python3.12/site-packages/airflow/example_dags/example_latest_only_with_trigger.py took 0.040 seconds
[2024-09-22T19:54:49.163+0000] {processor.py:186} INFO - Started process (PID=2442) to work on /home/airflow/.local/lib/python3.12/site-packages/airflow/example_dags/example_latest_only_with_trigger.py
[2024-09-22T19:54:49.165+0000] {processor.py:914} INFO - Processing file /home/airflow/.local/lib/python3.12/site-packages/airflow/example_dags/example_latest_only_with_trigger.py for tasks to queue
[2024-09-22T19:54:49.167+0000] {logging_mixin.py:190} INFO - [2024-09-22T19:54:49.167+0000] {dagbag.py:587} INFO - Filling up the DagBag from /home/airflow/.local/lib/python3.12/site-packages/airflow/example_dags/example_latest_only_with_trigger.py
[2024-09-22T19:54:49.173+0000] {processor.py:925} INFO - DAG(s) 'latest_only_with_trigger' retrieved from /home/airflow/.local/lib/python3.12/site-packages/airflow/example_dags/example_latest_only_with_trigger.py
[2024-09-22T19:54:49.185+0000] {logging_mixin.py:190} INFO - [2024-09-22T19:54:49.185+0000] {dag.py:3229} INFO - Sync 1 DAGs
[2024-09-22T19:54:49.197+0000] {logging_mixin.py:190} INFO - [2024-09-22T19:54:49.197+0000] {dag.py:4156} INFO - Setting next_dagrun for latest_only_with_trigger to 2024-09-22 12:00:00+00:00, run_after=2024-09-22 16:00:00+00:00
[2024-09-22T19:54:49.205+0000] {processor.py:208} INFO - Processing /home/airflow/.local/lib/python3.12/site-packages/airflow/example_dags/example_latest_only_with_trigger.py took 0.046 seconds
[2024-09-22T19:55:19.689+0000] {processor.py:186} INFO - Started process (PID=2504) to work on /home/airflow/.local/lib/python3.12/site-packages/airflow/example_dags/example_latest_only_with_trigger.py
[2024-09-22T19:55:19.690+0000] {processor.py:914} INFO - Processing file /home/airflow/.local/lib/python3.12/site-packages/airflow/example_dags/example_latest_only_with_trigger.py for tasks to queue
[2024-09-22T19:55:19.691+0000] {logging_mixin.py:190} INFO - [2024-09-22T19:55:19.691+0000] {dagbag.py:587} INFO - Filling up the DagBag from /home/airflow/.local/lib/python3.12/site-packages/airflow/example_dags/example_latest_only_with_trigger.py
[2024-09-22T19:55:19.698+0000] {processor.py:925} INFO - DAG(s) 'latest_only_with_trigger' retrieved from /home/airflow/.local/lib/python3.12/site-packages/airflow/example_dags/example_latest_only_with_trigger.py
[2024-09-22T19:55:19.709+0000] {logging_mixin.py:190} INFO - [2024-09-22T19:55:19.709+0000] {dag.py:3229} INFO - Sync 1 DAGs
[2024-09-22T19:55:19.721+0000] {logging_mixin.py:190} INFO - [2024-09-22T19:55:19.721+0000] {dag.py:4156} INFO - Setting next_dagrun for latest_only_with_trigger to 2024-09-22 12:00:00+00:00, run_after=2024-09-22 16:00:00+00:00
[2024-09-22T19:55:19.729+0000] {processor.py:208} INFO - Processing /home/airflow/.local/lib/python3.12/site-packages/airflow/example_dags/example_latest_only_with_trigger.py took 0.043 seconds
[2024-09-22T19:55:50.248+0000] {processor.py:186} INFO - Started process (PID=2566) to work on /home/airflow/.local/lib/python3.12/site-packages/airflow/example_dags/example_latest_only_with_trigger.py
[2024-09-22T19:55:50.249+0000] {processor.py:914} INFO - Processing file /home/airflow/.local/lib/python3.12/site-packages/airflow/example_dags/example_latest_only_with_trigger.py for tasks to queue
[2024-09-22T19:55:50.251+0000] {logging_mixin.py:190} INFO - [2024-09-22T19:55:50.251+0000] {dagbag.py:587} INFO - Filling up the DagBag from /home/airflow/.local/lib/python3.12/site-packages/airflow/example_dags/example_latest_only_with_trigger.py
[2024-09-22T19:55:50.256+0000] {processor.py:925} INFO - DAG(s) 'latest_only_with_trigger' retrieved from /home/airflow/.local/lib/python3.12/site-packages/airflow/example_dags/example_latest_only_with_trigger.py
[2024-09-22T19:55:50.270+0000] {logging_mixin.py:190} INFO - [2024-09-22T19:55:50.270+0000] {dag.py:3229} INFO - Sync 1 DAGs
[2024-09-22T19:55:50.286+0000] {logging_mixin.py:190} INFO - [2024-09-22T19:55:50.286+0000] {dag.py:4156} INFO - Setting next_dagrun for latest_only_with_trigger to 2024-09-22 12:00:00+00:00, run_after=2024-09-22 16:00:00+00:00
[2024-09-22T19:55:50.301+0000] {processor.py:208} INFO - Processing /home/airflow/.local/lib/python3.12/site-packages/airflow/example_dags/example_latest_only_with_trigger.py took 0.056 seconds
[2024-09-22T19:56:21.103+0000] {processor.py:186} INFO - Started process (PID=2628) to work on /home/airflow/.local/lib/python3.12/site-packages/airflow/example_dags/example_latest_only_with_trigger.py
[2024-09-22T19:56:21.104+0000] {processor.py:914} INFO - Processing file /home/airflow/.local/lib/python3.12/site-packages/airflow/example_dags/example_latest_only_with_trigger.py for tasks to queue
[2024-09-22T19:56:21.105+0000] {logging_mixin.py:190} INFO - [2024-09-22T19:56:21.105+0000] {dagbag.py:587} INFO - Filling up the DagBag from /home/airflow/.local/lib/python3.12/site-packages/airflow/example_dags/example_latest_only_with_trigger.py
[2024-09-22T19:56:21.109+0000] {processor.py:925} INFO - DAG(s) 'latest_only_with_trigger' retrieved from /home/airflow/.local/lib/python3.12/site-packages/airflow/example_dags/example_latest_only_with_trigger.py
[2024-09-22T19:56:21.119+0000] {logging_mixin.py:190} INFO - [2024-09-22T19:56:21.119+0000] {dag.py:3229} INFO - Sync 1 DAGs
[2024-09-22T19:56:21.129+0000] {logging_mixin.py:190} INFO - [2024-09-22T19:56:21.129+0000] {dag.py:4156} INFO - Setting next_dagrun for latest_only_with_trigger to 2024-09-22 12:00:00+00:00, run_after=2024-09-22 16:00:00+00:00
[2024-09-22T19:56:21.137+0000] {processor.py:208} INFO - Processing /home/airflow/.local/lib/python3.12/site-packages/airflow/example_dags/example_latest_only_with_trigger.py took 0.036 seconds
[2024-09-22T19:56:51.862+0000] {processor.py:186} INFO - Started process (PID=2690) to work on /home/airflow/.local/lib/python3.12/site-packages/airflow/example_dags/example_latest_only_with_trigger.py
[2024-09-22T19:56:51.863+0000] {processor.py:914} INFO - Processing file /home/airflow/.local/lib/python3.12/site-packages/airflow/example_dags/example_latest_only_with_trigger.py for tasks to queue
[2024-09-22T19:56:51.864+0000] {logging_mixin.py:190} INFO - [2024-09-22T19:56:51.864+0000] {dagbag.py:587} INFO - Filling up the DagBag from /home/airflow/.local/lib/python3.12/site-packages/airflow/example_dags/example_latest_only_with_trigger.py
[2024-09-22T19:56:51.868+0000] {processor.py:925} INFO - DAG(s) 'latest_only_with_trigger' retrieved from /home/airflow/.local/lib/python3.12/site-packages/airflow/example_dags/example_latest_only_with_trigger.py
[2024-09-22T19:56:51.882+0000] {logging_mixin.py:190} INFO - [2024-09-22T19:56:51.882+0000] {dag.py:3229} INFO - Sync 1 DAGs
[2024-09-22T19:56:51.895+0000] {logging_mixin.py:190} INFO - [2024-09-22T19:56:51.895+0000] {dag.py:4156} INFO - Setting next_dagrun for latest_only_with_trigger to 2024-09-22 12:00:00+00:00, run_after=2024-09-22 16:00:00+00:00
[2024-09-22T19:56:51.909+0000] {processor.py:208} INFO - Processing /home/airflow/.local/lib/python3.12/site-packages/airflow/example_dags/example_latest_only_with_trigger.py took 0.050 seconds
[2024-09-22T19:57:22.678+0000] {processor.py:186} INFO - Started process (PID=2752) to work on /home/airflow/.local/lib/python3.12/site-packages/airflow/example_dags/example_latest_only_with_trigger.py
[2024-09-22T19:57:22.679+0000] {processor.py:914} INFO - Processing file /home/airflow/.local/lib/python3.12/site-packages/airflow/example_dags/example_latest_only_with_trigger.py for tasks to queue
[2024-09-22T19:57:22.681+0000] {logging_mixin.py:190} INFO - [2024-09-22T19:57:22.681+0000] {dagbag.py:587} INFO - Filling up the DagBag from /home/airflow/.local/lib/python3.12/site-packages/airflow/example_dags/example_latest_only_with_trigger.py
[2024-09-22T19:57:22.690+0000] {processor.py:925} INFO - DAG(s) 'latest_only_with_trigger' retrieved from /home/airflow/.local/lib/python3.12/site-packages/airflow/example_dags/example_latest_only_with_trigger.py
[2024-09-22T19:57:22.707+0000] {logging_mixin.py:190} INFO - [2024-09-22T19:57:22.707+0000] {dag.py:3229} INFO - Sync 1 DAGs
[2024-09-22T19:57:22.722+0000] {logging_mixin.py:190} INFO - [2024-09-22T19:57:22.722+0000] {dag.py:4156} INFO - Setting next_dagrun for latest_only_with_trigger to 2024-09-22 12:00:00+00:00, run_after=2024-09-22 16:00:00+00:00
[2024-09-22T19:57:22.734+0000] {processor.py:208} INFO - Processing /home/airflow/.local/lib/python3.12/site-packages/airflow/example_dags/example_latest_only_with_trigger.py took 0.058 seconds
[2024-09-22T19:57:54.115+0000] {processor.py:186} INFO - Started process (PID=2814) to work on /home/airflow/.local/lib/python3.12/site-packages/airflow/example_dags/example_latest_only_with_trigger.py
[2024-09-22T19:57:54.117+0000] {processor.py:914} INFO - Processing file /home/airflow/.local/lib/python3.12/site-packages/airflow/example_dags/example_latest_only_with_trigger.py for tasks to queue
[2024-09-22T19:57:54.119+0000] {logging_mixin.py:190} INFO - [2024-09-22T19:57:54.119+0000] {dagbag.py:587} INFO - Filling up the DagBag from /home/airflow/.local/lib/python3.12/site-packages/airflow/example_dags/example_latest_only_with_trigger.py
[2024-09-22T19:57:54.123+0000] {processor.py:925} INFO - DAG(s) 'latest_only_with_trigger' retrieved from /home/airflow/.local/lib/python3.12/site-packages/airflow/example_dags/example_latest_only_with_trigger.py
[2024-09-22T19:57:54.138+0000] {logging_mixin.py:190} INFO - [2024-09-22T19:57:54.138+0000] {dag.py:3229} INFO - Sync 1 DAGs
[2024-09-22T19:57:54.150+0000] {logging_mixin.py:190} INFO - [2024-09-22T19:57:54.150+0000] {dag.py:4156} INFO - Setting next_dagrun for latest_only_with_trigger to 2024-09-22 12:00:00+00:00, run_after=2024-09-22 16:00:00+00:00
[2024-09-22T19:57:54.160+0000] {processor.py:208} INFO - Processing /home/airflow/.local/lib/python3.12/site-packages/airflow/example_dags/example_latest_only_with_trigger.py took 0.050 seconds
[2024-09-22T20:46:46.179+0000] {processor.py:186} INFO - Started process (PID=2875) to work on /home/airflow/.local/lib/python3.12/site-packages/airflow/example_dags/example_latest_only_with_trigger.py
[2024-09-22T20:46:46.180+0000] {processor.py:914} INFO - Processing file /home/airflow/.local/lib/python3.12/site-packages/airflow/example_dags/example_latest_only_with_trigger.py for tasks to queue
[2024-09-22T20:46:46.181+0000] {logging_mixin.py:190} INFO - [2024-09-22T20:46:46.181+0000] {dagbag.py:587} INFO - Filling up the DagBag from /home/airflow/.local/lib/python3.12/site-packages/airflow/example_dags/example_latest_only_with_trigger.py
[2024-09-22T20:46:46.186+0000] {processor.py:925} INFO - DAG(s) 'latest_only_with_trigger' retrieved from /home/airflow/.local/lib/python3.12/site-packages/airflow/example_dags/example_latest_only_with_trigger.py
[2024-09-22T20:46:46.197+0000] {logging_mixin.py:190} INFO - [2024-09-22T20:46:46.197+0000] {dag.py:3229} INFO - Sync 1 DAGs
[2024-09-22T20:46:46.209+0000] {logging_mixin.py:190} INFO - [2024-09-22T20:46:46.209+0000] {dag.py:4156} INFO - Setting next_dagrun for latest_only_with_trigger to 2024-09-22 16:00:00+00:00, run_after=2024-09-22 20:00:00+00:00
[2024-09-22T20:46:46.328+0000] {processor.py:208} INFO - Processing /home/airflow/.local/lib/python3.12/site-packages/airflow/example_dags/example_latest_only_with_trigger.py took 0.151 seconds
[2024-09-22T21:58:48.183+0000] {processor.py:186} INFO - Started process (PID=2937) to work on /home/airflow/.local/lib/python3.12/site-packages/airflow/example_dags/example_latest_only_with_trigger.py
[2024-09-22T21:58:48.184+0000] {processor.py:914} INFO - Processing file /home/airflow/.local/lib/python3.12/site-packages/airflow/example_dags/example_latest_only_with_trigger.py for tasks to queue
[2024-09-22T21:58:48.185+0000] {logging_mixin.py:190} INFO - [2024-09-22T21:58:48.185+0000] {dagbag.py:587} INFO - Filling up the DagBag from /home/airflow/.local/lib/python3.12/site-packages/airflow/example_dags/example_latest_only_with_trigger.py
[2024-09-22T21:58:48.189+0000] {processor.py:925} INFO - DAG(s) 'latest_only_with_trigger' retrieved from /home/airflow/.local/lib/python3.12/site-packages/airflow/example_dags/example_latest_only_with_trigger.py
[2024-09-22T21:58:48.205+0000] {logging_mixin.py:190} INFO - [2024-09-22T21:58:48.205+0000] {dag.py:3229} INFO - Sync 1 DAGs
[2024-09-22T21:58:48.219+0000] {logging_mixin.py:190} INFO - [2024-09-22T21:58:48.219+0000] {dag.py:4156} INFO - Setting next_dagrun for latest_only_with_trigger to 2024-09-22 16:00:00+00:00, run_after=2024-09-22 20:00:00+00:00
[2024-09-22T21:58:48.233+0000] {processor.py:208} INFO - Processing /home/airflow/.local/lib/python3.12/site-packages/airflow/example_dags/example_latest_only_with_trigger.py took 0.053 seconds
[2024-09-22T23:25:50.781+0000] {processor.py:186} INFO - Started process (PID=2999) to work on /home/airflow/.local/lib/python3.12/site-packages/airflow/example_dags/example_latest_only_with_trigger.py
[2024-09-22T23:25:50.781+0000] {processor.py:914} INFO - Processing file /home/airflow/.local/lib/python3.12/site-packages/airflow/example_dags/example_latest_only_with_trigger.py for tasks to queue
[2024-09-22T23:25:50.783+0000] {logging_mixin.py:190} INFO - [2024-09-22T23:25:50.783+0000] {dagbag.py:587} INFO - Filling up the DagBag from /home/airflow/.local/lib/python3.12/site-packages/airflow/example_dags/example_latest_only_with_trigger.py
[2024-09-22T23:25:50.786+0000] {processor.py:925} INFO - DAG(s) 'latest_only_with_trigger' retrieved from /home/airflow/.local/lib/python3.12/site-packages/airflow/example_dags/example_latest_only_with_trigger.py
[2024-09-22T23:25:50.797+0000] {logging_mixin.py:190} INFO - [2024-09-22T23:25:50.797+0000] {dag.py:3229} INFO - Sync 1 DAGs
[2024-09-22T23:25:50.807+0000] {logging_mixin.py:190} INFO - [2024-09-22T23:25:50.806+0000] {dag.py:4156} INFO - Setting next_dagrun for latest_only_with_trigger to 2024-09-22 16:00:00+00:00, run_after=2024-09-22 20:00:00+00:00
[2024-09-22T23:25:50.814+0000] {processor.py:208} INFO - Processing /home/airflow/.local/lib/python3.12/site-packages/airflow/example_dags/example_latest_only_with_trigger.py took 0.037 seconds
