[2024-09-22T19:35:32.245+0000] {processor.py:186} INFO - Started process (PID=96) to work on /home/airflow/.local/lib/python3.12/site-packages/airflow/example_dags/example_dataset_alias_with_no_taskflow.py
[2024-09-22T19:35:32.245+0000] {processor.py:914} INFO - Processing file /home/airflow/.local/lib/python3.12/site-packages/airflow/example_dags/example_dataset_alias_with_no_taskflow.py for tasks to queue
[2024-09-22T19:35:32.247+0000] {logging_mixin.py:190} INFO - [2024-09-22T19:35:32.246+0000] {dagbag.py:587} INFO - Filling up the DagBag from /home/airflow/.local/lib/python3.12/site-packages/airflow/example_dags/example_dataset_alias_with_no_taskflow.py
[2024-09-22T19:35:32.347+0000] {processor.py:925} INFO - DAG(s) 'dataset_s3_bucket_producer_with_no_taskflow', 'dataset_alias_example_alias_consumer_with_no_taskflow', 'dataset_alias_example_alias_producer_with_no_taskflow', 'dataset_s3_bucket_consumer_with_no_taskflow' retrieved from /home/airflow/.local/lib/python3.12/site-packages/airflow/example_dags/example_dataset_alias_with_no_taskflow.py
[2024-09-22T19:35:32.409+0000] {logging_mixin.py:190} INFO - [2024-09-22T19:35:32.408+0000] {override.py:1900} INFO - Created Permission View: can read on DAG:dataset_s3_bucket_producer_with_no_taskflow
[2024-09-22T19:35:32.414+0000] {logging_mixin.py:190} INFO - [2024-09-22T19:35:32.414+0000] {override.py:1900} INFO - Created Permission View: can edit on DAG:dataset_s3_bucket_producer_with_no_taskflow
[2024-09-22T19:35:32.419+0000] {logging_mixin.py:190} INFO - [2024-09-22T19:35:32.419+0000] {override.py:1900} INFO - Created Permission View: can delete on DAG:dataset_s3_bucket_producer_with_no_taskflow
[2024-09-22T19:35:32.425+0000] {logging_mixin.py:190} INFO - [2024-09-22T19:35:32.425+0000] {override.py:1900} INFO - Created Permission View: can read on DAG Run:dataset_s3_bucket_producer_with_no_taskflow
[2024-09-22T19:35:32.428+0000] {logging_mixin.py:190} INFO - [2024-09-22T19:35:32.428+0000] {override.py:1900} INFO - Created Permission View: menu access on DAG Run:dataset_s3_bucket_producer_with_no_taskflow
[2024-09-22T19:35:32.432+0000] {logging_mixin.py:190} INFO - [2024-09-22T19:35:32.432+0000] {override.py:1900} INFO - Created Permission View: can delete on DAG Run:dataset_s3_bucket_producer_with_no_taskflow
[2024-09-22T19:35:32.436+0000] {logging_mixin.py:190} INFO - [2024-09-22T19:35:32.435+0000] {override.py:1900} INFO - Created Permission View: can create on DAG Run:dataset_s3_bucket_producer_with_no_taskflow
[2024-09-22T19:35:32.443+0000] {logging_mixin.py:190} INFO - [2024-09-22T19:35:32.443+0000] {override.py:1900} INFO - Created Permission View: can read on DAG:dataset_alias_example_alias_consumer_with_no_taskflow
[2024-09-22T19:35:32.447+0000] {logging_mixin.py:190} INFO - [2024-09-22T19:35:32.447+0000] {override.py:1900} INFO - Created Permission View: can edit on DAG:dataset_alias_example_alias_consumer_with_no_taskflow
[2024-09-22T19:35:32.453+0000] {logging_mixin.py:190} INFO - [2024-09-22T19:35:32.453+0000] {override.py:1900} INFO - Created Permission View: can delete on DAG:dataset_alias_example_alias_consumer_with_no_taskflow
[2024-09-22T19:35:32.457+0000] {logging_mixin.py:190} INFO - [2024-09-22T19:35:32.457+0000] {override.py:1900} INFO - Created Permission View: can read on DAG Run:dataset_alias_example_alias_consumer_with_no_taskflow
[2024-09-22T19:35:32.461+0000] {logging_mixin.py:190} INFO - [2024-09-22T19:35:32.461+0000] {override.py:1900} INFO - Created Permission View: menu access on DAG Run:dataset_alias_example_alias_consumer_with_no_taskflow
[2024-09-22T19:35:32.465+0000] {logging_mixin.py:190} INFO - [2024-09-22T19:35:32.464+0000] {override.py:1900} INFO - Created Permission View: can delete on DAG Run:dataset_alias_example_alias_consumer_with_no_taskflow
[2024-09-22T19:35:32.469+0000] {logging_mixin.py:190} INFO - [2024-09-22T19:35:32.469+0000] {override.py:1900} INFO - Created Permission View: can create on DAG Run:dataset_alias_example_alias_consumer_with_no_taskflow
[2024-09-22T19:35:32.477+0000] {logging_mixin.py:190} INFO - [2024-09-22T19:35:32.477+0000] {override.py:1900} INFO - Created Permission View: can read on DAG:dataset_alias_example_alias_producer_with_no_taskflow
[2024-09-22T19:35:32.482+0000] {logging_mixin.py:190} INFO - [2024-09-22T19:35:32.482+0000] {override.py:1900} INFO - Created Permission View: can edit on DAG:dataset_alias_example_alias_producer_with_no_taskflow
[2024-09-22T19:35:32.485+0000] {logging_mixin.py:190} INFO - [2024-09-22T19:35:32.485+0000] {override.py:1900} INFO - Created Permission View: can delete on DAG:dataset_alias_example_alias_producer_with_no_taskflow
[2024-09-22T19:35:32.488+0000] {logging_mixin.py:190} INFO - [2024-09-22T19:35:32.488+0000] {override.py:1900} INFO - Created Permission View: can read on DAG Run:dataset_alias_example_alias_producer_with_no_taskflow
[2024-09-22T19:35:32.495+0000] {logging_mixin.py:190} INFO - [2024-09-22T19:35:32.495+0000] {override.py:1900} INFO - Created Permission View: menu access on DAG Run:dataset_alias_example_alias_producer_with_no_taskflow
[2024-09-22T19:35:32.499+0000] {logging_mixin.py:190} INFO - [2024-09-22T19:35:32.498+0000] {override.py:1900} INFO - Created Permission View: can delete on DAG Run:dataset_alias_example_alias_producer_with_no_taskflow
[2024-09-22T19:35:32.506+0000] {logging_mixin.py:190} INFO - [2024-09-22T19:35:32.505+0000] {override.py:1900} INFO - Created Permission View: can create on DAG Run:dataset_alias_example_alias_producer_with_no_taskflow
[2024-09-22T19:35:32.512+0000] {logging_mixin.py:190} INFO - [2024-09-22T19:35:32.512+0000] {override.py:1900} INFO - Created Permission View: can read on DAG:dataset_s3_bucket_consumer_with_no_taskflow
[2024-09-22T19:35:32.516+0000] {logging_mixin.py:190} INFO - [2024-09-22T19:35:32.516+0000] {override.py:1900} INFO - Created Permission View: can edit on DAG:dataset_s3_bucket_consumer_with_no_taskflow
[2024-09-22T19:35:32.525+0000] {logging_mixin.py:190} INFO - [2024-09-22T19:35:32.524+0000] {override.py:1900} INFO - Created Permission View: can delete on DAG:dataset_s3_bucket_consumer_with_no_taskflow
[2024-09-22T19:35:32.529+0000] {logging_mixin.py:190} INFO - [2024-09-22T19:35:32.529+0000] {override.py:1900} INFO - Created Permission View: can read on DAG Run:dataset_s3_bucket_consumer_with_no_taskflow
[2024-09-22T19:35:32.540+0000] {logging_mixin.py:190} INFO - [2024-09-22T19:35:32.540+0000] {override.py:1900} INFO - Created Permission View: menu access on DAG Run:dataset_s3_bucket_consumer_with_no_taskflow
[2024-09-22T19:35:32.543+0000] {logging_mixin.py:190} INFO - [2024-09-22T19:35:32.543+0000] {override.py:1900} INFO - Created Permission View: can delete on DAG Run:dataset_s3_bucket_consumer_with_no_taskflow
[2024-09-22T19:35:32.546+0000] {logging_mixin.py:190} INFO - [2024-09-22T19:35:32.546+0000] {override.py:1900} INFO - Created Permission View: can create on DAG Run:dataset_s3_bucket_consumer_with_no_taskflow
[2024-09-22T19:35:32.547+0000] {logging_mixin.py:190} INFO - [2024-09-22T19:35:32.546+0000] {dag.py:3229} INFO - Sync 4 DAGs
[2024-09-22T19:35:32.555+0000] {logging_mixin.py:190} INFO - [2024-09-22T19:35:32.555+0000] {dag.py:3252} INFO - Creating ORM DAG for dataset_alias_example_alias_consumer_with_no_taskflow
[2024-09-22T19:35:32.555+0000] {logging_mixin.py:190} INFO - [2024-09-22T19:35:32.555+0000] {dag.py:3252} INFO - Creating ORM DAG for dataset_s3_bucket_producer_with_no_taskflow
[2024-09-22T19:35:32.556+0000] {logging_mixin.py:190} INFO - [2024-09-22T19:35:32.555+0000] {dag.py:3252} INFO - Creating ORM DAG for dataset_s3_bucket_consumer_with_no_taskflow
[2024-09-22T19:35:32.556+0000] {logging_mixin.py:190} INFO - [2024-09-22T19:35:32.556+0000] {dag.py:3252} INFO - Creating ORM DAG for dataset_alias_example_alias_producer_with_no_taskflow
[2024-09-22T19:35:32.561+0000] {logging_mixin.py:190} INFO - [2024-09-22T19:35:32.561+0000] {dag.py:4156} INFO - Setting next_dagrun for dataset_alias_example_alias_consumer_with_no_taskflow to None, run_after=None
[2024-09-22T19:35:32.562+0000] {logging_mixin.py:190} INFO - [2024-09-22T19:35:32.562+0000] {dag.py:4156} INFO - Setting next_dagrun for dataset_alias_example_alias_producer_with_no_taskflow to None, run_after=None
[2024-09-22T19:35:32.563+0000] {logging_mixin.py:190} INFO - [2024-09-22T19:35:32.563+0000] {dag.py:4156} INFO - Setting next_dagrun for dataset_s3_bucket_consumer_with_no_taskflow to None, run_after=None
[2024-09-22T19:35:32.564+0000] {logging_mixin.py:190} INFO - [2024-09-22T19:35:32.564+0000] {dag.py:4156} INFO - Setting next_dagrun for dataset_s3_bucket_producer_with_no_taskflow to None, run_after=None
[2024-09-22T19:35:32.586+0000] {processor.py:208} INFO - Processing /home/airflow/.local/lib/python3.12/site-packages/airflow/example_dags/example_dataset_alias_with_no_taskflow.py took 0.345 seconds
[2024-09-22T19:36:03.324+0000] {processor.py:186} INFO - Started process (PID=158) to work on /home/airflow/.local/lib/python3.12/site-packages/airflow/example_dags/example_dataset_alias_with_no_taskflow.py
[2024-09-22T19:36:03.325+0000] {processor.py:914} INFO - Processing file /home/airflow/.local/lib/python3.12/site-packages/airflow/example_dags/example_dataset_alias_with_no_taskflow.py for tasks to queue
[2024-09-22T19:36:03.329+0000] {logging_mixin.py:190} INFO - [2024-09-22T19:36:03.329+0000] {dagbag.py:587} INFO - Filling up the DagBag from /home/airflow/.local/lib/python3.12/site-packages/airflow/example_dags/example_dataset_alias_with_no_taskflow.py
[2024-09-22T19:36:03.422+0000] {processor.py:925} INFO - DAG(s) 'dataset_alias_example_alias_producer_with_no_taskflow', 'dataset_s3_bucket_producer_with_no_taskflow', 'dataset_s3_bucket_consumer_with_no_taskflow', 'dataset_alias_example_alias_consumer_with_no_taskflow' retrieved from /home/airflow/.local/lib/python3.12/site-packages/airflow/example_dags/example_dataset_alias_with_no_taskflow.py
[2024-09-22T19:36:03.434+0000] {logging_mixin.py:190} INFO - [2024-09-22T19:36:03.433+0000] {dag.py:3229} INFO - Sync 4 DAGs
[2024-09-22T19:36:03.446+0000] {logging_mixin.py:190} INFO - [2024-09-22T19:36:03.446+0000] {dag.py:4156} INFO - Setting next_dagrun for dataset_alias_example_alias_consumer_with_no_taskflow to None, run_after=None
[2024-09-22T19:36:03.447+0000] {logging_mixin.py:190} INFO - [2024-09-22T19:36:03.447+0000] {dag.py:4156} INFO - Setting next_dagrun for dataset_alias_example_alias_producer_with_no_taskflow to None, run_after=None
[2024-09-22T19:36:03.447+0000] {logging_mixin.py:190} INFO - [2024-09-22T19:36:03.447+0000] {dag.py:4156} INFO - Setting next_dagrun for dataset_s3_bucket_consumer_with_no_taskflow to None, run_after=None
[2024-09-22T19:36:03.448+0000] {logging_mixin.py:190} INFO - [2024-09-22T19:36:03.448+0000] {dag.py:4156} INFO - Setting next_dagrun for dataset_s3_bucket_producer_with_no_taskflow to None, run_after=None
[2024-09-22T19:36:03.464+0000] {processor.py:208} INFO - Processing /home/airflow/.local/lib/python3.12/site-packages/airflow/example_dags/example_dataset_alias_with_no_taskflow.py took 0.144 seconds
[2024-09-22T19:36:33.657+0000] {processor.py:186} INFO - Started process (PID=220) to work on /home/airflow/.local/lib/python3.12/site-packages/airflow/example_dags/example_dataset_alias_with_no_taskflow.py
[2024-09-22T19:36:33.660+0000] {processor.py:914} INFO - Processing file /home/airflow/.local/lib/python3.12/site-packages/airflow/example_dags/example_dataset_alias_with_no_taskflow.py for tasks to queue
[2024-09-22T19:36:33.661+0000] {logging_mixin.py:190} INFO - [2024-09-22T19:36:33.661+0000] {dagbag.py:587} INFO - Filling up the DagBag from /home/airflow/.local/lib/python3.12/site-packages/airflow/example_dags/example_dataset_alias_with_no_taskflow.py
[2024-09-22T19:36:33.750+0000] {processor.py:925} INFO - DAG(s) 'dataset_s3_bucket_consumer_with_no_taskflow', 'dataset_alias_example_alias_producer_with_no_taskflow', 'dataset_s3_bucket_producer_with_no_taskflow', 'dataset_alias_example_alias_consumer_with_no_taskflow' retrieved from /home/airflow/.local/lib/python3.12/site-packages/airflow/example_dags/example_dataset_alias_with_no_taskflow.py
[2024-09-22T19:36:33.770+0000] {logging_mixin.py:190} INFO - [2024-09-22T19:36:33.770+0000] {dag.py:3229} INFO - Sync 4 DAGs
[2024-09-22T19:36:33.787+0000] {logging_mixin.py:190} INFO - [2024-09-22T19:36:33.787+0000] {dag.py:4156} INFO - Setting next_dagrun for dataset_alias_example_alias_consumer_with_no_taskflow to None, run_after=None
[2024-09-22T19:36:33.789+0000] {logging_mixin.py:190} INFO - [2024-09-22T19:36:33.789+0000] {dag.py:4156} INFO - Setting next_dagrun for dataset_alias_example_alias_producer_with_no_taskflow to None, run_after=None
[2024-09-22T19:36:33.791+0000] {logging_mixin.py:190} INFO - [2024-09-22T19:36:33.791+0000] {dag.py:4156} INFO - Setting next_dagrun for dataset_s3_bucket_consumer_with_no_taskflow to None, run_after=None
[2024-09-22T19:36:33.791+0000] {logging_mixin.py:190} INFO - [2024-09-22T19:36:33.791+0000] {dag.py:4156} INFO - Setting next_dagrun for dataset_s3_bucket_producer_with_no_taskflow to None, run_after=None
[2024-09-22T19:36:33.810+0000] {processor.py:208} INFO - Processing /home/airflow/.local/lib/python3.12/site-packages/airflow/example_dags/example_dataset_alias_with_no_taskflow.py took 0.159 seconds
