[2024-09-22T19:35:31.086+0000] {processor.py:186} INFO - Started process (PID=82) to work on /home/airflow/.local/lib/python3.12/site-packages/airflow/example_dags/example_branch_labels.py
[2024-09-22T19:35:31.087+0000] {processor.py:914} INFO - Processing file /home/airflow/.local/lib/python3.12/site-packages/airflow/example_dags/example_branch_labels.py for tasks to queue
[2024-09-22T19:35:31.089+0000] {logging_mixin.py:190} INFO - [2024-09-22T19:35:31.088+0000] {dagbag.py:587} INFO - Filling up the DagBag from /home/airflow/.local/lib/python3.12/site-packages/airflow/example_dags/example_branch_labels.py
[2024-09-22T19:35:31.096+0000] {processor.py:925} INFO - DAG(s) 'example_branch_labels' retrieved from /home/airflow/.local/lib/python3.12/site-packages/airflow/example_dags/example_branch_labels.py
[2024-09-22T19:35:31.168+0000] {logging_mixin.py:190} INFO - [2024-09-22T19:35:31.168+0000] {override.py:1900} INFO - Created Permission View: can read on DAG:example_branch_labels
[2024-09-22T19:35:31.179+0000] {logging_mixin.py:190} INFO - [2024-09-22T19:35:31.178+0000] {override.py:1900} INFO - Created Permission View: can edit on DAG:example_branch_labels
[2024-09-22T19:35:31.183+0000] {logging_mixin.py:190} INFO - [2024-09-22T19:35:31.183+0000] {override.py:1900} INFO - Created Permission View: can delete on DAG:example_branch_labels
[2024-09-22T19:35:31.187+0000] {logging_mixin.py:190} INFO - [2024-09-22T19:35:31.187+0000] {override.py:1900} INFO - Created Permission View: can read on DAG Run:example_branch_labels
[2024-09-22T19:35:31.192+0000] {logging_mixin.py:190} INFO - [2024-09-22T19:35:31.191+0000] {override.py:1900} INFO - Created Permission View: menu access on DAG Run:example_branch_labels
[2024-09-22T19:35:31.195+0000] {logging_mixin.py:190} INFO - [2024-09-22T19:35:31.194+0000] {override.py:1900} INFO - Created Permission View: can delete on DAG Run:example_branch_labels
[2024-09-22T19:35:31.198+0000] {logging_mixin.py:190} INFO - [2024-09-22T19:35:31.198+0000] {override.py:1900} INFO - Created Permission View: can create on DAG Run:example_branch_labels
[2024-09-22T19:35:31.198+0000] {logging_mixin.py:190} INFO - [2024-09-22T19:35:31.198+0000] {dag.py:3229} INFO - Sync 1 DAGs
[2024-09-22T19:35:31.205+0000] {logging_mixin.py:190} INFO - [2024-09-22T19:35:31.205+0000] {dag.py:3252} INFO - Creating ORM DAG for example_branch_labels
[2024-09-22T19:35:31.213+0000] {logging_mixin.py:190} INFO - [2024-09-22T19:35:31.213+0000] {dag.py:4156} INFO - Setting next_dagrun for example_branch_labels to 2024-09-21 00:00:00+00:00, run_after=2024-09-22 00:00:00+00:00
[2024-09-22T19:35:31.228+0000] {processor.py:208} INFO - Processing /home/airflow/.local/lib/python3.12/site-packages/airflow/example_dags/example_branch_labels.py took 0.147 seconds
[2024-09-22T19:36:01.801+0000] {processor.py:186} INFO - Started process (PID=144) to work on /home/airflow/.local/lib/python3.12/site-packages/airflow/example_dags/example_branch_labels.py
[2024-09-22T19:36:01.802+0000] {processor.py:914} INFO - Processing file /home/airflow/.local/lib/python3.12/site-packages/airflow/example_dags/example_branch_labels.py for tasks to queue
[2024-09-22T19:36:01.803+0000] {logging_mixin.py:190} INFO - [2024-09-22T19:36:01.803+0000] {dagbag.py:587} INFO - Filling up the DagBag from /home/airflow/.local/lib/python3.12/site-packages/airflow/example_dags/example_branch_labels.py
[2024-09-22T19:36:01.809+0000] {processor.py:925} INFO - DAG(s) 'example_branch_labels' retrieved from /home/airflow/.local/lib/python3.12/site-packages/airflow/example_dags/example_branch_labels.py
[2024-09-22T19:36:01.826+0000] {logging_mixin.py:190} INFO - [2024-09-22T19:36:01.826+0000] {dag.py:3229} INFO - Sync 1 DAGs
[2024-09-22T19:36:01.845+0000] {logging_mixin.py:190} INFO - [2024-09-22T19:36:01.844+0000] {dag.py:4156} INFO - Setting next_dagrun for example_branch_labels to 2024-09-21 00:00:00+00:00, run_after=2024-09-22 00:00:00+00:00
[2024-09-22T19:36:01.859+0000] {processor.py:208} INFO - Processing /home/airflow/.local/lib/python3.12/site-packages/airflow/example_dags/example_branch_labels.py took 0.061 seconds
[2024-09-22T19:36:32.202+0000] {processor.py:186} INFO - Started process (PID=206) to work on /home/airflow/.local/lib/python3.12/site-packages/airflow/example_dags/example_branch_labels.py
[2024-09-22T19:36:32.204+0000] {processor.py:914} INFO - Processing file /home/airflow/.local/lib/python3.12/site-packages/airflow/example_dags/example_branch_labels.py for tasks to queue
[2024-09-22T19:36:32.205+0000] {logging_mixin.py:190} INFO - [2024-09-22T19:36:32.205+0000] {dagbag.py:587} INFO - Filling up the DagBag from /home/airflow/.local/lib/python3.12/site-packages/airflow/example_dags/example_branch_labels.py
[2024-09-22T19:36:32.211+0000] {processor.py:925} INFO - DAG(s) 'example_branch_labels' retrieved from /home/airflow/.local/lib/python3.12/site-packages/airflow/example_dags/example_branch_labels.py
[2024-09-22T19:36:32.222+0000] {logging_mixin.py:190} INFO - [2024-09-22T19:36:32.222+0000] {dag.py:3229} INFO - Sync 1 DAGs
[2024-09-22T19:36:32.235+0000] {logging_mixin.py:190} INFO - [2024-09-22T19:36:32.235+0000] {dag.py:4156} INFO - Setting next_dagrun for example_branch_labels to 2024-09-21 00:00:00+00:00, run_after=2024-09-22 00:00:00+00:00
[2024-09-22T19:36:32.244+0000] {processor.py:208} INFO - Processing /home/airflow/.local/lib/python3.12/site-packages/airflow/example_dags/example_branch_labels.py took 0.045 seconds
[2024-09-22T19:37:02.806+0000] {processor.py:186} INFO - Started process (PID=268) to work on /home/airflow/.local/lib/python3.12/site-packages/airflow/example_dags/example_branch_labels.py
[2024-09-22T19:37:02.807+0000] {processor.py:914} INFO - Processing file /home/airflow/.local/lib/python3.12/site-packages/airflow/example_dags/example_branch_labels.py for tasks to queue
[2024-09-22T19:37:02.808+0000] {logging_mixin.py:190} INFO - [2024-09-22T19:37:02.808+0000] {dagbag.py:587} INFO - Filling up the DagBag from /home/airflow/.local/lib/python3.12/site-packages/airflow/example_dags/example_branch_labels.py
[2024-09-22T19:37:02.813+0000] {processor.py:925} INFO - DAG(s) 'example_branch_labels' retrieved from /home/airflow/.local/lib/python3.12/site-packages/airflow/example_dags/example_branch_labels.py
[2024-09-22T19:37:02.823+0000] {logging_mixin.py:190} INFO - [2024-09-22T19:37:02.823+0000] {dag.py:3229} INFO - Sync 1 DAGs
[2024-09-22T19:37:02.837+0000] {logging_mixin.py:190} INFO - [2024-09-22T19:37:02.837+0000] {dag.py:4156} INFO - Setting next_dagrun for example_branch_labels to 2024-09-21 00:00:00+00:00, run_after=2024-09-22 00:00:00+00:00
[2024-09-22T19:37:02.848+0000] {processor.py:208} INFO - Processing /home/airflow/.local/lib/python3.12/site-packages/airflow/example_dags/example_branch_labels.py took 0.045 seconds
[2024-09-22T19:37:33.394+0000] {processor.py:186} INFO - Started process (PID=330) to work on /home/airflow/.local/lib/python3.12/site-packages/airflow/example_dags/example_branch_labels.py
[2024-09-22T19:37:33.395+0000] {processor.py:914} INFO - Processing file /home/airflow/.local/lib/python3.12/site-packages/airflow/example_dags/example_branch_labels.py for tasks to queue
[2024-09-22T19:37:33.397+0000] {logging_mixin.py:190} INFO - [2024-09-22T19:37:33.397+0000] {dagbag.py:587} INFO - Filling up the DagBag from /home/airflow/.local/lib/python3.12/site-packages/airflow/example_dags/example_branch_labels.py
[2024-09-22T19:37:33.403+0000] {processor.py:925} INFO - DAG(s) 'example_branch_labels' retrieved from /home/airflow/.local/lib/python3.12/site-packages/airflow/example_dags/example_branch_labels.py
[2024-09-22T19:37:33.417+0000] {logging_mixin.py:190} INFO - [2024-09-22T19:37:33.417+0000] {dag.py:3229} INFO - Sync 1 DAGs
[2024-09-22T19:37:33.430+0000] {logging_mixin.py:190} INFO - [2024-09-22T19:37:33.430+0000] {dag.py:4156} INFO - Setting next_dagrun for example_branch_labels to 2024-09-21 00:00:00+00:00, run_after=2024-09-22 00:00:00+00:00
[2024-09-22T19:37:33.439+0000] {processor.py:208} INFO - Processing /home/airflow/.local/lib/python3.12/site-packages/airflow/example_dags/example_branch_labels.py took 0.048 seconds
[2024-09-22T19:38:03.638+0000] {processor.py:186} INFO - Started process (PID=392) to work on /home/airflow/.local/lib/python3.12/site-packages/airflow/example_dags/example_branch_labels.py
[2024-09-22T19:38:03.640+0000] {processor.py:914} INFO - Processing file /home/airflow/.local/lib/python3.12/site-packages/airflow/example_dags/example_branch_labels.py for tasks to queue
[2024-09-22T19:38:03.641+0000] {logging_mixin.py:190} INFO - [2024-09-22T19:38:03.641+0000] {dagbag.py:587} INFO - Filling up the DagBag from /home/airflow/.local/lib/python3.12/site-packages/airflow/example_dags/example_branch_labels.py
[2024-09-22T19:38:03.646+0000] {processor.py:925} INFO - DAG(s) 'example_branch_labels' retrieved from /home/airflow/.local/lib/python3.12/site-packages/airflow/example_dags/example_branch_labels.py
[2024-09-22T19:38:03.661+0000] {logging_mixin.py:190} INFO - [2024-09-22T19:38:03.661+0000] {dag.py:3229} INFO - Sync 1 DAGs
[2024-09-22T19:38:03.673+0000] {logging_mixin.py:190} INFO - [2024-09-22T19:38:03.673+0000] {dag.py:4156} INFO - Setting next_dagrun for example_branch_labels to 2024-09-21 00:00:00+00:00, run_after=2024-09-22 00:00:00+00:00
[2024-09-22T19:38:03.681+0000] {processor.py:208} INFO - Processing /home/airflow/.local/lib/python3.12/site-packages/airflow/example_dags/example_branch_labels.py took 0.045 seconds
[2024-09-22T19:38:34.070+0000] {processor.py:186} INFO - Started process (PID=454) to work on /home/airflow/.local/lib/python3.12/site-packages/airflow/example_dags/example_branch_labels.py
[2024-09-22T19:38:34.072+0000] {processor.py:914} INFO - Processing file /home/airflow/.local/lib/python3.12/site-packages/airflow/example_dags/example_branch_labels.py for tasks to queue
[2024-09-22T19:38:34.074+0000] {logging_mixin.py:190} INFO - [2024-09-22T19:38:34.074+0000] {dagbag.py:587} INFO - Filling up the DagBag from /home/airflow/.local/lib/python3.12/site-packages/airflow/example_dags/example_branch_labels.py
[2024-09-22T19:38:34.083+0000] {processor.py:925} INFO - DAG(s) 'example_branch_labels' retrieved from /home/airflow/.local/lib/python3.12/site-packages/airflow/example_dags/example_branch_labels.py
[2024-09-22T19:38:34.095+0000] {logging_mixin.py:190} INFO - [2024-09-22T19:38:34.095+0000] {dag.py:3229} INFO - Sync 1 DAGs
[2024-09-22T19:38:34.111+0000] {logging_mixin.py:190} INFO - [2024-09-22T19:38:34.110+0000] {dag.py:4156} INFO - Setting next_dagrun for example_branch_labels to 2024-09-21 00:00:00+00:00, run_after=2024-09-22 00:00:00+00:00
[2024-09-22T19:38:34.123+0000] {processor.py:208} INFO - Processing /home/airflow/.local/lib/python3.12/site-packages/airflow/example_dags/example_branch_labels.py took 0.056 seconds
[2024-09-22T19:39:04.611+0000] {processor.py:186} INFO - Started process (PID=516) to work on /home/airflow/.local/lib/python3.12/site-packages/airflow/example_dags/example_branch_labels.py
[2024-09-22T19:39:04.611+0000] {processor.py:914} INFO - Processing file /home/airflow/.local/lib/python3.12/site-packages/airflow/example_dags/example_branch_labels.py for tasks to queue
[2024-09-22T19:39:04.614+0000] {logging_mixin.py:190} INFO - [2024-09-22T19:39:04.614+0000] {dagbag.py:587} INFO - Filling up the DagBag from /home/airflow/.local/lib/python3.12/site-packages/airflow/example_dags/example_branch_labels.py
[2024-09-22T19:39:04.619+0000] {processor.py:925} INFO - DAG(s) 'example_branch_labels' retrieved from /home/airflow/.local/lib/python3.12/site-packages/airflow/example_dags/example_branch_labels.py
[2024-09-22T19:39:04.631+0000] {logging_mixin.py:190} INFO - [2024-09-22T19:39:04.631+0000] {dag.py:3229} INFO - Sync 1 DAGs
[2024-09-22T19:39:04.645+0000] {logging_mixin.py:190} INFO - [2024-09-22T19:39:04.644+0000] {dag.py:4156} INFO - Setting next_dagrun for example_branch_labels to 2024-09-21 00:00:00+00:00, run_after=2024-09-22 00:00:00+00:00
[2024-09-22T19:39:04.654+0000] {processor.py:208} INFO - Processing /home/airflow/.local/lib/python3.12/site-packages/airflow/example_dags/example_branch_labels.py took 0.046 seconds
[2024-09-22T19:39:34.903+0000] {processor.py:186} INFO - Started process (PID=578) to work on /home/airflow/.local/lib/python3.12/site-packages/airflow/example_dags/example_branch_labels.py
[2024-09-22T19:39:34.904+0000] {processor.py:914} INFO - Processing file /home/airflow/.local/lib/python3.12/site-packages/airflow/example_dags/example_branch_labels.py for tasks to queue
[2024-09-22T19:39:34.906+0000] {logging_mixin.py:190} INFO - [2024-09-22T19:39:34.905+0000] {dagbag.py:587} INFO - Filling up the DagBag from /home/airflow/.local/lib/python3.12/site-packages/airflow/example_dags/example_branch_labels.py
[2024-09-22T19:39:34.911+0000] {processor.py:925} INFO - DAG(s) 'example_branch_labels' retrieved from /home/airflow/.local/lib/python3.12/site-packages/airflow/example_dags/example_branch_labels.py
[2024-09-22T19:39:34.927+0000] {logging_mixin.py:190} INFO - [2024-09-22T19:39:34.927+0000] {dag.py:3229} INFO - Sync 1 DAGs
[2024-09-22T19:39:34.938+0000] {logging_mixin.py:190} INFO - [2024-09-22T19:39:34.938+0000] {dag.py:4156} INFO - Setting next_dagrun for example_branch_labels to 2024-09-21 00:00:00+00:00, run_after=2024-09-22 00:00:00+00:00
[2024-09-22T19:39:34.950+0000] {processor.py:208} INFO - Processing /home/airflow/.local/lib/python3.12/site-packages/airflow/example_dags/example_branch_labels.py took 0.051 seconds
[2024-09-22T19:40:05.144+0000] {processor.py:186} INFO - Started process (PID=640) to work on /home/airflow/.local/lib/python3.12/site-packages/airflow/example_dags/example_branch_labels.py
[2024-09-22T19:40:05.145+0000] {processor.py:914} INFO - Processing file /home/airflow/.local/lib/python3.12/site-packages/airflow/example_dags/example_branch_labels.py for tasks to queue
[2024-09-22T19:40:05.146+0000] {logging_mixin.py:190} INFO - [2024-09-22T19:40:05.146+0000] {dagbag.py:587} INFO - Filling up the DagBag from /home/airflow/.local/lib/python3.12/site-packages/airflow/example_dags/example_branch_labels.py
[2024-09-22T19:40:05.151+0000] {processor.py:925} INFO - DAG(s) 'example_branch_labels' retrieved from /home/airflow/.local/lib/python3.12/site-packages/airflow/example_dags/example_branch_labels.py
[2024-09-22T19:40:05.163+0000] {logging_mixin.py:190} INFO - [2024-09-22T19:40:05.163+0000] {dag.py:3229} INFO - Sync 1 DAGs
[2024-09-22T19:40:05.175+0000] {logging_mixin.py:190} INFO - [2024-09-22T19:40:05.175+0000] {dag.py:4156} INFO - Setting next_dagrun for example_branch_labels to 2024-09-21 00:00:00+00:00, run_after=2024-09-22 00:00:00+00:00
[2024-09-22T19:40:05.185+0000] {processor.py:208} INFO - Processing /home/airflow/.local/lib/python3.12/site-packages/airflow/example_dags/example_branch_labels.py took 0.044 seconds
[2024-09-22T19:40:35.363+0000] {processor.py:186} INFO - Started process (PID=702) to work on /home/airflow/.local/lib/python3.12/site-packages/airflow/example_dags/example_branch_labels.py
[2024-09-22T19:40:35.364+0000] {processor.py:914} INFO - Processing file /home/airflow/.local/lib/python3.12/site-packages/airflow/example_dags/example_branch_labels.py for tasks to queue
[2024-09-22T19:40:35.366+0000] {logging_mixin.py:190} INFO - [2024-09-22T19:40:35.366+0000] {dagbag.py:587} INFO - Filling up the DagBag from /home/airflow/.local/lib/python3.12/site-packages/airflow/example_dags/example_branch_labels.py
[2024-09-22T19:40:35.371+0000] {processor.py:925} INFO - DAG(s) 'example_branch_labels' retrieved from /home/airflow/.local/lib/python3.12/site-packages/airflow/example_dags/example_branch_labels.py
[2024-09-22T19:40:35.383+0000] {logging_mixin.py:190} INFO - [2024-09-22T19:40:35.382+0000] {dag.py:3229} INFO - Sync 1 DAGs
[2024-09-22T19:40:35.395+0000] {logging_mixin.py:190} INFO - [2024-09-22T19:40:35.395+0000] {dag.py:4156} INFO - Setting next_dagrun for example_branch_labels to 2024-09-21 00:00:00+00:00, run_after=2024-09-22 00:00:00+00:00
[2024-09-22T19:40:35.403+0000] {processor.py:208} INFO - Processing /home/airflow/.local/lib/python3.12/site-packages/airflow/example_dags/example_branch_labels.py took 0.042 seconds
[2024-09-22T19:41:05.712+0000] {processor.py:186} INFO - Started process (PID=764) to work on /home/airflow/.local/lib/python3.12/site-packages/airflow/example_dags/example_branch_labels.py
[2024-09-22T19:41:05.714+0000] {processor.py:914} INFO - Processing file /home/airflow/.local/lib/python3.12/site-packages/airflow/example_dags/example_branch_labels.py for tasks to queue
[2024-09-22T19:41:05.715+0000] {logging_mixin.py:190} INFO - [2024-09-22T19:41:05.715+0000] {dagbag.py:587} INFO - Filling up the DagBag from /home/airflow/.local/lib/python3.12/site-packages/airflow/example_dags/example_branch_labels.py
[2024-09-22T19:41:05.722+0000] {processor.py:925} INFO - DAG(s) 'example_branch_labels' retrieved from /home/airflow/.local/lib/python3.12/site-packages/airflow/example_dags/example_branch_labels.py
[2024-09-22T19:41:05.733+0000] {logging_mixin.py:190} INFO - [2024-09-22T19:41:05.733+0000] {dag.py:3229} INFO - Sync 1 DAGs
[2024-09-22T19:41:05.746+0000] {logging_mixin.py:190} INFO - [2024-09-22T19:41:05.746+0000] {dag.py:4156} INFO - Setting next_dagrun for example_branch_labels to 2024-09-21 00:00:00+00:00, run_after=2024-09-22 00:00:00+00:00
[2024-09-22T19:41:05.755+0000] {processor.py:208} INFO - Processing /home/airflow/.local/lib/python3.12/site-packages/airflow/example_dags/example_branch_labels.py took 0.046 seconds
[2024-09-22T19:41:35.903+0000] {processor.py:186} INFO - Started process (PID=826) to work on /home/airflow/.local/lib/python3.12/site-packages/airflow/example_dags/example_branch_labels.py
[2024-09-22T19:41:35.904+0000] {processor.py:914} INFO - Processing file /home/airflow/.local/lib/python3.12/site-packages/airflow/example_dags/example_branch_labels.py for tasks to queue
[2024-09-22T19:41:35.905+0000] {logging_mixin.py:190} INFO - [2024-09-22T19:41:35.905+0000] {dagbag.py:587} INFO - Filling up the DagBag from /home/airflow/.local/lib/python3.12/site-packages/airflow/example_dags/example_branch_labels.py
[2024-09-22T19:41:35.911+0000] {processor.py:925} INFO - DAG(s) 'example_branch_labels' retrieved from /home/airflow/.local/lib/python3.12/site-packages/airflow/example_dags/example_branch_labels.py
[2024-09-22T19:41:35.923+0000] {logging_mixin.py:190} INFO - [2024-09-22T19:41:35.923+0000] {dag.py:3229} INFO - Sync 1 DAGs
[2024-09-22T19:41:35.936+0000] {logging_mixin.py:190} INFO - [2024-09-22T19:41:35.935+0000] {dag.py:4156} INFO - Setting next_dagrun for example_branch_labels to 2024-09-21 00:00:00+00:00, run_after=2024-09-22 00:00:00+00:00
[2024-09-22T19:41:35.947+0000] {processor.py:208} INFO - Processing /home/airflow/.local/lib/python3.12/site-packages/airflow/example_dags/example_branch_labels.py took 0.047 seconds
[2024-09-22T19:42:06.273+0000] {processor.py:186} INFO - Started process (PID=888) to work on /home/airflow/.local/lib/python3.12/site-packages/airflow/example_dags/example_branch_labels.py
[2024-09-22T19:42:06.275+0000] {processor.py:914} INFO - Processing file /home/airflow/.local/lib/python3.12/site-packages/airflow/example_dags/example_branch_labels.py for tasks to queue
[2024-09-22T19:42:06.277+0000] {logging_mixin.py:190} INFO - [2024-09-22T19:42:06.276+0000] {dagbag.py:587} INFO - Filling up the DagBag from /home/airflow/.local/lib/python3.12/site-packages/airflow/example_dags/example_branch_labels.py
[2024-09-22T19:42:06.282+0000] {processor.py:925} INFO - DAG(s) 'example_branch_labels' retrieved from /home/airflow/.local/lib/python3.12/site-packages/airflow/example_dags/example_branch_labels.py
[2024-09-22T19:42:06.294+0000] {logging_mixin.py:190} INFO - [2024-09-22T19:42:06.294+0000] {dag.py:3229} INFO - Sync 1 DAGs
[2024-09-22T19:42:06.307+0000] {logging_mixin.py:190} INFO - [2024-09-22T19:42:06.307+0000] {dag.py:4156} INFO - Setting next_dagrun for example_branch_labels to 2024-09-21 00:00:00+00:00, run_after=2024-09-22 00:00:00+00:00
[2024-09-22T19:42:06.317+0000] {processor.py:208} INFO - Processing /home/airflow/.local/lib/python3.12/site-packages/airflow/example_dags/example_branch_labels.py took 0.047 seconds
[2024-09-22T19:42:36.489+0000] {processor.py:186} INFO - Started process (PID=950) to work on /home/airflow/.local/lib/python3.12/site-packages/airflow/example_dags/example_branch_labels.py
[2024-09-22T19:42:36.491+0000] {processor.py:914} INFO - Processing file /home/airflow/.local/lib/python3.12/site-packages/airflow/example_dags/example_branch_labels.py for tasks to queue
[2024-09-22T19:42:36.492+0000] {logging_mixin.py:190} INFO - [2024-09-22T19:42:36.492+0000] {dagbag.py:587} INFO - Filling up the DagBag from /home/airflow/.local/lib/python3.12/site-packages/airflow/example_dags/example_branch_labels.py
[2024-09-22T19:42:36.498+0000] {processor.py:925} INFO - DAG(s) 'example_branch_labels' retrieved from /home/airflow/.local/lib/python3.12/site-packages/airflow/example_dags/example_branch_labels.py
[2024-09-22T19:42:36.509+0000] {logging_mixin.py:190} INFO - [2024-09-22T19:42:36.509+0000] {dag.py:3229} INFO - Sync 1 DAGs
[2024-09-22T19:42:36.522+0000] {logging_mixin.py:190} INFO - [2024-09-22T19:42:36.522+0000] {dag.py:4156} INFO - Setting next_dagrun for example_branch_labels to 2024-09-21 00:00:00+00:00, run_after=2024-09-22 00:00:00+00:00
[2024-09-22T19:42:36.531+0000] {processor.py:208} INFO - Processing /home/airflow/.local/lib/python3.12/site-packages/airflow/example_dags/example_branch_labels.py took 0.046 seconds
[2024-09-22T19:43:07.119+0000] {processor.py:186} INFO - Started process (PID=1012) to work on /home/airflow/.local/lib/python3.12/site-packages/airflow/example_dags/example_branch_labels.py
[2024-09-22T19:43:07.120+0000] {processor.py:914} INFO - Processing file /home/airflow/.local/lib/python3.12/site-packages/airflow/example_dags/example_branch_labels.py for tasks to queue
[2024-09-22T19:43:07.121+0000] {logging_mixin.py:190} INFO - [2024-09-22T19:43:07.121+0000] {dagbag.py:587} INFO - Filling up the DagBag from /home/airflow/.local/lib/python3.12/site-packages/airflow/example_dags/example_branch_labels.py
[2024-09-22T19:43:07.126+0000] {processor.py:925} INFO - DAG(s) 'example_branch_labels' retrieved from /home/airflow/.local/lib/python3.12/site-packages/airflow/example_dags/example_branch_labels.py
[2024-09-22T19:43:07.137+0000] {logging_mixin.py:190} INFO - [2024-09-22T19:43:07.137+0000] {dag.py:3229} INFO - Sync 1 DAGs
[2024-09-22T19:43:07.149+0000] {logging_mixin.py:190} INFO - [2024-09-22T19:43:07.149+0000] {dag.py:4156} INFO - Setting next_dagrun for example_branch_labels to 2024-09-21 00:00:00+00:00, run_after=2024-09-22 00:00:00+00:00
[2024-09-22T19:43:07.159+0000] {processor.py:208} INFO - Processing /home/airflow/.local/lib/python3.12/site-packages/airflow/example_dags/example_branch_labels.py took 0.043 seconds
[2024-09-22T19:43:37.484+0000] {processor.py:186} INFO - Started process (PID=1073) to work on /home/airflow/.local/lib/python3.12/site-packages/airflow/example_dags/example_branch_labels.py
[2024-09-22T19:43:37.486+0000] {processor.py:914} INFO - Processing file /home/airflow/.local/lib/python3.12/site-packages/airflow/example_dags/example_branch_labels.py for tasks to queue
[2024-09-22T19:43:37.487+0000] {logging_mixin.py:190} INFO - [2024-09-22T19:43:37.487+0000] {dagbag.py:587} INFO - Filling up the DagBag from /home/airflow/.local/lib/python3.12/site-packages/airflow/example_dags/example_branch_labels.py
[2024-09-22T19:43:37.494+0000] {processor.py:925} INFO - DAG(s) 'example_branch_labels' retrieved from /home/airflow/.local/lib/python3.12/site-packages/airflow/example_dags/example_branch_labels.py
[2024-09-22T19:43:37.505+0000] {logging_mixin.py:190} INFO - [2024-09-22T19:43:37.505+0000] {dag.py:3229} INFO - Sync 1 DAGs
[2024-09-22T19:43:37.519+0000] {logging_mixin.py:190} INFO - [2024-09-22T19:43:37.519+0000] {dag.py:4156} INFO - Setting next_dagrun for example_branch_labels to 2024-09-21 00:00:00+00:00, run_after=2024-09-22 00:00:00+00:00
[2024-09-22T19:43:37.530+0000] {processor.py:208} INFO - Processing /home/airflow/.local/lib/python3.12/site-packages/airflow/example_dags/example_branch_labels.py took 0.049 seconds
[2024-09-22T19:44:07.732+0000] {processor.py:186} INFO - Started process (PID=1135) to work on /home/airflow/.local/lib/python3.12/site-packages/airflow/example_dags/example_branch_labels.py
[2024-09-22T19:44:07.733+0000] {processor.py:914} INFO - Processing file /home/airflow/.local/lib/python3.12/site-packages/airflow/example_dags/example_branch_labels.py for tasks to queue
[2024-09-22T19:44:07.738+0000] {logging_mixin.py:190} INFO - [2024-09-22T19:44:07.737+0000] {dagbag.py:587} INFO - Filling up the DagBag from /home/airflow/.local/lib/python3.12/site-packages/airflow/example_dags/example_branch_labels.py
[2024-09-22T19:44:07.744+0000] {processor.py:925} INFO - DAG(s) 'example_branch_labels' retrieved from /home/airflow/.local/lib/python3.12/site-packages/airflow/example_dags/example_branch_labels.py
[2024-09-22T19:44:07.758+0000] {logging_mixin.py:190} INFO - [2024-09-22T19:44:07.758+0000] {dag.py:3229} INFO - Sync 1 DAGs
[2024-09-22T19:44:07.774+0000] {logging_mixin.py:190} INFO - [2024-09-22T19:44:07.774+0000] {dag.py:4156} INFO - Setting next_dagrun for example_branch_labels to 2024-09-21 00:00:00+00:00, run_after=2024-09-22 00:00:00+00:00
[2024-09-22T19:44:07.787+0000] {processor.py:208} INFO - Processing /home/airflow/.local/lib/python3.12/site-packages/airflow/example_dags/example_branch_labels.py took 0.060 seconds
[2024-09-22T19:44:38.076+0000] {processor.py:186} INFO - Started process (PID=1197) to work on /home/airflow/.local/lib/python3.12/site-packages/airflow/example_dags/example_branch_labels.py
[2024-09-22T19:44:38.076+0000] {processor.py:914} INFO - Processing file /home/airflow/.local/lib/python3.12/site-packages/airflow/example_dags/example_branch_labels.py for tasks to queue
[2024-09-22T19:44:38.078+0000] {logging_mixin.py:190} INFO - [2024-09-22T19:44:38.077+0000] {dagbag.py:587} INFO - Filling up the DagBag from /home/airflow/.local/lib/python3.12/site-packages/airflow/example_dags/example_branch_labels.py
[2024-09-22T19:44:38.083+0000] {processor.py:925} INFO - DAG(s) 'example_branch_labels' retrieved from /home/airflow/.local/lib/python3.12/site-packages/airflow/example_dags/example_branch_labels.py
[2024-09-22T19:44:38.093+0000] {logging_mixin.py:190} INFO - [2024-09-22T19:44:38.093+0000] {dag.py:3229} INFO - Sync 1 DAGs
[2024-09-22T19:44:38.106+0000] {logging_mixin.py:190} INFO - [2024-09-22T19:44:38.106+0000] {dag.py:4156} INFO - Setting next_dagrun for example_branch_labels to 2024-09-21 00:00:00+00:00, run_after=2024-09-22 00:00:00+00:00
[2024-09-22T19:44:38.115+0000] {processor.py:208} INFO - Processing /home/airflow/.local/lib/python3.12/site-packages/airflow/example_dags/example_branch_labels.py took 0.042 seconds
[2024-09-22T19:45:08.447+0000] {processor.py:186} INFO - Started process (PID=1259) to work on /home/airflow/.local/lib/python3.12/site-packages/airflow/example_dags/example_branch_labels.py
[2024-09-22T19:45:08.450+0000] {processor.py:914} INFO - Processing file /home/airflow/.local/lib/python3.12/site-packages/airflow/example_dags/example_branch_labels.py for tasks to queue
[2024-09-22T19:45:08.451+0000] {logging_mixin.py:190} INFO - [2024-09-22T19:45:08.451+0000] {dagbag.py:587} INFO - Filling up the DagBag from /home/airflow/.local/lib/python3.12/site-packages/airflow/example_dags/example_branch_labels.py
[2024-09-22T19:45:08.457+0000] {processor.py:925} INFO - DAG(s) 'example_branch_labels' retrieved from /home/airflow/.local/lib/python3.12/site-packages/airflow/example_dags/example_branch_labels.py
[2024-09-22T19:45:08.469+0000] {logging_mixin.py:190} INFO - [2024-09-22T19:45:08.469+0000] {dag.py:3229} INFO - Sync 1 DAGs
[2024-09-22T19:45:08.482+0000] {logging_mixin.py:190} INFO - [2024-09-22T19:45:08.482+0000] {dag.py:4156} INFO - Setting next_dagrun for example_branch_labels to 2024-09-21 00:00:00+00:00, run_after=2024-09-22 00:00:00+00:00
[2024-09-22T19:45:08.492+0000] {processor.py:208} INFO - Processing /home/airflow/.local/lib/python3.12/site-packages/airflow/example_dags/example_branch_labels.py took 0.048 seconds
[2024-09-22T19:45:38.758+0000] {processor.py:186} INFO - Started process (PID=1321) to work on /home/airflow/.local/lib/python3.12/site-packages/airflow/example_dags/example_branch_labels.py
[2024-09-22T19:45:38.759+0000] {processor.py:914} INFO - Processing file /home/airflow/.local/lib/python3.12/site-packages/airflow/example_dags/example_branch_labels.py for tasks to queue
[2024-09-22T19:45:38.760+0000] {logging_mixin.py:190} INFO - [2024-09-22T19:45:38.760+0000] {dagbag.py:587} INFO - Filling up the DagBag from /home/airflow/.local/lib/python3.12/site-packages/airflow/example_dags/example_branch_labels.py
[2024-09-22T19:45:38.771+0000] {processor.py:925} INFO - DAG(s) 'example_branch_labels' retrieved from /home/airflow/.local/lib/python3.12/site-packages/airflow/example_dags/example_branch_labels.py
[2024-09-22T19:45:38.787+0000] {logging_mixin.py:190} INFO - [2024-09-22T19:45:38.787+0000] {dag.py:3229} INFO - Sync 1 DAGs
[2024-09-22T19:45:38.799+0000] {logging_mixin.py:190} INFO - [2024-09-22T19:45:38.799+0000] {dag.py:4156} INFO - Setting next_dagrun for example_branch_labels to 2024-09-21 00:00:00+00:00, run_after=2024-09-22 00:00:00+00:00
[2024-09-22T19:45:38.809+0000] {processor.py:208} INFO - Processing /home/airflow/.local/lib/python3.12/site-packages/airflow/example_dags/example_branch_labels.py took 0.055 seconds
[2024-09-22T19:46:09.696+0000] {processor.py:186} INFO - Started process (PID=1382) to work on /home/airflow/.local/lib/python3.12/site-packages/airflow/example_dags/example_branch_labels.py
[2024-09-22T19:46:09.699+0000] {processor.py:914} INFO - Processing file /home/airflow/.local/lib/python3.12/site-packages/airflow/example_dags/example_branch_labels.py for tasks to queue
[2024-09-22T19:46:09.700+0000] {logging_mixin.py:190} INFO - [2024-09-22T19:46:09.700+0000] {dagbag.py:587} INFO - Filling up the DagBag from /home/airflow/.local/lib/python3.12/site-packages/airflow/example_dags/example_branch_labels.py
[2024-09-22T19:46:09.706+0000] {processor.py:925} INFO - DAG(s) 'example_branch_labels' retrieved from /home/airflow/.local/lib/python3.12/site-packages/airflow/example_dags/example_branch_labels.py
[2024-09-22T19:46:09.720+0000] {logging_mixin.py:190} INFO - [2024-09-22T19:46:09.720+0000] {dag.py:3229} INFO - Sync 1 DAGs
[2024-09-22T19:46:09.736+0000] {logging_mixin.py:190} INFO - [2024-09-22T19:46:09.735+0000] {dag.py:4156} INFO - Setting next_dagrun for example_branch_labels to 2024-09-21 00:00:00+00:00, run_after=2024-09-22 00:00:00+00:00
[2024-09-22T19:46:09.748+0000] {processor.py:208} INFO - Processing /home/airflow/.local/lib/python3.12/site-packages/airflow/example_dags/example_branch_labels.py took 0.057 seconds
[2024-09-22T19:46:40.227+0000] {processor.py:186} INFO - Started process (PID=1444) to work on /home/airflow/.local/lib/python3.12/site-packages/airflow/example_dags/example_branch_labels.py
[2024-09-22T19:46:40.228+0000] {processor.py:914} INFO - Processing file /home/airflow/.local/lib/python3.12/site-packages/airflow/example_dags/example_branch_labels.py for tasks to queue
[2024-09-22T19:46:40.230+0000] {logging_mixin.py:190} INFO - [2024-09-22T19:46:40.230+0000] {dagbag.py:587} INFO - Filling up the DagBag from /home/airflow/.local/lib/python3.12/site-packages/airflow/example_dags/example_branch_labels.py
[2024-09-22T19:46:40.236+0000] {processor.py:925} INFO - DAG(s) 'example_branch_labels' retrieved from /home/airflow/.local/lib/python3.12/site-packages/airflow/example_dags/example_branch_labels.py
[2024-09-22T19:46:40.252+0000] {logging_mixin.py:190} INFO - [2024-09-22T19:46:40.252+0000] {dag.py:3229} INFO - Sync 1 DAGs
[2024-09-22T19:46:40.264+0000] {logging_mixin.py:190} INFO - [2024-09-22T19:46:40.264+0000] {dag.py:4156} INFO - Setting next_dagrun for example_branch_labels to 2024-09-21 00:00:00+00:00, run_after=2024-09-22 00:00:00+00:00
[2024-09-22T19:46:40.273+0000] {processor.py:208} INFO - Processing /home/airflow/.local/lib/python3.12/site-packages/airflow/example_dags/example_branch_labels.py took 0.048 seconds
[2024-09-22T19:47:10.756+0000] {processor.py:186} INFO - Started process (PID=1506) to work on /home/airflow/.local/lib/python3.12/site-packages/airflow/example_dags/example_branch_labels.py
[2024-09-22T19:47:10.759+0000] {processor.py:914} INFO - Processing file /home/airflow/.local/lib/python3.12/site-packages/airflow/example_dags/example_branch_labels.py for tasks to queue
[2024-09-22T19:47:10.761+0000] {logging_mixin.py:190} INFO - [2024-09-22T19:47:10.760+0000] {dagbag.py:587} INFO - Filling up the DagBag from /home/airflow/.local/lib/python3.12/site-packages/airflow/example_dags/example_branch_labels.py
[2024-09-22T19:47:10.769+0000] {processor.py:925} INFO - DAG(s) 'example_branch_labels' retrieved from /home/airflow/.local/lib/python3.12/site-packages/airflow/example_dags/example_branch_labels.py
[2024-09-22T19:47:10.781+0000] {logging_mixin.py:190} INFO - [2024-09-22T19:47:10.781+0000] {dag.py:3229} INFO - Sync 1 DAGs
[2024-09-22T19:47:10.796+0000] {logging_mixin.py:190} INFO - [2024-09-22T19:47:10.796+0000] {dag.py:4156} INFO - Setting next_dagrun for example_branch_labels to 2024-09-21 00:00:00+00:00, run_after=2024-09-22 00:00:00+00:00
[2024-09-22T19:47:10.806+0000] {processor.py:208} INFO - Processing /home/airflow/.local/lib/python3.12/site-packages/airflow/example_dags/example_branch_labels.py took 0.053 seconds
[2024-09-22T19:47:41.514+0000] {processor.py:186} INFO - Started process (PID=1567) to work on /home/airflow/.local/lib/python3.12/site-packages/airflow/example_dags/example_branch_labels.py
[2024-09-22T19:47:41.516+0000] {processor.py:914} INFO - Processing file /home/airflow/.local/lib/python3.12/site-packages/airflow/example_dags/example_branch_labels.py for tasks to queue
[2024-09-22T19:47:41.518+0000] {logging_mixin.py:190} INFO - [2024-09-22T19:47:41.518+0000] {dagbag.py:587} INFO - Filling up the DagBag from /home/airflow/.local/lib/python3.12/site-packages/airflow/example_dags/example_branch_labels.py
[2024-09-22T19:47:41.524+0000] {processor.py:925} INFO - DAG(s) 'example_branch_labels' retrieved from /home/airflow/.local/lib/python3.12/site-packages/airflow/example_dags/example_branch_labels.py
[2024-09-22T19:47:41.535+0000] {logging_mixin.py:190} INFO - [2024-09-22T19:47:41.535+0000] {dag.py:3229} INFO - Sync 1 DAGs
[2024-09-22T19:47:41.549+0000] {logging_mixin.py:190} INFO - [2024-09-22T19:47:41.549+0000] {dag.py:4156} INFO - Setting next_dagrun for example_branch_labels to 2024-09-21 00:00:00+00:00, run_after=2024-09-22 00:00:00+00:00
[2024-09-22T19:47:41.560+0000] {processor.py:208} INFO - Processing /home/airflow/.local/lib/python3.12/site-packages/airflow/example_dags/example_branch_labels.py took 0.049 seconds
[2024-09-22T19:48:12.079+0000] {processor.py:186} INFO - Started process (PID=1629) to work on /home/airflow/.local/lib/python3.12/site-packages/airflow/example_dags/example_branch_labels.py
[2024-09-22T19:48:12.080+0000] {processor.py:914} INFO - Processing file /home/airflow/.local/lib/python3.12/site-packages/airflow/example_dags/example_branch_labels.py for tasks to queue
[2024-09-22T19:48:12.082+0000] {logging_mixin.py:190} INFO - [2024-09-22T19:48:12.082+0000] {dagbag.py:587} INFO - Filling up the DagBag from /home/airflow/.local/lib/python3.12/site-packages/airflow/example_dags/example_branch_labels.py
[2024-09-22T19:48:12.088+0000] {processor.py:925} INFO - DAG(s) 'example_branch_labels' retrieved from /home/airflow/.local/lib/python3.12/site-packages/airflow/example_dags/example_branch_labels.py
[2024-09-22T19:48:12.101+0000] {logging_mixin.py:190} INFO - [2024-09-22T19:48:12.101+0000] {dag.py:3229} INFO - Sync 1 DAGs
[2024-09-22T19:48:12.113+0000] {logging_mixin.py:190} INFO - [2024-09-22T19:48:12.113+0000] {dag.py:4156} INFO - Setting next_dagrun for example_branch_labels to 2024-09-21 00:00:00+00:00, run_after=2024-09-22 00:00:00+00:00
[2024-09-22T19:48:12.126+0000] {processor.py:208} INFO - Processing /home/airflow/.local/lib/python3.12/site-packages/airflow/example_dags/example_branch_labels.py took 0.050 seconds
[2024-09-22T19:48:42.328+0000] {processor.py:186} INFO - Started process (PID=1691) to work on /home/airflow/.local/lib/python3.12/site-packages/airflow/example_dags/example_branch_labels.py
[2024-09-22T19:48:42.329+0000] {processor.py:914} INFO - Processing file /home/airflow/.local/lib/python3.12/site-packages/airflow/example_dags/example_branch_labels.py for tasks to queue
[2024-09-22T19:48:42.332+0000] {logging_mixin.py:190} INFO - [2024-09-22T19:48:42.331+0000] {dagbag.py:587} INFO - Filling up the DagBag from /home/airflow/.local/lib/python3.12/site-packages/airflow/example_dags/example_branch_labels.py
[2024-09-22T19:48:42.338+0000] {processor.py:925} INFO - DAG(s) 'example_branch_labels' retrieved from /home/airflow/.local/lib/python3.12/site-packages/airflow/example_dags/example_branch_labels.py
[2024-09-22T19:48:42.351+0000] {logging_mixin.py:190} INFO - [2024-09-22T19:48:42.351+0000] {dag.py:3229} INFO - Sync 1 DAGs
[2024-09-22T19:48:42.363+0000] {logging_mixin.py:190} INFO - [2024-09-22T19:48:42.363+0000] {dag.py:4156} INFO - Setting next_dagrun for example_branch_labels to 2024-09-21 00:00:00+00:00, run_after=2024-09-22 00:00:00+00:00
[2024-09-22T19:48:42.374+0000] {processor.py:208} INFO - Processing /home/airflow/.local/lib/python3.12/site-packages/airflow/example_dags/example_branch_labels.py took 0.050 seconds
[2024-09-22T19:49:12.702+0000] {processor.py:186} INFO - Started process (PID=1753) to work on /home/airflow/.local/lib/python3.12/site-packages/airflow/example_dags/example_branch_labels.py
[2024-09-22T19:49:12.704+0000] {processor.py:914} INFO - Processing file /home/airflow/.local/lib/python3.12/site-packages/airflow/example_dags/example_branch_labels.py for tasks to queue
[2024-09-22T19:49:12.706+0000] {logging_mixin.py:190} INFO - [2024-09-22T19:49:12.705+0000] {dagbag.py:587} INFO - Filling up the DagBag from /home/airflow/.local/lib/python3.12/site-packages/airflow/example_dags/example_branch_labels.py
[2024-09-22T19:49:12.712+0000] {processor.py:925} INFO - DAG(s) 'example_branch_labels' retrieved from /home/airflow/.local/lib/python3.12/site-packages/airflow/example_dags/example_branch_labels.py
[2024-09-22T19:49:12.724+0000] {logging_mixin.py:190} INFO - [2024-09-22T19:49:12.724+0000] {dag.py:3229} INFO - Sync 1 DAGs
[2024-09-22T19:49:12.737+0000] {logging_mixin.py:190} INFO - [2024-09-22T19:49:12.737+0000] {dag.py:4156} INFO - Setting next_dagrun for example_branch_labels to 2024-09-21 00:00:00+00:00, run_after=2024-09-22 00:00:00+00:00
[2024-09-22T19:49:12.747+0000] {processor.py:208} INFO - Processing /home/airflow/.local/lib/python3.12/site-packages/airflow/example_dags/example_branch_labels.py took 0.048 seconds
[2024-09-22T19:49:43.213+0000] {processor.py:186} INFO - Started process (PID=1815) to work on /home/airflow/.local/lib/python3.12/site-packages/airflow/example_dags/example_branch_labels.py
[2024-09-22T19:49:43.214+0000] {processor.py:914} INFO - Processing file /home/airflow/.local/lib/python3.12/site-packages/airflow/example_dags/example_branch_labels.py for tasks to queue
[2024-09-22T19:49:43.215+0000] {logging_mixin.py:190} INFO - [2024-09-22T19:49:43.215+0000] {dagbag.py:587} INFO - Filling up the DagBag from /home/airflow/.local/lib/python3.12/site-packages/airflow/example_dags/example_branch_labels.py
[2024-09-22T19:49:43.220+0000] {processor.py:925} INFO - DAG(s) 'example_branch_labels' retrieved from /home/airflow/.local/lib/python3.12/site-packages/airflow/example_dags/example_branch_labels.py
[2024-09-22T19:49:43.231+0000] {logging_mixin.py:190} INFO - [2024-09-22T19:49:43.230+0000] {dag.py:3229} INFO - Sync 1 DAGs
[2024-09-22T19:49:43.242+0000] {logging_mixin.py:190} INFO - [2024-09-22T19:49:43.242+0000] {dag.py:4156} INFO - Setting next_dagrun for example_branch_labels to 2024-09-21 00:00:00+00:00, run_after=2024-09-22 00:00:00+00:00
[2024-09-22T19:49:43.249+0000] {processor.py:208} INFO - Processing /home/airflow/.local/lib/python3.12/site-packages/airflow/example_dags/example_branch_labels.py took 0.038 seconds
[2024-09-22T19:50:13.902+0000] {processor.py:186} INFO - Started process (PID=1877) to work on /home/airflow/.local/lib/python3.12/site-packages/airflow/example_dags/example_branch_labels.py
[2024-09-22T19:50:13.905+0000] {processor.py:914} INFO - Processing file /home/airflow/.local/lib/python3.12/site-packages/airflow/example_dags/example_branch_labels.py for tasks to queue
[2024-09-22T19:50:13.907+0000] {logging_mixin.py:190} INFO - [2024-09-22T19:50:13.907+0000] {dagbag.py:587} INFO - Filling up the DagBag from /home/airflow/.local/lib/python3.12/site-packages/airflow/example_dags/example_branch_labels.py
[2024-09-22T19:50:13.913+0000] {processor.py:925} INFO - DAG(s) 'example_branch_labels' retrieved from /home/airflow/.local/lib/python3.12/site-packages/airflow/example_dags/example_branch_labels.py
[2024-09-22T19:50:13.925+0000] {logging_mixin.py:190} INFO - [2024-09-22T19:50:13.925+0000] {dag.py:3229} INFO - Sync 1 DAGs
[2024-09-22T19:50:13.940+0000] {logging_mixin.py:190} INFO - [2024-09-22T19:50:13.940+0000] {dag.py:4156} INFO - Setting next_dagrun for example_branch_labels to 2024-09-21 00:00:00+00:00, run_after=2024-09-22 00:00:00+00:00
[2024-09-22T19:50:13.950+0000] {processor.py:208} INFO - Processing /home/airflow/.local/lib/python3.12/site-packages/airflow/example_dags/example_branch_labels.py took 0.051 seconds
[2024-09-22T19:50:44.404+0000] {processor.py:186} INFO - Started process (PID=1939) to work on /home/airflow/.local/lib/python3.12/site-packages/airflow/example_dags/example_branch_labels.py
[2024-09-22T19:50:44.405+0000] {processor.py:914} INFO - Processing file /home/airflow/.local/lib/python3.12/site-packages/airflow/example_dags/example_branch_labels.py for tasks to queue
[2024-09-22T19:50:44.407+0000] {logging_mixin.py:190} INFO - [2024-09-22T19:50:44.407+0000] {dagbag.py:587} INFO - Filling up the DagBag from /home/airflow/.local/lib/python3.12/site-packages/airflow/example_dags/example_branch_labels.py
[2024-09-22T19:50:44.414+0000] {processor.py:925} INFO - DAG(s) 'example_branch_labels' retrieved from /home/airflow/.local/lib/python3.12/site-packages/airflow/example_dags/example_branch_labels.py
[2024-09-22T19:50:44.431+0000] {logging_mixin.py:190} INFO - [2024-09-22T19:50:44.431+0000] {dag.py:3229} INFO - Sync 1 DAGs
[2024-09-22T19:50:44.445+0000] {logging_mixin.py:190} INFO - [2024-09-22T19:50:44.444+0000] {dag.py:4156} INFO - Setting next_dagrun for example_branch_labels to 2024-09-21 00:00:00+00:00, run_after=2024-09-22 00:00:00+00:00
[2024-09-22T19:50:44.454+0000] {processor.py:208} INFO - Processing /home/airflow/.local/lib/python3.12/site-packages/airflow/example_dags/example_branch_labels.py took 0.055 seconds
[2024-09-22T19:51:14.926+0000] {processor.py:186} INFO - Started process (PID=2001) to work on /home/airflow/.local/lib/python3.12/site-packages/airflow/example_dags/example_branch_labels.py
[2024-09-22T19:51:14.927+0000] {processor.py:914} INFO - Processing file /home/airflow/.local/lib/python3.12/site-packages/airflow/example_dags/example_branch_labels.py for tasks to queue
[2024-09-22T19:51:14.929+0000] {logging_mixin.py:190} INFO - [2024-09-22T19:51:14.929+0000] {dagbag.py:587} INFO - Filling up the DagBag from /home/airflow/.local/lib/python3.12/site-packages/airflow/example_dags/example_branch_labels.py
[2024-09-22T19:51:14.936+0000] {processor.py:925} INFO - DAG(s) 'example_branch_labels' retrieved from /home/airflow/.local/lib/python3.12/site-packages/airflow/example_dags/example_branch_labels.py
[2024-09-22T19:51:14.952+0000] {logging_mixin.py:190} INFO - [2024-09-22T19:51:14.951+0000] {dag.py:3229} INFO - Sync 1 DAGs
[2024-09-22T19:51:14.968+0000] {logging_mixin.py:190} INFO - [2024-09-22T19:51:14.968+0000] {dag.py:4156} INFO - Setting next_dagrun for example_branch_labels to 2024-09-21 00:00:00+00:00, run_after=2024-09-22 00:00:00+00:00
[2024-09-22T19:51:14.981+0000] {processor.py:208} INFO - Processing /home/airflow/.local/lib/python3.12/site-packages/airflow/example_dags/example_branch_labels.py took 0.060 seconds
[2024-09-22T19:51:45.710+0000] {processor.py:186} INFO - Started process (PID=2063) to work on /home/airflow/.local/lib/python3.12/site-packages/airflow/example_dags/example_branch_labels.py
[2024-09-22T19:51:45.710+0000] {processor.py:914} INFO - Processing file /home/airflow/.local/lib/python3.12/site-packages/airflow/example_dags/example_branch_labels.py for tasks to queue
[2024-09-22T19:51:45.712+0000] {logging_mixin.py:190} INFO - [2024-09-22T19:51:45.711+0000] {dagbag.py:587} INFO - Filling up the DagBag from /home/airflow/.local/lib/python3.12/site-packages/airflow/example_dags/example_branch_labels.py
[2024-09-22T19:51:45.717+0000] {processor.py:925} INFO - DAG(s) 'example_branch_labels' retrieved from /home/airflow/.local/lib/python3.12/site-packages/airflow/example_dags/example_branch_labels.py
[2024-09-22T19:51:45.729+0000] {logging_mixin.py:190} INFO - [2024-09-22T19:51:45.729+0000] {dag.py:3229} INFO - Sync 1 DAGs
[2024-09-22T19:51:45.743+0000] {logging_mixin.py:190} INFO - [2024-09-22T19:51:45.742+0000] {dag.py:4156} INFO - Setting next_dagrun for example_branch_labels to 2024-09-21 00:00:00+00:00, run_after=2024-09-22 00:00:00+00:00
[2024-09-22T19:51:45.752+0000] {processor.py:208} INFO - Processing /home/airflow/.local/lib/python3.12/site-packages/airflow/example_dags/example_branch_labels.py took 0.045 seconds
[2024-09-22T19:52:16.078+0000] {processor.py:186} INFO - Started process (PID=2125) to work on /home/airflow/.local/lib/python3.12/site-packages/airflow/example_dags/example_branch_labels.py
[2024-09-22T19:52:16.081+0000] {processor.py:914} INFO - Processing file /home/airflow/.local/lib/python3.12/site-packages/airflow/example_dags/example_branch_labels.py for tasks to queue
[2024-09-22T19:52:16.082+0000] {logging_mixin.py:190} INFO - [2024-09-22T19:52:16.082+0000] {dagbag.py:587} INFO - Filling up the DagBag from /home/airflow/.local/lib/python3.12/site-packages/airflow/example_dags/example_branch_labels.py
[2024-09-22T19:52:16.087+0000] {processor.py:925} INFO - DAG(s) 'example_branch_labels' retrieved from /home/airflow/.local/lib/python3.12/site-packages/airflow/example_dags/example_branch_labels.py
[2024-09-22T19:52:16.098+0000] {logging_mixin.py:190} INFO - [2024-09-22T19:52:16.098+0000] {dag.py:3229} INFO - Sync 1 DAGs
[2024-09-22T19:52:16.110+0000] {logging_mixin.py:190} INFO - [2024-09-22T19:52:16.110+0000] {dag.py:4156} INFO - Setting next_dagrun for example_branch_labels to 2024-09-21 00:00:00+00:00, run_after=2024-09-22 00:00:00+00:00
[2024-09-22T19:52:16.120+0000] {processor.py:208} INFO - Processing /home/airflow/.local/lib/python3.12/site-packages/airflow/example_dags/example_branch_labels.py took 0.045 seconds
[2024-09-22T19:52:46.574+0000] {processor.py:186} INFO - Started process (PID=2187) to work on /home/airflow/.local/lib/python3.12/site-packages/airflow/example_dags/example_branch_labels.py
[2024-09-22T19:52:46.574+0000] {processor.py:914} INFO - Processing file /home/airflow/.local/lib/python3.12/site-packages/airflow/example_dags/example_branch_labels.py for tasks to queue
[2024-09-22T19:52:46.575+0000] {logging_mixin.py:190} INFO - [2024-09-22T19:52:46.575+0000] {dagbag.py:587} INFO - Filling up the DagBag from /home/airflow/.local/lib/python3.12/site-packages/airflow/example_dags/example_branch_labels.py
[2024-09-22T19:52:46.581+0000] {processor.py:925} INFO - DAG(s) 'example_branch_labels' retrieved from /home/airflow/.local/lib/python3.12/site-packages/airflow/example_dags/example_branch_labels.py
[2024-09-22T19:52:46.592+0000] {logging_mixin.py:190} INFO - [2024-09-22T19:52:46.592+0000] {dag.py:3229} INFO - Sync 1 DAGs
[2024-09-22T19:52:46.604+0000] {logging_mixin.py:190} INFO - [2024-09-22T19:52:46.604+0000] {dag.py:4156} INFO - Setting next_dagrun for example_branch_labels to 2024-09-21 00:00:00+00:00, run_after=2024-09-22 00:00:00+00:00
[2024-09-22T19:52:46.613+0000] {processor.py:208} INFO - Processing /home/airflow/.local/lib/python3.12/site-packages/airflow/example_dags/example_branch_labels.py took 0.043 seconds
[2024-09-22T19:53:17.266+0000] {processor.py:186} INFO - Started process (PID=2249) to work on /home/airflow/.local/lib/python3.12/site-packages/airflow/example_dags/example_branch_labels.py
[2024-09-22T19:53:17.268+0000] {processor.py:914} INFO - Processing file /home/airflow/.local/lib/python3.12/site-packages/airflow/example_dags/example_branch_labels.py for tasks to queue
[2024-09-22T19:53:17.270+0000] {logging_mixin.py:190} INFO - [2024-09-22T19:53:17.270+0000] {dagbag.py:587} INFO - Filling up the DagBag from /home/airflow/.local/lib/python3.12/site-packages/airflow/example_dags/example_branch_labels.py
[2024-09-22T19:53:17.275+0000] {processor.py:925} INFO - DAG(s) 'example_branch_labels' retrieved from /home/airflow/.local/lib/python3.12/site-packages/airflow/example_dags/example_branch_labels.py
[2024-09-22T19:53:17.289+0000] {logging_mixin.py:190} INFO - [2024-09-22T19:53:17.289+0000] {dag.py:3229} INFO - Sync 1 DAGs
[2024-09-22T19:53:17.301+0000] {logging_mixin.py:190} INFO - [2024-09-22T19:53:17.301+0000] {dag.py:4156} INFO - Setting next_dagrun for example_branch_labels to 2024-09-21 00:00:00+00:00, run_after=2024-09-22 00:00:00+00:00
[2024-09-22T19:53:17.310+0000] {processor.py:208} INFO - Processing /home/airflow/.local/lib/python3.12/site-packages/airflow/example_dags/example_branch_labels.py took 0.048 seconds
[2024-09-22T19:53:47.730+0000] {processor.py:186} INFO - Started process (PID=2311) to work on /home/airflow/.local/lib/python3.12/site-packages/airflow/example_dags/example_branch_labels.py
[2024-09-22T19:53:47.731+0000] {processor.py:914} INFO - Processing file /home/airflow/.local/lib/python3.12/site-packages/airflow/example_dags/example_branch_labels.py for tasks to queue
[2024-09-22T19:53:47.732+0000] {logging_mixin.py:190} INFO - [2024-09-22T19:53:47.732+0000] {dagbag.py:587} INFO - Filling up the DagBag from /home/airflow/.local/lib/python3.12/site-packages/airflow/example_dags/example_branch_labels.py
[2024-09-22T19:53:47.737+0000] {processor.py:925} INFO - DAG(s) 'example_branch_labels' retrieved from /home/airflow/.local/lib/python3.12/site-packages/airflow/example_dags/example_branch_labels.py
[2024-09-22T19:53:47.750+0000] {logging_mixin.py:190} INFO - [2024-09-22T19:53:47.750+0000] {dag.py:3229} INFO - Sync 1 DAGs
[2024-09-22T19:53:47.763+0000] {logging_mixin.py:190} INFO - [2024-09-22T19:53:47.763+0000] {dag.py:4156} INFO - Setting next_dagrun for example_branch_labels to 2024-09-21 00:00:00+00:00, run_after=2024-09-22 00:00:00+00:00
[2024-09-22T19:53:47.771+0000] {processor.py:208} INFO - Processing /home/airflow/.local/lib/python3.12/site-packages/airflow/example_dags/example_branch_labels.py took 0.044 seconds
[2024-09-22T19:54:18.394+0000] {processor.py:186} INFO - Started process (PID=2373) to work on /home/airflow/.local/lib/python3.12/site-packages/airflow/example_dags/example_branch_labels.py
[2024-09-22T19:54:18.394+0000] {processor.py:914} INFO - Processing file /home/airflow/.local/lib/python3.12/site-packages/airflow/example_dags/example_branch_labels.py for tasks to queue
[2024-09-22T19:54:18.396+0000] {logging_mixin.py:190} INFO - [2024-09-22T19:54:18.395+0000] {dagbag.py:587} INFO - Filling up the DagBag from /home/airflow/.local/lib/python3.12/site-packages/airflow/example_dags/example_branch_labels.py
[2024-09-22T19:54:18.401+0000] {processor.py:925} INFO - DAG(s) 'example_branch_labels' retrieved from /home/airflow/.local/lib/python3.12/site-packages/airflow/example_dags/example_branch_labels.py
[2024-09-22T19:54:18.415+0000] {logging_mixin.py:190} INFO - [2024-09-22T19:54:18.414+0000] {dag.py:3229} INFO - Sync 1 DAGs
[2024-09-22T19:54:18.426+0000] {logging_mixin.py:190} INFO - [2024-09-22T19:54:18.426+0000] {dag.py:4156} INFO - Setting next_dagrun for example_branch_labels to 2024-09-21 00:00:00+00:00, run_after=2024-09-22 00:00:00+00:00
[2024-09-22T19:54:18.434+0000] {processor.py:208} INFO - Processing /home/airflow/.local/lib/python3.12/site-packages/airflow/example_dags/example_branch_labels.py took 0.043 seconds
[2024-09-22T19:54:48.940+0000] {processor.py:186} INFO - Started process (PID=2435) to work on /home/airflow/.local/lib/python3.12/site-packages/airflow/example_dags/example_branch_labels.py
[2024-09-22T19:54:48.941+0000] {processor.py:914} INFO - Processing file /home/airflow/.local/lib/python3.12/site-packages/airflow/example_dags/example_branch_labels.py for tasks to queue
[2024-09-22T19:54:48.942+0000] {logging_mixin.py:190} INFO - [2024-09-22T19:54:48.942+0000] {dagbag.py:587} INFO - Filling up the DagBag from /home/airflow/.local/lib/python3.12/site-packages/airflow/example_dags/example_branch_labels.py
[2024-09-22T19:54:48.948+0000] {processor.py:925} INFO - DAG(s) 'example_branch_labels' retrieved from /home/airflow/.local/lib/python3.12/site-packages/airflow/example_dags/example_branch_labels.py
[2024-09-22T19:54:48.961+0000] {logging_mixin.py:190} INFO - [2024-09-22T19:54:48.961+0000] {dag.py:3229} INFO - Sync 1 DAGs
[2024-09-22T19:54:48.974+0000] {logging_mixin.py:190} INFO - [2024-09-22T19:54:48.974+0000] {dag.py:4156} INFO - Setting next_dagrun for example_branch_labels to 2024-09-21 00:00:00+00:00, run_after=2024-09-22 00:00:00+00:00
[2024-09-22T19:54:48.988+0000] {processor.py:208} INFO - Processing /home/airflow/.local/lib/python3.12/site-packages/airflow/example_dags/example_branch_labels.py took 0.051 seconds
[2024-09-22T19:55:19.478+0000] {processor.py:186} INFO - Started process (PID=2497) to work on /home/airflow/.local/lib/python3.12/site-packages/airflow/example_dags/example_branch_labels.py
[2024-09-22T19:55:19.478+0000] {processor.py:914} INFO - Processing file /home/airflow/.local/lib/python3.12/site-packages/airflow/example_dags/example_branch_labels.py for tasks to queue
[2024-09-22T19:55:19.480+0000] {logging_mixin.py:190} INFO - [2024-09-22T19:55:19.479+0000] {dagbag.py:587} INFO - Filling up the DagBag from /home/airflow/.local/lib/python3.12/site-packages/airflow/example_dags/example_branch_labels.py
[2024-09-22T19:55:19.485+0000] {processor.py:925} INFO - DAG(s) 'example_branch_labels' retrieved from /home/airflow/.local/lib/python3.12/site-packages/airflow/example_dags/example_branch_labels.py
[2024-09-22T19:55:19.496+0000] {logging_mixin.py:190} INFO - [2024-09-22T19:55:19.496+0000] {dag.py:3229} INFO - Sync 1 DAGs
[2024-09-22T19:55:19.509+0000] {logging_mixin.py:190} INFO - [2024-09-22T19:55:19.509+0000] {dag.py:4156} INFO - Setting next_dagrun for example_branch_labels to 2024-09-21 00:00:00+00:00, run_after=2024-09-22 00:00:00+00:00
[2024-09-22T19:55:19.518+0000] {processor.py:208} INFO - Processing /home/airflow/.local/lib/python3.12/site-packages/airflow/example_dags/example_branch_labels.py took 0.044 seconds
[2024-09-22T19:55:49.969+0000] {processor.py:186} INFO - Started process (PID=2559) to work on /home/airflow/.local/lib/python3.12/site-packages/airflow/example_dags/example_branch_labels.py
[2024-09-22T19:55:49.970+0000] {processor.py:914} INFO - Processing file /home/airflow/.local/lib/python3.12/site-packages/airflow/example_dags/example_branch_labels.py for tasks to queue
[2024-09-22T19:55:49.971+0000] {logging_mixin.py:190} INFO - [2024-09-22T19:55:49.971+0000] {dagbag.py:587} INFO - Filling up the DagBag from /home/airflow/.local/lib/python3.12/site-packages/airflow/example_dags/example_branch_labels.py
[2024-09-22T19:55:49.980+0000] {processor.py:925} INFO - DAG(s) 'example_branch_labels' retrieved from /home/airflow/.local/lib/python3.12/site-packages/airflow/example_dags/example_branch_labels.py
[2024-09-22T19:55:49.993+0000] {logging_mixin.py:190} INFO - [2024-09-22T19:55:49.993+0000] {dag.py:3229} INFO - Sync 1 DAGs
[2024-09-22T19:55:50.006+0000] {logging_mixin.py:190} INFO - [2024-09-22T19:55:50.006+0000] {dag.py:4156} INFO - Setting next_dagrun for example_branch_labels to 2024-09-21 00:00:00+00:00, run_after=2024-09-22 00:00:00+00:00
[2024-09-22T19:55:50.019+0000] {processor.py:208} INFO - Processing /home/airflow/.local/lib/python3.12/site-packages/airflow/example_dags/example_branch_labels.py took 0.054 seconds
[2024-09-22T19:56:20.855+0000] {processor.py:186} INFO - Started process (PID=2621) to work on /home/airflow/.local/lib/python3.12/site-packages/airflow/example_dags/example_branch_labels.py
[2024-09-22T19:56:20.858+0000] {processor.py:914} INFO - Processing file /home/airflow/.local/lib/python3.12/site-packages/airflow/example_dags/example_branch_labels.py for tasks to queue
[2024-09-22T19:56:20.859+0000] {logging_mixin.py:190} INFO - [2024-09-22T19:56:20.859+0000] {dagbag.py:587} INFO - Filling up the DagBag from /home/airflow/.local/lib/python3.12/site-packages/airflow/example_dags/example_branch_labels.py
[2024-09-22T19:56:20.864+0000] {processor.py:925} INFO - DAG(s) 'example_branch_labels' retrieved from /home/airflow/.local/lib/python3.12/site-packages/airflow/example_dags/example_branch_labels.py
[2024-09-22T19:56:20.877+0000] {logging_mixin.py:190} INFO - [2024-09-22T19:56:20.877+0000] {dag.py:3229} INFO - Sync 1 DAGs
[2024-09-22T19:56:20.894+0000] {logging_mixin.py:190} INFO - [2024-09-22T19:56:20.894+0000] {dag.py:4156} INFO - Setting next_dagrun for example_branch_labels to 2024-09-21 00:00:00+00:00, run_after=2024-09-22 00:00:00+00:00
[2024-09-22T19:56:20.906+0000] {processor.py:208} INFO - Processing /home/airflow/.local/lib/python3.12/site-packages/airflow/example_dags/example_branch_labels.py took 0.054 seconds
[2024-09-22T19:56:51.632+0000] {processor.py:186} INFO - Started process (PID=2683) to work on /home/airflow/.local/lib/python3.12/site-packages/airflow/example_dags/example_branch_labels.py
[2024-09-22T19:56:51.633+0000] {processor.py:914} INFO - Processing file /home/airflow/.local/lib/python3.12/site-packages/airflow/example_dags/example_branch_labels.py for tasks to queue
[2024-09-22T19:56:51.635+0000] {logging_mixin.py:190} INFO - [2024-09-22T19:56:51.634+0000] {dagbag.py:587} INFO - Filling up the DagBag from /home/airflow/.local/lib/python3.12/site-packages/airflow/example_dags/example_branch_labels.py
[2024-09-22T19:56:51.641+0000] {processor.py:925} INFO - DAG(s) 'example_branch_labels' retrieved from /home/airflow/.local/lib/python3.12/site-packages/airflow/example_dags/example_branch_labels.py
[2024-09-22T19:56:51.653+0000] {logging_mixin.py:190} INFO - [2024-09-22T19:56:51.652+0000] {dag.py:3229} INFO - Sync 1 DAGs
[2024-09-22T19:56:51.667+0000] {logging_mixin.py:190} INFO - [2024-09-22T19:56:51.667+0000] {dag.py:4156} INFO - Setting next_dagrun for example_branch_labels to 2024-09-21 00:00:00+00:00, run_after=2024-09-22 00:00:00+00:00
[2024-09-22T19:56:51.678+0000] {processor.py:208} INFO - Processing /home/airflow/.local/lib/python3.12/site-packages/airflow/example_dags/example_branch_labels.py took 0.049 seconds
[2024-09-22T19:57:22.452+0000] {processor.py:186} INFO - Started process (PID=2745) to work on /home/airflow/.local/lib/python3.12/site-packages/airflow/example_dags/example_branch_labels.py
[2024-09-22T19:57:22.453+0000] {processor.py:914} INFO - Processing file /home/airflow/.local/lib/python3.12/site-packages/airflow/example_dags/example_branch_labels.py for tasks to queue
[2024-09-22T19:57:22.454+0000] {logging_mixin.py:190} INFO - [2024-09-22T19:57:22.454+0000] {dagbag.py:587} INFO - Filling up the DagBag from /home/airflow/.local/lib/python3.12/site-packages/airflow/example_dags/example_branch_labels.py
[2024-09-22T19:57:22.460+0000] {processor.py:925} INFO - DAG(s) 'example_branch_labels' retrieved from /home/airflow/.local/lib/python3.12/site-packages/airflow/example_dags/example_branch_labels.py
[2024-09-22T19:57:22.475+0000] {logging_mixin.py:190} INFO - [2024-09-22T19:57:22.474+0000] {dag.py:3229} INFO - Sync 1 DAGs
[2024-09-22T19:57:22.485+0000] {logging_mixin.py:190} INFO - [2024-09-22T19:57:22.485+0000] {dag.py:4156} INFO - Setting next_dagrun for example_branch_labels to 2024-09-21 00:00:00+00:00, run_after=2024-09-22 00:00:00+00:00
[2024-09-22T19:57:22.497+0000] {processor.py:208} INFO - Processing /home/airflow/.local/lib/python3.12/site-packages/airflow/example_dags/example_branch_labels.py took 0.048 seconds
[2024-09-22T19:57:53.871+0000] {processor.py:186} INFO - Started process (PID=2807) to work on /home/airflow/.local/lib/python3.12/site-packages/airflow/example_dags/example_branch_labels.py
[2024-09-22T19:57:53.872+0000] {processor.py:914} INFO - Processing file /home/airflow/.local/lib/python3.12/site-packages/airflow/example_dags/example_branch_labels.py for tasks to queue
[2024-09-22T19:57:53.874+0000] {logging_mixin.py:190} INFO - [2024-09-22T19:57:53.873+0000] {dagbag.py:587} INFO - Filling up the DagBag from /home/airflow/.local/lib/python3.12/site-packages/airflow/example_dags/example_branch_labels.py
[2024-09-22T19:57:53.881+0000] {processor.py:925} INFO - DAG(s) 'example_branch_labels' retrieved from /home/airflow/.local/lib/python3.12/site-packages/airflow/example_dags/example_branch_labels.py
[2024-09-22T19:57:53.893+0000] {logging_mixin.py:190} INFO - [2024-09-22T19:57:53.893+0000] {dag.py:3229} INFO - Sync 1 DAGs
[2024-09-22T19:57:53.904+0000] {logging_mixin.py:190} INFO - [2024-09-22T19:57:53.904+0000] {dag.py:4156} INFO - Setting next_dagrun for example_branch_labels to 2024-09-21 00:00:00+00:00, run_after=2024-09-22 00:00:00+00:00
[2024-09-22T19:57:53.913+0000] {processor.py:208} INFO - Processing /home/airflow/.local/lib/python3.12/site-packages/airflow/example_dags/example_branch_labels.py took 0.046 seconds
[2024-09-22T20:46:45.798+0000] {processor.py:186} INFO - Started process (PID=2868) to work on /home/airflow/.local/lib/python3.12/site-packages/airflow/example_dags/example_branch_labels.py
[2024-09-22T20:46:45.798+0000] {processor.py:914} INFO - Processing file /home/airflow/.local/lib/python3.12/site-packages/airflow/example_dags/example_branch_labels.py for tasks to queue
[2024-09-22T20:46:45.799+0000] {logging_mixin.py:190} INFO - [2024-09-22T20:46:45.799+0000] {dagbag.py:587} INFO - Filling up the DagBag from /home/airflow/.local/lib/python3.12/site-packages/airflow/example_dags/example_branch_labels.py
[2024-09-22T20:46:45.804+0000] {processor.py:925} INFO - DAG(s) 'example_branch_labels' retrieved from /home/airflow/.local/lib/python3.12/site-packages/airflow/example_dags/example_branch_labels.py
[2024-09-22T20:46:45.817+0000] {logging_mixin.py:190} INFO - [2024-09-22T20:46:45.817+0000] {dag.py:3229} INFO - Sync 1 DAGs
[2024-09-22T20:46:45.829+0000] {logging_mixin.py:190} INFO - [2024-09-22T20:46:45.829+0000] {dag.py:4156} INFO - Setting next_dagrun for example_branch_labels to 2024-09-21 00:00:00+00:00, run_after=2024-09-22 00:00:00+00:00
[2024-09-22T20:46:45.839+0000] {processor.py:208} INFO - Processing /home/airflow/.local/lib/python3.12/site-packages/airflow/example_dags/example_branch_labels.py took 0.044 seconds
[2024-09-22T21:58:47.942+0000] {processor.py:186} INFO - Started process (PID=2930) to work on /home/airflow/.local/lib/python3.12/site-packages/airflow/example_dags/example_branch_labels.py
[2024-09-22T21:58:47.944+0000] {processor.py:914} INFO - Processing file /home/airflow/.local/lib/python3.12/site-packages/airflow/example_dags/example_branch_labels.py for tasks to queue
[2024-09-22T21:58:47.945+0000] {logging_mixin.py:190} INFO - [2024-09-22T21:58:47.945+0000] {dagbag.py:587} INFO - Filling up the DagBag from /home/airflow/.local/lib/python3.12/site-packages/airflow/example_dags/example_branch_labels.py
[2024-09-22T21:58:47.953+0000] {processor.py:925} INFO - DAG(s) 'example_branch_labels' retrieved from /home/airflow/.local/lib/python3.12/site-packages/airflow/example_dags/example_branch_labels.py
[2024-09-22T21:58:47.966+0000] {logging_mixin.py:190} INFO - [2024-09-22T21:58:47.966+0000] {dag.py:3229} INFO - Sync 1 DAGs
[2024-09-22T21:58:47.977+0000] {logging_mixin.py:190} INFO - [2024-09-22T21:58:47.976+0000] {dag.py:4156} INFO - Setting next_dagrun for example_branch_labels to 2024-09-21 00:00:00+00:00, run_after=2024-09-22 00:00:00+00:00
[2024-09-22T21:58:47.988+0000] {processor.py:208} INFO - Processing /home/airflow/.local/lib/python3.12/site-packages/airflow/example_dags/example_branch_labels.py took 0.049 seconds
[2024-09-22T23:25:50.526+0000] {processor.py:186} INFO - Started process (PID=2992) to work on /home/airflow/.local/lib/python3.12/site-packages/airflow/example_dags/example_branch_labels.py
[2024-09-22T23:25:50.527+0000] {processor.py:914} INFO - Processing file /home/airflow/.local/lib/python3.12/site-packages/airflow/example_dags/example_branch_labels.py for tasks to queue
[2024-09-22T23:25:50.528+0000] {logging_mixin.py:190} INFO - [2024-09-22T23:25:50.528+0000] {dagbag.py:587} INFO - Filling up the DagBag from /home/airflow/.local/lib/python3.12/site-packages/airflow/example_dags/example_branch_labels.py
[2024-09-22T23:25:50.533+0000] {processor.py:925} INFO - DAG(s) 'example_branch_labels' retrieved from /home/airflow/.local/lib/python3.12/site-packages/airflow/example_dags/example_branch_labels.py
[2024-09-22T23:25:50.544+0000] {logging_mixin.py:190} INFO - [2024-09-22T23:25:50.544+0000] {dag.py:3229} INFO - Sync 1 DAGs
[2024-09-22T23:25:50.556+0000] {logging_mixin.py:190} INFO - [2024-09-22T23:25:50.556+0000] {dag.py:4156} INFO - Setting next_dagrun for example_branch_labels to 2024-09-21 00:00:00+00:00, run_after=2024-09-22 00:00:00+00:00
[2024-09-22T23:25:50.567+0000] {processor.py:208} INFO - Processing /home/airflow/.local/lib/python3.12/site-packages/airflow/example_dags/example_branch_labels.py took 0.045 seconds
