[2024-09-22T19:35:31.249+0000] {processor.py:186} INFO - Started process (PID=84) to work on /home/airflow/.local/lib/python3.12/site-packages/airflow/example_dags/example_xcom.py
[2024-09-22T19:35:31.249+0000] {processor.py:914} INFO - Processing file /home/airflow/.local/lib/python3.12/site-packages/airflow/example_dags/example_xcom.py for tasks to queue
[2024-09-22T19:35:31.250+0000] {logging_mixin.py:190} INFO - [2024-09-22T19:35:31.250+0000] {dagbag.py:587} INFO - Filling up the DagBag from /home/airflow/.local/lib/python3.12/site-packages/airflow/example_dags/example_xcom.py
[2024-09-22T19:35:31.256+0000] {processor.py:925} INFO - DAG(s) 'example_xcom' retrieved from /home/airflow/.local/lib/python3.12/site-packages/airflow/example_dags/example_xcom.py
[2024-09-22T19:35:31.323+0000] {logging_mixin.py:190} INFO - [2024-09-22T19:35:31.323+0000] {override.py:1900} INFO - Created Permission View: can read on DAG:example_xcom
[2024-09-22T19:35:31.335+0000] {logging_mixin.py:190} INFO - [2024-09-22T19:35:31.335+0000] {override.py:1900} INFO - Created Permission View: can edit on DAG:example_xcom
[2024-09-22T19:35:31.338+0000] {logging_mixin.py:190} INFO - [2024-09-22T19:35:31.338+0000] {override.py:1900} INFO - Created Permission View: can delete on DAG:example_xcom
[2024-09-22T19:35:31.343+0000] {logging_mixin.py:190} INFO - [2024-09-22T19:35:31.343+0000] {override.py:1900} INFO - Created Permission View: can read on DAG Run:example_xcom
[2024-09-22T19:35:31.347+0000] {logging_mixin.py:190} INFO - [2024-09-22T19:35:31.347+0000] {override.py:1900} INFO - Created Permission View: menu access on DAG Run:example_xcom
[2024-09-22T19:35:31.352+0000] {logging_mixin.py:190} INFO - [2024-09-22T19:35:31.351+0000] {override.py:1900} INFO - Created Permission View: can delete on DAG Run:example_xcom
[2024-09-22T19:35:31.356+0000] {logging_mixin.py:190} INFO - [2024-09-22T19:35:31.356+0000] {override.py:1900} INFO - Created Permission View: can create on DAG Run:example_xcom
[2024-09-22T19:35:31.357+0000] {logging_mixin.py:190} INFO - [2024-09-22T19:35:31.357+0000] {dag.py:3229} INFO - Sync 1 DAGs
[2024-09-22T19:35:31.364+0000] {logging_mixin.py:190} INFO - [2024-09-22T19:35:31.364+0000] {dag.py:3252} INFO - Creating ORM DAG for example_xcom
[2024-09-22T19:35:31.372+0000] {logging_mixin.py:190} INFO - [2024-09-22T19:35:31.372+0000] {dag.py:4156} INFO - Setting next_dagrun for example_xcom to 2021-01-01 00:00:00+00:00, run_after=2021-01-01 00:00:00+00:00
[2024-09-22T19:35:31.383+0000] {processor.py:208} INFO - Processing /home/airflow/.local/lib/python3.12/site-packages/airflow/example_dags/example_xcom.py took 0.138 seconds
[2024-09-22T19:36:01.874+0000] {processor.py:186} INFO - Started process (PID=146) to work on /home/airflow/.local/lib/python3.12/site-packages/airflow/example_dags/example_xcom.py
[2024-09-22T19:36:01.875+0000] {processor.py:914} INFO - Processing file /home/airflow/.local/lib/python3.12/site-packages/airflow/example_dags/example_xcom.py for tasks to queue
[2024-09-22T19:36:01.876+0000] {logging_mixin.py:190} INFO - [2024-09-22T19:36:01.876+0000] {dagbag.py:587} INFO - Filling up the DagBag from /home/airflow/.local/lib/python3.12/site-packages/airflow/example_dags/example_xcom.py
[2024-09-22T19:36:01.881+0000] {processor.py:925} INFO - DAG(s) 'example_xcom' retrieved from /home/airflow/.local/lib/python3.12/site-packages/airflow/example_dags/example_xcom.py
[2024-09-22T19:36:01.897+0000] {logging_mixin.py:190} INFO - [2024-09-22T19:36:01.896+0000] {dag.py:3229} INFO - Sync 1 DAGs
[2024-09-22T19:36:01.910+0000] {logging_mixin.py:190} INFO - [2024-09-22T19:36:01.910+0000] {dag.py:4156} INFO - Setting next_dagrun for example_xcom to 2021-01-01 00:00:00+00:00, run_after=2021-01-01 00:00:00+00:00
[2024-09-22T19:36:01.922+0000] {processor.py:208} INFO - Processing /home/airflow/.local/lib/python3.12/site-packages/airflow/example_dags/example_xcom.py took 0.051 seconds
[2024-09-22T19:36:32.259+0000] {processor.py:186} INFO - Started process (PID=208) to work on /home/airflow/.local/lib/python3.12/site-packages/airflow/example_dags/example_xcom.py
[2024-09-22T19:36:32.260+0000] {processor.py:914} INFO - Processing file /home/airflow/.local/lib/python3.12/site-packages/airflow/example_dags/example_xcom.py for tasks to queue
[2024-09-22T19:36:32.263+0000] {logging_mixin.py:190} INFO - [2024-09-22T19:36:32.263+0000] {dagbag.py:587} INFO - Filling up the DagBag from /home/airflow/.local/lib/python3.12/site-packages/airflow/example_dags/example_xcom.py
[2024-09-22T19:36:32.269+0000] {processor.py:925} INFO - DAG(s) 'example_xcom' retrieved from /home/airflow/.local/lib/python3.12/site-packages/airflow/example_dags/example_xcom.py
[2024-09-22T19:36:32.284+0000] {logging_mixin.py:190} INFO - [2024-09-22T19:36:32.284+0000] {dag.py:3229} INFO - Sync 1 DAGs
[2024-09-22T19:36:32.296+0000] {logging_mixin.py:190} INFO - [2024-09-22T19:36:32.296+0000] {dag.py:4156} INFO - Setting next_dagrun for example_xcom to 2021-01-01 00:00:00+00:00, run_after=2021-01-01 00:00:00+00:00
[2024-09-22T19:36:32.305+0000] {processor.py:208} INFO - Processing /home/airflow/.local/lib/python3.12/site-packages/airflow/example_dags/example_xcom.py took 0.050 seconds
