[2024-09-22T19:35:27.622+0000] {processor.py:186} INFO - Started process (PID=53) to work on /home/airflow/.local/lib/python3.12/site-packages/airflow/example_dags/example_branch_operator.py
[2024-09-22T19:35:27.624+0000] {processor.py:914} INFO - Processing file /home/airflow/.local/lib/python3.12/site-packages/airflow/example_dags/example_branch_operator.py for tasks to queue
[2024-09-22T19:35:27.626+0000] {logging_mixin.py:190} INFO - [2024-09-22T19:35:27.626+0000] {dagbag.py:587} INFO - Filling up the DagBag from /home/airflow/.local/lib/python3.12/site-packages/airflow/example_dags/example_branch_operator.py
[2024-09-22T19:35:27.658+0000] {processor.py:925} INFO - DAG(s) 'example_branch_operator' retrieved from /home/airflow/.local/lib/python3.12/site-packages/airflow/example_dags/example_branch_operator.py
[2024-09-22T19:35:27.793+0000] {logging_mixin.py:190} INFO - [2024-09-22T19:35:27.791+0000] {override.py:1900} INFO - Created Permission View: can read on DAG:example_branch_operator
[2024-09-22T19:35:27.806+0000] {logging_mixin.py:190} INFO - [2024-09-22T19:35:27.805+0000] {override.py:1900} INFO - Created Permission View: can edit on DAG:example_branch_operator
[2024-09-22T19:35:27.815+0000] {logging_mixin.py:190} INFO - [2024-09-22T19:35:27.815+0000] {override.py:1900} INFO - Created Permission View: can delete on DAG:example_branch_operator
[2024-09-22T19:35:27.822+0000] {logging_mixin.py:190} INFO - [2024-09-22T19:35:27.822+0000] {override.py:1900} INFO - Created Permission View: can read on DAG Run:example_branch_operator
[2024-09-22T19:35:27.829+0000] {logging_mixin.py:190} INFO - [2024-09-22T19:35:27.829+0000] {override.py:1900} INFO - Created Permission View: menu access on DAG Run:example_branch_operator
[2024-09-22T19:35:27.835+0000] {logging_mixin.py:190} INFO - [2024-09-22T19:35:27.835+0000] {override.py:1900} INFO - Created Permission View: can delete on DAG Run:example_branch_operator
[2024-09-22T19:35:27.841+0000] {logging_mixin.py:190} INFO - [2024-09-22T19:35:27.840+0000] {override.py:1900} INFO - Created Permission View: can create on DAG Run:example_branch_operator
[2024-09-22T19:35:27.842+0000] {logging_mixin.py:190} INFO - [2024-09-22T19:35:27.841+0000] {dag.py:3229} INFO - Sync 1 DAGs
[2024-09-22T19:35:27.850+0000] {logging_mixin.py:190} INFO - [2024-09-22T19:35:27.850+0000] {dag.py:3252} INFO - Creating ORM DAG for example_branch_operator
[2024-09-22T19:35:27.860+0000] {logging_mixin.py:190} INFO - [2024-09-22T19:35:27.860+0000] {dag.py:4156} INFO - Setting next_dagrun for example_branch_operator to 2024-09-21 00:00:00+00:00, run_after=2024-09-22 00:00:00+00:00
[2024-09-22T19:35:27.873+0000] {processor.py:208} INFO - Processing /home/airflow/.local/lib/python3.12/site-packages/airflow/example_dags/example_branch_operator.py took 0.256 seconds
[2024-09-22T19:35:58.778+0000] {processor.py:186} INFO - Started process (PID=115) to work on /home/airflow/.local/lib/python3.12/site-packages/airflow/example_dags/example_branch_operator.py
[2024-09-22T19:35:58.779+0000] {processor.py:914} INFO - Processing file /home/airflow/.local/lib/python3.12/site-packages/airflow/example_dags/example_branch_operator.py for tasks to queue
[2024-09-22T19:35:58.781+0000] {logging_mixin.py:190} INFO - [2024-09-22T19:35:58.781+0000] {dagbag.py:587} INFO - Filling up the DagBag from /home/airflow/.local/lib/python3.12/site-packages/airflow/example_dags/example_branch_operator.py
[2024-09-22T19:35:58.802+0000] {processor.py:925} INFO - DAG(s) 'example_branch_operator' retrieved from /home/airflow/.local/lib/python3.12/site-packages/airflow/example_dags/example_branch_operator.py
[2024-09-22T19:35:58.825+0000] {logging_mixin.py:190} INFO - [2024-09-22T19:35:58.825+0000] {dag.py:3229} INFO - Sync 1 DAGs
[2024-09-22T19:35:58.838+0000] {logging_mixin.py:190} INFO - [2024-09-22T19:35:58.838+0000] {dag.py:4156} INFO - Setting next_dagrun for example_branch_operator to 2024-09-21 00:00:00+00:00, run_after=2024-09-22 00:00:00+00:00
[2024-09-22T19:35:58.851+0000] {processor.py:208} INFO - Processing /home/airflow/.local/lib/python3.12/site-packages/airflow/example_dags/example_branch_operator.py took 0.079 seconds
[2024-09-22T19:36:29.311+0000] {processor.py:186} INFO - Started process (PID=183) to work on /home/airflow/.local/lib/python3.12/site-packages/airflow/example_dags/example_branch_operator.py
[2024-09-22T19:36:29.312+0000] {processor.py:914} INFO - Processing file /home/airflow/.local/lib/python3.12/site-packages/airflow/example_dags/example_branch_operator.py for tasks to queue
[2024-09-22T19:36:29.314+0000] {logging_mixin.py:190} INFO - [2024-09-22T19:36:29.314+0000] {dagbag.py:587} INFO - Filling up the DagBag from /home/airflow/.local/lib/python3.12/site-packages/airflow/example_dags/example_branch_operator.py
[2024-09-22T19:36:29.332+0000] {processor.py:925} INFO - DAG(s) 'example_branch_operator' retrieved from /home/airflow/.local/lib/python3.12/site-packages/airflow/example_dags/example_branch_operator.py
[2024-09-22T19:36:29.356+0000] {logging_mixin.py:190} INFO - [2024-09-22T19:36:29.356+0000] {dag.py:3229} INFO - Sync 1 DAGs
[2024-09-22T19:36:29.374+0000] {logging_mixin.py:190} INFO - [2024-09-22T19:36:29.374+0000] {dag.py:4156} INFO - Setting next_dagrun for example_branch_operator to 2024-09-21 00:00:00+00:00, run_after=2024-09-22 00:00:00+00:00
[2024-09-22T19:36:29.386+0000] {processor.py:208} INFO - Processing /home/airflow/.local/lib/python3.12/site-packages/airflow/example_dags/example_branch_operator.py took 0.081 seconds
