[2024-09-22T19:35:27.674+0000] {processor.py:186} INFO - Started process (PID=54) to work on /home/airflow/.local/lib/python3.12/site-packages/airflow/example_dags/example_branch_datetime_operator.py
[2024-09-22T19:35:27.679+0000] {processor.py:914} INFO - Processing file /home/airflow/.local/lib/python3.12/site-packages/airflow/example_dags/example_branch_datetime_operator.py for tasks to queue
[2024-09-22T19:35:27.681+0000] {logging_mixin.py:190} INFO - [2024-09-22T19:35:27.681+0000] {dagbag.py:587} INFO - Filling up the DagBag from /home/airflow/.local/lib/python3.12/site-packages/airflow/example_dags/example_branch_datetime_operator.py
[2024-09-22T19:35:27.710+0000] {processor.py:925} INFO - DAG(s) 'example_branch_datetime_operator', 'example_branch_datetime_operator_2', 'example_branch_datetime_operator_3' retrieved from /home/airflow/.local/lib/python3.12/site-packages/airflow/example_dags/example_branch_datetime_operator.py
[2024-09-22T19:35:27.821+0000] {logging_mixin.py:190} INFO - [2024-09-22T19:35:27.821+0000] {override.py:1900} INFO - Created Permission View: can read on DAG:example_branch_datetime_operator
[2024-09-22T19:35:27.831+0000] {logging_mixin.py:190} INFO - [2024-09-22T19:35:27.831+0000] {override.py:1900} INFO - Created Permission View: can edit on DAG:example_branch_datetime_operator
[2024-09-22T19:35:27.837+0000] {logging_mixin.py:190} INFO - [2024-09-22T19:35:27.837+0000] {override.py:1900} INFO - Created Permission View: can delete on DAG:example_branch_datetime_operator
[2024-09-22T19:35:27.843+0000] {logging_mixin.py:190} INFO - [2024-09-22T19:35:27.843+0000] {override.py:1900} INFO - Created Permission View: can read on DAG Run:example_branch_datetime_operator
[2024-09-22T19:35:27.854+0000] {logging_mixin.py:190} INFO - [2024-09-22T19:35:27.854+0000] {override.py:1900} INFO - Created Permission View: menu access on DAG Run:example_branch_datetime_operator
[2024-09-22T19:35:27.859+0000] {logging_mixin.py:190} INFO - [2024-09-22T19:35:27.859+0000] {override.py:1900} INFO - Created Permission View: can delete on DAG Run:example_branch_datetime_operator
[2024-09-22T19:35:27.864+0000] {logging_mixin.py:190} INFO - [2024-09-22T19:35:27.864+0000] {override.py:1900} INFO - Created Permission View: can create on DAG Run:example_branch_datetime_operator
[2024-09-22T19:35:27.874+0000] {logging_mixin.py:190} INFO - [2024-09-22T19:35:27.873+0000] {override.py:1900} INFO - Created Permission View: can read on DAG:example_branch_datetime_operator_2
[2024-09-22T19:35:27.883+0000] {logging_mixin.py:190} INFO - [2024-09-22T19:35:27.882+0000] {override.py:1900} INFO - Created Permission View: can edit on DAG:example_branch_datetime_operator_2
[2024-09-22T19:35:27.887+0000] {logging_mixin.py:190} INFO - [2024-09-22T19:35:27.887+0000] {override.py:1900} INFO - Created Permission View: can delete on DAG:example_branch_datetime_operator_2
[2024-09-22T19:35:27.901+0000] {logging_mixin.py:190} INFO - [2024-09-22T19:35:27.901+0000] {override.py:1900} INFO - Created Permission View: can read on DAG Run:example_branch_datetime_operator_2
[2024-09-22T19:35:27.907+0000] {logging_mixin.py:190} INFO - [2024-09-22T19:35:27.907+0000] {override.py:1900} INFO - Created Permission View: menu access on DAG Run:example_branch_datetime_operator_2
[2024-09-22T19:35:27.916+0000] {logging_mixin.py:190} INFO - [2024-09-22T19:35:27.916+0000] {override.py:1900} INFO - Created Permission View: can delete on DAG Run:example_branch_datetime_operator_2
[2024-09-22T19:35:27.925+0000] {logging_mixin.py:190} INFO - [2024-09-22T19:35:27.925+0000] {override.py:1900} INFO - Created Permission View: can create on DAG Run:example_branch_datetime_operator_2
[2024-09-22T19:35:27.943+0000] {logging_mixin.py:190} INFO - [2024-09-22T19:35:27.943+0000] {override.py:1900} INFO - Created Permission View: can read on DAG:example_branch_datetime_operator_3
[2024-09-22T19:35:27.950+0000] {logging_mixin.py:190} INFO - [2024-09-22T19:35:27.949+0000] {override.py:1900} INFO - Created Permission View: can edit on DAG:example_branch_datetime_operator_3
[2024-09-22T19:35:27.957+0000] {logging_mixin.py:190} INFO - [2024-09-22T19:35:27.957+0000] {override.py:1900} INFO - Created Permission View: can delete on DAG:example_branch_datetime_operator_3
[2024-09-22T19:35:27.965+0000] {logging_mixin.py:190} INFO - [2024-09-22T19:35:27.964+0000] {override.py:1900} INFO - Created Permission View: can read on DAG Run:example_branch_datetime_operator_3
[2024-09-22T19:35:27.971+0000] {logging_mixin.py:190} INFO - [2024-09-22T19:35:27.971+0000] {override.py:1900} INFO - Created Permission View: menu access on DAG Run:example_branch_datetime_operator_3
[2024-09-22T19:35:27.982+0000] {logging_mixin.py:190} INFO - [2024-09-22T19:35:27.982+0000] {override.py:1900} INFO - Created Permission View: can delete on DAG Run:example_branch_datetime_operator_3
[2024-09-22T19:35:27.995+0000] {logging_mixin.py:190} INFO - [2024-09-22T19:35:27.995+0000] {override.py:1900} INFO - Created Permission View: can create on DAG Run:example_branch_datetime_operator_3
[2024-09-22T19:35:27.996+0000] {logging_mixin.py:190} INFO - [2024-09-22T19:35:27.996+0000] {dag.py:3229} INFO - Sync 3 DAGs
[2024-09-22T19:35:28.012+0000] {logging_mixin.py:190} INFO - [2024-09-22T19:35:28.012+0000] {dag.py:3252} INFO - Creating ORM DAG for example_branch_datetime_operator_2
[2024-09-22T19:35:28.013+0000] {logging_mixin.py:190} INFO - [2024-09-22T19:35:28.013+0000] {dag.py:3252} INFO - Creating ORM DAG for example_branch_datetime_operator_3
[2024-09-22T19:35:28.013+0000] {logging_mixin.py:190} INFO - [2024-09-22T19:35:28.013+0000] {dag.py:3252} INFO - Creating ORM DAG for example_branch_datetime_operator
[2024-09-22T19:35:28.033+0000] {logging_mixin.py:190} INFO - [2024-09-22T19:35:28.033+0000] {dag.py:4156} INFO - Setting next_dagrun for example_branch_datetime_operator to 2024-09-21 00:00:00+00:00, run_after=2024-09-22 00:00:00+00:00
[2024-09-22T19:35:28.035+0000] {logging_mixin.py:190} INFO - [2024-09-22T19:35:28.035+0000] {dag.py:4156} INFO - Setting next_dagrun for example_branch_datetime_operator_2 to 2024-09-21 00:00:00+00:00, run_after=2024-09-22 00:00:00+00:00
[2024-09-22T19:35:28.039+0000] {logging_mixin.py:190} INFO - [2024-09-22T19:35:28.039+0000] {dag.py:4156} INFO - Setting next_dagrun for example_branch_datetime_operator_3 to 2024-09-21 00:00:00+00:00, run_after=2024-09-22 00:00:00+00:00
[2024-09-22T19:35:28.069+0000] {processor.py:208} INFO - Processing /home/airflow/.local/lib/python3.12/site-packages/airflow/example_dags/example_branch_datetime_operator.py took 0.405 seconds
[2024-09-22T19:35:58.780+0000] {processor.py:186} INFO - Started process (PID=116) to work on /home/airflow/.local/lib/python3.12/site-packages/airflow/example_dags/example_branch_datetime_operator.py
[2024-09-22T19:35:58.781+0000] {processor.py:914} INFO - Processing file /home/airflow/.local/lib/python3.12/site-packages/airflow/example_dags/example_branch_datetime_operator.py for tasks to queue
[2024-09-22T19:35:58.783+0000] {logging_mixin.py:190} INFO - [2024-09-22T19:35:58.783+0000] {dagbag.py:587} INFO - Filling up the DagBag from /home/airflow/.local/lib/python3.12/site-packages/airflow/example_dags/example_branch_datetime_operator.py
[2024-09-22T19:35:58.794+0000] {processor.py:925} INFO - DAG(s) 'example_branch_datetime_operator', 'example_branch_datetime_operator_2', 'example_branch_datetime_operator_3' retrieved from /home/airflow/.local/lib/python3.12/site-packages/airflow/example_dags/example_branch_datetime_operator.py
[2024-09-22T19:35:58.818+0000] {logging_mixin.py:190} INFO - [2024-09-22T19:35:58.818+0000] {dag.py:3229} INFO - Sync 3 DAGs
[2024-09-22T19:35:58.833+0000] {logging_mixin.py:190} INFO - [2024-09-22T19:35:58.833+0000] {dag.py:4156} INFO - Setting next_dagrun for example_branch_datetime_operator to 2024-09-21 00:00:00+00:00, run_after=2024-09-22 00:00:00+00:00
[2024-09-22T19:35:58.837+0000] {logging_mixin.py:190} INFO - [2024-09-22T19:35:58.837+0000] {dag.py:4156} INFO - Setting next_dagrun for example_branch_datetime_operator_2 to 2024-09-21 00:00:00+00:00, run_after=2024-09-22 00:00:00+00:00
[2024-09-22T19:35:58.839+0000] {logging_mixin.py:190} INFO - [2024-09-22T19:35:58.839+0000] {dag.py:4156} INFO - Setting next_dagrun for example_branch_datetime_operator_3 to 2024-09-21 00:00:00+00:00, run_after=2024-09-22 00:00:00+00:00
[2024-09-22T19:35:58.851+0000] {processor.py:208} INFO - Processing /home/airflow/.local/lib/python3.12/site-packages/airflow/example_dags/example_branch_datetime_operator.py took 0.075 seconds
[2024-09-22T19:36:29.318+0000] {processor.py:186} INFO - Started process (PID=184) to work on /home/airflow/.local/lib/python3.12/site-packages/airflow/example_dags/example_branch_datetime_operator.py
[2024-09-22T19:36:29.320+0000] {processor.py:914} INFO - Processing file /home/airflow/.local/lib/python3.12/site-packages/airflow/example_dags/example_branch_datetime_operator.py for tasks to queue
[2024-09-22T19:36:29.323+0000] {logging_mixin.py:190} INFO - [2024-09-22T19:36:29.322+0000] {dagbag.py:587} INFO - Filling up the DagBag from /home/airflow/.local/lib/python3.12/site-packages/airflow/example_dags/example_branch_datetime_operator.py
[2024-09-22T19:36:29.337+0000] {processor.py:925} INFO - DAG(s) 'example_branch_datetime_operator', 'example_branch_datetime_operator_2', 'example_branch_datetime_operator_3' retrieved from /home/airflow/.local/lib/python3.12/site-packages/airflow/example_dags/example_branch_datetime_operator.py
[2024-09-22T19:36:29.361+0000] {logging_mixin.py:190} INFO - [2024-09-22T19:36:29.361+0000] {dag.py:3229} INFO - Sync 3 DAGs
[2024-09-22T19:36:29.375+0000] {logging_mixin.py:190} INFO - [2024-09-22T19:36:29.375+0000] {dag.py:4156} INFO - Setting next_dagrun for example_branch_datetime_operator to 2024-09-21 00:00:00+00:00, run_after=2024-09-22 00:00:00+00:00
[2024-09-22T19:36:29.379+0000] {logging_mixin.py:190} INFO - [2024-09-22T19:36:29.379+0000] {dag.py:4156} INFO - Setting next_dagrun for example_branch_datetime_operator_2 to 2024-09-21 00:00:00+00:00, run_after=2024-09-22 00:00:00+00:00
[2024-09-22T19:36:29.380+0000] {logging_mixin.py:190} INFO - [2024-09-22T19:36:29.380+0000] {dag.py:4156} INFO - Setting next_dagrun for example_branch_datetime_operator_3 to 2024-09-21 00:00:00+00:00, run_after=2024-09-22 00:00:00+00:00
[2024-09-22T19:36:29.392+0000] {processor.py:208} INFO - Processing /home/airflow/.local/lib/python3.12/site-packages/airflow/example_dags/example_branch_datetime_operator.py took 0.079 seconds
