[2024-09-22T19:35:31.565+0000] {processor.py:186} INFO - Started process (PID=88) to work on /home/airflow/.local/lib/python3.12/site-packages/airflow/example_dags/example_display_name.py
[2024-09-22T19:35:31.566+0000] {processor.py:914} INFO - Processing file /home/airflow/.local/lib/python3.12/site-packages/airflow/example_dags/example_display_name.py for tasks to queue
[2024-09-22T19:35:31.567+0000] {logging_mixin.py:190} INFO - [2024-09-22T19:35:31.567+0000] {dagbag.py:587} INFO - Filling up the DagBag from /home/airflow/.local/lib/python3.12/site-packages/airflow/example_dags/example_display_name.py
[2024-09-22T19:35:31.572+0000] {processor.py:925} INFO - DAG(s) 'example_display_name' retrieved from /home/airflow/.local/lib/python3.12/site-packages/airflow/example_dags/example_display_name.py
[2024-09-22T19:35:31.643+0000] {logging_mixin.py:190} INFO - [2024-09-22T19:35:31.643+0000] {override.py:1900} INFO - Created Permission View: can read on DAG:example_display_name
[2024-09-22T19:35:31.652+0000] {logging_mixin.py:190} INFO - [2024-09-22T19:35:31.652+0000] {override.py:1900} INFO - Created Permission View: can edit on DAG:example_display_name
[2024-09-22T19:35:31.660+0000] {logging_mixin.py:190} INFO - [2024-09-22T19:35:31.659+0000] {override.py:1900} INFO - Created Permission View: can delete on DAG:example_display_name
[2024-09-22T19:35:31.666+0000] {logging_mixin.py:190} INFO - [2024-09-22T19:35:31.666+0000] {override.py:1900} INFO - Created Permission View: can read on DAG Run:example_display_name
[2024-09-22T19:35:31.671+0000] {logging_mixin.py:190} INFO - [2024-09-22T19:35:31.670+0000] {override.py:1900} INFO - Created Permission View: menu access on DAG Run:example_display_name
[2024-09-22T19:35:31.676+0000] {logging_mixin.py:190} INFO - [2024-09-22T19:35:31.676+0000] {override.py:1900} INFO - Created Permission View: can delete on DAG Run:example_display_name
[2024-09-22T19:35:31.679+0000] {logging_mixin.py:190} INFO - [2024-09-22T19:35:31.678+0000] {override.py:1900} INFO - Created Permission View: can create on DAG Run:example_display_name
[2024-09-22T19:35:31.679+0000] {logging_mixin.py:190} INFO - [2024-09-22T19:35:31.679+0000] {dag.py:3229} INFO - Sync 1 DAGs
[2024-09-22T19:35:31.685+0000] {logging_mixin.py:190} INFO - [2024-09-22T19:35:31.685+0000] {dag.py:3252} INFO - Creating ORM DAG for example_display_name
[2024-09-22T19:35:31.685+0000] {logging_mixin.py:190} INFO - [2024-09-22T19:35:31.685+0000] {dag.py:4156} INFO - Setting next_dagrun for example_display_name to None, run_after=None
[2024-09-22T19:35:31.693+0000] {processor.py:208} INFO - Processing /home/airflow/.local/lib/python3.12/site-packages/airflow/example_dags/example_display_name.py took 0.131 seconds
[2024-09-22T19:36:02.004+0000] {processor.py:186} INFO - Started process (PID=150) to work on /home/airflow/.local/lib/python3.12/site-packages/airflow/example_dags/example_display_name.py
[2024-09-22T19:36:02.005+0000] {processor.py:914} INFO - Processing file /home/airflow/.local/lib/python3.12/site-packages/airflow/example_dags/example_display_name.py for tasks to queue
[2024-09-22T19:36:02.006+0000] {logging_mixin.py:190} INFO - [2024-09-22T19:36:02.006+0000] {dagbag.py:587} INFO - Filling up the DagBag from /home/airflow/.local/lib/python3.12/site-packages/airflow/example_dags/example_display_name.py
[2024-09-22T19:36:02.011+0000] {processor.py:925} INFO - DAG(s) 'example_display_name' retrieved from /home/airflow/.local/lib/python3.12/site-packages/airflow/example_dags/example_display_name.py
[2024-09-22T19:36:02.023+0000] {logging_mixin.py:190} INFO - [2024-09-22T19:36:02.023+0000] {dag.py:3229} INFO - Sync 1 DAGs
[2024-09-22T19:36:02.032+0000] {logging_mixin.py:190} INFO - [2024-09-22T19:36:02.032+0000] {dag.py:4156} INFO - Setting next_dagrun for example_display_name to None, run_after=None
[2024-09-22T19:36:02.043+0000] {processor.py:208} INFO - Processing /home/airflow/.local/lib/python3.12/site-packages/airflow/example_dags/example_display_name.py took 0.043 seconds
[2024-09-22T19:36:32.387+0000] {processor.py:186} INFO - Started process (PID=212) to work on /home/airflow/.local/lib/python3.12/site-packages/airflow/example_dags/example_display_name.py
[2024-09-22T19:36:32.388+0000] {processor.py:914} INFO - Processing file /home/airflow/.local/lib/python3.12/site-packages/airflow/example_dags/example_display_name.py for tasks to queue
[2024-09-22T19:36:32.390+0000] {logging_mixin.py:190} INFO - [2024-09-22T19:36:32.390+0000] {dagbag.py:587} INFO - Filling up the DagBag from /home/airflow/.local/lib/python3.12/site-packages/airflow/example_dags/example_display_name.py
[2024-09-22T19:36:32.395+0000] {processor.py:925} INFO - DAG(s) 'example_display_name' retrieved from /home/airflow/.local/lib/python3.12/site-packages/airflow/example_dags/example_display_name.py
[2024-09-22T19:36:32.409+0000] {logging_mixin.py:190} INFO - [2024-09-22T19:36:32.408+0000] {dag.py:3229} INFO - Sync 1 DAGs
[2024-09-22T19:36:32.416+0000] {logging_mixin.py:190} INFO - [2024-09-22T19:36:32.416+0000] {dag.py:4156} INFO - Setting next_dagrun for example_display_name to None, run_after=None
[2024-09-22T19:36:32.425+0000] {processor.py:208} INFO - Processing /home/airflow/.local/lib/python3.12/site-packages/airflow/example_dags/example_display_name.py took 0.041 seconds
[2024-09-22T19:37:02.991+0000] {processor.py:186} INFO - Started process (PID=274) to work on /home/airflow/.local/lib/python3.12/site-packages/airflow/example_dags/example_display_name.py
[2024-09-22T19:37:02.992+0000] {processor.py:914} INFO - Processing file /home/airflow/.local/lib/python3.12/site-packages/airflow/example_dags/example_display_name.py for tasks to queue
[2024-09-22T19:37:02.994+0000] {logging_mixin.py:190} INFO - [2024-09-22T19:37:02.993+0000] {dagbag.py:587} INFO - Filling up the DagBag from /home/airflow/.local/lib/python3.12/site-packages/airflow/example_dags/example_display_name.py
[2024-09-22T19:37:02.998+0000] {processor.py:925} INFO - DAG(s) 'example_display_name' retrieved from /home/airflow/.local/lib/python3.12/site-packages/airflow/example_dags/example_display_name.py
[2024-09-22T19:37:03.010+0000] {logging_mixin.py:190} INFO - [2024-09-22T19:37:03.010+0000] {dag.py:3229} INFO - Sync 1 DAGs
[2024-09-22T19:37:03.023+0000] {logging_mixin.py:190} INFO - [2024-09-22T19:37:03.023+0000] {dag.py:4156} INFO - Setting next_dagrun for example_display_name to None, run_after=None
[2024-09-22T19:37:03.047+0000] {processor.py:208} INFO - Processing /home/airflow/.local/lib/python3.12/site-packages/airflow/example_dags/example_display_name.py took 0.060 seconds
[2024-09-22T19:37:33.570+0000] {processor.py:186} INFO - Started process (PID=336) to work on /home/airflow/.local/lib/python3.12/site-packages/airflow/example_dags/example_display_name.py
[2024-09-22T19:37:33.571+0000] {processor.py:914} INFO - Processing file /home/airflow/.local/lib/python3.12/site-packages/airflow/example_dags/example_display_name.py for tasks to queue
[2024-09-22T19:37:33.572+0000] {logging_mixin.py:190} INFO - [2024-09-22T19:37:33.572+0000] {dagbag.py:587} INFO - Filling up the DagBag from /home/airflow/.local/lib/python3.12/site-packages/airflow/example_dags/example_display_name.py
[2024-09-22T19:37:33.576+0000] {processor.py:925} INFO - DAG(s) 'example_display_name' retrieved from /home/airflow/.local/lib/python3.12/site-packages/airflow/example_dags/example_display_name.py
[2024-09-22T19:37:33.585+0000] {logging_mixin.py:190} INFO - [2024-09-22T19:37:33.585+0000] {dag.py:3229} INFO - Sync 1 DAGs
[2024-09-22T19:37:33.593+0000] {logging_mixin.py:190} INFO - [2024-09-22T19:37:33.593+0000] {dag.py:4156} INFO - Setting next_dagrun for example_display_name to None, run_after=None
[2024-09-22T19:37:33.605+0000] {processor.py:208} INFO - Processing /home/airflow/.local/lib/python3.12/site-packages/airflow/example_dags/example_display_name.py took 0.038 seconds
[2024-09-22T19:38:03.816+0000] {processor.py:186} INFO - Started process (PID=398) to work on /home/airflow/.local/lib/python3.12/site-packages/airflow/example_dags/example_display_name.py
[2024-09-22T19:38:03.817+0000] {processor.py:914} INFO - Processing file /home/airflow/.local/lib/python3.12/site-packages/airflow/example_dags/example_display_name.py for tasks to queue
[2024-09-22T19:38:03.821+0000] {logging_mixin.py:190} INFO - [2024-09-22T19:38:03.821+0000] {dagbag.py:587} INFO - Filling up the DagBag from /home/airflow/.local/lib/python3.12/site-packages/airflow/example_dags/example_display_name.py
[2024-09-22T19:38:03.837+0000] {processor.py:925} INFO - DAG(s) 'example_display_name' retrieved from /home/airflow/.local/lib/python3.12/site-packages/airflow/example_dags/example_display_name.py
[2024-09-22T19:38:03.849+0000] {logging_mixin.py:190} INFO - [2024-09-22T19:38:03.849+0000] {dag.py:3229} INFO - Sync 1 DAGs
[2024-09-22T19:38:03.857+0000] {logging_mixin.py:190} INFO - [2024-09-22T19:38:03.857+0000] {dag.py:4156} INFO - Setting next_dagrun for example_display_name to None, run_after=None
[2024-09-22T19:38:03.868+0000] {processor.py:208} INFO - Processing /home/airflow/.local/lib/python3.12/site-packages/airflow/example_dags/example_display_name.py took 0.055 seconds
[2024-09-22T19:38:34.439+0000] {processor.py:186} INFO - Started process (PID=460) to work on /home/airflow/.local/lib/python3.12/site-packages/airflow/example_dags/example_display_name.py
[2024-09-22T19:38:34.439+0000] {processor.py:914} INFO - Processing file /home/airflow/.local/lib/python3.12/site-packages/airflow/example_dags/example_display_name.py for tasks to queue
[2024-09-22T19:38:34.441+0000] {logging_mixin.py:190} INFO - [2024-09-22T19:38:34.440+0000] {dagbag.py:587} INFO - Filling up the DagBag from /home/airflow/.local/lib/python3.12/site-packages/airflow/example_dags/example_display_name.py
[2024-09-22T19:38:34.446+0000] {processor.py:925} INFO - DAG(s) 'example_display_name' retrieved from /home/airflow/.local/lib/python3.12/site-packages/airflow/example_dags/example_display_name.py
[2024-09-22T19:38:34.458+0000] {logging_mixin.py:190} INFO - [2024-09-22T19:38:34.457+0000] {dag.py:3229} INFO - Sync 1 DAGs
[2024-09-22T19:38:34.465+0000] {logging_mixin.py:190} INFO - [2024-09-22T19:38:34.465+0000] {dag.py:4156} INFO - Setting next_dagrun for example_display_name to None, run_after=None
[2024-09-22T19:38:34.476+0000] {processor.py:208} INFO - Processing /home/airflow/.local/lib/python3.12/site-packages/airflow/example_dags/example_display_name.py took 0.042 seconds
[2024-09-22T19:39:04.787+0000] {processor.py:186} INFO - Started process (PID=522) to work on /home/airflow/.local/lib/python3.12/site-packages/airflow/example_dags/example_display_name.py
[2024-09-22T19:39:04.788+0000] {processor.py:914} INFO - Processing file /home/airflow/.local/lib/python3.12/site-packages/airflow/example_dags/example_display_name.py for tasks to queue
[2024-09-22T19:39:04.790+0000] {logging_mixin.py:190} INFO - [2024-09-22T19:39:04.790+0000] {dagbag.py:587} INFO - Filling up the DagBag from /home/airflow/.local/lib/python3.12/site-packages/airflow/example_dags/example_display_name.py
[2024-09-22T19:39:04.794+0000] {processor.py:925} INFO - DAG(s) 'example_display_name' retrieved from /home/airflow/.local/lib/python3.12/site-packages/airflow/example_dags/example_display_name.py
[2024-09-22T19:39:04.803+0000] {logging_mixin.py:190} INFO - [2024-09-22T19:39:04.803+0000] {dag.py:3229} INFO - Sync 1 DAGs
[2024-09-22T19:39:04.809+0000] {logging_mixin.py:190} INFO - [2024-09-22T19:39:04.809+0000] {dag.py:4156} INFO - Setting next_dagrun for example_display_name to None, run_after=None
[2024-09-22T19:39:04.821+0000] {processor.py:208} INFO - Processing /home/airflow/.local/lib/python3.12/site-packages/airflow/example_dags/example_display_name.py took 0.037 seconds
[2024-09-22T19:39:35.083+0000] {processor.py:186} INFO - Started process (PID=584) to work on /home/airflow/.local/lib/python3.12/site-packages/airflow/example_dags/example_display_name.py
[2024-09-22T19:39:35.084+0000] {processor.py:914} INFO - Processing file /home/airflow/.local/lib/python3.12/site-packages/airflow/example_dags/example_display_name.py for tasks to queue
[2024-09-22T19:39:35.085+0000] {logging_mixin.py:190} INFO - [2024-09-22T19:39:35.085+0000] {dagbag.py:587} INFO - Filling up the DagBag from /home/airflow/.local/lib/python3.12/site-packages/airflow/example_dags/example_display_name.py
[2024-09-22T19:39:35.090+0000] {processor.py:925} INFO - DAG(s) 'example_display_name' retrieved from /home/airflow/.local/lib/python3.12/site-packages/airflow/example_dags/example_display_name.py
[2024-09-22T19:39:35.103+0000] {logging_mixin.py:190} INFO - [2024-09-22T19:39:35.103+0000] {dag.py:3229} INFO - Sync 1 DAGs
[2024-09-22T19:39:35.110+0000] {logging_mixin.py:190} INFO - [2024-09-22T19:39:35.109+0000] {dag.py:4156} INFO - Setting next_dagrun for example_display_name to None, run_after=None
[2024-09-22T19:39:35.119+0000] {processor.py:208} INFO - Processing /home/airflow/.local/lib/python3.12/site-packages/airflow/example_dags/example_display_name.py took 0.040 seconds
[2024-09-22T19:40:05.314+0000] {processor.py:186} INFO - Started process (PID=646) to work on /home/airflow/.local/lib/python3.12/site-packages/airflow/example_dags/example_display_name.py
[2024-09-22T19:40:05.315+0000] {processor.py:914} INFO - Processing file /home/airflow/.local/lib/python3.12/site-packages/airflow/example_dags/example_display_name.py for tasks to queue
[2024-09-22T19:40:05.316+0000] {logging_mixin.py:190} INFO - [2024-09-22T19:40:05.316+0000] {dagbag.py:587} INFO - Filling up the DagBag from /home/airflow/.local/lib/python3.12/site-packages/airflow/example_dags/example_display_name.py
[2024-09-22T19:40:05.320+0000] {processor.py:925} INFO - DAG(s) 'example_display_name' retrieved from /home/airflow/.local/lib/python3.12/site-packages/airflow/example_dags/example_display_name.py
[2024-09-22T19:40:05.333+0000] {logging_mixin.py:190} INFO - [2024-09-22T19:40:05.333+0000] {dag.py:3229} INFO - Sync 1 DAGs
[2024-09-22T19:40:05.340+0000] {logging_mixin.py:190} INFO - [2024-09-22T19:40:05.340+0000] {dag.py:4156} INFO - Setting next_dagrun for example_display_name to None, run_after=None
[2024-09-22T19:40:05.349+0000] {processor.py:208} INFO - Processing /home/airflow/.local/lib/python3.12/site-packages/airflow/example_dags/example_display_name.py took 0.038 seconds
[2024-09-22T19:40:35.529+0000] {processor.py:186} INFO - Started process (PID=708) to work on /home/airflow/.local/lib/python3.12/site-packages/airflow/example_dags/example_display_name.py
[2024-09-22T19:40:35.532+0000] {processor.py:914} INFO - Processing file /home/airflow/.local/lib/python3.12/site-packages/airflow/example_dags/example_display_name.py for tasks to queue
[2024-09-22T19:40:35.533+0000] {logging_mixin.py:190} INFO - [2024-09-22T19:40:35.533+0000] {dagbag.py:587} INFO - Filling up the DagBag from /home/airflow/.local/lib/python3.12/site-packages/airflow/example_dags/example_display_name.py
[2024-09-22T19:40:35.537+0000] {processor.py:925} INFO - DAG(s) 'example_display_name' retrieved from /home/airflow/.local/lib/python3.12/site-packages/airflow/example_dags/example_display_name.py
[2024-09-22T19:40:35.547+0000] {logging_mixin.py:190} INFO - [2024-09-22T19:40:35.547+0000] {dag.py:3229} INFO - Sync 1 DAGs
[2024-09-22T19:40:35.556+0000] {logging_mixin.py:190} INFO - [2024-09-22T19:40:35.555+0000] {dag.py:4156} INFO - Setting next_dagrun for example_display_name to None, run_after=None
[2024-09-22T19:40:35.565+0000] {processor.py:208} INFO - Processing /home/airflow/.local/lib/python3.12/site-packages/airflow/example_dags/example_display_name.py took 0.040 seconds
[2024-09-22T19:41:05.885+0000] {processor.py:186} INFO - Started process (PID=770) to work on /home/airflow/.local/lib/python3.12/site-packages/airflow/example_dags/example_display_name.py
[2024-09-22T19:41:05.886+0000] {processor.py:914} INFO - Processing file /home/airflow/.local/lib/python3.12/site-packages/airflow/example_dags/example_display_name.py for tasks to queue
[2024-09-22T19:41:05.887+0000] {logging_mixin.py:190} INFO - [2024-09-22T19:41:05.887+0000] {dagbag.py:587} INFO - Filling up the DagBag from /home/airflow/.local/lib/python3.12/site-packages/airflow/example_dags/example_display_name.py
[2024-09-22T19:41:05.892+0000] {processor.py:925} INFO - DAG(s) 'example_display_name' retrieved from /home/airflow/.local/lib/python3.12/site-packages/airflow/example_dags/example_display_name.py
[2024-09-22T19:41:05.903+0000] {logging_mixin.py:190} INFO - [2024-09-22T19:41:05.903+0000] {dag.py:3229} INFO - Sync 1 DAGs
[2024-09-22T19:41:05.911+0000] {logging_mixin.py:190} INFO - [2024-09-22T19:41:05.911+0000] {dag.py:4156} INFO - Setting next_dagrun for example_display_name to None, run_after=None
[2024-09-22T19:41:05.920+0000] {processor.py:208} INFO - Processing /home/airflow/.local/lib/python3.12/site-packages/airflow/example_dags/example_display_name.py took 0.039 seconds
[2024-09-22T19:41:36.078+0000] {processor.py:186} INFO - Started process (PID=832) to work on /home/airflow/.local/lib/python3.12/site-packages/airflow/example_dags/example_display_name.py
[2024-09-22T19:41:36.079+0000] {processor.py:914} INFO - Processing file /home/airflow/.local/lib/python3.12/site-packages/airflow/example_dags/example_display_name.py for tasks to queue
[2024-09-22T19:41:36.080+0000] {logging_mixin.py:190} INFO - [2024-09-22T19:41:36.080+0000] {dagbag.py:587} INFO - Filling up the DagBag from /home/airflow/.local/lib/python3.12/site-packages/airflow/example_dags/example_display_name.py
[2024-09-22T19:41:36.084+0000] {processor.py:925} INFO - DAG(s) 'example_display_name' retrieved from /home/airflow/.local/lib/python3.12/site-packages/airflow/example_dags/example_display_name.py
[2024-09-22T19:41:36.096+0000] {logging_mixin.py:190} INFO - [2024-09-22T19:41:36.095+0000] {dag.py:3229} INFO - Sync 1 DAGs
[2024-09-22T19:41:36.102+0000] {logging_mixin.py:190} INFO - [2024-09-22T19:41:36.102+0000] {dag.py:4156} INFO - Setting next_dagrun for example_display_name to None, run_after=None
[2024-09-22T19:41:36.111+0000] {processor.py:208} INFO - Processing /home/airflow/.local/lib/python3.12/site-packages/airflow/example_dags/example_display_name.py took 0.036 seconds
[2024-09-22T19:42:06.465+0000] {processor.py:186} INFO - Started process (PID=894) to work on /home/airflow/.local/lib/python3.12/site-packages/airflow/example_dags/example_display_name.py
[2024-09-22T19:42:06.465+0000] {processor.py:914} INFO - Processing file /home/airflow/.local/lib/python3.12/site-packages/airflow/example_dags/example_display_name.py for tasks to queue
[2024-09-22T19:42:06.467+0000] {logging_mixin.py:190} INFO - [2024-09-22T19:42:06.466+0000] {dagbag.py:587} INFO - Filling up the DagBag from /home/airflow/.local/lib/python3.12/site-packages/airflow/example_dags/example_display_name.py
[2024-09-22T19:42:06.471+0000] {processor.py:925} INFO - DAG(s) 'example_display_name' retrieved from /home/airflow/.local/lib/python3.12/site-packages/airflow/example_dags/example_display_name.py
[2024-09-22T19:42:06.481+0000] {logging_mixin.py:190} INFO - [2024-09-22T19:42:06.481+0000] {dag.py:3229} INFO - Sync 1 DAGs
[2024-09-22T19:42:06.490+0000] {logging_mixin.py:190} INFO - [2024-09-22T19:42:06.490+0000] {dag.py:4156} INFO - Setting next_dagrun for example_display_name to None, run_after=None
[2024-09-22T19:42:06.499+0000] {processor.py:208} INFO - Processing /home/airflow/.local/lib/python3.12/site-packages/airflow/example_dags/example_display_name.py took 0.038 seconds
[2024-09-22T19:42:36.679+0000] {processor.py:186} INFO - Started process (PID=956) to work on /home/airflow/.local/lib/python3.12/site-packages/airflow/example_dags/example_display_name.py
[2024-09-22T19:42:36.680+0000] {processor.py:914} INFO - Processing file /home/airflow/.local/lib/python3.12/site-packages/airflow/example_dags/example_display_name.py for tasks to queue
[2024-09-22T19:42:36.682+0000] {logging_mixin.py:190} INFO - [2024-09-22T19:42:36.682+0000] {dagbag.py:587} INFO - Filling up the DagBag from /home/airflow/.local/lib/python3.12/site-packages/airflow/example_dags/example_display_name.py
[2024-09-22T19:42:36.687+0000] {processor.py:925} INFO - DAG(s) 'example_display_name' retrieved from /home/airflow/.local/lib/python3.12/site-packages/airflow/example_dags/example_display_name.py
[2024-09-22T19:42:36.706+0000] {logging_mixin.py:190} INFO - [2024-09-22T19:42:36.706+0000] {dag.py:3229} INFO - Sync 1 DAGs
[2024-09-22T19:42:36.727+0000] {logging_mixin.py:190} INFO - [2024-09-22T19:42:36.727+0000] {dag.py:4156} INFO - Setting next_dagrun for example_display_name to None, run_after=None
[2024-09-22T19:42:36.745+0000] {processor.py:208} INFO - Processing /home/airflow/.local/lib/python3.12/site-packages/airflow/example_dags/example_display_name.py took 0.071 seconds
[2024-09-22T19:43:07.312+0000] {processor.py:186} INFO - Started process (PID=1018) to work on /home/airflow/.local/lib/python3.12/site-packages/airflow/example_dags/example_display_name.py
[2024-09-22T19:43:07.313+0000] {processor.py:914} INFO - Processing file /home/airflow/.local/lib/python3.12/site-packages/airflow/example_dags/example_display_name.py for tasks to queue
[2024-09-22T19:43:07.314+0000] {logging_mixin.py:190} INFO - [2024-09-22T19:43:07.314+0000] {dagbag.py:587} INFO - Filling up the DagBag from /home/airflow/.local/lib/python3.12/site-packages/airflow/example_dags/example_display_name.py
[2024-09-22T19:43:07.319+0000] {processor.py:925} INFO - DAG(s) 'example_display_name' retrieved from /home/airflow/.local/lib/python3.12/site-packages/airflow/example_dags/example_display_name.py
[2024-09-22T19:43:07.332+0000] {logging_mixin.py:190} INFO - [2024-09-22T19:43:07.331+0000] {dag.py:3229} INFO - Sync 1 DAGs
[2024-09-22T19:43:07.344+0000] {logging_mixin.py:190} INFO - [2024-09-22T19:43:07.344+0000] {dag.py:4156} INFO - Setting next_dagrun for example_display_name to None, run_after=None
[2024-09-22T19:43:07.360+0000] {processor.py:208} INFO - Processing /home/airflow/.local/lib/python3.12/site-packages/airflow/example_dags/example_display_name.py took 0.053 seconds
[2024-09-22T19:43:37.670+0000] {processor.py:186} INFO - Started process (PID=1079) to work on /home/airflow/.local/lib/python3.12/site-packages/airflow/example_dags/example_display_name.py
[2024-09-22T19:43:37.671+0000] {processor.py:914} INFO - Processing file /home/airflow/.local/lib/python3.12/site-packages/airflow/example_dags/example_display_name.py for tasks to queue
[2024-09-22T19:43:37.672+0000] {logging_mixin.py:190} INFO - [2024-09-22T19:43:37.672+0000] {dagbag.py:587} INFO - Filling up the DagBag from /home/airflow/.local/lib/python3.12/site-packages/airflow/example_dags/example_display_name.py
[2024-09-22T19:43:37.677+0000] {processor.py:925} INFO - DAG(s) 'example_display_name' retrieved from /home/airflow/.local/lib/python3.12/site-packages/airflow/example_dags/example_display_name.py
[2024-09-22T19:43:37.687+0000] {logging_mixin.py:190} INFO - [2024-09-22T19:43:37.687+0000] {dag.py:3229} INFO - Sync 1 DAGs
[2024-09-22T19:43:37.695+0000] {logging_mixin.py:190} INFO - [2024-09-22T19:43:37.695+0000] {dag.py:4156} INFO - Setting next_dagrun for example_display_name to None, run_after=None
[2024-09-22T19:43:37.707+0000] {processor.py:208} INFO - Processing /home/airflow/.local/lib/python3.12/site-packages/airflow/example_dags/example_display_name.py took 0.041 seconds
[2024-09-22T19:44:07.923+0000] {processor.py:186} INFO - Started process (PID=1141) to work on /home/airflow/.local/lib/python3.12/site-packages/airflow/example_dags/example_display_name.py
[2024-09-22T19:44:07.924+0000] {processor.py:914} INFO - Processing file /home/airflow/.local/lib/python3.12/site-packages/airflow/example_dags/example_display_name.py for tasks to queue
[2024-09-22T19:44:07.925+0000] {logging_mixin.py:190} INFO - [2024-09-22T19:44:07.925+0000] {dagbag.py:587} INFO - Filling up the DagBag from /home/airflow/.local/lib/python3.12/site-packages/airflow/example_dags/example_display_name.py
[2024-09-22T19:44:07.929+0000] {processor.py:925} INFO - DAG(s) 'example_display_name' retrieved from /home/airflow/.local/lib/python3.12/site-packages/airflow/example_dags/example_display_name.py
[2024-09-22T19:44:07.939+0000] {logging_mixin.py:190} INFO - [2024-09-22T19:44:07.939+0000] {dag.py:3229} INFO - Sync 1 DAGs
[2024-09-22T19:44:07.949+0000] {logging_mixin.py:190} INFO - [2024-09-22T19:44:07.948+0000] {dag.py:4156} INFO - Setting next_dagrun for example_display_name to None, run_after=None
[2024-09-22T19:44:07.958+0000] {processor.py:208} INFO - Processing /home/airflow/.local/lib/python3.12/site-packages/airflow/example_dags/example_display_name.py took 0.038 seconds
[2024-09-22T19:44:38.247+0000] {processor.py:186} INFO - Started process (PID=1203) to work on /home/airflow/.local/lib/python3.12/site-packages/airflow/example_dags/example_display_name.py
[2024-09-22T19:44:38.247+0000] {processor.py:914} INFO - Processing file /home/airflow/.local/lib/python3.12/site-packages/airflow/example_dags/example_display_name.py for tasks to queue
[2024-09-22T19:44:38.249+0000] {logging_mixin.py:190} INFO - [2024-09-22T19:44:38.248+0000] {dagbag.py:587} INFO - Filling up the DagBag from /home/airflow/.local/lib/python3.12/site-packages/airflow/example_dags/example_display_name.py
[2024-09-22T19:44:38.253+0000] {processor.py:925} INFO - DAG(s) 'example_display_name' retrieved from /home/airflow/.local/lib/python3.12/site-packages/airflow/example_dags/example_display_name.py
[2024-09-22T19:44:38.263+0000] {logging_mixin.py:190} INFO - [2024-09-22T19:44:38.263+0000] {dag.py:3229} INFO - Sync 1 DAGs
[2024-09-22T19:44:38.271+0000] {logging_mixin.py:190} INFO - [2024-09-22T19:44:38.271+0000] {dag.py:4156} INFO - Setting next_dagrun for example_display_name to None, run_after=None
[2024-09-22T19:44:38.284+0000] {processor.py:208} INFO - Processing /home/airflow/.local/lib/python3.12/site-packages/airflow/example_dags/example_display_name.py took 0.040 seconds
[2024-09-22T19:45:08.635+0000] {processor.py:186} INFO - Started process (PID=1265) to work on /home/airflow/.local/lib/python3.12/site-packages/airflow/example_dags/example_display_name.py
[2024-09-22T19:45:08.636+0000] {processor.py:914} INFO - Processing file /home/airflow/.local/lib/python3.12/site-packages/airflow/example_dags/example_display_name.py for tasks to queue
[2024-09-22T19:45:08.637+0000] {logging_mixin.py:190} INFO - [2024-09-22T19:45:08.637+0000] {dagbag.py:587} INFO - Filling up the DagBag from /home/airflow/.local/lib/python3.12/site-packages/airflow/example_dags/example_display_name.py
[2024-09-22T19:45:08.642+0000] {processor.py:925} INFO - DAG(s) 'example_display_name' retrieved from /home/airflow/.local/lib/python3.12/site-packages/airflow/example_dags/example_display_name.py
[2024-09-22T19:45:08.655+0000] {logging_mixin.py:190} INFO - [2024-09-22T19:45:08.654+0000] {dag.py:3229} INFO - Sync 1 DAGs
[2024-09-22T19:45:08.663+0000] {logging_mixin.py:190} INFO - [2024-09-22T19:45:08.663+0000] {dag.py:4156} INFO - Setting next_dagrun for example_display_name to None, run_after=None
[2024-09-22T19:45:08.672+0000] {processor.py:208} INFO - Processing /home/airflow/.local/lib/python3.12/site-packages/airflow/example_dags/example_display_name.py took 0.041 seconds
[2024-09-22T19:45:38.965+0000] {processor.py:186} INFO - Started process (PID=1327) to work on /home/airflow/.local/lib/python3.12/site-packages/airflow/example_dags/example_display_name.py
[2024-09-22T19:45:38.966+0000] {processor.py:914} INFO - Processing file /home/airflow/.local/lib/python3.12/site-packages/airflow/example_dags/example_display_name.py for tasks to queue
[2024-09-22T19:45:38.968+0000] {logging_mixin.py:190} INFO - [2024-09-22T19:45:38.968+0000] {dagbag.py:587} INFO - Filling up the DagBag from /home/airflow/.local/lib/python3.12/site-packages/airflow/example_dags/example_display_name.py
[2024-09-22T19:45:38.974+0000] {processor.py:925} INFO - DAG(s) 'example_display_name' retrieved from /home/airflow/.local/lib/python3.12/site-packages/airflow/example_dags/example_display_name.py
[2024-09-22T19:45:38.989+0000] {logging_mixin.py:190} INFO - [2024-09-22T19:45:38.989+0000] {dag.py:3229} INFO - Sync 1 DAGs
[2024-09-22T19:45:38.998+0000] {logging_mixin.py:190} INFO - [2024-09-22T19:45:38.998+0000] {dag.py:4156} INFO - Setting next_dagrun for example_display_name to None, run_after=None
[2024-09-22T19:45:39.012+0000] {processor.py:208} INFO - Processing /home/airflow/.local/lib/python3.12/site-packages/airflow/example_dags/example_display_name.py took 0.050 seconds
[2024-09-22T19:46:09.894+0000] {processor.py:186} INFO - Started process (PID=1388) to work on /home/airflow/.local/lib/python3.12/site-packages/airflow/example_dags/example_display_name.py
[2024-09-22T19:46:09.895+0000] {processor.py:914} INFO - Processing file /home/airflow/.local/lib/python3.12/site-packages/airflow/example_dags/example_display_name.py for tasks to queue
[2024-09-22T19:46:09.897+0000] {logging_mixin.py:190} INFO - [2024-09-22T19:46:09.897+0000] {dagbag.py:587} INFO - Filling up the DagBag from /home/airflow/.local/lib/python3.12/site-packages/airflow/example_dags/example_display_name.py
[2024-09-22T19:46:09.905+0000] {processor.py:925} INFO - DAG(s) 'example_display_name' retrieved from /home/airflow/.local/lib/python3.12/site-packages/airflow/example_dags/example_display_name.py
[2024-09-22T19:46:09.917+0000] {logging_mixin.py:190} INFO - [2024-09-22T19:46:09.917+0000] {dag.py:3229} INFO - Sync 1 DAGs
[2024-09-22T19:46:09.925+0000] {logging_mixin.py:190} INFO - [2024-09-22T19:46:09.925+0000] {dag.py:4156} INFO - Setting next_dagrun for example_display_name to None, run_after=None
[2024-09-22T19:46:09.936+0000] {processor.py:208} INFO - Processing /home/airflow/.local/lib/python3.12/site-packages/airflow/example_dags/example_display_name.py took 0.046 seconds
[2024-09-22T19:46:40.535+0000] {processor.py:186} INFO - Started process (PID=1450) to work on /home/airflow/.local/lib/python3.12/site-packages/airflow/example_dags/example_display_name.py
[2024-09-22T19:46:40.537+0000] {processor.py:914} INFO - Processing file /home/airflow/.local/lib/python3.12/site-packages/airflow/example_dags/example_display_name.py for tasks to queue
[2024-09-22T19:46:40.538+0000] {logging_mixin.py:190} INFO - [2024-09-22T19:46:40.538+0000] {dagbag.py:587} INFO - Filling up the DagBag from /home/airflow/.local/lib/python3.12/site-packages/airflow/example_dags/example_display_name.py
[2024-09-22T19:46:40.542+0000] {processor.py:925} INFO - DAG(s) 'example_display_name' retrieved from /home/airflow/.local/lib/python3.12/site-packages/airflow/example_dags/example_display_name.py
[2024-09-22T19:46:40.554+0000] {logging_mixin.py:190} INFO - [2024-09-22T19:46:40.554+0000] {dag.py:3229} INFO - Sync 1 DAGs
[2024-09-22T19:46:40.561+0000] {logging_mixin.py:190} INFO - [2024-09-22T19:46:40.561+0000] {dag.py:4156} INFO - Setting next_dagrun for example_display_name to None, run_after=None
[2024-09-22T19:46:40.573+0000] {processor.py:208} INFO - Processing /home/airflow/.local/lib/python3.12/site-packages/airflow/example_dags/example_display_name.py took 0.042 seconds
[2024-09-22T19:47:10.950+0000] {processor.py:186} INFO - Started process (PID=1512) to work on /home/airflow/.local/lib/python3.12/site-packages/airflow/example_dags/example_display_name.py
[2024-09-22T19:47:10.951+0000] {processor.py:914} INFO - Processing file /home/airflow/.local/lib/python3.12/site-packages/airflow/example_dags/example_display_name.py for tasks to queue
[2024-09-22T19:47:10.953+0000] {logging_mixin.py:190} INFO - [2024-09-22T19:47:10.952+0000] {dagbag.py:587} INFO - Filling up the DagBag from /home/airflow/.local/lib/python3.12/site-packages/airflow/example_dags/example_display_name.py
[2024-09-22T19:47:10.956+0000] {processor.py:925} INFO - DAG(s) 'example_display_name' retrieved from /home/airflow/.local/lib/python3.12/site-packages/airflow/example_dags/example_display_name.py
[2024-09-22T19:47:10.967+0000] {logging_mixin.py:190} INFO - [2024-09-22T19:47:10.967+0000] {dag.py:3229} INFO - Sync 1 DAGs
[2024-09-22T19:47:10.975+0000] {logging_mixin.py:190} INFO - [2024-09-22T19:47:10.975+0000] {dag.py:4156} INFO - Setting next_dagrun for example_display_name to None, run_after=None
[2024-09-22T19:47:10.986+0000] {processor.py:208} INFO - Processing /home/airflow/.local/lib/python3.12/site-packages/airflow/example_dags/example_display_name.py took 0.040 seconds
[2024-09-22T19:47:41.691+0000] {processor.py:186} INFO - Started process (PID=1573) to work on /home/airflow/.local/lib/python3.12/site-packages/airflow/example_dags/example_display_name.py
[2024-09-22T19:47:41.692+0000] {processor.py:914} INFO - Processing file /home/airflow/.local/lib/python3.12/site-packages/airflow/example_dags/example_display_name.py for tasks to queue
[2024-09-22T19:47:41.694+0000] {logging_mixin.py:190} INFO - [2024-09-22T19:47:41.693+0000] {dagbag.py:587} INFO - Filling up the DagBag from /home/airflow/.local/lib/python3.12/site-packages/airflow/example_dags/example_display_name.py
[2024-09-22T19:47:41.699+0000] {processor.py:925} INFO - DAG(s) 'example_display_name' retrieved from /home/airflow/.local/lib/python3.12/site-packages/airflow/example_dags/example_display_name.py
[2024-09-22T19:47:41.715+0000] {logging_mixin.py:190} INFO - [2024-09-22T19:47:41.714+0000] {dag.py:3229} INFO - Sync 1 DAGs
[2024-09-22T19:47:41.722+0000] {logging_mixin.py:190} INFO - [2024-09-22T19:47:41.722+0000] {dag.py:4156} INFO - Setting next_dagrun for example_display_name to None, run_after=None
[2024-09-22T19:47:41.733+0000] {processor.py:208} INFO - Processing /home/airflow/.local/lib/python3.12/site-packages/airflow/example_dags/example_display_name.py took 0.045 seconds
[2024-09-22T19:48:12.265+0000] {processor.py:186} INFO - Started process (PID=1635) to work on /home/airflow/.local/lib/python3.12/site-packages/airflow/example_dags/example_display_name.py
[2024-09-22T19:48:12.266+0000] {processor.py:914} INFO - Processing file /home/airflow/.local/lib/python3.12/site-packages/airflow/example_dags/example_display_name.py for tasks to queue
[2024-09-22T19:48:12.267+0000] {logging_mixin.py:190} INFO - [2024-09-22T19:48:12.267+0000] {dagbag.py:587} INFO - Filling up the DagBag from /home/airflow/.local/lib/python3.12/site-packages/airflow/example_dags/example_display_name.py
[2024-09-22T19:48:12.271+0000] {processor.py:925} INFO - DAG(s) 'example_display_name' retrieved from /home/airflow/.local/lib/python3.12/site-packages/airflow/example_dags/example_display_name.py
[2024-09-22T19:48:12.289+0000] {logging_mixin.py:190} INFO - [2024-09-22T19:48:12.289+0000] {dag.py:3229} INFO - Sync 1 DAGs
[2024-09-22T19:48:12.296+0000] {logging_mixin.py:190} INFO - [2024-09-22T19:48:12.296+0000] {dag.py:4156} INFO - Setting next_dagrun for example_display_name to None, run_after=None
[2024-09-22T19:48:12.306+0000] {processor.py:208} INFO - Processing /home/airflow/.local/lib/python3.12/site-packages/airflow/example_dags/example_display_name.py took 0.044 seconds
[2024-09-22T19:48:42.501+0000] {processor.py:186} INFO - Started process (PID=1697) to work on /home/airflow/.local/lib/python3.12/site-packages/airflow/example_dags/example_display_name.py
[2024-09-22T19:48:42.505+0000] {processor.py:914} INFO - Processing file /home/airflow/.local/lib/python3.12/site-packages/airflow/example_dags/example_display_name.py for tasks to queue
[2024-09-22T19:48:42.506+0000] {logging_mixin.py:190} INFO - [2024-09-22T19:48:42.506+0000] {dagbag.py:587} INFO - Filling up the DagBag from /home/airflow/.local/lib/python3.12/site-packages/airflow/example_dags/example_display_name.py
[2024-09-22T19:48:42.511+0000] {processor.py:925} INFO - DAG(s) 'example_display_name' retrieved from /home/airflow/.local/lib/python3.12/site-packages/airflow/example_dags/example_display_name.py
[2024-09-22T19:48:42.529+0000] {logging_mixin.py:190} INFO - [2024-09-22T19:48:42.529+0000] {dag.py:3229} INFO - Sync 1 DAGs
[2024-09-22T19:48:42.540+0000] {logging_mixin.py:190} INFO - [2024-09-22T19:48:42.540+0000] {dag.py:4156} INFO - Setting next_dagrun for example_display_name to None, run_after=None
[2024-09-22T19:48:42.550+0000] {processor.py:208} INFO - Processing /home/airflow/.local/lib/python3.12/site-packages/airflow/example_dags/example_display_name.py took 0.052 seconds
[2024-09-22T19:49:12.884+0000] {processor.py:186} INFO - Started process (PID=1759) to work on /home/airflow/.local/lib/python3.12/site-packages/airflow/example_dags/example_display_name.py
[2024-09-22T19:49:12.887+0000] {processor.py:914} INFO - Processing file /home/airflow/.local/lib/python3.12/site-packages/airflow/example_dags/example_display_name.py for tasks to queue
[2024-09-22T19:49:12.889+0000] {logging_mixin.py:190} INFO - [2024-09-22T19:49:12.889+0000] {dagbag.py:587} INFO - Filling up the DagBag from /home/airflow/.local/lib/python3.12/site-packages/airflow/example_dags/example_display_name.py
[2024-09-22T19:49:12.893+0000] {processor.py:925} INFO - DAG(s) 'example_display_name' retrieved from /home/airflow/.local/lib/python3.12/site-packages/airflow/example_dags/example_display_name.py
[2024-09-22T19:49:12.904+0000] {logging_mixin.py:190} INFO - [2024-09-22T19:49:12.904+0000] {dag.py:3229} INFO - Sync 1 DAGs
[2024-09-22T19:49:12.913+0000] {logging_mixin.py:190} INFO - [2024-09-22T19:49:12.913+0000] {dag.py:4156} INFO - Setting next_dagrun for example_display_name to None, run_after=None
[2024-09-22T19:49:12.922+0000] {processor.py:208} INFO - Processing /home/airflow/.local/lib/python3.12/site-packages/airflow/example_dags/example_display_name.py took 0.042 seconds
[2024-09-22T19:49:43.428+0000] {processor.py:186} INFO - Started process (PID=1821) to work on /home/airflow/.local/lib/python3.12/site-packages/airflow/example_dags/example_display_name.py
[2024-09-22T19:49:43.429+0000] {processor.py:914} INFO - Processing file /home/airflow/.local/lib/python3.12/site-packages/airflow/example_dags/example_display_name.py for tasks to queue
[2024-09-22T19:49:43.430+0000] {logging_mixin.py:190} INFO - [2024-09-22T19:49:43.430+0000] {dagbag.py:587} INFO - Filling up the DagBag from /home/airflow/.local/lib/python3.12/site-packages/airflow/example_dags/example_display_name.py
[2024-09-22T19:49:43.434+0000] {processor.py:925} INFO - DAG(s) 'example_display_name' retrieved from /home/airflow/.local/lib/python3.12/site-packages/airflow/example_dags/example_display_name.py
[2024-09-22T19:49:43.444+0000] {logging_mixin.py:190} INFO - [2024-09-22T19:49:43.444+0000] {dag.py:3229} INFO - Sync 1 DAGs
[2024-09-22T19:49:43.452+0000] {logging_mixin.py:190} INFO - [2024-09-22T19:49:43.451+0000] {dag.py:4156} INFO - Setting next_dagrun for example_display_name to None, run_after=None
[2024-09-22T19:49:43.464+0000] {processor.py:208} INFO - Processing /home/airflow/.local/lib/python3.12/site-packages/airflow/example_dags/example_display_name.py took 0.039 seconds
[2024-09-22T19:50:14.099+0000] {processor.py:186} INFO - Started process (PID=1883) to work on /home/airflow/.local/lib/python3.12/site-packages/airflow/example_dags/example_display_name.py
[2024-09-22T19:50:14.101+0000] {processor.py:914} INFO - Processing file /home/airflow/.local/lib/python3.12/site-packages/airflow/example_dags/example_display_name.py for tasks to queue
[2024-09-22T19:50:14.103+0000] {logging_mixin.py:190} INFO - [2024-09-22T19:50:14.102+0000] {dagbag.py:587} INFO - Filling up the DagBag from /home/airflow/.local/lib/python3.12/site-packages/airflow/example_dags/example_display_name.py
[2024-09-22T19:50:14.107+0000] {processor.py:925} INFO - DAG(s) 'example_display_name' retrieved from /home/airflow/.local/lib/python3.12/site-packages/airflow/example_dags/example_display_name.py
[2024-09-22T19:50:14.119+0000] {logging_mixin.py:190} INFO - [2024-09-22T19:50:14.119+0000] {dag.py:3229} INFO - Sync 1 DAGs
[2024-09-22T19:50:14.126+0000] {logging_mixin.py:190} INFO - [2024-09-22T19:50:14.126+0000] {dag.py:4156} INFO - Setting next_dagrun for example_display_name to None, run_after=None
[2024-09-22T19:50:14.136+0000] {processor.py:208} INFO - Processing /home/airflow/.local/lib/python3.12/site-packages/airflow/example_dags/example_display_name.py took 0.040 seconds
[2024-09-22T19:50:44.634+0000] {processor.py:186} INFO - Started process (PID=1945) to work on /home/airflow/.local/lib/python3.12/site-packages/airflow/example_dags/example_display_name.py
[2024-09-22T19:50:44.635+0000] {processor.py:914} INFO - Processing file /home/airflow/.local/lib/python3.12/site-packages/airflow/example_dags/example_display_name.py for tasks to queue
[2024-09-22T19:50:44.637+0000] {logging_mixin.py:190} INFO - [2024-09-22T19:50:44.636+0000] {dagbag.py:587} INFO - Filling up the DagBag from /home/airflow/.local/lib/python3.12/site-packages/airflow/example_dags/example_display_name.py
[2024-09-22T19:50:44.642+0000] {processor.py:925} INFO - DAG(s) 'example_display_name' retrieved from /home/airflow/.local/lib/python3.12/site-packages/airflow/example_dags/example_display_name.py
[2024-09-22T19:50:44.654+0000] {logging_mixin.py:190} INFO - [2024-09-22T19:50:44.654+0000] {dag.py:3229} INFO - Sync 1 DAGs
[2024-09-22T19:50:44.662+0000] {logging_mixin.py:190} INFO - [2024-09-22T19:50:44.662+0000] {dag.py:4156} INFO - Setting next_dagrun for example_display_name to None, run_after=None
[2024-09-22T19:50:44.677+0000] {processor.py:208} INFO - Processing /home/airflow/.local/lib/python3.12/site-packages/airflow/example_dags/example_display_name.py took 0.047 seconds
[2024-09-22T19:51:15.178+0000] {processor.py:186} INFO - Started process (PID=2007) to work on /home/airflow/.local/lib/python3.12/site-packages/airflow/example_dags/example_display_name.py
[2024-09-22T19:51:15.180+0000] {processor.py:914} INFO - Processing file /home/airflow/.local/lib/python3.12/site-packages/airflow/example_dags/example_display_name.py for tasks to queue
[2024-09-22T19:51:15.184+0000] {logging_mixin.py:190} INFO - [2024-09-22T19:51:15.184+0000] {dagbag.py:587} INFO - Filling up the DagBag from /home/airflow/.local/lib/python3.12/site-packages/airflow/example_dags/example_display_name.py
[2024-09-22T19:51:15.190+0000] {processor.py:925} INFO - DAG(s) 'example_display_name' retrieved from /home/airflow/.local/lib/python3.12/site-packages/airflow/example_dags/example_display_name.py
[2024-09-22T19:51:15.200+0000] {logging_mixin.py:190} INFO - [2024-09-22T19:51:15.200+0000] {dag.py:3229} INFO - Sync 1 DAGs
[2024-09-22T19:51:15.208+0000] {logging_mixin.py:190} INFO - [2024-09-22T19:51:15.208+0000] {dag.py:4156} INFO - Setting next_dagrun for example_display_name to None, run_after=None
[2024-09-22T19:51:15.217+0000] {processor.py:208} INFO - Processing /home/airflow/.local/lib/python3.12/site-packages/airflow/example_dags/example_display_name.py took 0.042 seconds
[2024-09-22T19:51:45.874+0000] {processor.py:186} INFO - Started process (PID=2069) to work on /home/airflow/.local/lib/python3.12/site-packages/airflow/example_dags/example_display_name.py
[2024-09-22T19:51:45.875+0000] {processor.py:914} INFO - Processing file /home/airflow/.local/lib/python3.12/site-packages/airflow/example_dags/example_display_name.py for tasks to queue
[2024-09-22T19:51:45.876+0000] {logging_mixin.py:190} INFO - [2024-09-22T19:51:45.876+0000] {dagbag.py:587} INFO - Filling up the DagBag from /home/airflow/.local/lib/python3.12/site-packages/airflow/example_dags/example_display_name.py
[2024-09-22T19:51:45.880+0000] {processor.py:925} INFO - DAG(s) 'example_display_name' retrieved from /home/airflow/.local/lib/python3.12/site-packages/airflow/example_dags/example_display_name.py
[2024-09-22T19:51:45.890+0000] {logging_mixin.py:190} INFO - [2024-09-22T19:51:45.890+0000] {dag.py:3229} INFO - Sync 1 DAGs
[2024-09-22T19:51:45.897+0000] {logging_mixin.py:190} INFO - [2024-09-22T19:51:45.897+0000] {dag.py:4156} INFO - Setting next_dagrun for example_display_name to None, run_after=None
[2024-09-22T19:51:45.908+0000] {processor.py:208} INFO - Processing /home/airflow/.local/lib/python3.12/site-packages/airflow/example_dags/example_display_name.py took 0.037 seconds
[2024-09-22T19:52:16.257+0000] {processor.py:186} INFO - Started process (PID=2131) to work on /home/airflow/.local/lib/python3.12/site-packages/airflow/example_dags/example_display_name.py
[2024-09-22T19:52:16.257+0000] {processor.py:914} INFO - Processing file /home/airflow/.local/lib/python3.12/site-packages/airflow/example_dags/example_display_name.py for tasks to queue
[2024-09-22T19:52:16.259+0000] {logging_mixin.py:190} INFO - [2024-09-22T19:52:16.259+0000] {dagbag.py:587} INFO - Filling up the DagBag from /home/airflow/.local/lib/python3.12/site-packages/airflow/example_dags/example_display_name.py
[2024-09-22T19:52:16.263+0000] {processor.py:925} INFO - DAG(s) 'example_display_name' retrieved from /home/airflow/.local/lib/python3.12/site-packages/airflow/example_dags/example_display_name.py
[2024-09-22T19:52:16.273+0000] {logging_mixin.py:190} INFO - [2024-09-22T19:52:16.273+0000] {dag.py:3229} INFO - Sync 1 DAGs
[2024-09-22T19:52:16.280+0000] {logging_mixin.py:190} INFO - [2024-09-22T19:52:16.280+0000] {dag.py:4156} INFO - Setting next_dagrun for example_display_name to None, run_after=None
[2024-09-22T19:52:16.292+0000] {processor.py:208} INFO - Processing /home/airflow/.local/lib/python3.12/site-packages/airflow/example_dags/example_display_name.py took 0.038 seconds
[2024-09-22T19:52:46.744+0000] {processor.py:186} INFO - Started process (PID=2193) to work on /home/airflow/.local/lib/python3.12/site-packages/airflow/example_dags/example_display_name.py
[2024-09-22T19:52:46.747+0000] {processor.py:914} INFO - Processing file /home/airflow/.local/lib/python3.12/site-packages/airflow/example_dags/example_display_name.py for tasks to queue
[2024-09-22T19:52:46.748+0000] {logging_mixin.py:190} INFO - [2024-09-22T19:52:46.748+0000] {dagbag.py:587} INFO - Filling up the DagBag from /home/airflow/.local/lib/python3.12/site-packages/airflow/example_dags/example_display_name.py
[2024-09-22T19:52:46.753+0000] {processor.py:925} INFO - DAG(s) 'example_display_name' retrieved from /home/airflow/.local/lib/python3.12/site-packages/airflow/example_dags/example_display_name.py
[2024-09-22T19:52:46.767+0000] {logging_mixin.py:190} INFO - [2024-09-22T19:52:46.767+0000] {dag.py:3229} INFO - Sync 1 DAGs
[2024-09-22T19:52:46.779+0000] {logging_mixin.py:190} INFO - [2024-09-22T19:52:46.779+0000] {dag.py:4156} INFO - Setting next_dagrun for example_display_name to None, run_after=None
[2024-09-22T19:52:46.791+0000] {processor.py:208} INFO - Processing /home/airflow/.local/lib/python3.12/site-packages/airflow/example_dags/example_display_name.py took 0.050 seconds
[2024-09-22T19:53:17.433+0000] {processor.py:186} INFO - Started process (PID=2255) to work on /home/airflow/.local/lib/python3.12/site-packages/airflow/example_dags/example_display_name.py
[2024-09-22T19:53:17.434+0000] {processor.py:914} INFO - Processing file /home/airflow/.local/lib/python3.12/site-packages/airflow/example_dags/example_display_name.py for tasks to queue
[2024-09-22T19:53:17.437+0000] {logging_mixin.py:190} INFO - [2024-09-22T19:53:17.436+0000] {dagbag.py:587} INFO - Filling up the DagBag from /home/airflow/.local/lib/python3.12/site-packages/airflow/example_dags/example_display_name.py
[2024-09-22T19:53:17.442+0000] {processor.py:925} INFO - DAG(s) 'example_display_name' retrieved from /home/airflow/.local/lib/python3.12/site-packages/airflow/example_dags/example_display_name.py
[2024-09-22T19:53:17.454+0000] {logging_mixin.py:190} INFO - [2024-09-22T19:53:17.454+0000] {dag.py:3229} INFO - Sync 1 DAGs
[2024-09-22T19:53:17.463+0000] {logging_mixin.py:190} INFO - [2024-09-22T19:53:17.463+0000] {dag.py:4156} INFO - Setting next_dagrun for example_display_name to None, run_after=None
[2024-09-22T19:53:17.478+0000] {processor.py:208} INFO - Processing /home/airflow/.local/lib/python3.12/site-packages/airflow/example_dags/example_display_name.py took 0.047 seconds
[2024-09-22T19:53:47.909+0000] {processor.py:186} INFO - Started process (PID=2317) to work on /home/airflow/.local/lib/python3.12/site-packages/airflow/example_dags/example_display_name.py
[2024-09-22T19:53:47.911+0000] {processor.py:914} INFO - Processing file /home/airflow/.local/lib/python3.12/site-packages/airflow/example_dags/example_display_name.py for tasks to queue
[2024-09-22T19:53:47.912+0000] {logging_mixin.py:190} INFO - [2024-09-22T19:53:47.912+0000] {dagbag.py:587} INFO - Filling up the DagBag from /home/airflow/.local/lib/python3.12/site-packages/airflow/example_dags/example_display_name.py
[2024-09-22T19:53:47.917+0000] {processor.py:925} INFO - DAG(s) 'example_display_name' retrieved from /home/airflow/.local/lib/python3.12/site-packages/airflow/example_dags/example_display_name.py
[2024-09-22T19:53:47.928+0000] {logging_mixin.py:190} INFO - [2024-09-22T19:53:47.928+0000] {dag.py:3229} INFO - Sync 1 DAGs
[2024-09-22T19:53:47.937+0000] {logging_mixin.py:190} INFO - [2024-09-22T19:53:47.937+0000] {dag.py:4156} INFO - Setting next_dagrun for example_display_name to None, run_after=None
[2024-09-22T19:53:47.947+0000] {processor.py:208} INFO - Processing /home/airflow/.local/lib/python3.12/site-packages/airflow/example_dags/example_display_name.py took 0.040 seconds
[2024-09-22T19:54:18.566+0000] {processor.py:186} INFO - Started process (PID=2379) to work on /home/airflow/.local/lib/python3.12/site-packages/airflow/example_dags/example_display_name.py
[2024-09-22T19:54:18.566+0000] {processor.py:914} INFO - Processing file /home/airflow/.local/lib/python3.12/site-packages/airflow/example_dags/example_display_name.py for tasks to queue
[2024-09-22T19:54:18.567+0000] {logging_mixin.py:190} INFO - [2024-09-22T19:54:18.567+0000] {dagbag.py:587} INFO - Filling up the DagBag from /home/airflow/.local/lib/python3.12/site-packages/airflow/example_dags/example_display_name.py
[2024-09-22T19:54:18.572+0000] {processor.py:925} INFO - DAG(s) 'example_display_name' retrieved from /home/airflow/.local/lib/python3.12/site-packages/airflow/example_dags/example_display_name.py
[2024-09-22T19:54:18.584+0000] {logging_mixin.py:190} INFO - [2024-09-22T19:54:18.584+0000] {dag.py:3229} INFO - Sync 1 DAGs
[2024-09-22T19:54:18.592+0000] {logging_mixin.py:190} INFO - [2024-09-22T19:54:18.592+0000] {dag.py:4156} INFO - Setting next_dagrun for example_display_name to None, run_after=None
[2024-09-22T19:54:18.601+0000] {processor.py:208} INFO - Processing /home/airflow/.local/lib/python3.12/site-packages/airflow/example_dags/example_display_name.py took 0.038 seconds
[2024-09-22T19:54:49.126+0000] {processor.py:186} INFO - Started process (PID=2441) to work on /home/airflow/.local/lib/python3.12/site-packages/airflow/example_dags/example_display_name.py
[2024-09-22T19:54:49.127+0000] {processor.py:914} INFO - Processing file /home/airflow/.local/lib/python3.12/site-packages/airflow/example_dags/example_display_name.py for tasks to queue
[2024-09-22T19:54:49.128+0000] {logging_mixin.py:190} INFO - [2024-09-22T19:54:49.128+0000] {dagbag.py:587} INFO - Filling up the DagBag from /home/airflow/.local/lib/python3.12/site-packages/airflow/example_dags/example_display_name.py
[2024-09-22T19:54:49.132+0000] {processor.py:925} INFO - DAG(s) 'example_display_name' retrieved from /home/airflow/.local/lib/python3.12/site-packages/airflow/example_dags/example_display_name.py
[2024-09-22T19:54:49.142+0000] {logging_mixin.py:190} INFO - [2024-09-22T19:54:49.142+0000] {dag.py:3229} INFO - Sync 1 DAGs
[2024-09-22T19:54:49.150+0000] {logging_mixin.py:190} INFO - [2024-09-22T19:54:49.150+0000] {dag.py:4156} INFO - Setting next_dagrun for example_display_name to None, run_after=None
[2024-09-22T19:54:49.160+0000] {processor.py:208} INFO - Processing /home/airflow/.local/lib/python3.12/site-packages/airflow/example_dags/example_display_name.py took 0.037 seconds
[2024-09-22T19:55:19.650+0000] {processor.py:186} INFO - Started process (PID=2503) to work on /home/airflow/.local/lib/python3.12/site-packages/airflow/example_dags/example_display_name.py
[2024-09-22T19:55:19.650+0000] {processor.py:914} INFO - Processing file /home/airflow/.local/lib/python3.12/site-packages/airflow/example_dags/example_display_name.py for tasks to queue
[2024-09-22T19:55:19.652+0000] {logging_mixin.py:190} INFO - [2024-09-22T19:55:19.651+0000] {dagbag.py:587} INFO - Filling up the DagBag from /home/airflow/.local/lib/python3.12/site-packages/airflow/example_dags/example_display_name.py
[2024-09-22T19:55:19.655+0000] {processor.py:925} INFO - DAG(s) 'example_display_name' retrieved from /home/airflow/.local/lib/python3.12/site-packages/airflow/example_dags/example_display_name.py
[2024-09-22T19:55:19.665+0000] {logging_mixin.py:190} INFO - [2024-09-22T19:55:19.665+0000] {dag.py:3229} INFO - Sync 1 DAGs
[2024-09-22T19:55:19.672+0000] {logging_mixin.py:190} INFO - [2024-09-22T19:55:19.672+0000] {dag.py:4156} INFO - Setting next_dagrun for example_display_name to None, run_after=None
[2024-09-22T19:55:19.685+0000] {processor.py:208} INFO - Processing /home/airflow/.local/lib/python3.12/site-packages/airflow/example_dags/example_display_name.py took 0.039 seconds
[2024-09-22T19:55:50.246+0000] {processor.py:186} INFO - Started process (PID=2565) to work on /home/airflow/.local/lib/python3.12/site-packages/airflow/example_dags/example_display_name.py
[2024-09-22T19:55:50.247+0000] {processor.py:914} INFO - Processing file /home/airflow/.local/lib/python3.12/site-packages/airflow/example_dags/example_display_name.py for tasks to queue
[2024-09-22T19:55:50.249+0000] {logging_mixin.py:190} INFO - [2024-09-22T19:55:50.248+0000] {dagbag.py:587} INFO - Filling up the DagBag from /home/airflow/.local/lib/python3.12/site-packages/airflow/example_dags/example_display_name.py
[2024-09-22T19:55:50.256+0000] {processor.py:925} INFO - DAG(s) 'example_display_name' retrieved from /home/airflow/.local/lib/python3.12/site-packages/airflow/example_dags/example_display_name.py
[2024-09-22T19:55:50.274+0000] {logging_mixin.py:190} INFO - [2024-09-22T19:55:50.274+0000] {dag.py:3229} INFO - Sync 1 DAGs
[2024-09-22T19:55:50.280+0000] {logging_mixin.py:190} INFO - [2024-09-22T19:55:50.280+0000] {dag.py:4156} INFO - Setting next_dagrun for example_display_name to None, run_after=None
[2024-09-22T19:55:50.293+0000] {processor.py:208} INFO - Processing /home/airflow/.local/lib/python3.12/site-packages/airflow/example_dags/example_display_name.py took 0.051 seconds
[2024-09-22T19:56:21.049+0000] {processor.py:186} INFO - Started process (PID=2627) to work on /home/airflow/.local/lib/python3.12/site-packages/airflow/example_dags/example_display_name.py
[2024-09-22T19:56:21.052+0000] {processor.py:914} INFO - Processing file /home/airflow/.local/lib/python3.12/site-packages/airflow/example_dags/example_display_name.py for tasks to queue
[2024-09-22T19:56:21.055+0000] {logging_mixin.py:190} INFO - [2024-09-22T19:56:21.054+0000] {dagbag.py:587} INFO - Filling up the DagBag from /home/airflow/.local/lib/python3.12/site-packages/airflow/example_dags/example_display_name.py
[2024-09-22T19:56:21.061+0000] {processor.py:925} INFO - DAG(s) 'example_display_name' retrieved from /home/airflow/.local/lib/python3.12/site-packages/airflow/example_dags/example_display_name.py
[2024-09-22T19:56:21.074+0000] {logging_mixin.py:190} INFO - [2024-09-22T19:56:21.074+0000] {dag.py:3229} INFO - Sync 1 DAGs
[2024-09-22T19:56:21.081+0000] {logging_mixin.py:190} INFO - [2024-09-22T19:56:21.081+0000] {dag.py:4156} INFO - Setting next_dagrun for example_display_name to None, run_after=None
[2024-09-22T19:56:21.094+0000] {processor.py:208} INFO - Processing /home/airflow/.local/lib/python3.12/site-packages/airflow/example_dags/example_display_name.py took 0.049 seconds
[2024-09-22T19:56:51.815+0000] {processor.py:186} INFO - Started process (PID=2689) to work on /home/airflow/.local/lib/python3.12/site-packages/airflow/example_dags/example_display_name.py
[2024-09-22T19:56:51.816+0000] {processor.py:914} INFO - Processing file /home/airflow/.local/lib/python3.12/site-packages/airflow/example_dags/example_display_name.py for tasks to queue
[2024-09-22T19:56:51.819+0000] {logging_mixin.py:190} INFO - [2024-09-22T19:56:51.819+0000] {dagbag.py:587} INFO - Filling up the DagBag from /home/airflow/.local/lib/python3.12/site-packages/airflow/example_dags/example_display_name.py
[2024-09-22T19:56:51.826+0000] {processor.py:925} INFO - DAG(s) 'example_display_name' retrieved from /home/airflow/.local/lib/python3.12/site-packages/airflow/example_dags/example_display_name.py
[2024-09-22T19:56:51.840+0000] {logging_mixin.py:190} INFO - [2024-09-22T19:56:51.839+0000] {dag.py:3229} INFO - Sync 1 DAGs
[2024-09-22T19:56:51.849+0000] {logging_mixin.py:190} INFO - [2024-09-22T19:56:51.848+0000] {dag.py:4156} INFO - Setting next_dagrun for example_display_name to None, run_after=None
[2024-09-22T19:56:51.859+0000] {processor.py:208} INFO - Processing /home/airflow/.local/lib/python3.12/site-packages/airflow/example_dags/example_display_name.py took 0.047 seconds
[2024-09-22T19:57:22.676+0000] {processor.py:186} INFO - Started process (PID=2751) to work on /home/airflow/.local/lib/python3.12/site-packages/airflow/example_dags/example_display_name.py
[2024-09-22T19:57:22.678+0000] {processor.py:914} INFO - Processing file /home/airflow/.local/lib/python3.12/site-packages/airflow/example_dags/example_display_name.py for tasks to queue
[2024-09-22T19:57:22.681+0000] {logging_mixin.py:190} INFO - [2024-09-22T19:57:22.680+0000] {dagbag.py:587} INFO - Filling up the DagBag from /home/airflow/.local/lib/python3.12/site-packages/airflow/example_dags/example_display_name.py
[2024-09-22T19:57:22.687+0000] {processor.py:925} INFO - DAG(s) 'example_display_name' retrieved from /home/airflow/.local/lib/python3.12/site-packages/airflow/example_dags/example_display_name.py
[2024-09-22T19:57:22.700+0000] {logging_mixin.py:190} INFO - [2024-09-22T19:57:22.700+0000] {dag.py:3229} INFO - Sync 1 DAGs
[2024-09-22T19:57:22.707+0000] {logging_mixin.py:190} INFO - [2024-09-22T19:57:22.707+0000] {dag.py:4156} INFO - Setting next_dagrun for example_display_name to None, run_after=None
[2024-09-22T19:57:22.722+0000] {processor.py:208} INFO - Processing /home/airflow/.local/lib/python3.12/site-packages/airflow/example_dags/example_display_name.py took 0.050 seconds
[2024-09-22T19:57:54.112+0000] {processor.py:186} INFO - Started process (PID=2813) to work on /home/airflow/.local/lib/python3.12/site-packages/airflow/example_dags/example_display_name.py
[2024-09-22T19:57:54.113+0000] {processor.py:914} INFO - Processing file /home/airflow/.local/lib/python3.12/site-packages/airflow/example_dags/example_display_name.py for tasks to queue
[2024-09-22T19:57:54.114+0000] {logging_mixin.py:190} INFO - [2024-09-22T19:57:54.114+0000] {dagbag.py:587} INFO - Filling up the DagBag from /home/airflow/.local/lib/python3.12/site-packages/airflow/example_dags/example_display_name.py
[2024-09-22T19:57:54.119+0000] {processor.py:925} INFO - DAG(s) 'example_display_name' retrieved from /home/airflow/.local/lib/python3.12/site-packages/airflow/example_dags/example_display_name.py
[2024-09-22T19:57:54.133+0000] {logging_mixin.py:190} INFO - [2024-09-22T19:57:54.133+0000] {dag.py:3229} INFO - Sync 1 DAGs
[2024-09-22T19:57:54.142+0000] {logging_mixin.py:190} INFO - [2024-09-22T19:57:54.141+0000] {dag.py:4156} INFO - Setting next_dagrun for example_display_name to None, run_after=None
[2024-09-22T19:57:54.153+0000] {processor.py:208} INFO - Processing /home/airflow/.local/lib/python3.12/site-packages/airflow/example_dags/example_display_name.py took 0.046 seconds
[2024-09-22T20:46:46.122+0000] {processor.py:186} INFO - Started process (PID=2874) to work on /home/airflow/.local/lib/python3.12/site-packages/airflow/example_dags/example_display_name.py
[2024-09-22T20:46:46.123+0000] {processor.py:914} INFO - Processing file /home/airflow/.local/lib/python3.12/site-packages/airflow/example_dags/example_display_name.py for tasks to queue
[2024-09-22T20:46:46.124+0000] {logging_mixin.py:190} INFO - [2024-09-22T20:46:46.124+0000] {dagbag.py:587} INFO - Filling up the DagBag from /home/airflow/.local/lib/python3.12/site-packages/airflow/example_dags/example_display_name.py
[2024-09-22T20:46:46.129+0000] {processor.py:925} INFO - DAG(s) 'example_display_name' retrieved from /home/airflow/.local/lib/python3.12/site-packages/airflow/example_dags/example_display_name.py
[2024-09-22T20:46:46.144+0000] {logging_mixin.py:190} INFO - [2024-09-22T20:46:46.144+0000] {dag.py:3229} INFO - Sync 1 DAGs
[2024-09-22T20:46:46.151+0000] {logging_mixin.py:190} INFO - [2024-09-22T20:46:46.150+0000] {dag.py:4156} INFO - Setting next_dagrun for example_display_name to None, run_after=None
[2024-09-22T20:46:46.165+0000] {processor.py:208} INFO - Processing /home/airflow/.local/lib/python3.12/site-packages/airflow/example_dags/example_display_name.py took 0.046 seconds
[2024-09-22T21:58:48.160+0000] {processor.py:186} INFO - Started process (PID=2936) to work on /home/airflow/.local/lib/python3.12/site-packages/airflow/example_dags/example_display_name.py
[2024-09-22T21:58:48.161+0000] {processor.py:914} INFO - Processing file /home/airflow/.local/lib/python3.12/site-packages/airflow/example_dags/example_display_name.py for tasks to queue
[2024-09-22T21:58:48.162+0000] {logging_mixin.py:190} INFO - [2024-09-22T21:58:48.162+0000] {dagbag.py:587} INFO - Filling up the DagBag from /home/airflow/.local/lib/python3.12/site-packages/airflow/example_dags/example_display_name.py
[2024-09-22T21:58:48.167+0000] {processor.py:925} INFO - DAG(s) 'example_display_name' retrieved from /home/airflow/.local/lib/python3.12/site-packages/airflow/example_dags/example_display_name.py
[2024-09-22T21:58:48.179+0000] {logging_mixin.py:190} INFO - [2024-09-22T21:58:48.179+0000] {dag.py:3229} INFO - Sync 1 DAGs
[2024-09-22T21:58:48.186+0000] {logging_mixin.py:190} INFO - [2024-09-22T21:58:48.186+0000] {dag.py:4156} INFO - Setting next_dagrun for example_display_name to None, run_after=None
[2024-09-22T21:58:48.202+0000] {processor.py:208} INFO - Processing /home/airflow/.local/lib/python3.12/site-packages/airflow/example_dags/example_display_name.py took 0.045 seconds
[2024-09-22T23:25:50.727+0000] {processor.py:186} INFO - Started process (PID=2998) to work on /home/airflow/.local/lib/python3.12/site-packages/airflow/example_dags/example_display_name.py
[2024-09-22T23:25:50.729+0000] {processor.py:914} INFO - Processing file /home/airflow/.local/lib/python3.12/site-packages/airflow/example_dags/example_display_name.py for tasks to queue
[2024-09-22T23:25:50.730+0000] {logging_mixin.py:190} INFO - [2024-09-22T23:25:50.730+0000] {dagbag.py:587} INFO - Filling up the DagBag from /home/airflow/.local/lib/python3.12/site-packages/airflow/example_dags/example_display_name.py
[2024-09-22T23:25:50.734+0000] {processor.py:925} INFO - DAG(s) 'example_display_name' retrieved from /home/airflow/.local/lib/python3.12/site-packages/airflow/example_dags/example_display_name.py
[2024-09-22T23:25:50.744+0000] {logging_mixin.py:190} INFO - [2024-09-22T23:25:50.744+0000] {dag.py:3229} INFO - Sync 1 DAGs
[2024-09-22T23:25:50.751+0000] {logging_mixin.py:190} INFO - [2024-09-22T23:25:50.751+0000] {dag.py:4156} INFO - Setting next_dagrun for example_display_name to None, run_after=None
[2024-09-22T23:25:50.765+0000] {processor.py:208} INFO - Processing /home/airflow/.local/lib/python3.12/site-packages/airflow/example_dags/example_display_name.py took 0.041 seconds
