[2024-09-22T19:35:29.441+0000] {processor.py:186} INFO - Started process (PID=70) to work on /home/airflow/.local/lib/python3.12/site-packages/airflow/example_dags/example_external_task_marker_dag.py
[2024-09-22T19:35:29.442+0000] {processor.py:914} INFO - Processing file /home/airflow/.local/lib/python3.12/site-packages/airflow/example_dags/example_external_task_marker_dag.py for tasks to queue
[2024-09-22T19:35:29.444+0000] {logging_mixin.py:190} INFO - [2024-09-22T19:35:29.444+0000] {dagbag.py:587} INFO - Filling up the DagBag from /home/airflow/.local/lib/python3.12/site-packages/airflow/example_dags/example_external_task_marker_dag.py
[2024-09-22T19:35:29.456+0000] {processor.py:925} INFO - DAG(s) 'example_external_task_marker_child', 'example_external_task_marker_parent' retrieved from /home/airflow/.local/lib/python3.12/site-packages/airflow/example_dags/example_external_task_marker_dag.py
[2024-09-22T19:35:29.540+0000] {logging_mixin.py:190} INFO - [2024-09-22T19:35:29.540+0000] {override.py:1900} INFO - Created Permission View: can read on DAG:example_external_task_marker_child
[2024-09-22T19:35:29.553+0000] {logging_mixin.py:190} INFO - [2024-09-22T19:35:29.552+0000] {override.py:1900} INFO - Created Permission View: can edit on DAG:example_external_task_marker_child
[2024-09-22T19:35:29.556+0000] {logging_mixin.py:190} INFO - [2024-09-22T19:35:29.556+0000] {override.py:1900} INFO - Created Permission View: can delete on DAG:example_external_task_marker_child
[2024-09-22T19:35:29.559+0000] {logging_mixin.py:190} INFO - [2024-09-22T19:35:29.559+0000] {override.py:1900} INFO - Created Permission View: can read on DAG Run:example_external_task_marker_child
[2024-09-22T19:35:29.562+0000] {logging_mixin.py:190} INFO - [2024-09-22T19:35:29.562+0000] {override.py:1900} INFO - Created Permission View: menu access on DAG Run:example_external_task_marker_child
[2024-09-22T19:35:29.565+0000] {logging_mixin.py:190} INFO - [2024-09-22T19:35:29.565+0000] {override.py:1900} INFO - Created Permission View: can delete on DAG Run:example_external_task_marker_child
[2024-09-22T19:35:29.568+0000] {logging_mixin.py:190} INFO - [2024-09-22T19:35:29.568+0000] {override.py:1900} INFO - Created Permission View: can create on DAG Run:example_external_task_marker_child
[2024-09-22T19:35:29.574+0000] {logging_mixin.py:190} INFO - [2024-09-22T19:35:29.574+0000] {override.py:1900} INFO - Created Permission View: can read on DAG:example_external_task_marker_parent
[2024-09-22T19:35:29.577+0000] {logging_mixin.py:190} INFO - [2024-09-22T19:35:29.577+0000] {override.py:1900} INFO - Created Permission View: can edit on DAG:example_external_task_marker_parent
[2024-09-22T19:35:29.583+0000] {logging_mixin.py:190} INFO - [2024-09-22T19:35:29.583+0000] {override.py:1900} INFO - Created Permission View: can delete on DAG:example_external_task_marker_parent
[2024-09-22T19:35:29.591+0000] {logging_mixin.py:190} INFO - [2024-09-22T19:35:29.591+0000] {override.py:1900} INFO - Created Permission View: can read on DAG Run:example_external_task_marker_parent
[2024-09-22T19:35:29.598+0000] {logging_mixin.py:190} INFO - [2024-09-22T19:35:29.598+0000] {override.py:1900} INFO - Created Permission View: menu access on DAG Run:example_external_task_marker_parent
[2024-09-22T19:35:29.603+0000] {logging_mixin.py:190} INFO - [2024-09-22T19:35:29.602+0000] {override.py:1900} INFO - Created Permission View: can delete on DAG Run:example_external_task_marker_parent
[2024-09-22T19:35:29.607+0000] {logging_mixin.py:190} INFO - [2024-09-22T19:35:29.607+0000] {override.py:1900} INFO - Created Permission View: can create on DAG Run:example_external_task_marker_parent
[2024-09-22T19:35:29.607+0000] {logging_mixin.py:190} INFO - [2024-09-22T19:35:29.607+0000] {dag.py:3229} INFO - Sync 2 DAGs
[2024-09-22T19:35:29.617+0000] {logging_mixin.py:190} INFO - [2024-09-22T19:35:29.616+0000] {dag.py:3252} INFO - Creating ORM DAG for example_external_task_marker_child
[2024-09-22T19:35:29.619+0000] {logging_mixin.py:190} INFO - [2024-09-22T19:35:29.619+0000] {dag.py:3252} INFO - Creating ORM DAG for example_external_task_marker_parent
[2024-09-22T19:35:29.620+0000] {logging_mixin.py:190} INFO - [2024-09-22T19:35:29.620+0000] {dag.py:4156} INFO - Setting next_dagrun for example_external_task_marker_child to None, run_after=None
[2024-09-22T19:35:29.621+0000] {logging_mixin.py:190} INFO - [2024-09-22T19:35:29.621+0000] {dag.py:4156} INFO - Setting next_dagrun for example_external_task_marker_parent to None, run_after=None
[2024-09-22T19:35:29.638+0000] {processor.py:208} INFO - Processing /home/airflow/.local/lib/python3.12/site-packages/airflow/example_dags/example_external_task_marker_dag.py took 0.202 seconds
[2024-09-22T19:36:00.207+0000] {processor.py:186} INFO - Started process (PID=132) to work on /home/airflow/.local/lib/python3.12/site-packages/airflow/example_dags/example_external_task_marker_dag.py
[2024-09-22T19:36:00.209+0000] {processor.py:914} INFO - Processing file /home/airflow/.local/lib/python3.12/site-packages/airflow/example_dags/example_external_task_marker_dag.py for tasks to queue
[2024-09-22T19:36:00.213+0000] {logging_mixin.py:190} INFO - [2024-09-22T19:36:00.212+0000] {dagbag.py:587} INFO - Filling up the DagBag from /home/airflow/.local/lib/python3.12/site-packages/airflow/example_dags/example_external_task_marker_dag.py
[2024-09-22T19:36:00.218+0000] {processor.py:925} INFO - DAG(s) 'example_external_task_marker_parent', 'example_external_task_marker_child' retrieved from /home/airflow/.local/lib/python3.12/site-packages/airflow/example_dags/example_external_task_marker_dag.py
[2024-09-22T19:36:00.234+0000] {logging_mixin.py:190} INFO - [2024-09-22T19:36:00.234+0000] {dag.py:3229} INFO - Sync 2 DAGs
[2024-09-22T19:36:00.249+0000] {logging_mixin.py:190} INFO - [2024-09-22T19:36:00.249+0000] {dag.py:4156} INFO - Setting next_dagrun for example_external_task_marker_child to None, run_after=None
[2024-09-22T19:36:00.254+0000] {logging_mixin.py:190} INFO - [2024-09-22T19:36:00.254+0000] {dag.py:4156} INFO - Setting next_dagrun for example_external_task_marker_parent to None, run_after=None
[2024-09-22T19:36:00.265+0000] {processor.py:208} INFO - Processing /home/airflow/.local/lib/python3.12/site-packages/airflow/example_dags/example_external_task_marker_dag.py took 0.062 seconds
[2024-09-22T19:36:30.706+0000] {processor.py:186} INFO - Started process (PID=194) to work on /home/airflow/.local/lib/python3.12/site-packages/airflow/example_dags/example_external_task_marker_dag.py
[2024-09-22T19:36:30.706+0000] {processor.py:914} INFO - Processing file /home/airflow/.local/lib/python3.12/site-packages/airflow/example_dags/example_external_task_marker_dag.py for tasks to queue
[2024-09-22T19:36:30.708+0000] {logging_mixin.py:190} INFO - [2024-09-22T19:36:30.708+0000] {dagbag.py:587} INFO - Filling up the DagBag from /home/airflow/.local/lib/python3.12/site-packages/airflow/example_dags/example_external_task_marker_dag.py
[2024-09-22T19:36:30.712+0000] {processor.py:925} INFO - DAG(s) 'example_external_task_marker_child', 'example_external_task_marker_parent' retrieved from /home/airflow/.local/lib/python3.12/site-packages/airflow/example_dags/example_external_task_marker_dag.py
[2024-09-22T19:36:30.723+0000] {logging_mixin.py:190} INFO - [2024-09-22T19:36:30.723+0000] {dag.py:3229} INFO - Sync 2 DAGs
[2024-09-22T19:36:30.730+0000] {logging_mixin.py:190} INFO - [2024-09-22T19:36:30.730+0000] {dag.py:4156} INFO - Setting next_dagrun for example_external_task_marker_child to None, run_after=None
[2024-09-22T19:36:30.732+0000] {logging_mixin.py:190} INFO - [2024-09-22T19:36:30.732+0000] {dag.py:4156} INFO - Setting next_dagrun for example_external_task_marker_parent to None, run_after=None
[2024-09-22T19:36:30.739+0000] {processor.py:208} INFO - Processing /home/airflow/.local/lib/python3.12/site-packages/airflow/example_dags/example_external_task_marker_dag.py took 0.037 seconds
[2024-09-22T19:37:01.252+0000] {processor.py:186} INFO - Started process (PID=256) to work on /home/airflow/.local/lib/python3.12/site-packages/airflow/example_dags/example_external_task_marker_dag.py
[2024-09-22T19:37:01.252+0000] {processor.py:914} INFO - Processing file /home/airflow/.local/lib/python3.12/site-packages/airflow/example_dags/example_external_task_marker_dag.py for tasks to queue
[2024-09-22T19:37:01.253+0000] {logging_mixin.py:190} INFO - [2024-09-22T19:37:01.253+0000] {dagbag.py:587} INFO - Filling up the DagBag from /home/airflow/.local/lib/python3.12/site-packages/airflow/example_dags/example_external_task_marker_dag.py
[2024-09-22T19:37:01.258+0000] {processor.py:925} INFO - DAG(s) 'example_external_task_marker_child', 'example_external_task_marker_parent' retrieved from /home/airflow/.local/lib/python3.12/site-packages/airflow/example_dags/example_external_task_marker_dag.py
[2024-09-22T19:37:01.271+0000] {logging_mixin.py:190} INFO - [2024-09-22T19:37:01.271+0000] {dag.py:3229} INFO - Sync 2 DAGs
[2024-09-22T19:37:01.279+0000] {logging_mixin.py:190} INFO - [2024-09-22T19:37:01.279+0000] {dag.py:4156} INFO - Setting next_dagrun for example_external_task_marker_child to None, run_after=None
[2024-09-22T19:37:01.281+0000] {logging_mixin.py:190} INFO - [2024-09-22T19:37:01.281+0000] {dag.py:4156} INFO - Setting next_dagrun for example_external_task_marker_parent to None, run_after=None
[2024-09-22T19:37:01.288+0000] {processor.py:208} INFO - Processing /home/airflow/.local/lib/python3.12/site-packages/airflow/example_dags/example_external_task_marker_dag.py took 0.039 seconds
[2024-09-22T19:37:31.879+0000] {processor.py:186} INFO - Started process (PID=318) to work on /home/airflow/.local/lib/python3.12/site-packages/airflow/example_dags/example_external_task_marker_dag.py
[2024-09-22T19:37:31.881+0000] {processor.py:914} INFO - Processing file /home/airflow/.local/lib/python3.12/site-packages/airflow/example_dags/example_external_task_marker_dag.py for tasks to queue
[2024-09-22T19:37:31.882+0000] {logging_mixin.py:190} INFO - [2024-09-22T19:37:31.882+0000] {dagbag.py:587} INFO - Filling up the DagBag from /home/airflow/.local/lib/python3.12/site-packages/airflow/example_dags/example_external_task_marker_dag.py
[2024-09-22T19:37:31.888+0000] {processor.py:925} INFO - DAG(s) 'example_external_task_marker_parent', 'example_external_task_marker_child' retrieved from /home/airflow/.local/lib/python3.12/site-packages/airflow/example_dags/example_external_task_marker_dag.py
[2024-09-22T19:37:31.900+0000] {logging_mixin.py:190} INFO - [2024-09-22T19:37:31.900+0000] {dag.py:3229} INFO - Sync 2 DAGs
[2024-09-22T19:37:31.907+0000] {logging_mixin.py:190} INFO - [2024-09-22T19:37:31.907+0000] {dag.py:4156} INFO - Setting next_dagrun for example_external_task_marker_child to None, run_after=None
[2024-09-22T19:37:31.909+0000] {logging_mixin.py:190} INFO - [2024-09-22T19:37:31.909+0000] {dag.py:4156} INFO - Setting next_dagrun for example_external_task_marker_parent to None, run_after=None
[2024-09-22T19:37:31.919+0000] {processor.py:208} INFO - Processing /home/airflow/.local/lib/python3.12/site-packages/airflow/example_dags/example_external_task_marker_dag.py took 0.043 seconds
[2024-09-22T19:38:02.140+0000] {processor.py:186} INFO - Started process (PID=380) to work on /home/airflow/.local/lib/python3.12/site-packages/airflow/example_dags/example_external_task_marker_dag.py
[2024-09-22T19:38:02.141+0000] {processor.py:914} INFO - Processing file /home/airflow/.local/lib/python3.12/site-packages/airflow/example_dags/example_external_task_marker_dag.py for tasks to queue
[2024-09-22T19:38:02.142+0000] {logging_mixin.py:190} INFO - [2024-09-22T19:38:02.142+0000] {dagbag.py:587} INFO - Filling up the DagBag from /home/airflow/.local/lib/python3.12/site-packages/airflow/example_dags/example_external_task_marker_dag.py
[2024-09-22T19:38:02.147+0000] {processor.py:925} INFO - DAG(s) 'example_external_task_marker_parent', 'example_external_task_marker_child' retrieved from /home/airflow/.local/lib/python3.12/site-packages/airflow/example_dags/example_external_task_marker_dag.py
[2024-09-22T19:38:02.159+0000] {logging_mixin.py:190} INFO - [2024-09-22T19:38:02.159+0000] {dag.py:3229} INFO - Sync 2 DAGs
[2024-09-22T19:38:02.167+0000] {logging_mixin.py:190} INFO - [2024-09-22T19:38:02.167+0000] {dag.py:4156} INFO - Setting next_dagrun for example_external_task_marker_child to None, run_after=None
[2024-09-22T19:38:02.169+0000] {logging_mixin.py:190} INFO - [2024-09-22T19:38:02.169+0000] {dag.py:4156} INFO - Setting next_dagrun for example_external_task_marker_parent to None, run_after=None
[2024-09-22T19:38:02.177+0000] {processor.py:208} INFO - Processing /home/airflow/.local/lib/python3.12/site-packages/airflow/example_dags/example_external_task_marker_dag.py took 0.040 seconds
[2024-09-22T19:38:32.409+0000] {processor.py:186} INFO - Started process (PID=442) to work on /home/airflow/.local/lib/python3.12/site-packages/airflow/example_dags/example_external_task_marker_dag.py
[2024-09-22T19:38:32.409+0000] {processor.py:914} INFO - Processing file /home/airflow/.local/lib/python3.12/site-packages/airflow/example_dags/example_external_task_marker_dag.py for tasks to queue
[2024-09-22T19:38:32.414+0000] {logging_mixin.py:190} INFO - [2024-09-22T19:38:32.414+0000] {dagbag.py:587} INFO - Filling up the DagBag from /home/airflow/.local/lib/python3.12/site-packages/airflow/example_dags/example_external_task_marker_dag.py
[2024-09-22T19:38:32.419+0000] {processor.py:925} INFO - DAG(s) 'example_external_task_marker_parent', 'example_external_task_marker_child' retrieved from /home/airflow/.local/lib/python3.12/site-packages/airflow/example_dags/example_external_task_marker_dag.py
[2024-09-22T19:38:32.435+0000] {logging_mixin.py:190} INFO - [2024-09-22T19:38:32.435+0000] {dag.py:3229} INFO - Sync 2 DAGs
[2024-09-22T19:38:32.449+0000] {logging_mixin.py:190} INFO - [2024-09-22T19:38:32.449+0000] {dag.py:4156} INFO - Setting next_dagrun for example_external_task_marker_child to None, run_after=None
[2024-09-22T19:38:32.452+0000] {logging_mixin.py:190} INFO - [2024-09-22T19:38:32.452+0000] {dag.py:4156} INFO - Setting next_dagrun for example_external_task_marker_parent to None, run_after=None
[2024-09-22T19:38:32.463+0000] {processor.py:208} INFO - Processing /home/airflow/.local/lib/python3.12/site-packages/airflow/example_dags/example_external_task_marker_dag.py took 0.058 seconds
[2024-09-22T19:39:03.129+0000] {processor.py:186} INFO - Started process (PID=504) to work on /home/airflow/.local/lib/python3.12/site-packages/airflow/example_dags/example_external_task_marker_dag.py
[2024-09-22T19:39:03.130+0000] {processor.py:914} INFO - Processing file /home/airflow/.local/lib/python3.12/site-packages/airflow/example_dags/example_external_task_marker_dag.py for tasks to queue
[2024-09-22T19:39:03.131+0000] {logging_mixin.py:190} INFO - [2024-09-22T19:39:03.131+0000] {dagbag.py:587} INFO - Filling up the DagBag from /home/airflow/.local/lib/python3.12/site-packages/airflow/example_dags/example_external_task_marker_dag.py
[2024-09-22T19:39:03.137+0000] {processor.py:925} INFO - DAG(s) 'example_external_task_marker_child', 'example_external_task_marker_parent' retrieved from /home/airflow/.local/lib/python3.12/site-packages/airflow/example_dags/example_external_task_marker_dag.py
[2024-09-22T19:39:03.151+0000] {logging_mixin.py:190} INFO - [2024-09-22T19:39:03.151+0000] {dag.py:3229} INFO - Sync 2 DAGs
[2024-09-22T19:39:03.160+0000] {logging_mixin.py:190} INFO - [2024-09-22T19:39:03.160+0000] {dag.py:4156} INFO - Setting next_dagrun for example_external_task_marker_child to None, run_after=None
[2024-09-22T19:39:03.164+0000] {logging_mixin.py:190} INFO - [2024-09-22T19:39:03.164+0000] {dag.py:4156} INFO - Setting next_dagrun for example_external_task_marker_parent to None, run_after=None
[2024-09-22T19:39:03.172+0000] {processor.py:208} INFO - Processing /home/airflow/.local/lib/python3.12/site-packages/airflow/example_dags/example_external_task_marker_dag.py took 0.045 seconds
[2024-09-22T19:39:33.445+0000] {processor.py:186} INFO - Started process (PID=566) to work on /home/airflow/.local/lib/python3.12/site-packages/airflow/example_dags/example_external_task_marker_dag.py
[2024-09-22T19:39:33.445+0000] {processor.py:914} INFO - Processing file /home/airflow/.local/lib/python3.12/site-packages/airflow/example_dags/example_external_task_marker_dag.py for tasks to queue
[2024-09-22T19:39:33.446+0000] {logging_mixin.py:190} INFO - [2024-09-22T19:39:33.446+0000] {dagbag.py:587} INFO - Filling up the DagBag from /home/airflow/.local/lib/python3.12/site-packages/airflow/example_dags/example_external_task_marker_dag.py
[2024-09-22T19:39:33.451+0000] {processor.py:925} INFO - DAG(s) 'example_external_task_marker_parent', 'example_external_task_marker_child' retrieved from /home/airflow/.local/lib/python3.12/site-packages/airflow/example_dags/example_external_task_marker_dag.py
[2024-09-22T19:39:33.462+0000] {logging_mixin.py:190} INFO - [2024-09-22T19:39:33.462+0000] {dag.py:3229} INFO - Sync 2 DAGs
[2024-09-22T19:39:33.471+0000] {logging_mixin.py:190} INFO - [2024-09-22T19:39:33.471+0000] {dag.py:4156} INFO - Setting next_dagrun for example_external_task_marker_child to None, run_after=None
[2024-09-22T19:39:33.473+0000] {logging_mixin.py:190} INFO - [2024-09-22T19:39:33.473+0000] {dag.py:4156} INFO - Setting next_dagrun for example_external_task_marker_parent to None, run_after=None
[2024-09-22T19:39:33.483+0000] {processor.py:208} INFO - Processing /home/airflow/.local/lib/python3.12/site-packages/airflow/example_dags/example_external_task_marker_dag.py took 0.042 seconds
[2024-09-22T19:40:03.647+0000] {processor.py:186} INFO - Started process (PID=628) to work on /home/airflow/.local/lib/python3.12/site-packages/airflow/example_dags/example_external_task_marker_dag.py
[2024-09-22T19:40:03.648+0000] {processor.py:914} INFO - Processing file /home/airflow/.local/lib/python3.12/site-packages/airflow/example_dags/example_external_task_marker_dag.py for tasks to queue
[2024-09-22T19:40:03.651+0000] {logging_mixin.py:190} INFO - [2024-09-22T19:40:03.651+0000] {dagbag.py:587} INFO - Filling up the DagBag from /home/airflow/.local/lib/python3.12/site-packages/airflow/example_dags/example_external_task_marker_dag.py
[2024-09-22T19:40:03.657+0000] {processor.py:925} INFO - DAG(s) 'example_external_task_marker_parent', 'example_external_task_marker_child' retrieved from /home/airflow/.local/lib/python3.12/site-packages/airflow/example_dags/example_external_task_marker_dag.py
[2024-09-22T19:40:03.671+0000] {logging_mixin.py:190} INFO - [2024-09-22T19:40:03.671+0000] {dag.py:3229} INFO - Sync 2 DAGs
[2024-09-22T19:40:03.682+0000] {logging_mixin.py:190} INFO - [2024-09-22T19:40:03.682+0000] {dag.py:4156} INFO - Setting next_dagrun for example_external_task_marker_child to None, run_after=None
[2024-09-22T19:40:03.685+0000] {logging_mixin.py:190} INFO - [2024-09-22T19:40:03.685+0000] {dag.py:4156} INFO - Setting next_dagrun for example_external_task_marker_parent to None, run_after=None
[2024-09-22T19:40:03.694+0000] {processor.py:208} INFO - Processing /home/airflow/.local/lib/python3.12/site-packages/airflow/example_dags/example_external_task_marker_dag.py took 0.050 seconds
[2024-09-22T19:40:33.855+0000] {processor.py:186} INFO - Started process (PID=689) to work on /home/airflow/.local/lib/python3.12/site-packages/airflow/example_dags/example_external_task_marker_dag.py
[2024-09-22T19:40:33.857+0000] {processor.py:914} INFO - Processing file /home/airflow/.local/lib/python3.12/site-packages/airflow/example_dags/example_external_task_marker_dag.py for tasks to queue
[2024-09-22T19:40:33.859+0000] {logging_mixin.py:190} INFO - [2024-09-22T19:40:33.858+0000] {dagbag.py:587} INFO - Filling up the DagBag from /home/airflow/.local/lib/python3.12/site-packages/airflow/example_dags/example_external_task_marker_dag.py
[2024-09-22T19:40:33.863+0000] {processor.py:925} INFO - DAG(s) 'example_external_task_marker_child', 'example_external_task_marker_parent' retrieved from /home/airflow/.local/lib/python3.12/site-packages/airflow/example_dags/example_external_task_marker_dag.py
[2024-09-22T19:40:33.875+0000] {logging_mixin.py:190} INFO - [2024-09-22T19:40:33.875+0000] {dag.py:3229} INFO - Sync 2 DAGs
[2024-09-22T19:40:33.882+0000] {logging_mixin.py:190} INFO - [2024-09-22T19:40:33.882+0000] {dag.py:4156} INFO - Setting next_dagrun for example_external_task_marker_child to None, run_after=None
[2024-09-22T19:40:33.884+0000] {logging_mixin.py:190} INFO - [2024-09-22T19:40:33.884+0000] {dag.py:4156} INFO - Setting next_dagrun for example_external_task_marker_parent to None, run_after=None
[2024-09-22T19:40:33.892+0000] {processor.py:208} INFO - Processing /home/airflow/.local/lib/python3.12/site-packages/airflow/example_dags/example_external_task_marker_dag.py took 0.040 seconds
[2024-09-22T19:41:04.193+0000] {processor.py:186} INFO - Started process (PID=752) to work on /home/airflow/.local/lib/python3.12/site-packages/airflow/example_dags/example_external_task_marker_dag.py
[2024-09-22T19:41:04.195+0000] {processor.py:914} INFO - Processing file /home/airflow/.local/lib/python3.12/site-packages/airflow/example_dags/example_external_task_marker_dag.py for tasks to queue
[2024-09-22T19:41:04.197+0000] {logging_mixin.py:190} INFO - [2024-09-22T19:41:04.196+0000] {dagbag.py:587} INFO - Filling up the DagBag from /home/airflow/.local/lib/python3.12/site-packages/airflow/example_dags/example_external_task_marker_dag.py
[2024-09-22T19:41:04.204+0000] {processor.py:925} INFO - DAG(s) 'example_external_task_marker_parent', 'example_external_task_marker_child' retrieved from /home/airflow/.local/lib/python3.12/site-packages/airflow/example_dags/example_external_task_marker_dag.py
[2024-09-22T19:41:04.220+0000] {logging_mixin.py:190} INFO - [2024-09-22T19:41:04.219+0000] {dag.py:3229} INFO - Sync 2 DAGs
[2024-09-22T19:41:04.229+0000] {logging_mixin.py:190} INFO - [2024-09-22T19:41:04.229+0000] {dag.py:4156} INFO - Setting next_dagrun for example_external_task_marker_child to None, run_after=None
[2024-09-22T19:41:04.232+0000] {logging_mixin.py:190} INFO - [2024-09-22T19:41:04.232+0000] {dag.py:4156} INFO - Setting next_dagrun for example_external_task_marker_parent to None, run_after=None
[2024-09-22T19:41:04.240+0000] {processor.py:208} INFO - Processing /home/airflow/.local/lib/python3.12/site-packages/airflow/example_dags/example_external_task_marker_dag.py took 0.059 seconds
[2024-09-22T19:41:34.405+0000] {processor.py:186} INFO - Started process (PID=814) to work on /home/airflow/.local/lib/python3.12/site-packages/airflow/example_dags/example_external_task_marker_dag.py
[2024-09-22T19:41:34.406+0000] {processor.py:914} INFO - Processing file /home/airflow/.local/lib/python3.12/site-packages/airflow/example_dags/example_external_task_marker_dag.py for tasks to queue
[2024-09-22T19:41:34.407+0000] {logging_mixin.py:190} INFO - [2024-09-22T19:41:34.407+0000] {dagbag.py:587} INFO - Filling up the DagBag from /home/airflow/.local/lib/python3.12/site-packages/airflow/example_dags/example_external_task_marker_dag.py
[2024-09-22T19:41:34.410+0000] {processor.py:925} INFO - DAG(s) 'example_external_task_marker_parent', 'example_external_task_marker_child' retrieved from /home/airflow/.local/lib/python3.12/site-packages/airflow/example_dags/example_external_task_marker_dag.py
[2024-09-22T19:41:34.422+0000] {logging_mixin.py:190} INFO - [2024-09-22T19:41:34.422+0000] {dag.py:3229} INFO - Sync 2 DAGs
[2024-09-22T19:41:34.430+0000] {logging_mixin.py:190} INFO - [2024-09-22T19:41:34.430+0000] {dag.py:4156} INFO - Setting next_dagrun for example_external_task_marker_child to None, run_after=None
[2024-09-22T19:41:34.433+0000] {logging_mixin.py:190} INFO - [2024-09-22T19:41:34.433+0000] {dag.py:4156} INFO - Setting next_dagrun for example_external_task_marker_parent to None, run_after=None
[2024-09-22T19:41:34.440+0000] {processor.py:208} INFO - Processing /home/airflow/.local/lib/python3.12/site-packages/airflow/example_dags/example_external_task_marker_dag.py took 0.038 seconds
[2024-09-22T19:42:04.747+0000] {processor.py:186} INFO - Started process (PID=876) to work on /home/airflow/.local/lib/python3.12/site-packages/airflow/example_dags/example_external_task_marker_dag.py
[2024-09-22T19:42:04.747+0000] {processor.py:914} INFO - Processing file /home/airflow/.local/lib/python3.12/site-packages/airflow/example_dags/example_external_task_marker_dag.py for tasks to queue
[2024-09-22T19:42:04.749+0000] {logging_mixin.py:190} INFO - [2024-09-22T19:42:04.749+0000] {dagbag.py:587} INFO - Filling up the DagBag from /home/airflow/.local/lib/python3.12/site-packages/airflow/example_dags/example_external_task_marker_dag.py
[2024-09-22T19:42:04.755+0000] {processor.py:925} INFO - DAG(s) 'example_external_task_marker_parent', 'example_external_task_marker_child' retrieved from /home/airflow/.local/lib/python3.12/site-packages/airflow/example_dags/example_external_task_marker_dag.py
[2024-09-22T19:42:04.768+0000] {logging_mixin.py:190} INFO - [2024-09-22T19:42:04.767+0000] {dag.py:3229} INFO - Sync 2 DAGs
[2024-09-22T19:42:04.776+0000] {logging_mixin.py:190} INFO - [2024-09-22T19:42:04.776+0000] {dag.py:4156} INFO - Setting next_dagrun for example_external_task_marker_child to None, run_after=None
[2024-09-22T19:42:04.778+0000] {logging_mixin.py:190} INFO - [2024-09-22T19:42:04.778+0000] {dag.py:4156} INFO - Setting next_dagrun for example_external_task_marker_parent to None, run_after=None
[2024-09-22T19:42:04.786+0000] {processor.py:208} INFO - Processing /home/airflow/.local/lib/python3.12/site-packages/airflow/example_dags/example_external_task_marker_dag.py took 0.044 seconds
[2024-09-22T19:42:35.013+0000] {processor.py:186} INFO - Started process (PID=938) to work on /home/airflow/.local/lib/python3.12/site-packages/airflow/example_dags/example_external_task_marker_dag.py
[2024-09-22T19:42:35.013+0000] {processor.py:914} INFO - Processing file /home/airflow/.local/lib/python3.12/site-packages/airflow/example_dags/example_external_task_marker_dag.py for tasks to queue
[2024-09-22T19:42:35.015+0000] {logging_mixin.py:190} INFO - [2024-09-22T19:42:35.014+0000] {dagbag.py:587} INFO - Filling up the DagBag from /home/airflow/.local/lib/python3.12/site-packages/airflow/example_dags/example_external_task_marker_dag.py
[2024-09-22T19:42:35.019+0000] {processor.py:925} INFO - DAG(s) 'example_external_task_marker_child', 'example_external_task_marker_parent' retrieved from /home/airflow/.local/lib/python3.12/site-packages/airflow/example_dags/example_external_task_marker_dag.py
[2024-09-22T19:42:35.031+0000] {logging_mixin.py:190} INFO - [2024-09-22T19:42:35.031+0000] {dag.py:3229} INFO - Sync 2 DAGs
[2024-09-22T19:42:35.037+0000] {logging_mixin.py:190} INFO - [2024-09-22T19:42:35.037+0000] {dag.py:4156} INFO - Setting next_dagrun for example_external_task_marker_child to None, run_after=None
[2024-09-22T19:42:35.040+0000] {logging_mixin.py:190} INFO - [2024-09-22T19:42:35.040+0000] {dag.py:4156} INFO - Setting next_dagrun for example_external_task_marker_parent to None, run_after=None
[2024-09-22T19:42:35.047+0000] {processor.py:208} INFO - Processing /home/airflow/.local/lib/python3.12/site-packages/airflow/example_dags/example_external_task_marker_dag.py took 0.038 seconds
[2024-09-22T19:43:05.469+0000] {processor.py:186} INFO - Started process (PID=1000) to work on /home/airflow/.local/lib/python3.12/site-packages/airflow/example_dags/example_external_task_marker_dag.py
[2024-09-22T19:43:05.470+0000] {processor.py:914} INFO - Processing file /home/airflow/.local/lib/python3.12/site-packages/airflow/example_dags/example_external_task_marker_dag.py for tasks to queue
[2024-09-22T19:43:05.472+0000] {logging_mixin.py:190} INFO - [2024-09-22T19:43:05.472+0000] {dagbag.py:587} INFO - Filling up the DagBag from /home/airflow/.local/lib/python3.12/site-packages/airflow/example_dags/example_external_task_marker_dag.py
[2024-09-22T19:43:05.479+0000] {processor.py:925} INFO - DAG(s) 'example_external_task_marker_parent', 'example_external_task_marker_child' retrieved from /home/airflow/.local/lib/python3.12/site-packages/airflow/example_dags/example_external_task_marker_dag.py
[2024-09-22T19:43:05.492+0000] {logging_mixin.py:190} INFO - [2024-09-22T19:43:05.492+0000] {dag.py:3229} INFO - Sync 2 DAGs
[2024-09-22T19:43:05.502+0000] {logging_mixin.py:190} INFO - [2024-09-22T19:43:05.501+0000] {dag.py:4156} INFO - Setting next_dagrun for example_external_task_marker_child to None, run_after=None
[2024-09-22T19:43:05.506+0000] {logging_mixin.py:190} INFO - [2024-09-22T19:43:05.506+0000] {dag.py:4156} INFO - Setting next_dagrun for example_external_task_marker_parent to None, run_after=None
[2024-09-22T19:43:05.515+0000] {processor.py:208} INFO - Processing /home/airflow/.local/lib/python3.12/site-packages/airflow/example_dags/example_external_task_marker_dag.py took 0.051 seconds
[2024-09-22T19:43:35.967+0000] {processor.py:186} INFO - Started process (PID=1061) to work on /home/airflow/.local/lib/python3.12/site-packages/airflow/example_dags/example_external_task_marker_dag.py
[2024-09-22T19:43:35.968+0000] {processor.py:914} INFO - Processing file /home/airflow/.local/lib/python3.12/site-packages/airflow/example_dags/example_external_task_marker_dag.py for tasks to queue
[2024-09-22T19:43:35.969+0000] {logging_mixin.py:190} INFO - [2024-09-22T19:43:35.969+0000] {dagbag.py:587} INFO - Filling up the DagBag from /home/airflow/.local/lib/python3.12/site-packages/airflow/example_dags/example_external_task_marker_dag.py
[2024-09-22T19:43:35.973+0000] {processor.py:925} INFO - DAG(s) 'example_external_task_marker_parent', 'example_external_task_marker_child' retrieved from /home/airflow/.local/lib/python3.12/site-packages/airflow/example_dags/example_external_task_marker_dag.py
[2024-09-22T19:43:35.985+0000] {logging_mixin.py:190} INFO - [2024-09-22T19:43:35.985+0000] {dag.py:3229} INFO - Sync 2 DAGs
[2024-09-22T19:43:35.991+0000] {logging_mixin.py:190} INFO - [2024-09-22T19:43:35.991+0000] {dag.py:4156} INFO - Setting next_dagrun for example_external_task_marker_child to None, run_after=None
[2024-09-22T19:43:35.993+0000] {logging_mixin.py:190} INFO - [2024-09-22T19:43:35.993+0000] {dag.py:4156} INFO - Setting next_dagrun for example_external_task_marker_parent to None, run_after=None
[2024-09-22T19:43:36.001+0000] {processor.py:208} INFO - Processing /home/airflow/.local/lib/python3.12/site-packages/airflow/example_dags/example_external_task_marker_dag.py took 0.037 seconds
[2024-09-22T19:44:06.155+0000] {processor.py:186} INFO - Started process (PID=1123) to work on /home/airflow/.local/lib/python3.12/site-packages/airflow/example_dags/example_external_task_marker_dag.py
[2024-09-22T19:44:06.157+0000] {processor.py:914} INFO - Processing file /home/airflow/.local/lib/python3.12/site-packages/airflow/example_dags/example_external_task_marker_dag.py for tasks to queue
[2024-09-22T19:44:06.158+0000] {logging_mixin.py:190} INFO - [2024-09-22T19:44:06.158+0000] {dagbag.py:587} INFO - Filling up the DagBag from /home/airflow/.local/lib/python3.12/site-packages/airflow/example_dags/example_external_task_marker_dag.py
[2024-09-22T19:44:06.163+0000] {processor.py:925} INFO - DAG(s) 'example_external_task_marker_child', 'example_external_task_marker_parent' retrieved from /home/airflow/.local/lib/python3.12/site-packages/airflow/example_dags/example_external_task_marker_dag.py
[2024-09-22T19:44:06.174+0000] {logging_mixin.py:190} INFO - [2024-09-22T19:44:06.174+0000] {dag.py:3229} INFO - Sync 2 DAGs
[2024-09-22T19:44:06.185+0000] {logging_mixin.py:190} INFO - [2024-09-22T19:44:06.185+0000] {dag.py:4156} INFO - Setting next_dagrun for example_external_task_marker_child to None, run_after=None
[2024-09-22T19:44:06.187+0000] {logging_mixin.py:190} INFO - [2024-09-22T19:44:06.187+0000] {dag.py:4156} INFO - Setting next_dagrun for example_external_task_marker_parent to None, run_after=None
[2024-09-22T19:44:06.195+0000] {processor.py:208} INFO - Processing /home/airflow/.local/lib/python3.12/site-packages/airflow/example_dags/example_external_task_marker_dag.py took 0.043 seconds
[2024-09-22T19:44:36.567+0000] {processor.py:186} INFO - Started process (PID=1185) to work on /home/airflow/.local/lib/python3.12/site-packages/airflow/example_dags/example_external_task_marker_dag.py
[2024-09-22T19:44:36.568+0000] {processor.py:914} INFO - Processing file /home/airflow/.local/lib/python3.12/site-packages/airflow/example_dags/example_external_task_marker_dag.py for tasks to queue
[2024-09-22T19:44:36.570+0000] {logging_mixin.py:190} INFO - [2024-09-22T19:44:36.570+0000] {dagbag.py:587} INFO - Filling up the DagBag from /home/airflow/.local/lib/python3.12/site-packages/airflow/example_dags/example_external_task_marker_dag.py
[2024-09-22T19:44:36.575+0000] {processor.py:925} INFO - DAG(s) 'example_external_task_marker_parent', 'example_external_task_marker_child' retrieved from /home/airflow/.local/lib/python3.12/site-packages/airflow/example_dags/example_external_task_marker_dag.py
[2024-09-22T19:44:36.587+0000] {logging_mixin.py:190} INFO - [2024-09-22T19:44:36.587+0000] {dag.py:3229} INFO - Sync 2 DAGs
[2024-09-22T19:44:36.595+0000] {logging_mixin.py:190} INFO - [2024-09-22T19:44:36.595+0000] {dag.py:4156} INFO - Setting next_dagrun for example_external_task_marker_child to None, run_after=None
[2024-09-22T19:44:36.598+0000] {logging_mixin.py:190} INFO - [2024-09-22T19:44:36.597+0000] {dag.py:4156} INFO - Setting next_dagrun for example_external_task_marker_parent to None, run_after=None
[2024-09-22T19:44:36.607+0000] {processor.py:208} INFO - Processing /home/airflow/.local/lib/python3.12/site-packages/airflow/example_dags/example_external_task_marker_dag.py took 0.043 seconds
[2024-09-22T19:45:06.926+0000] {processor.py:186} INFO - Started process (PID=1247) to work on /home/airflow/.local/lib/python3.12/site-packages/airflow/example_dags/example_external_task_marker_dag.py
[2024-09-22T19:45:06.927+0000] {processor.py:914} INFO - Processing file /home/airflow/.local/lib/python3.12/site-packages/airflow/example_dags/example_external_task_marker_dag.py for tasks to queue
[2024-09-22T19:45:06.928+0000] {logging_mixin.py:190} INFO - [2024-09-22T19:45:06.928+0000] {dagbag.py:587} INFO - Filling up the DagBag from /home/airflow/.local/lib/python3.12/site-packages/airflow/example_dags/example_external_task_marker_dag.py
[2024-09-22T19:45:06.932+0000] {processor.py:925} INFO - DAG(s) 'example_external_task_marker_child', 'example_external_task_marker_parent' retrieved from /home/airflow/.local/lib/python3.12/site-packages/airflow/example_dags/example_external_task_marker_dag.py
[2024-09-22T19:45:06.944+0000] {logging_mixin.py:190} INFO - [2024-09-22T19:45:06.944+0000] {dag.py:3229} INFO - Sync 2 DAGs
[2024-09-22T19:45:06.952+0000] {logging_mixin.py:190} INFO - [2024-09-22T19:45:06.952+0000] {dag.py:4156} INFO - Setting next_dagrun for example_external_task_marker_child to None, run_after=None
[2024-09-22T19:45:06.954+0000] {logging_mixin.py:190} INFO - [2024-09-22T19:45:06.954+0000] {dag.py:4156} INFO - Setting next_dagrun for example_external_task_marker_parent to None, run_after=None
[2024-09-22T19:45:06.962+0000] {processor.py:208} INFO - Processing /home/airflow/.local/lib/python3.12/site-packages/airflow/example_dags/example_external_task_marker_dag.py took 0.039 seconds
[2024-09-22T19:45:37.202+0000] {processor.py:186} INFO - Started process (PID=1309) to work on /home/airflow/.local/lib/python3.12/site-packages/airflow/example_dags/example_external_task_marker_dag.py
[2024-09-22T19:45:37.203+0000] {processor.py:914} INFO - Processing file /home/airflow/.local/lib/python3.12/site-packages/airflow/example_dags/example_external_task_marker_dag.py for tasks to queue
[2024-09-22T19:45:37.205+0000] {logging_mixin.py:190} INFO - [2024-09-22T19:45:37.204+0000] {dagbag.py:587} INFO - Filling up the DagBag from /home/airflow/.local/lib/python3.12/site-packages/airflow/example_dags/example_external_task_marker_dag.py
[2024-09-22T19:45:37.209+0000] {processor.py:925} INFO - DAG(s) 'example_external_task_marker_parent', 'example_external_task_marker_child' retrieved from /home/airflow/.local/lib/python3.12/site-packages/airflow/example_dags/example_external_task_marker_dag.py
[2024-09-22T19:45:37.221+0000] {logging_mixin.py:190} INFO - [2024-09-22T19:45:37.221+0000] {dag.py:3229} INFO - Sync 2 DAGs
[2024-09-22T19:45:37.228+0000] {logging_mixin.py:190} INFO - [2024-09-22T19:45:37.227+0000] {dag.py:4156} INFO - Setting next_dagrun for example_external_task_marker_child to None, run_after=None
[2024-09-22T19:45:37.230+0000] {logging_mixin.py:190} INFO - [2024-09-22T19:45:37.230+0000] {dag.py:4156} INFO - Setting next_dagrun for example_external_task_marker_parent to None, run_after=None
[2024-09-22T19:45:37.243+0000] {processor.py:208} INFO - Processing /home/airflow/.local/lib/python3.12/site-packages/airflow/example_dags/example_external_task_marker_dag.py took 0.043 seconds
[2024-09-22T19:46:07.854+0000] {processor.py:186} INFO - Started process (PID=1370) to work on /home/airflow/.local/lib/python3.12/site-packages/airflow/example_dags/example_external_task_marker_dag.py
[2024-09-22T19:46:07.855+0000] {processor.py:914} INFO - Processing file /home/airflow/.local/lib/python3.12/site-packages/airflow/example_dags/example_external_task_marker_dag.py for tasks to queue
[2024-09-22T19:46:07.857+0000] {logging_mixin.py:190} INFO - [2024-09-22T19:46:07.857+0000] {dagbag.py:587} INFO - Filling up the DagBag from /home/airflow/.local/lib/python3.12/site-packages/airflow/example_dags/example_external_task_marker_dag.py
[2024-09-22T19:46:07.864+0000] {processor.py:925} INFO - DAG(s) 'example_external_task_marker_parent', 'example_external_task_marker_child' retrieved from /home/airflow/.local/lib/python3.12/site-packages/airflow/example_dags/example_external_task_marker_dag.py
[2024-09-22T19:46:07.878+0000] {logging_mixin.py:190} INFO - [2024-09-22T19:46:07.878+0000] {dag.py:3229} INFO - Sync 2 DAGs
[2024-09-22T19:46:07.886+0000] {logging_mixin.py:190} INFO - [2024-09-22T19:46:07.886+0000] {dag.py:4156} INFO - Setting next_dagrun for example_external_task_marker_child to None, run_after=None
[2024-09-22T19:46:07.889+0000] {logging_mixin.py:190} INFO - [2024-09-22T19:46:07.889+0000] {dag.py:4156} INFO - Setting next_dagrun for example_external_task_marker_parent to None, run_after=None
[2024-09-22T19:46:07.902+0000] {processor.py:208} INFO - Processing /home/airflow/.local/lib/python3.12/site-packages/airflow/example_dags/example_external_task_marker_dag.py took 0.054 seconds
[2024-09-22T19:46:38.707+0000] {processor.py:186} INFO - Started process (PID=1432) to work on /home/airflow/.local/lib/python3.12/site-packages/airflow/example_dags/example_external_task_marker_dag.py
[2024-09-22T19:46:38.709+0000] {processor.py:914} INFO - Processing file /home/airflow/.local/lib/python3.12/site-packages/airflow/example_dags/example_external_task_marker_dag.py for tasks to queue
[2024-09-22T19:46:38.711+0000] {logging_mixin.py:190} INFO - [2024-09-22T19:46:38.711+0000] {dagbag.py:587} INFO - Filling up the DagBag from /home/airflow/.local/lib/python3.12/site-packages/airflow/example_dags/example_external_task_marker_dag.py
[2024-09-22T19:46:38.715+0000] {processor.py:925} INFO - DAG(s) 'example_external_task_marker_child', 'example_external_task_marker_parent' retrieved from /home/airflow/.local/lib/python3.12/site-packages/airflow/example_dags/example_external_task_marker_dag.py
[2024-09-22T19:46:38.731+0000] {logging_mixin.py:190} INFO - [2024-09-22T19:46:38.731+0000] {dag.py:3229} INFO - Sync 2 DAGs
[2024-09-22T19:46:38.739+0000] {logging_mixin.py:190} INFO - [2024-09-22T19:46:38.739+0000] {dag.py:4156} INFO - Setting next_dagrun for example_external_task_marker_child to None, run_after=None
[2024-09-22T19:46:38.743+0000] {logging_mixin.py:190} INFO - [2024-09-22T19:46:38.743+0000] {dag.py:4156} INFO - Setting next_dagrun for example_external_task_marker_parent to None, run_after=None
[2024-09-22T19:46:38.751+0000] {processor.py:208} INFO - Processing /home/airflow/.local/lib/python3.12/site-packages/airflow/example_dags/example_external_task_marker_dag.py took 0.048 seconds
[2024-09-22T19:47:09.190+0000] {processor.py:186} INFO - Started process (PID=1494) to work on /home/airflow/.local/lib/python3.12/site-packages/airflow/example_dags/example_external_task_marker_dag.py
[2024-09-22T19:47:09.191+0000] {processor.py:914} INFO - Processing file /home/airflow/.local/lib/python3.12/site-packages/airflow/example_dags/example_external_task_marker_dag.py for tasks to queue
[2024-09-22T19:47:09.193+0000] {logging_mixin.py:190} INFO - [2024-09-22T19:47:09.193+0000] {dagbag.py:587} INFO - Filling up the DagBag from /home/airflow/.local/lib/python3.12/site-packages/airflow/example_dags/example_external_task_marker_dag.py
[2024-09-22T19:47:09.199+0000] {processor.py:925} INFO - DAG(s) 'example_external_task_marker_parent', 'example_external_task_marker_child' retrieved from /home/airflow/.local/lib/python3.12/site-packages/airflow/example_dags/example_external_task_marker_dag.py
[2024-09-22T19:47:09.217+0000] {logging_mixin.py:190} INFO - [2024-09-22T19:47:09.217+0000] {dag.py:3229} INFO - Sync 2 DAGs
[2024-09-22T19:47:09.224+0000] {logging_mixin.py:190} INFO - [2024-09-22T19:47:09.224+0000] {dag.py:4156} INFO - Setting next_dagrun for example_external_task_marker_child to None, run_after=None
[2024-09-22T19:47:09.226+0000] {logging_mixin.py:190} INFO - [2024-09-22T19:47:09.226+0000] {dag.py:4156} INFO - Setting next_dagrun for example_external_task_marker_parent to None, run_after=None
[2024-09-22T19:47:09.234+0000] {processor.py:208} INFO - Processing /home/airflow/.local/lib/python3.12/site-packages/airflow/example_dags/example_external_task_marker_dag.py took 0.047 seconds
[2024-09-22T19:47:39.824+0000] {processor.py:186} INFO - Started process (PID=1555) to work on /home/airflow/.local/lib/python3.12/site-packages/airflow/example_dags/example_external_task_marker_dag.py
[2024-09-22T19:47:39.825+0000] {processor.py:914} INFO - Processing file /home/airflow/.local/lib/python3.12/site-packages/airflow/example_dags/example_external_task_marker_dag.py for tasks to queue
[2024-09-22T19:47:39.826+0000] {logging_mixin.py:190} INFO - [2024-09-22T19:47:39.826+0000] {dagbag.py:587} INFO - Filling up the DagBag from /home/airflow/.local/lib/python3.12/site-packages/airflow/example_dags/example_external_task_marker_dag.py
[2024-09-22T19:47:39.832+0000] {processor.py:925} INFO - DAG(s) 'example_external_task_marker_child', 'example_external_task_marker_parent' retrieved from /home/airflow/.local/lib/python3.12/site-packages/airflow/example_dags/example_external_task_marker_dag.py
[2024-09-22T19:47:39.851+0000] {logging_mixin.py:190} INFO - [2024-09-22T19:47:39.850+0000] {dag.py:3229} INFO - Sync 2 DAGs
[2024-09-22T19:47:39.859+0000] {logging_mixin.py:190} INFO - [2024-09-22T19:47:39.859+0000] {dag.py:4156} INFO - Setting next_dagrun for example_external_task_marker_child to None, run_after=None
[2024-09-22T19:47:39.861+0000] {logging_mixin.py:190} INFO - [2024-09-22T19:47:39.861+0000] {dag.py:4156} INFO - Setting next_dagrun for example_external_task_marker_parent to None, run_after=None
[2024-09-22T19:47:39.870+0000] {processor.py:208} INFO - Processing /home/airflow/.local/lib/python3.12/site-packages/airflow/example_dags/example_external_task_marker_dag.py took 0.050 seconds
[2024-09-22T19:48:10.542+0000] {processor.py:186} INFO - Started process (PID=1617) to work on /home/airflow/.local/lib/python3.12/site-packages/airflow/example_dags/example_external_task_marker_dag.py
[2024-09-22T19:48:10.543+0000] {processor.py:914} INFO - Processing file /home/airflow/.local/lib/python3.12/site-packages/airflow/example_dags/example_external_task_marker_dag.py for tasks to queue
[2024-09-22T19:48:10.544+0000] {logging_mixin.py:190} INFO - [2024-09-22T19:48:10.544+0000] {dagbag.py:587} INFO - Filling up the DagBag from /home/airflow/.local/lib/python3.12/site-packages/airflow/example_dags/example_external_task_marker_dag.py
[2024-09-22T19:48:10.549+0000] {processor.py:925} INFO - DAG(s) 'example_external_task_marker_parent', 'example_external_task_marker_child' retrieved from /home/airflow/.local/lib/python3.12/site-packages/airflow/example_dags/example_external_task_marker_dag.py
[2024-09-22T19:48:10.561+0000] {logging_mixin.py:190} INFO - [2024-09-22T19:48:10.560+0000] {dag.py:3229} INFO - Sync 2 DAGs
[2024-09-22T19:48:10.567+0000] {logging_mixin.py:190} INFO - [2024-09-22T19:48:10.567+0000] {dag.py:4156} INFO - Setting next_dagrun for example_external_task_marker_child to None, run_after=None
[2024-09-22T19:48:10.570+0000] {logging_mixin.py:190} INFO - [2024-09-22T19:48:10.569+0000] {dag.py:4156} INFO - Setting next_dagrun for example_external_task_marker_parent to None, run_after=None
[2024-09-22T19:48:10.582+0000] {processor.py:208} INFO - Processing /home/airflow/.local/lib/python3.12/site-packages/airflow/example_dags/example_external_task_marker_dag.py took 0.042 seconds
[2024-09-22T19:48:40.760+0000] {processor.py:186} INFO - Started process (PID=1679) to work on /home/airflow/.local/lib/python3.12/site-packages/airflow/example_dags/example_external_task_marker_dag.py
[2024-09-22T19:48:40.762+0000] {processor.py:914} INFO - Processing file /home/airflow/.local/lib/python3.12/site-packages/airflow/example_dags/example_external_task_marker_dag.py for tasks to queue
[2024-09-22T19:48:40.764+0000] {logging_mixin.py:190} INFO - [2024-09-22T19:48:40.764+0000] {dagbag.py:587} INFO - Filling up the DagBag from /home/airflow/.local/lib/python3.12/site-packages/airflow/example_dags/example_external_task_marker_dag.py
[2024-09-22T19:48:40.770+0000] {processor.py:925} INFO - DAG(s) 'example_external_task_marker_parent', 'example_external_task_marker_child' retrieved from /home/airflow/.local/lib/python3.12/site-packages/airflow/example_dags/example_external_task_marker_dag.py
[2024-09-22T19:48:40.789+0000] {logging_mixin.py:190} INFO - [2024-09-22T19:48:40.788+0000] {dag.py:3229} INFO - Sync 2 DAGs
[2024-09-22T19:48:40.797+0000] {logging_mixin.py:190} INFO - [2024-09-22T19:48:40.797+0000] {dag.py:4156} INFO - Setting next_dagrun for example_external_task_marker_child to None, run_after=None
[2024-09-22T19:48:40.800+0000] {logging_mixin.py:190} INFO - [2024-09-22T19:48:40.800+0000] {dag.py:4156} INFO - Setting next_dagrun for example_external_task_marker_parent to None, run_after=None
[2024-09-22T19:48:40.810+0000] {processor.py:208} INFO - Processing /home/airflow/.local/lib/python3.12/site-packages/airflow/example_dags/example_external_task_marker_dag.py took 0.054 seconds
[2024-09-22T19:49:11.177+0000] {processor.py:186} INFO - Started process (PID=1741) to work on /home/airflow/.local/lib/python3.12/site-packages/airflow/example_dags/example_external_task_marker_dag.py
[2024-09-22T19:49:11.178+0000] {processor.py:914} INFO - Processing file /home/airflow/.local/lib/python3.12/site-packages/airflow/example_dags/example_external_task_marker_dag.py for tasks to queue
[2024-09-22T19:49:11.180+0000] {logging_mixin.py:190} INFO - [2024-09-22T19:49:11.179+0000] {dagbag.py:587} INFO - Filling up the DagBag from /home/airflow/.local/lib/python3.12/site-packages/airflow/example_dags/example_external_task_marker_dag.py
[2024-09-22T19:49:11.185+0000] {processor.py:925} INFO - DAG(s) 'example_external_task_marker_child', 'example_external_task_marker_parent' retrieved from /home/airflow/.local/lib/python3.12/site-packages/airflow/example_dags/example_external_task_marker_dag.py
[2024-09-22T19:49:11.197+0000] {logging_mixin.py:190} INFO - [2024-09-22T19:49:11.197+0000] {dag.py:3229} INFO - Sync 2 DAGs
[2024-09-22T19:49:11.205+0000] {logging_mixin.py:190} INFO - [2024-09-22T19:49:11.205+0000] {dag.py:4156} INFO - Setting next_dagrun for example_external_task_marker_child to None, run_after=None
[2024-09-22T19:49:11.208+0000] {logging_mixin.py:190} INFO - [2024-09-22T19:49:11.208+0000] {dag.py:4156} INFO - Setting next_dagrun for example_external_task_marker_parent to None, run_after=None
[2024-09-22T19:49:11.216+0000] {processor.py:208} INFO - Processing /home/airflow/.local/lib/python3.12/site-packages/airflow/example_dags/example_external_task_marker_dag.py took 0.042 seconds
[2024-09-22T19:49:41.431+0000] {processor.py:186} INFO - Started process (PID=1803) to work on /home/airflow/.local/lib/python3.12/site-packages/airflow/example_dags/example_external_task_marker_dag.py
[2024-09-22T19:49:41.432+0000] {processor.py:914} INFO - Processing file /home/airflow/.local/lib/python3.12/site-packages/airflow/example_dags/example_external_task_marker_dag.py for tasks to queue
[2024-09-22T19:49:41.434+0000] {logging_mixin.py:190} INFO - [2024-09-22T19:49:41.434+0000] {dagbag.py:587} INFO - Filling up the DagBag from /home/airflow/.local/lib/python3.12/site-packages/airflow/example_dags/example_external_task_marker_dag.py
[2024-09-22T19:49:41.442+0000] {processor.py:925} INFO - DAG(s) 'example_external_task_marker_child', 'example_external_task_marker_parent' retrieved from /home/airflow/.local/lib/python3.12/site-packages/airflow/example_dags/example_external_task_marker_dag.py
[2024-09-22T19:49:41.458+0000] {logging_mixin.py:190} INFO - [2024-09-22T19:49:41.457+0000] {dag.py:3229} INFO - Sync 2 DAGs
[2024-09-22T19:49:41.469+0000] {logging_mixin.py:190} INFO - [2024-09-22T19:49:41.469+0000] {dag.py:4156} INFO - Setting next_dagrun for example_external_task_marker_child to None, run_after=None
[2024-09-22T19:49:41.472+0000] {logging_mixin.py:190} INFO - [2024-09-22T19:49:41.472+0000] {dag.py:4156} INFO - Setting next_dagrun for example_external_task_marker_parent to None, run_after=None
[2024-09-22T19:49:41.484+0000] {processor.py:208} INFO - Processing /home/airflow/.local/lib/python3.12/site-packages/airflow/example_dags/example_external_task_marker_dag.py took 0.057 seconds
[2024-09-22T19:50:12.059+0000] {processor.py:186} INFO - Started process (PID=1865) to work on /home/airflow/.local/lib/python3.12/site-packages/airflow/example_dags/example_external_task_marker_dag.py
[2024-09-22T19:50:12.059+0000] {processor.py:914} INFO - Processing file /home/airflow/.local/lib/python3.12/site-packages/airflow/example_dags/example_external_task_marker_dag.py for tasks to queue
[2024-09-22T19:50:12.061+0000] {logging_mixin.py:190} INFO - [2024-09-22T19:50:12.061+0000] {dagbag.py:587} INFO - Filling up the DagBag from /home/airflow/.local/lib/python3.12/site-packages/airflow/example_dags/example_external_task_marker_dag.py
[2024-09-22T19:50:12.067+0000] {processor.py:925} INFO - DAG(s) 'example_external_task_marker_parent', 'example_external_task_marker_child' retrieved from /home/airflow/.local/lib/python3.12/site-packages/airflow/example_dags/example_external_task_marker_dag.py
[2024-09-22T19:50:12.080+0000] {logging_mixin.py:190} INFO - [2024-09-22T19:50:12.080+0000] {dag.py:3229} INFO - Sync 2 DAGs
[2024-09-22T19:50:12.088+0000] {logging_mixin.py:190} INFO - [2024-09-22T19:50:12.088+0000] {dag.py:4156} INFO - Setting next_dagrun for example_external_task_marker_child to None, run_after=None
[2024-09-22T19:50:12.091+0000] {logging_mixin.py:190} INFO - [2024-09-22T19:50:12.091+0000] {dag.py:4156} INFO - Setting next_dagrun for example_external_task_marker_parent to None, run_after=None
[2024-09-22T19:50:12.103+0000] {processor.py:208} INFO - Processing /home/airflow/.local/lib/python3.12/site-packages/airflow/example_dags/example_external_task_marker_dag.py took 0.049 seconds
[2024-09-22T19:50:42.850+0000] {processor.py:186} INFO - Started process (PID=1927) to work on /home/airflow/.local/lib/python3.12/site-packages/airflow/example_dags/example_external_task_marker_dag.py
[2024-09-22T19:50:42.850+0000] {processor.py:914} INFO - Processing file /home/airflow/.local/lib/python3.12/site-packages/airflow/example_dags/example_external_task_marker_dag.py for tasks to queue
[2024-09-22T19:50:42.852+0000] {logging_mixin.py:190} INFO - [2024-09-22T19:50:42.851+0000] {dagbag.py:587} INFO - Filling up the DagBag from /home/airflow/.local/lib/python3.12/site-packages/airflow/example_dags/example_external_task_marker_dag.py
[2024-09-22T19:50:42.856+0000] {processor.py:925} INFO - DAG(s) 'example_external_task_marker_child', 'example_external_task_marker_parent' retrieved from /home/airflow/.local/lib/python3.12/site-packages/airflow/example_dags/example_external_task_marker_dag.py
[2024-09-22T19:50:42.868+0000] {logging_mixin.py:190} INFO - [2024-09-22T19:50:42.868+0000] {dag.py:3229} INFO - Sync 2 DAGs
[2024-09-22T19:50:42.878+0000] {logging_mixin.py:190} INFO - [2024-09-22T19:50:42.878+0000] {dag.py:4156} INFO - Setting next_dagrun for example_external_task_marker_child to None, run_after=None
[2024-09-22T19:50:42.880+0000] {logging_mixin.py:190} INFO - [2024-09-22T19:50:42.880+0000] {dag.py:4156} INFO - Setting next_dagrun for example_external_task_marker_parent to None, run_after=None
[2024-09-22T19:50:42.887+0000] {processor.py:208} INFO - Processing /home/airflow/.local/lib/python3.12/site-packages/airflow/example_dags/example_external_task_marker_dag.py took 0.041 seconds
[2024-09-22T19:51:13.383+0000] {processor.py:186} INFO - Started process (PID=1989) to work on /home/airflow/.local/lib/python3.12/site-packages/airflow/example_dags/example_external_task_marker_dag.py
[2024-09-22T19:51:13.384+0000] {processor.py:914} INFO - Processing file /home/airflow/.local/lib/python3.12/site-packages/airflow/example_dags/example_external_task_marker_dag.py for tasks to queue
[2024-09-22T19:51:13.386+0000] {logging_mixin.py:190} INFO - [2024-09-22T19:51:13.385+0000] {dagbag.py:587} INFO - Filling up the DagBag from /home/airflow/.local/lib/python3.12/site-packages/airflow/example_dags/example_external_task_marker_dag.py
[2024-09-22T19:51:13.391+0000] {processor.py:925} INFO - DAG(s) 'example_external_task_marker_parent', 'example_external_task_marker_child' retrieved from /home/airflow/.local/lib/python3.12/site-packages/airflow/example_dags/example_external_task_marker_dag.py
[2024-09-22T19:51:13.404+0000] {logging_mixin.py:190} INFO - [2024-09-22T19:51:13.404+0000] {dag.py:3229} INFO - Sync 2 DAGs
[2024-09-22T19:51:13.413+0000] {logging_mixin.py:190} INFO - [2024-09-22T19:51:13.413+0000] {dag.py:4156} INFO - Setting next_dagrun for example_external_task_marker_child to None, run_after=None
[2024-09-22T19:51:13.415+0000] {logging_mixin.py:190} INFO - [2024-09-22T19:51:13.415+0000] {dag.py:4156} INFO - Setting next_dagrun for example_external_task_marker_parent to None, run_after=None
[2024-09-22T19:51:13.434+0000] {processor.py:208} INFO - Processing /home/airflow/.local/lib/python3.12/site-packages/airflow/example_dags/example_external_task_marker_dag.py took 0.055 seconds
[2024-09-22T19:51:44.075+0000] {processor.py:186} INFO - Started process (PID=2051) to work on /home/airflow/.local/lib/python3.12/site-packages/airflow/example_dags/example_external_task_marker_dag.py
[2024-09-22T19:51:44.076+0000] {processor.py:914} INFO - Processing file /home/airflow/.local/lib/python3.12/site-packages/airflow/example_dags/example_external_task_marker_dag.py for tasks to queue
[2024-09-22T19:51:44.079+0000] {logging_mixin.py:190} INFO - [2024-09-22T19:51:44.079+0000] {dagbag.py:587} INFO - Filling up the DagBag from /home/airflow/.local/lib/python3.12/site-packages/airflow/example_dags/example_external_task_marker_dag.py
[2024-09-22T19:51:44.084+0000] {processor.py:925} INFO - DAG(s) 'example_external_task_marker_parent', 'example_external_task_marker_child' retrieved from /home/airflow/.local/lib/python3.12/site-packages/airflow/example_dags/example_external_task_marker_dag.py
[2024-09-22T19:51:44.096+0000] {logging_mixin.py:190} INFO - [2024-09-22T19:51:44.096+0000] {dag.py:3229} INFO - Sync 2 DAGs
[2024-09-22T19:51:44.104+0000] {logging_mixin.py:190} INFO - [2024-09-22T19:51:44.104+0000] {dag.py:4156} INFO - Setting next_dagrun for example_external_task_marker_child to None, run_after=None
[2024-09-22T19:51:44.106+0000] {logging_mixin.py:190} INFO - [2024-09-22T19:51:44.106+0000] {dag.py:4156} INFO - Setting next_dagrun for example_external_task_marker_parent to None, run_after=None
[2024-09-22T19:51:44.114+0000] {processor.py:208} INFO - Processing /home/airflow/.local/lib/python3.12/site-packages/airflow/example_dags/example_external_task_marker_dag.py took 0.042 seconds
[2024-09-22T19:52:14.435+0000] {processor.py:186} INFO - Started process (PID=2113) to work on /home/airflow/.local/lib/python3.12/site-packages/airflow/example_dags/example_external_task_marker_dag.py
[2024-09-22T19:52:14.436+0000] {processor.py:914} INFO - Processing file /home/airflow/.local/lib/python3.12/site-packages/airflow/example_dags/example_external_task_marker_dag.py for tasks to queue
[2024-09-22T19:52:14.437+0000] {logging_mixin.py:190} INFO - [2024-09-22T19:52:14.437+0000] {dagbag.py:587} INFO - Filling up the DagBag from /home/airflow/.local/lib/python3.12/site-packages/airflow/example_dags/example_external_task_marker_dag.py
[2024-09-22T19:52:14.442+0000] {processor.py:925} INFO - DAG(s) 'example_external_task_marker_child', 'example_external_task_marker_parent' retrieved from /home/airflow/.local/lib/python3.12/site-packages/airflow/example_dags/example_external_task_marker_dag.py
[2024-09-22T19:52:14.455+0000] {logging_mixin.py:190} INFO - [2024-09-22T19:52:14.455+0000] {dag.py:3229} INFO - Sync 2 DAGs
[2024-09-22T19:52:14.463+0000] {logging_mixin.py:190} INFO - [2024-09-22T19:52:14.463+0000] {dag.py:4156} INFO - Setting next_dagrun for example_external_task_marker_child to None, run_after=None
[2024-09-22T19:52:14.466+0000] {logging_mixin.py:190} INFO - [2024-09-22T19:52:14.466+0000] {dag.py:4156} INFO - Setting next_dagrun for example_external_task_marker_parent to None, run_after=None
[2024-09-22T19:52:14.474+0000] {processor.py:208} INFO - Processing /home/airflow/.local/lib/python3.12/site-packages/airflow/example_dags/example_external_task_marker_dag.py took 0.044 seconds
[2024-09-22T19:52:44.915+0000] {processor.py:186} INFO - Started process (PID=2175) to work on /home/airflow/.local/lib/python3.12/site-packages/airflow/example_dags/example_external_task_marker_dag.py
[2024-09-22T19:52:44.915+0000] {processor.py:914} INFO - Processing file /home/airflow/.local/lib/python3.12/site-packages/airflow/example_dags/example_external_task_marker_dag.py for tasks to queue
[2024-09-22T19:52:44.917+0000] {logging_mixin.py:190} INFO - [2024-09-22T19:52:44.917+0000] {dagbag.py:587} INFO - Filling up the DagBag from /home/airflow/.local/lib/python3.12/site-packages/airflow/example_dags/example_external_task_marker_dag.py
[2024-09-22T19:52:44.922+0000] {processor.py:925} INFO - DAG(s) 'example_external_task_marker_parent', 'example_external_task_marker_child' retrieved from /home/airflow/.local/lib/python3.12/site-packages/airflow/example_dags/example_external_task_marker_dag.py
[2024-09-22T19:52:44.933+0000] {logging_mixin.py:190} INFO - [2024-09-22T19:52:44.933+0000] {dag.py:3229} INFO - Sync 2 DAGs
[2024-09-22T19:52:44.940+0000] {logging_mixin.py:190} INFO - [2024-09-22T19:52:44.940+0000] {dag.py:4156} INFO - Setting next_dagrun for example_external_task_marker_child to None, run_after=None
[2024-09-22T19:52:44.942+0000] {logging_mixin.py:190} INFO - [2024-09-22T19:52:44.942+0000] {dag.py:4156} INFO - Setting next_dagrun for example_external_task_marker_parent to None, run_after=None
[2024-09-22T19:52:44.949+0000] {processor.py:208} INFO - Processing /home/airflow/.local/lib/python3.12/site-packages/airflow/example_dags/example_external_task_marker_dag.py took 0.037 seconds
[2024-09-22T19:53:15.582+0000] {processor.py:186} INFO - Started process (PID=2237) to work on /home/airflow/.local/lib/python3.12/site-packages/airflow/example_dags/example_external_task_marker_dag.py
[2024-09-22T19:53:15.583+0000] {processor.py:914} INFO - Processing file /home/airflow/.local/lib/python3.12/site-packages/airflow/example_dags/example_external_task_marker_dag.py for tasks to queue
[2024-09-22T19:53:15.585+0000] {logging_mixin.py:190} INFO - [2024-09-22T19:53:15.585+0000] {dagbag.py:587} INFO - Filling up the DagBag from /home/airflow/.local/lib/python3.12/site-packages/airflow/example_dags/example_external_task_marker_dag.py
[2024-09-22T19:53:15.589+0000] {processor.py:925} INFO - DAG(s) 'example_external_task_marker_parent', 'example_external_task_marker_child' retrieved from /home/airflow/.local/lib/python3.12/site-packages/airflow/example_dags/example_external_task_marker_dag.py
[2024-09-22T19:53:15.604+0000] {logging_mixin.py:190} INFO - [2024-09-22T19:53:15.604+0000] {dag.py:3229} INFO - Sync 2 DAGs
[2024-09-22T19:53:15.612+0000] {logging_mixin.py:190} INFO - [2024-09-22T19:53:15.611+0000] {dag.py:4156} INFO - Setting next_dagrun for example_external_task_marker_child to None, run_after=None
[2024-09-22T19:53:15.614+0000] {logging_mixin.py:190} INFO - [2024-09-22T19:53:15.614+0000] {dag.py:4156} INFO - Setting next_dagrun for example_external_task_marker_parent to None, run_after=None
[2024-09-22T19:53:15.622+0000] {processor.py:208} INFO - Processing /home/airflow/.local/lib/python3.12/site-packages/airflow/example_dags/example_external_task_marker_dag.py took 0.043 seconds
[2024-09-22T19:53:46.111+0000] {processor.py:186} INFO - Started process (PID=2299) to work on /home/airflow/.local/lib/python3.12/site-packages/airflow/example_dags/example_external_task_marker_dag.py
[2024-09-22T19:53:46.112+0000] {processor.py:914} INFO - Processing file /home/airflow/.local/lib/python3.12/site-packages/airflow/example_dags/example_external_task_marker_dag.py for tasks to queue
[2024-09-22T19:53:46.113+0000] {logging_mixin.py:190} INFO - [2024-09-22T19:53:46.113+0000] {dagbag.py:587} INFO - Filling up the DagBag from /home/airflow/.local/lib/python3.12/site-packages/airflow/example_dags/example_external_task_marker_dag.py
[2024-09-22T19:53:46.118+0000] {processor.py:925} INFO - DAG(s) 'example_external_task_marker_child', 'example_external_task_marker_parent' retrieved from /home/airflow/.local/lib/python3.12/site-packages/airflow/example_dags/example_external_task_marker_dag.py
[2024-09-22T19:53:46.130+0000] {logging_mixin.py:190} INFO - [2024-09-22T19:53:46.130+0000] {dag.py:3229} INFO - Sync 2 DAGs
[2024-09-22T19:53:46.137+0000] {logging_mixin.py:190} INFO - [2024-09-22T19:53:46.137+0000] {dag.py:4156} INFO - Setting next_dagrun for example_external_task_marker_child to None, run_after=None
[2024-09-22T19:53:46.140+0000] {logging_mixin.py:190} INFO - [2024-09-22T19:53:46.139+0000] {dag.py:4156} INFO - Setting next_dagrun for example_external_task_marker_parent to None, run_after=None
[2024-09-22T19:53:46.148+0000] {processor.py:208} INFO - Processing /home/airflow/.local/lib/python3.12/site-packages/airflow/example_dags/example_external_task_marker_dag.py took 0.039 seconds
[2024-09-22T19:54:16.684+0000] {processor.py:186} INFO - Started process (PID=2361) to work on /home/airflow/.local/lib/python3.12/site-packages/airflow/example_dags/example_external_task_marker_dag.py
[2024-09-22T19:54:16.685+0000] {processor.py:914} INFO - Processing file /home/airflow/.local/lib/python3.12/site-packages/airflow/example_dags/example_external_task_marker_dag.py for tasks to queue
[2024-09-22T19:54:16.686+0000] {logging_mixin.py:190} INFO - [2024-09-22T19:54:16.686+0000] {dagbag.py:587} INFO - Filling up the DagBag from /home/airflow/.local/lib/python3.12/site-packages/airflow/example_dags/example_external_task_marker_dag.py
[2024-09-22T19:54:16.691+0000] {processor.py:925} INFO - DAG(s) 'example_external_task_marker_parent', 'example_external_task_marker_child' retrieved from /home/airflow/.local/lib/python3.12/site-packages/airflow/example_dags/example_external_task_marker_dag.py
[2024-09-22T19:54:16.703+0000] {logging_mixin.py:190} INFO - [2024-09-22T19:54:16.702+0000] {dag.py:3229} INFO - Sync 2 DAGs
[2024-09-22T19:54:16.710+0000] {logging_mixin.py:190} INFO - [2024-09-22T19:54:16.710+0000] {dag.py:4156} INFO - Setting next_dagrun for example_external_task_marker_child to None, run_after=None
[2024-09-22T19:54:16.712+0000] {logging_mixin.py:190} INFO - [2024-09-22T19:54:16.712+0000] {dag.py:4156} INFO - Setting next_dagrun for example_external_task_marker_parent to None, run_after=None
[2024-09-22T19:54:16.720+0000] {processor.py:208} INFO - Processing /home/airflow/.local/lib/python3.12/site-packages/airflow/example_dags/example_external_task_marker_dag.py took 0.040 seconds
[2024-09-22T19:54:47.267+0000] {processor.py:186} INFO - Started process (PID=2423) to work on /home/airflow/.local/lib/python3.12/site-packages/airflow/example_dags/example_external_task_marker_dag.py
[2024-09-22T19:54:47.268+0000] {processor.py:914} INFO - Processing file /home/airflow/.local/lib/python3.12/site-packages/airflow/example_dags/example_external_task_marker_dag.py for tasks to queue
[2024-09-22T19:54:47.269+0000] {logging_mixin.py:190} INFO - [2024-09-22T19:54:47.269+0000] {dagbag.py:587} INFO - Filling up the DagBag from /home/airflow/.local/lib/python3.12/site-packages/airflow/example_dags/example_external_task_marker_dag.py
[2024-09-22T19:54:47.274+0000] {processor.py:925} INFO - DAG(s) 'example_external_task_marker_child', 'example_external_task_marker_parent' retrieved from /home/airflow/.local/lib/python3.12/site-packages/airflow/example_dags/example_external_task_marker_dag.py
[2024-09-22T19:54:47.285+0000] {logging_mixin.py:190} INFO - [2024-09-22T19:54:47.285+0000] {dag.py:3229} INFO - Sync 2 DAGs
[2024-09-22T19:54:47.293+0000] {logging_mixin.py:190} INFO - [2024-09-22T19:54:47.293+0000] {dag.py:4156} INFO - Setting next_dagrun for example_external_task_marker_child to None, run_after=None
[2024-09-22T19:54:47.295+0000] {logging_mixin.py:190} INFO - [2024-09-22T19:54:47.295+0000] {dag.py:4156} INFO - Setting next_dagrun for example_external_task_marker_parent to None, run_after=None
[2024-09-22T19:54:47.303+0000] {processor.py:208} INFO - Processing /home/airflow/.local/lib/python3.12/site-packages/airflow/example_dags/example_external_task_marker_dag.py took 0.038 seconds
[2024-09-22T19:55:17.861+0000] {processor.py:186} INFO - Started process (PID=2485) to work on /home/airflow/.local/lib/python3.12/site-packages/airflow/example_dags/example_external_task_marker_dag.py
[2024-09-22T19:55:17.862+0000] {processor.py:914} INFO - Processing file /home/airflow/.local/lib/python3.12/site-packages/airflow/example_dags/example_external_task_marker_dag.py for tasks to queue
[2024-09-22T19:55:17.863+0000] {logging_mixin.py:190} INFO - [2024-09-22T19:55:17.863+0000] {dagbag.py:587} INFO - Filling up the DagBag from /home/airflow/.local/lib/python3.12/site-packages/airflow/example_dags/example_external_task_marker_dag.py
[2024-09-22T19:55:17.867+0000] {processor.py:925} INFO - DAG(s) 'example_external_task_marker_parent', 'example_external_task_marker_child' retrieved from /home/airflow/.local/lib/python3.12/site-packages/airflow/example_dags/example_external_task_marker_dag.py
[2024-09-22T19:55:17.879+0000] {logging_mixin.py:190} INFO - [2024-09-22T19:55:17.879+0000] {dag.py:3229} INFO - Sync 2 DAGs
[2024-09-22T19:55:17.886+0000] {logging_mixin.py:190} INFO - [2024-09-22T19:55:17.886+0000] {dag.py:4156} INFO - Setting next_dagrun for example_external_task_marker_child to None, run_after=None
[2024-09-22T19:55:17.888+0000] {logging_mixin.py:190} INFO - [2024-09-22T19:55:17.888+0000] {dag.py:4156} INFO - Setting next_dagrun for example_external_task_marker_parent to None, run_after=None
[2024-09-22T19:55:17.895+0000] {processor.py:208} INFO - Processing /home/airflow/.local/lib/python3.12/site-packages/airflow/example_dags/example_external_task_marker_dag.py took 0.038 seconds
[2024-09-22T19:55:48.304+0000] {processor.py:186} INFO - Started process (PID=2547) to work on /home/airflow/.local/lib/python3.12/site-packages/airflow/example_dags/example_external_task_marker_dag.py
[2024-09-22T19:55:48.305+0000] {processor.py:914} INFO - Processing file /home/airflow/.local/lib/python3.12/site-packages/airflow/example_dags/example_external_task_marker_dag.py for tasks to queue
[2024-09-22T19:55:48.306+0000] {logging_mixin.py:190} INFO - [2024-09-22T19:55:48.306+0000] {dagbag.py:587} INFO - Filling up the DagBag from /home/airflow/.local/lib/python3.12/site-packages/airflow/example_dags/example_external_task_marker_dag.py
[2024-09-22T19:55:48.311+0000] {processor.py:925} INFO - DAG(s) 'example_external_task_marker_child', 'example_external_task_marker_parent' retrieved from /home/airflow/.local/lib/python3.12/site-packages/airflow/example_dags/example_external_task_marker_dag.py
[2024-09-22T19:55:48.322+0000] {logging_mixin.py:190} INFO - [2024-09-22T19:55:48.322+0000] {dag.py:3229} INFO - Sync 2 DAGs
[2024-09-22T19:55:48.329+0000] {logging_mixin.py:190} INFO - [2024-09-22T19:55:48.329+0000] {dag.py:4156} INFO - Setting next_dagrun for example_external_task_marker_child to None, run_after=None
[2024-09-22T19:55:48.334+0000] {logging_mixin.py:190} INFO - [2024-09-22T19:55:48.334+0000] {dag.py:4156} INFO - Setting next_dagrun for example_external_task_marker_parent to None, run_after=None
[2024-09-22T19:55:48.345+0000] {processor.py:208} INFO - Processing /home/airflow/.local/lib/python3.12/site-packages/airflow/example_dags/example_external_task_marker_dag.py took 0.044 seconds
[2024-09-22T19:56:19.092+0000] {processor.py:186} INFO - Started process (PID=2609) to work on /home/airflow/.local/lib/python3.12/site-packages/airflow/example_dags/example_external_task_marker_dag.py
[2024-09-22T19:56:19.093+0000] {processor.py:914} INFO - Processing file /home/airflow/.local/lib/python3.12/site-packages/airflow/example_dags/example_external_task_marker_dag.py for tasks to queue
[2024-09-22T19:56:19.096+0000] {logging_mixin.py:190} INFO - [2024-09-22T19:56:19.096+0000] {dagbag.py:587} INFO - Filling up the DagBag from /home/airflow/.local/lib/python3.12/site-packages/airflow/example_dags/example_external_task_marker_dag.py
[2024-09-22T19:56:19.101+0000] {processor.py:925} INFO - DAG(s) 'example_external_task_marker_child', 'example_external_task_marker_parent' retrieved from /home/airflow/.local/lib/python3.12/site-packages/airflow/example_dags/example_external_task_marker_dag.py
[2024-09-22T19:56:19.114+0000] {logging_mixin.py:190} INFO - [2024-09-22T19:56:19.113+0000] {dag.py:3229} INFO - Sync 2 DAGs
[2024-09-22T19:56:19.122+0000] {logging_mixin.py:190} INFO - [2024-09-22T19:56:19.121+0000] {dag.py:4156} INFO - Setting next_dagrun for example_external_task_marker_child to None, run_after=None
[2024-09-22T19:56:19.124+0000] {logging_mixin.py:190} INFO - [2024-09-22T19:56:19.124+0000] {dag.py:4156} INFO - Setting next_dagrun for example_external_task_marker_parent to None, run_after=None
[2024-09-22T19:56:19.132+0000] {processor.py:208} INFO - Processing /home/airflow/.local/lib/python3.12/site-packages/airflow/example_dags/example_external_task_marker_dag.py took 0.043 seconds
[2024-09-22T19:56:49.895+0000] {processor.py:186} INFO - Started process (PID=2671) to work on /home/airflow/.local/lib/python3.12/site-packages/airflow/example_dags/example_external_task_marker_dag.py
[2024-09-22T19:56:49.897+0000] {processor.py:914} INFO - Processing file /home/airflow/.local/lib/python3.12/site-packages/airflow/example_dags/example_external_task_marker_dag.py for tasks to queue
[2024-09-22T19:56:49.898+0000] {logging_mixin.py:190} INFO - [2024-09-22T19:56:49.898+0000] {dagbag.py:587} INFO - Filling up the DagBag from /home/airflow/.local/lib/python3.12/site-packages/airflow/example_dags/example_external_task_marker_dag.py
[2024-09-22T19:56:49.902+0000] {processor.py:925} INFO - DAG(s) 'example_external_task_marker_child', 'example_external_task_marker_parent' retrieved from /home/airflow/.local/lib/python3.12/site-packages/airflow/example_dags/example_external_task_marker_dag.py
[2024-09-22T19:56:49.915+0000] {logging_mixin.py:190} INFO - [2024-09-22T19:56:49.915+0000] {dag.py:3229} INFO - Sync 2 DAGs
[2024-09-22T19:56:49.922+0000] {logging_mixin.py:190} INFO - [2024-09-22T19:56:49.922+0000] {dag.py:4156} INFO - Setting next_dagrun for example_external_task_marker_child to None, run_after=None
[2024-09-22T19:56:49.924+0000] {logging_mixin.py:190} INFO - [2024-09-22T19:56:49.924+0000] {dag.py:4156} INFO - Setting next_dagrun for example_external_task_marker_parent to None, run_after=None
[2024-09-22T19:56:49.931+0000] {processor.py:208} INFO - Processing /home/airflow/.local/lib/python3.12/site-packages/airflow/example_dags/example_external_task_marker_dag.py took 0.039 seconds
[2024-09-22T19:57:20.691+0000] {processor.py:186} INFO - Started process (PID=2733) to work on /home/airflow/.local/lib/python3.12/site-packages/airflow/example_dags/example_external_task_marker_dag.py
[2024-09-22T19:57:20.694+0000] {processor.py:914} INFO - Processing file /home/airflow/.local/lib/python3.12/site-packages/airflow/example_dags/example_external_task_marker_dag.py for tasks to queue
[2024-09-22T19:57:20.696+0000] {logging_mixin.py:190} INFO - [2024-09-22T19:57:20.696+0000] {dagbag.py:587} INFO - Filling up the DagBag from /home/airflow/.local/lib/python3.12/site-packages/airflow/example_dags/example_external_task_marker_dag.py
[2024-09-22T19:57:20.700+0000] {processor.py:925} INFO - DAG(s) 'example_external_task_marker_parent', 'example_external_task_marker_child' retrieved from /home/airflow/.local/lib/python3.12/site-packages/airflow/example_dags/example_external_task_marker_dag.py
[2024-09-22T19:57:20.713+0000] {logging_mixin.py:190} INFO - [2024-09-22T19:57:20.713+0000] {dag.py:3229} INFO - Sync 2 DAGs
[2024-09-22T19:57:20.720+0000] {logging_mixin.py:190} INFO - [2024-09-22T19:57:20.720+0000] {dag.py:4156} INFO - Setting next_dagrun for example_external_task_marker_child to None, run_after=None
[2024-09-22T19:57:20.723+0000] {logging_mixin.py:190} INFO - [2024-09-22T19:57:20.722+0000] {dag.py:4156} INFO - Setting next_dagrun for example_external_task_marker_parent to None, run_after=None
[2024-09-22T19:57:20.730+0000] {processor.py:208} INFO - Processing /home/airflow/.local/lib/python3.12/site-packages/airflow/example_dags/example_external_task_marker_dag.py took 0.043 seconds
[2024-09-22T19:57:50.979+0000] {processor.py:186} INFO - Started process (PID=2794) to work on /home/airflow/.local/lib/python3.12/site-packages/airflow/example_dags/example_external_task_marker_dag.py
[2024-09-22T19:57:50.980+0000] {processor.py:914} INFO - Processing file /home/airflow/.local/lib/python3.12/site-packages/airflow/example_dags/example_external_task_marker_dag.py for tasks to queue
[2024-09-22T19:57:50.981+0000] {logging_mixin.py:190} INFO - [2024-09-22T19:57:50.981+0000] {dagbag.py:587} INFO - Filling up the DagBag from /home/airflow/.local/lib/python3.12/site-packages/airflow/example_dags/example_external_task_marker_dag.py
[2024-09-22T19:57:50.986+0000] {processor.py:925} INFO - DAG(s) 'example_external_task_marker_child', 'example_external_task_marker_parent' retrieved from /home/airflow/.local/lib/python3.12/site-packages/airflow/example_dags/example_external_task_marker_dag.py
[2024-09-22T19:57:51.001+0000] {logging_mixin.py:190} INFO - [2024-09-22T19:57:51.001+0000] {dag.py:3229} INFO - Sync 2 DAGs
[2024-09-22T19:57:51.009+0000] {logging_mixin.py:190} INFO - [2024-09-22T19:57:51.009+0000] {dag.py:4156} INFO - Setting next_dagrun for example_external_task_marker_child to None, run_after=None
[2024-09-22T19:57:51.012+0000] {logging_mixin.py:190} INFO - [2024-09-22T19:57:51.012+0000] {dag.py:4156} INFO - Setting next_dagrun for example_external_task_marker_parent to None, run_after=None
[2024-09-22T19:57:51.022+0000] {processor.py:208} INFO - Processing /home/airflow/.local/lib/python3.12/site-packages/airflow/example_dags/example_external_task_marker_dag.py took 0.046 seconds
[2024-09-22T20:46:45.155+0000] {processor.py:186} INFO - Started process (PID=2856) to work on /home/airflow/.local/lib/python3.12/site-packages/airflow/example_dags/example_external_task_marker_dag.py
[2024-09-22T20:46:45.156+0000] {processor.py:914} INFO - Processing file /home/airflow/.local/lib/python3.12/site-packages/airflow/example_dags/example_external_task_marker_dag.py for tasks to queue
[2024-09-22T20:46:45.157+0000] {logging_mixin.py:190} INFO - [2024-09-22T20:46:45.157+0000] {dagbag.py:587} INFO - Filling up the DagBag from /home/airflow/.local/lib/python3.12/site-packages/airflow/example_dags/example_external_task_marker_dag.py
[2024-09-22T20:46:45.161+0000] {processor.py:925} INFO - DAG(s) 'example_external_task_marker_child', 'example_external_task_marker_parent' retrieved from /home/airflow/.local/lib/python3.12/site-packages/airflow/example_dags/example_external_task_marker_dag.py
[2024-09-22T20:46:45.175+0000] {logging_mixin.py:190} INFO - [2024-09-22T20:46:45.174+0000] {dag.py:3229} INFO - Sync 2 DAGs
[2024-09-22T20:46:45.182+0000] {logging_mixin.py:190} INFO - [2024-09-22T20:46:45.182+0000] {dag.py:4156} INFO - Setting next_dagrun for example_external_task_marker_child to None, run_after=None
[2024-09-22T20:46:45.184+0000] {logging_mixin.py:190} INFO - [2024-09-22T20:46:45.184+0000] {dag.py:4156} INFO - Setting next_dagrun for example_external_task_marker_parent to None, run_after=None
[2024-09-22T20:46:45.192+0000] {processor.py:208} INFO - Processing /home/airflow/.local/lib/python3.12/site-packages/airflow/example_dags/example_external_task_marker_dag.py took 0.040 seconds
[2024-09-22T21:58:47.257+0000] {processor.py:186} INFO - Started process (PID=2918) to work on /home/airflow/.local/lib/python3.12/site-packages/airflow/example_dags/example_external_task_marker_dag.py
[2024-09-22T21:58:47.258+0000] {processor.py:914} INFO - Processing file /home/airflow/.local/lib/python3.12/site-packages/airflow/example_dags/example_external_task_marker_dag.py for tasks to queue
[2024-09-22T21:58:47.259+0000] {logging_mixin.py:190} INFO - [2024-09-22T21:58:47.259+0000] {dagbag.py:587} INFO - Filling up the DagBag from /home/airflow/.local/lib/python3.12/site-packages/airflow/example_dags/example_external_task_marker_dag.py
[2024-09-22T21:58:47.263+0000] {processor.py:925} INFO - DAG(s) 'example_external_task_marker_parent', 'example_external_task_marker_child' retrieved from /home/airflow/.local/lib/python3.12/site-packages/airflow/example_dags/example_external_task_marker_dag.py
[2024-09-22T21:58:47.277+0000] {logging_mixin.py:190} INFO - [2024-09-22T21:58:47.277+0000] {dag.py:3229} INFO - Sync 2 DAGs
[2024-09-22T21:58:47.287+0000] {logging_mixin.py:190} INFO - [2024-09-22T21:58:47.287+0000] {dag.py:4156} INFO - Setting next_dagrun for example_external_task_marker_child to None, run_after=None
[2024-09-22T21:58:47.290+0000] {logging_mixin.py:190} INFO - [2024-09-22T21:58:47.290+0000] {dag.py:4156} INFO - Setting next_dagrun for example_external_task_marker_parent to None, run_after=None
[2024-09-22T21:58:47.301+0000] {processor.py:208} INFO - Processing /home/airflow/.local/lib/python3.12/site-packages/airflow/example_dags/example_external_task_marker_dag.py took 0.047 seconds
[2024-09-22T23:25:49.570+0000] {processor.py:186} INFO - Started process (PID=2980) to work on /home/airflow/.local/lib/python3.12/site-packages/airflow/example_dags/example_external_task_marker_dag.py
[2024-09-22T23:25:49.571+0000] {processor.py:914} INFO - Processing file /home/airflow/.local/lib/python3.12/site-packages/airflow/example_dags/example_external_task_marker_dag.py for tasks to queue
[2024-09-22T23:25:49.572+0000] {logging_mixin.py:190} INFO - [2024-09-22T23:25:49.572+0000] {dagbag.py:587} INFO - Filling up the DagBag from /home/airflow/.local/lib/python3.12/site-packages/airflow/example_dags/example_external_task_marker_dag.py
[2024-09-22T23:25:49.579+0000] {processor.py:925} INFO - DAG(s) 'example_external_task_marker_child', 'example_external_task_marker_parent' retrieved from /home/airflow/.local/lib/python3.12/site-packages/airflow/example_dags/example_external_task_marker_dag.py
[2024-09-22T23:25:49.594+0000] {logging_mixin.py:190} INFO - [2024-09-22T23:25:49.594+0000] {dag.py:3229} INFO - Sync 2 DAGs
[2024-09-22T23:25:49.604+0000] {logging_mixin.py:190} INFO - [2024-09-22T23:25:49.604+0000] {dag.py:4156} INFO - Setting next_dagrun for example_external_task_marker_child to None, run_after=None
[2024-09-22T23:25:49.606+0000] {logging_mixin.py:190} INFO - [2024-09-22T23:25:49.606+0000] {dag.py:4156} INFO - Setting next_dagrun for example_external_task_marker_parent to None, run_after=None
[2024-09-22T23:25:49.617+0000] {processor.py:208} INFO - Processing /home/airflow/.local/lib/python3.12/site-packages/airflow/example_dags/example_external_task_marker_dag.py took 0.050 seconds
