[2024-09-22T19:35:29.495+0000] {processor.py:186} INFO - Started process (PID=71) to work on /home/airflow/.local/lib/python3.12/site-packages/airflow/example_dags/example_trigger_controller_dag.py
[2024-09-22T19:35:29.497+0000] {processor.py:914} INFO - Processing file /home/airflow/.local/lib/python3.12/site-packages/airflow/example_dags/example_trigger_controller_dag.py for tasks to queue
[2024-09-22T19:35:29.506+0000] {logging_mixin.py:190} INFO - [2024-09-22T19:35:29.506+0000] {dagbag.py:587} INFO - Filling up the DagBag from /home/airflow/.local/lib/python3.12/site-packages/airflow/example_dags/example_trigger_controller_dag.py
[2024-09-22T19:35:29.511+0000] {processor.py:925} INFO - DAG(s) 'example_trigger_controller_dag' retrieved from /home/airflow/.local/lib/python3.12/site-packages/airflow/example_dags/example_trigger_controller_dag.py
[2024-09-22T19:35:29.587+0000] {logging_mixin.py:190} INFO - [2024-09-22T19:35:29.587+0000] {override.py:1900} INFO - Created Permission View: can read on DAG:example_trigger_controller_dag
[2024-09-22T19:35:29.593+0000] {logging_mixin.py:190} INFO - [2024-09-22T19:35:29.593+0000] {override.py:1900} INFO - Created Permission View: can edit on DAG:example_trigger_controller_dag
[2024-09-22T19:35:29.599+0000] {logging_mixin.py:190} INFO - [2024-09-22T19:35:29.599+0000] {override.py:1900} INFO - Created Permission View: can delete on DAG:example_trigger_controller_dag
[2024-09-22T19:35:29.605+0000] {logging_mixin.py:190} INFO - [2024-09-22T19:35:29.605+0000] {override.py:1900} INFO - Created Permission View: can read on DAG Run:example_trigger_controller_dag
[2024-09-22T19:35:29.612+0000] {logging_mixin.py:190} INFO - [2024-09-22T19:35:29.612+0000] {override.py:1900} INFO - Created Permission View: menu access on DAG Run:example_trigger_controller_dag
[2024-09-22T19:35:29.618+0000] {logging_mixin.py:190} INFO - [2024-09-22T19:35:29.618+0000] {override.py:1900} INFO - Created Permission View: can delete on DAG Run:example_trigger_controller_dag
[2024-09-22T19:35:29.626+0000] {logging_mixin.py:190} INFO - [2024-09-22T19:35:29.626+0000] {override.py:1900} INFO - Created Permission View: can create on DAG Run:example_trigger_controller_dag
[2024-09-22T19:35:29.627+0000] {logging_mixin.py:190} INFO - [2024-09-22T19:35:29.627+0000] {dag.py:3229} INFO - Sync 1 DAGs
[2024-09-22T19:35:29.638+0000] {logging_mixin.py:190} INFO - [2024-09-22T19:35:29.638+0000] {dag.py:3252} INFO - Creating ORM DAG for example_trigger_controller_dag
[2024-09-22T19:35:29.644+0000] {logging_mixin.py:190} INFO - [2024-09-22T19:35:29.644+0000] {dag.py:4156} INFO - Setting next_dagrun for example_trigger_controller_dag to 2021-01-01 00:00:00+00:00, run_after=2021-01-01 00:00:00+00:00
[2024-09-22T19:35:29.657+0000] {processor.py:208} INFO - Processing /home/airflow/.local/lib/python3.12/site-packages/airflow/example_dags/example_trigger_controller_dag.py took 0.166 seconds
[2024-09-22T19:36:00.279+0000] {processor.py:186} INFO - Started process (PID=133) to work on /home/airflow/.local/lib/python3.12/site-packages/airflow/example_dags/example_trigger_controller_dag.py
[2024-09-22T19:36:00.281+0000] {processor.py:914} INFO - Processing file /home/airflow/.local/lib/python3.12/site-packages/airflow/example_dags/example_trigger_controller_dag.py for tasks to queue
[2024-09-22T19:36:00.285+0000] {logging_mixin.py:190} INFO - [2024-09-22T19:36:00.283+0000] {dagbag.py:587} INFO - Filling up the DagBag from /home/airflow/.local/lib/python3.12/site-packages/airflow/example_dags/example_trigger_controller_dag.py
[2024-09-22T19:36:00.289+0000] {processor.py:925} INFO - DAG(s) 'example_trigger_controller_dag' retrieved from /home/airflow/.local/lib/python3.12/site-packages/airflow/example_dags/example_trigger_controller_dag.py
[2024-09-22T19:36:00.302+0000] {logging_mixin.py:190} INFO - [2024-09-22T19:36:00.302+0000] {dag.py:3229} INFO - Sync 1 DAGs
[2024-09-22T19:36:00.314+0000] {logging_mixin.py:190} INFO - [2024-09-22T19:36:00.313+0000] {dag.py:4156} INFO - Setting next_dagrun for example_trigger_controller_dag to 2021-01-01 00:00:00+00:00, run_after=2021-01-01 00:00:00+00:00
[2024-09-22T19:36:00.323+0000] {processor.py:208} INFO - Processing /home/airflow/.local/lib/python3.12/site-packages/airflow/example_dags/example_trigger_controller_dag.py took 0.047 seconds
[2024-09-22T19:36:30.753+0000] {processor.py:186} INFO - Started process (PID=195) to work on /home/airflow/.local/lib/python3.12/site-packages/airflow/example_dags/example_trigger_controller_dag.py
[2024-09-22T19:36:30.753+0000] {processor.py:914} INFO - Processing file /home/airflow/.local/lib/python3.12/site-packages/airflow/example_dags/example_trigger_controller_dag.py for tasks to queue
[2024-09-22T19:36:30.756+0000] {logging_mixin.py:190} INFO - [2024-09-22T19:36:30.756+0000] {dagbag.py:587} INFO - Filling up the DagBag from /home/airflow/.local/lib/python3.12/site-packages/airflow/example_dags/example_trigger_controller_dag.py
[2024-09-22T19:36:30.760+0000] {processor.py:925} INFO - DAG(s) 'example_trigger_controller_dag' retrieved from /home/airflow/.local/lib/python3.12/site-packages/airflow/example_dags/example_trigger_controller_dag.py
[2024-09-22T19:36:30.774+0000] {logging_mixin.py:190} INFO - [2024-09-22T19:36:30.774+0000] {dag.py:3229} INFO - Sync 1 DAGs
[2024-09-22T19:36:30.786+0000] {logging_mixin.py:190} INFO - [2024-09-22T19:36:30.786+0000] {dag.py:4156} INFO - Setting next_dagrun for example_trigger_controller_dag to 2021-01-01 00:00:00+00:00, run_after=2021-01-01 00:00:00+00:00
[2024-09-22T19:36:30.799+0000] {processor.py:208} INFO - Processing /home/airflow/.local/lib/python3.12/site-packages/airflow/example_dags/example_trigger_controller_dag.py took 0.049 seconds
