[2024-09-22T19:35:29.964+0000] {processor.py:186} INFO - Started process (PID=75) to work on /home/airflow/.local/lib/python3.12/site-packages/airflow/example_dags/example_params_trigger_ui.py
[2024-09-22T19:35:29.965+0000] {processor.py:914} INFO - Processing file /home/airflow/.local/lib/python3.12/site-packages/airflow/example_dags/example_params_trigger_ui.py for tasks to queue
[2024-09-22T19:35:29.966+0000] {logging_mixin.py:190} INFO - [2024-09-22T19:35:29.966+0000] {dagbag.py:587} INFO - Filling up the DagBag from /home/airflow/.local/lib/python3.12/site-packages/airflow/example_dags/example_params_trigger_ui.py
[2024-09-22T19:35:29.977+0000] {processor.py:925} INFO - DAG(s) 'example_params_trigger_ui' retrieved from /home/airflow/.local/lib/python3.12/site-packages/airflow/example_dags/example_params_trigger_ui.py
[2024-09-22T19:35:30.048+0000] {logging_mixin.py:190} INFO - [2024-09-22T19:35:30.047+0000] {override.py:1900} INFO - Created Permission View: can read on DAG:example_params_trigger_ui
[2024-09-22T19:35:30.053+0000] {logging_mixin.py:190} INFO - [2024-09-22T19:35:30.053+0000] {override.py:1900} INFO - Created Permission View: can edit on DAG:example_params_trigger_ui
[2024-09-22T19:35:30.056+0000] {logging_mixin.py:190} INFO - [2024-09-22T19:35:30.056+0000] {override.py:1900} INFO - Created Permission View: can delete on DAG:example_params_trigger_ui
[2024-09-22T19:35:30.059+0000] {logging_mixin.py:190} INFO - [2024-09-22T19:35:30.059+0000] {override.py:1900} INFO - Created Permission View: can read on DAG Run:example_params_trigger_ui
[2024-09-22T19:35:30.062+0000] {logging_mixin.py:190} INFO - [2024-09-22T19:35:30.062+0000] {override.py:1900} INFO - Created Permission View: menu access on DAG Run:example_params_trigger_ui
[2024-09-22T19:35:30.065+0000] {logging_mixin.py:190} INFO - [2024-09-22T19:35:30.065+0000] {override.py:1900} INFO - Created Permission View: can delete on DAG Run:example_params_trigger_ui
[2024-09-22T19:35:30.068+0000] {logging_mixin.py:190} INFO - [2024-09-22T19:35:30.068+0000] {override.py:1900} INFO - Created Permission View: can create on DAG Run:example_params_trigger_ui
[2024-09-22T19:35:30.068+0000] {logging_mixin.py:190} INFO - [2024-09-22T19:35:30.068+0000] {dag.py:3229} INFO - Sync 1 DAGs
[2024-09-22T19:35:30.076+0000] {logging_mixin.py:190} INFO - [2024-09-22T19:35:30.075+0000] {dag.py:3252} INFO - Creating ORM DAG for example_params_trigger_ui
[2024-09-22T19:35:30.076+0000] {logging_mixin.py:190} INFO - [2024-09-22T19:35:30.076+0000] {dag.py:4156} INFO - Setting next_dagrun for example_params_trigger_ui to None, run_after=None
[2024-09-22T19:35:30.096+0000] {processor.py:208} INFO - Processing /home/airflow/.local/lib/python3.12/site-packages/airflow/example_dags/example_params_trigger_ui.py took 0.136 seconds
[2024-09-22T19:36:00.387+0000] {processor.py:186} INFO - Started process (PID=136) to work on /home/airflow/.local/lib/python3.12/site-packages/airflow/example_dags/example_params_trigger_ui.py
[2024-09-22T19:36:00.389+0000] {processor.py:914} INFO - Processing file /home/airflow/.local/lib/python3.12/site-packages/airflow/example_dags/example_params_trigger_ui.py for tasks to queue
[2024-09-22T19:36:00.391+0000] {logging_mixin.py:190} INFO - [2024-09-22T19:36:00.391+0000] {dagbag.py:587} INFO - Filling up the DagBag from /home/airflow/.local/lib/python3.12/site-packages/airflow/example_dags/example_params_trigger_ui.py
[2024-09-22T19:36:00.397+0000] {processor.py:925} INFO - DAG(s) 'example_params_trigger_ui' retrieved from /home/airflow/.local/lib/python3.12/site-packages/airflow/example_dags/example_params_trigger_ui.py
[2024-09-22T19:36:00.418+0000] {logging_mixin.py:190} INFO - [2024-09-22T19:36:00.418+0000] {dag.py:3229} INFO - Sync 1 DAGs
[2024-09-22T19:36:00.425+0000] {logging_mixin.py:190} INFO - [2024-09-22T19:36:00.425+0000] {dag.py:4156} INFO - Setting next_dagrun for example_params_trigger_ui to None, run_after=None
[2024-09-22T19:36:00.437+0000] {processor.py:208} INFO - Processing /home/airflow/.local/lib/python3.12/site-packages/airflow/example_dags/example_params_trigger_ui.py took 0.053 seconds
[2024-09-22T19:36:30.838+0000] {processor.py:186} INFO - Started process (PID=198) to work on /home/airflow/.local/lib/python3.12/site-packages/airflow/example_dags/example_params_trigger_ui.py
[2024-09-22T19:36:30.838+0000] {processor.py:914} INFO - Processing file /home/airflow/.local/lib/python3.12/site-packages/airflow/example_dags/example_params_trigger_ui.py for tasks to queue
[2024-09-22T19:36:30.840+0000] {logging_mixin.py:190} INFO - [2024-09-22T19:36:30.840+0000] {dagbag.py:587} INFO - Filling up the DagBag from /home/airflow/.local/lib/python3.12/site-packages/airflow/example_dags/example_params_trigger_ui.py
[2024-09-22T19:36:30.846+0000] {processor.py:925} INFO - DAG(s) 'example_params_trigger_ui' retrieved from /home/airflow/.local/lib/python3.12/site-packages/airflow/example_dags/example_params_trigger_ui.py
[2024-09-22T19:36:30.868+0000] {logging_mixin.py:190} INFO - [2024-09-22T19:36:30.868+0000] {dag.py:3229} INFO - Sync 1 DAGs
[2024-09-22T19:36:30.875+0000] {logging_mixin.py:190} INFO - [2024-09-22T19:36:30.875+0000] {dag.py:4156} INFO - Setting next_dagrun for example_params_trigger_ui to None, run_after=None
[2024-09-22T19:36:30.889+0000] {processor.py:208} INFO - Processing /home/airflow/.local/lib/python3.12/site-packages/airflow/example_dags/example_params_trigger_ui.py took 0.054 seconds
