[2024-09-22T19:35:32.041+0000] {processor.py:186} INFO - Started process (PID=94) to work on /home/airflow/.local/lib/python3.12/site-packages/airflow/example_dags/example_dataset_alias.py
[2024-09-22T19:35:32.041+0000] {processor.py:914} INFO - Processing file /home/airflow/.local/lib/python3.12/site-packages/airflow/example_dags/example_dataset_alias.py for tasks to queue
[2024-09-22T19:35:32.043+0000] {logging_mixin.py:190} INFO - [2024-09-22T19:35:32.043+0000] {dagbag.py:587} INFO - Filling up the DagBag from /home/airflow/.local/lib/python3.12/site-packages/airflow/example_dags/example_dataset_alias.py
[2024-09-22T19:35:32.136+0000] {processor.py:925} INFO - DAG(s) 'dataset_s3_bucket_consumer', 'dataset_alias_example_alias_consumer', 'dataset_s3_bucket_producer', 'dataset_alias_example_alias_producer' retrieved from /home/airflow/.local/lib/python3.12/site-packages/airflow/example_dags/example_dataset_alias.py
[2024-09-22T19:35:32.188+0000] {logging_mixin.py:190} INFO - [2024-09-22T19:35:32.188+0000] {override.py:1900} INFO - Created Permission View: can read on DAG:dataset_s3_bucket_consumer
[2024-09-22T19:35:32.194+0000] {logging_mixin.py:190} INFO - [2024-09-22T19:35:32.194+0000] {override.py:1900} INFO - Created Permission View: can edit on DAG:dataset_s3_bucket_consumer
[2024-09-22T19:35:32.198+0000] {logging_mixin.py:190} INFO - [2024-09-22T19:35:32.198+0000] {override.py:1900} INFO - Created Permission View: can delete on DAG:dataset_s3_bucket_consumer
[2024-09-22T19:35:32.202+0000] {logging_mixin.py:190} INFO - [2024-09-22T19:35:32.201+0000] {override.py:1900} INFO - Created Permission View: can read on DAG Run:dataset_s3_bucket_consumer
[2024-09-22T19:35:32.205+0000] {logging_mixin.py:190} INFO - [2024-09-22T19:35:32.205+0000] {override.py:1900} INFO - Created Permission View: menu access on DAG Run:dataset_s3_bucket_consumer
[2024-09-22T19:35:32.214+0000] {logging_mixin.py:190} INFO - [2024-09-22T19:35:32.214+0000] {override.py:1900} INFO - Created Permission View: can delete on DAG Run:dataset_s3_bucket_consumer
[2024-09-22T19:35:32.216+0000] {logging_mixin.py:190} INFO - [2024-09-22T19:35:32.216+0000] {override.py:1900} INFO - Created Permission View: can create on DAG Run:dataset_s3_bucket_consumer
[2024-09-22T19:35:32.225+0000] {logging_mixin.py:190} INFO - [2024-09-22T19:35:32.225+0000] {override.py:1900} INFO - Created Permission View: can read on DAG:dataset_alias_example_alias_consumer
[2024-09-22T19:35:32.232+0000] {logging_mixin.py:190} INFO - [2024-09-22T19:35:32.232+0000] {override.py:1900} INFO - Created Permission View: can edit on DAG:dataset_alias_example_alias_consumer
[2024-09-22T19:35:32.235+0000] {logging_mixin.py:190} INFO - [2024-09-22T19:35:32.235+0000] {override.py:1900} INFO - Created Permission View: can delete on DAG:dataset_alias_example_alias_consumer
[2024-09-22T19:35:32.238+0000] {logging_mixin.py:190} INFO - [2024-09-22T19:35:32.238+0000] {override.py:1900} INFO - Created Permission View: can read on DAG Run:dataset_alias_example_alias_consumer
[2024-09-22T19:35:32.241+0000] {logging_mixin.py:190} INFO - [2024-09-22T19:35:32.241+0000] {override.py:1900} INFO - Created Permission View: menu access on DAG Run:dataset_alias_example_alias_consumer
[2024-09-22T19:35:32.244+0000] {logging_mixin.py:190} INFO - [2024-09-22T19:35:32.243+0000] {override.py:1900} INFO - Created Permission View: can delete on DAG Run:dataset_alias_example_alias_consumer
[2024-09-22T19:35:32.247+0000] {logging_mixin.py:190} INFO - [2024-09-22T19:35:32.247+0000] {override.py:1900} INFO - Created Permission View: can create on DAG Run:dataset_alias_example_alias_consumer
[2024-09-22T19:35:32.256+0000] {logging_mixin.py:190} INFO - [2024-09-22T19:35:32.256+0000] {override.py:1900} INFO - Created Permission View: can read on DAG:dataset_s3_bucket_producer
[2024-09-22T19:35:32.263+0000] {logging_mixin.py:190} INFO - [2024-09-22T19:35:32.263+0000] {override.py:1900} INFO - Created Permission View: can edit on DAG:dataset_s3_bucket_producer
[2024-09-22T19:35:32.265+0000] {logging_mixin.py:190} INFO - [2024-09-22T19:35:32.265+0000] {override.py:1900} INFO - Created Permission View: can delete on DAG:dataset_s3_bucket_producer
[2024-09-22T19:35:32.271+0000] {logging_mixin.py:190} INFO - [2024-09-22T19:35:32.271+0000] {override.py:1900} INFO - Created Permission View: can read on DAG Run:dataset_s3_bucket_producer
[2024-09-22T19:35:32.276+0000] {logging_mixin.py:190} INFO - [2024-09-22T19:35:32.276+0000] {override.py:1900} INFO - Created Permission View: menu access on DAG Run:dataset_s3_bucket_producer
[2024-09-22T19:35:32.281+0000] {logging_mixin.py:190} INFO - [2024-09-22T19:35:32.281+0000] {override.py:1900} INFO - Created Permission View: can delete on DAG Run:dataset_s3_bucket_producer
[2024-09-22T19:35:32.284+0000] {logging_mixin.py:190} INFO - [2024-09-22T19:35:32.284+0000] {override.py:1900} INFO - Created Permission View: can create on DAG Run:dataset_s3_bucket_producer
[2024-09-22T19:35:32.289+0000] {logging_mixin.py:190} INFO - [2024-09-22T19:35:32.289+0000] {override.py:1900} INFO - Created Permission View: can read on DAG:dataset_alias_example_alias_producer
[2024-09-22T19:35:32.291+0000] {logging_mixin.py:190} INFO - [2024-09-22T19:35:32.291+0000] {override.py:1900} INFO - Created Permission View: can edit on DAG:dataset_alias_example_alias_producer
[2024-09-22T19:35:32.294+0000] {logging_mixin.py:190} INFO - [2024-09-22T19:35:32.293+0000] {override.py:1900} INFO - Created Permission View: can delete on DAG:dataset_alias_example_alias_producer
[2024-09-22T19:35:32.296+0000] {logging_mixin.py:190} INFO - [2024-09-22T19:35:32.296+0000] {override.py:1900} INFO - Created Permission View: can read on DAG Run:dataset_alias_example_alias_producer
[2024-09-22T19:35:32.298+0000] {logging_mixin.py:190} INFO - [2024-09-22T19:35:32.298+0000] {override.py:1900} INFO - Created Permission View: menu access on DAG Run:dataset_alias_example_alias_producer
[2024-09-22T19:35:32.300+0000] {logging_mixin.py:190} INFO - [2024-09-22T19:35:32.300+0000] {override.py:1900} INFO - Created Permission View: can delete on DAG Run:dataset_alias_example_alias_producer
[2024-09-22T19:35:32.303+0000] {logging_mixin.py:190} INFO - [2024-09-22T19:35:32.303+0000] {override.py:1900} INFO - Created Permission View: can create on DAG Run:dataset_alias_example_alias_producer
[2024-09-22T19:35:32.303+0000] {logging_mixin.py:190} INFO - [2024-09-22T19:35:32.303+0000] {dag.py:3229} INFO - Sync 4 DAGs
[2024-09-22T19:35:32.310+0000] {logging_mixin.py:190} INFO - [2024-09-22T19:35:32.310+0000] {dag.py:3252} INFO - Creating ORM DAG for dataset_alias_example_alias_producer
[2024-09-22T19:35:32.311+0000] {logging_mixin.py:190} INFO - [2024-09-22T19:35:32.311+0000] {dag.py:3252} INFO - Creating ORM DAG for dataset_alias_example_alias_consumer
[2024-09-22T19:35:32.311+0000] {logging_mixin.py:190} INFO - [2024-09-22T19:35:32.311+0000] {dag.py:3252} INFO - Creating ORM DAG for dataset_s3_bucket_consumer
[2024-09-22T19:35:32.311+0000] {logging_mixin.py:190} INFO - [2024-09-22T19:35:32.311+0000] {dag.py:3252} INFO - Creating ORM DAG for dataset_s3_bucket_producer
[2024-09-22T19:35:32.316+0000] {logging_mixin.py:190} INFO - [2024-09-22T19:35:32.316+0000] {dag.py:4156} INFO - Setting next_dagrun for dataset_alias_example_alias_consumer to None, run_after=None
[2024-09-22T19:35:32.316+0000] {logging_mixin.py:190} INFO - [2024-09-22T19:35:32.316+0000] {dag.py:4156} INFO - Setting next_dagrun for dataset_alias_example_alias_producer to None, run_after=None
[2024-09-22T19:35:32.317+0000] {logging_mixin.py:190} INFO - [2024-09-22T19:35:32.317+0000] {dag.py:4156} INFO - Setting next_dagrun for dataset_s3_bucket_consumer to None, run_after=None
[2024-09-22T19:35:32.317+0000] {logging_mixin.py:190} INFO - [2024-09-22T19:35:32.317+0000] {dag.py:4156} INFO - Setting next_dagrun for dataset_s3_bucket_producer to None, run_after=None
[2024-09-22T19:35:32.330+0000] {processor.py:208} INFO - Processing /home/airflow/.local/lib/python3.12/site-packages/airflow/example_dags/example_dataset_alias.py took 0.293 seconds
[2024-09-22T19:36:03.321+0000] {processor.py:186} INFO - Started process (PID=157) to work on /home/airflow/.local/lib/python3.12/site-packages/airflow/example_dags/example_dataset_alias.py
[2024-09-22T19:36:03.326+0000] {processor.py:914} INFO - Processing file /home/airflow/.local/lib/python3.12/site-packages/airflow/example_dags/example_dataset_alias.py for tasks to queue
[2024-09-22T19:36:03.328+0000] {logging_mixin.py:190} INFO - [2024-09-22T19:36:03.328+0000] {dagbag.py:587} INFO - Filling up the DagBag from /home/airflow/.local/lib/python3.12/site-packages/airflow/example_dags/example_dataset_alias.py
[2024-09-22T19:36:03.423+0000] {processor.py:925} INFO - DAG(s) 'dataset_s3_bucket_consumer', 'dataset_alias_example_alias_producer', 'dataset_s3_bucket_producer', 'dataset_alias_example_alias_consumer' retrieved from /home/airflow/.local/lib/python3.12/site-packages/airflow/example_dags/example_dataset_alias.py
[2024-09-22T19:36:03.436+0000] {logging_mixin.py:190} INFO - [2024-09-22T19:36:03.436+0000] {dag.py:3229} INFO - Sync 4 DAGs
[2024-09-22T19:36:03.448+0000] {logging_mixin.py:190} INFO - [2024-09-22T19:36:03.448+0000] {dag.py:4156} INFO - Setting next_dagrun for dataset_alias_example_alias_consumer to None, run_after=None
[2024-09-22T19:36:03.449+0000] {logging_mixin.py:190} INFO - [2024-09-22T19:36:03.449+0000] {dag.py:4156} INFO - Setting next_dagrun for dataset_alias_example_alias_producer to None, run_after=None
[2024-09-22T19:36:03.449+0000] {logging_mixin.py:190} INFO - [2024-09-22T19:36:03.449+0000] {dag.py:4156} INFO - Setting next_dagrun for dataset_s3_bucket_consumer to None, run_after=None
[2024-09-22T19:36:03.451+0000] {logging_mixin.py:190} INFO - [2024-09-22T19:36:03.451+0000] {dag.py:4156} INFO - Setting next_dagrun for dataset_s3_bucket_producer to None, run_after=None
[2024-09-22T19:36:03.465+0000] {processor.py:208} INFO - Processing /home/airflow/.local/lib/python3.12/site-packages/airflow/example_dags/example_dataset_alias.py took 0.149 seconds
[2024-09-22T19:36:33.649+0000] {processor.py:186} INFO - Started process (PID=219) to work on /home/airflow/.local/lib/python3.12/site-packages/airflow/example_dags/example_dataset_alias.py
[2024-09-22T19:36:33.649+0000] {processor.py:914} INFO - Processing file /home/airflow/.local/lib/python3.12/site-packages/airflow/example_dags/example_dataset_alias.py for tasks to queue
[2024-09-22T19:36:33.650+0000] {logging_mixin.py:190} INFO - [2024-09-22T19:36:33.650+0000] {dagbag.py:587} INFO - Filling up the DagBag from /home/airflow/.local/lib/python3.12/site-packages/airflow/example_dags/example_dataset_alias.py
[2024-09-22T19:36:33.742+0000] {processor.py:925} INFO - DAG(s) 'dataset_alias_example_alias_consumer', 'dataset_alias_example_alias_producer', 'dataset_s3_bucket_producer', 'dataset_s3_bucket_consumer' retrieved from /home/airflow/.local/lib/python3.12/site-packages/airflow/example_dags/example_dataset_alias.py
[2024-09-22T19:36:33.766+0000] {logging_mixin.py:190} INFO - [2024-09-22T19:36:33.766+0000] {dag.py:3229} INFO - Sync 4 DAGs
[2024-09-22T19:36:33.783+0000] {logging_mixin.py:190} INFO - [2024-09-22T19:36:33.783+0000] {dag.py:4156} INFO - Setting next_dagrun for dataset_alias_example_alias_consumer to None, run_after=None
[2024-09-22T19:36:33.787+0000] {logging_mixin.py:190} INFO - [2024-09-22T19:36:33.787+0000] {dag.py:4156} INFO - Setting next_dagrun for dataset_alias_example_alias_producer to None, run_after=None
[2024-09-22T19:36:33.788+0000] {logging_mixin.py:190} INFO - [2024-09-22T19:36:33.788+0000] {dag.py:4156} INFO - Setting next_dagrun for dataset_s3_bucket_consumer to None, run_after=None
[2024-09-22T19:36:33.789+0000] {logging_mixin.py:190} INFO - [2024-09-22T19:36:33.789+0000] {dag.py:4156} INFO - Setting next_dagrun for dataset_s3_bucket_producer to None, run_after=None
[2024-09-22T19:36:33.811+0000] {processor.py:208} INFO - Processing /home/airflow/.local/lib/python3.12/site-packages/airflow/example_dags/example_dataset_alias.py took 0.166 seconds
