[2024-09-22T19:35:32.109+0000] {processor.py:186} INFO - Started process (PID=95) to work on /home/airflow/.local/lib/python3.12/site-packages/airflow/example_dags/example_short_circuit_decorator.py
[2024-09-22T19:35:32.109+0000] {processor.py:914} INFO - Processing file /home/airflow/.local/lib/python3.12/site-packages/airflow/example_dags/example_short_circuit_decorator.py for tasks to queue
[2024-09-22T19:35:32.111+0000] {logging_mixin.py:190} INFO - [2024-09-22T19:35:32.111+0000] {dagbag.py:587} INFO - Filling up the DagBag from /home/airflow/.local/lib/python3.12/site-packages/airflow/example_dags/example_short_circuit_decorator.py
[2024-09-22T19:35:32.117+0000] {processor.py:925} INFO - DAG(s) 'example_short_circuit_decorator' retrieved from /home/airflow/.local/lib/python3.12/site-packages/airflow/example_dags/example_short_circuit_decorator.py
[2024-09-22T19:35:32.175+0000] {logging_mixin.py:190} INFO - [2024-09-22T19:35:32.175+0000] {override.py:1900} INFO - Created Permission View: can read on DAG:example_short_circuit_decorator
[2024-09-22T19:35:32.183+0000] {logging_mixin.py:190} INFO - [2024-09-22T19:35:32.183+0000] {override.py:1900} INFO - Created Permission View: can edit on DAG:example_short_circuit_decorator
[2024-09-22T19:35:32.188+0000] {logging_mixin.py:190} INFO - [2024-09-22T19:35:32.188+0000] {override.py:1900} INFO - Created Permission View: can delete on DAG:example_short_circuit_decorator
[2024-09-22T19:35:32.194+0000] {logging_mixin.py:190} INFO - [2024-09-22T19:35:32.194+0000] {override.py:1900} INFO - Created Permission View: can read on DAG Run:example_short_circuit_decorator
[2024-09-22T19:35:32.198+0000] {logging_mixin.py:190} INFO - [2024-09-22T19:35:32.197+0000] {override.py:1900} INFO - Created Permission View: menu access on DAG Run:example_short_circuit_decorator
[2024-09-22T19:35:32.201+0000] {logging_mixin.py:190} INFO - [2024-09-22T19:35:32.201+0000] {override.py:1900} INFO - Created Permission View: can delete on DAG Run:example_short_circuit_decorator
[2024-09-22T19:35:32.205+0000] {logging_mixin.py:190} INFO - [2024-09-22T19:35:32.205+0000] {override.py:1900} INFO - Created Permission View: can create on DAG Run:example_short_circuit_decorator
[2024-09-22T19:35:32.205+0000] {logging_mixin.py:190} INFO - [2024-09-22T19:35:32.205+0000] {dag.py:3229} INFO - Sync 1 DAGs
[2024-09-22T19:35:32.213+0000] {logging_mixin.py:190} INFO - [2024-09-22T19:35:32.213+0000] {dag.py:3252} INFO - Creating ORM DAG for example_short_circuit_decorator
[2024-09-22T19:35:32.215+0000] {logging_mixin.py:190} INFO - [2024-09-22T19:35:32.215+0000] {dag.py:4156} INFO - Setting next_dagrun for example_short_circuit_decorator to None, run_after=None
[2024-09-22T19:35:32.228+0000] {processor.py:208} INFO - Processing /home/airflow/.local/lib/python3.12/site-packages/airflow/example_dags/example_short_circuit_decorator.py took 0.122 seconds
[2024-09-22T19:36:02.259+0000] {processor.py:186} INFO - Started process (PID=156) to work on /home/airflow/.local/lib/python3.12/site-packages/airflow/example_dags/example_short_circuit_decorator.py
[2024-09-22T19:36:02.260+0000] {processor.py:914} INFO - Processing file /home/airflow/.local/lib/python3.12/site-packages/airflow/example_dags/example_short_circuit_decorator.py for tasks to queue
[2024-09-22T19:36:02.261+0000] {logging_mixin.py:190} INFO - [2024-09-22T19:36:02.261+0000] {dagbag.py:587} INFO - Filling up the DagBag from /home/airflow/.local/lib/python3.12/site-packages/airflow/example_dags/example_short_circuit_decorator.py
[2024-09-22T19:36:02.268+0000] {processor.py:925} INFO - DAG(s) 'example_short_circuit_decorator' retrieved from /home/airflow/.local/lib/python3.12/site-packages/airflow/example_dags/example_short_circuit_decorator.py
[2024-09-22T19:36:02.285+0000] {logging_mixin.py:190} INFO - [2024-09-22T19:36:02.285+0000] {dag.py:3229} INFO - Sync 1 DAGs
[2024-09-22T19:36:02.294+0000] {logging_mixin.py:190} INFO - [2024-09-22T19:36:02.294+0000] {dag.py:4156} INFO - Setting next_dagrun for example_short_circuit_decorator to None, run_after=None
[2024-09-22T19:36:02.305+0000] {processor.py:208} INFO - Processing /home/airflow/.local/lib/python3.12/site-packages/airflow/example_dags/example_short_circuit_decorator.py took 0.049 seconds
[2024-09-22T19:36:32.579+0000] {processor.py:186} INFO - Started process (PID=218) to work on /home/airflow/.local/lib/python3.12/site-packages/airflow/example_dags/example_short_circuit_decorator.py
[2024-09-22T19:36:32.580+0000] {processor.py:914} INFO - Processing file /home/airflow/.local/lib/python3.12/site-packages/airflow/example_dags/example_short_circuit_decorator.py for tasks to queue
[2024-09-22T19:36:32.584+0000] {logging_mixin.py:190} INFO - [2024-09-22T19:36:32.584+0000] {dagbag.py:587} INFO - Filling up the DagBag from /home/airflow/.local/lib/python3.12/site-packages/airflow/example_dags/example_short_circuit_decorator.py
[2024-09-22T19:36:32.590+0000] {processor.py:925} INFO - DAG(s) 'example_short_circuit_decorator' retrieved from /home/airflow/.local/lib/python3.12/site-packages/airflow/example_dags/example_short_circuit_decorator.py
[2024-09-22T19:36:32.610+0000] {logging_mixin.py:190} INFO - [2024-09-22T19:36:32.610+0000] {dag.py:3229} INFO - Sync 1 DAGs
[2024-09-22T19:36:32.618+0000] {logging_mixin.py:190} INFO - [2024-09-22T19:36:32.618+0000] {dag.py:4156} INFO - Setting next_dagrun for example_short_circuit_decorator to None, run_after=None
[2024-09-22T19:36:32.628+0000] {processor.py:208} INFO - Processing /home/airflow/.local/lib/python3.12/site-packages/airflow/example_dags/example_short_circuit_decorator.py took 0.052 seconds
[2024-09-22T19:37:03.274+0000] {processor.py:186} INFO - Started process (PID=280) to work on /home/airflow/.local/lib/python3.12/site-packages/airflow/example_dags/example_short_circuit_decorator.py
[2024-09-22T19:37:03.274+0000] {processor.py:914} INFO - Processing file /home/airflow/.local/lib/python3.12/site-packages/airflow/example_dags/example_short_circuit_decorator.py for tasks to queue
[2024-09-22T19:37:03.276+0000] {logging_mixin.py:190} INFO - [2024-09-22T19:37:03.276+0000] {dagbag.py:587} INFO - Filling up the DagBag from /home/airflow/.local/lib/python3.12/site-packages/airflow/example_dags/example_short_circuit_decorator.py
[2024-09-22T19:37:03.283+0000] {processor.py:925} INFO - DAG(s) 'example_short_circuit_decorator' retrieved from /home/airflow/.local/lib/python3.12/site-packages/airflow/example_dags/example_short_circuit_decorator.py
[2024-09-22T19:37:03.299+0000] {logging_mixin.py:190} INFO - [2024-09-22T19:37:03.299+0000] {dag.py:3229} INFO - Sync 1 DAGs
[2024-09-22T19:37:03.307+0000] {logging_mixin.py:190} INFO - [2024-09-22T19:37:03.307+0000] {dag.py:4156} INFO - Setting next_dagrun for example_short_circuit_decorator to None, run_after=None
[2024-09-22T19:37:03.321+0000] {processor.py:208} INFO - Processing /home/airflow/.local/lib/python3.12/site-packages/airflow/example_dags/example_short_circuit_decorator.py took 0.051 seconds
[2024-09-22T19:37:33.776+0000] {processor.py:186} INFO - Started process (PID=342) to work on /home/airflow/.local/lib/python3.12/site-packages/airflow/example_dags/example_short_circuit_decorator.py
[2024-09-22T19:37:33.776+0000] {processor.py:914} INFO - Processing file /home/airflow/.local/lib/python3.12/site-packages/airflow/example_dags/example_short_circuit_decorator.py for tasks to queue
[2024-09-22T19:37:33.777+0000] {logging_mixin.py:190} INFO - [2024-09-22T19:37:33.777+0000] {dagbag.py:587} INFO - Filling up the DagBag from /home/airflow/.local/lib/python3.12/site-packages/airflow/example_dags/example_short_circuit_decorator.py
[2024-09-22T19:37:33.782+0000] {processor.py:925} INFO - DAG(s) 'example_short_circuit_decorator' retrieved from /home/airflow/.local/lib/python3.12/site-packages/airflow/example_dags/example_short_circuit_decorator.py
[2024-09-22T19:37:33.795+0000] {logging_mixin.py:190} INFO - [2024-09-22T19:37:33.794+0000] {dag.py:3229} INFO - Sync 1 DAGs
[2024-09-22T19:37:33.801+0000] {logging_mixin.py:190} INFO - [2024-09-22T19:37:33.801+0000] {dag.py:4156} INFO - Setting next_dagrun for example_short_circuit_decorator to None, run_after=None
[2024-09-22T19:37:33.815+0000] {processor.py:208} INFO - Processing /home/airflow/.local/lib/python3.12/site-packages/airflow/example_dags/example_short_circuit_decorator.py took 0.043 seconds
[2024-09-22T19:38:04.025+0000] {processor.py:186} INFO - Started process (PID=404) to work on /home/airflow/.local/lib/python3.12/site-packages/airflow/example_dags/example_short_circuit_decorator.py
[2024-09-22T19:38:04.026+0000] {processor.py:914} INFO - Processing file /home/airflow/.local/lib/python3.12/site-packages/airflow/example_dags/example_short_circuit_decorator.py for tasks to queue
[2024-09-22T19:38:04.027+0000] {logging_mixin.py:190} INFO - [2024-09-22T19:38:04.027+0000] {dagbag.py:587} INFO - Filling up the DagBag from /home/airflow/.local/lib/python3.12/site-packages/airflow/example_dags/example_short_circuit_decorator.py
[2024-09-22T19:38:04.033+0000] {processor.py:925} INFO - DAG(s) 'example_short_circuit_decorator' retrieved from /home/airflow/.local/lib/python3.12/site-packages/airflow/example_dags/example_short_circuit_decorator.py
[2024-09-22T19:38:04.047+0000] {logging_mixin.py:190} INFO - [2024-09-22T19:38:04.047+0000] {dag.py:3229} INFO - Sync 1 DAGs
[2024-09-22T19:38:04.054+0000] {logging_mixin.py:190} INFO - [2024-09-22T19:38:04.054+0000] {dag.py:4156} INFO - Setting next_dagrun for example_short_circuit_decorator to None, run_after=None
[2024-09-22T19:38:04.069+0000] {processor.py:208} INFO - Processing /home/airflow/.local/lib/python3.12/site-packages/airflow/example_dags/example_short_circuit_decorator.py took 0.047 seconds
[2024-09-22T19:38:34.676+0000] {processor.py:186} INFO - Started process (PID=466) to work on /home/airflow/.local/lib/python3.12/site-packages/airflow/example_dags/example_short_circuit_decorator.py
[2024-09-22T19:38:34.676+0000] {processor.py:914} INFO - Processing file /home/airflow/.local/lib/python3.12/site-packages/airflow/example_dags/example_short_circuit_decorator.py for tasks to queue
[2024-09-22T19:38:34.678+0000] {logging_mixin.py:190} INFO - [2024-09-22T19:38:34.678+0000] {dagbag.py:587} INFO - Filling up the DagBag from /home/airflow/.local/lib/python3.12/site-packages/airflow/example_dags/example_short_circuit_decorator.py
[2024-09-22T19:38:34.684+0000] {processor.py:925} INFO - DAG(s) 'example_short_circuit_decorator' retrieved from /home/airflow/.local/lib/python3.12/site-packages/airflow/example_dags/example_short_circuit_decorator.py
[2024-09-22T19:38:34.698+0000] {logging_mixin.py:190} INFO - [2024-09-22T19:38:34.698+0000] {dag.py:3229} INFO - Sync 1 DAGs
[2024-09-22T19:38:34.706+0000] {logging_mixin.py:190} INFO - [2024-09-22T19:38:34.706+0000] {dag.py:4156} INFO - Setting next_dagrun for example_short_circuit_decorator to None, run_after=None
[2024-09-22T19:38:34.718+0000] {processor.py:208} INFO - Processing /home/airflow/.local/lib/python3.12/site-packages/airflow/example_dags/example_short_circuit_decorator.py took 0.046 seconds
[2024-09-22T19:39:04.998+0000] {processor.py:186} INFO - Started process (PID=528) to work on /home/airflow/.local/lib/python3.12/site-packages/airflow/example_dags/example_short_circuit_decorator.py
[2024-09-22T19:39:04.999+0000] {processor.py:914} INFO - Processing file /home/airflow/.local/lib/python3.12/site-packages/airflow/example_dags/example_short_circuit_decorator.py for tasks to queue
[2024-09-22T19:39:05.000+0000] {logging_mixin.py:190} INFO - [2024-09-22T19:39:05.000+0000] {dagbag.py:587} INFO - Filling up the DagBag from /home/airflow/.local/lib/python3.12/site-packages/airflow/example_dags/example_short_circuit_decorator.py
[2024-09-22T19:39:05.005+0000] {processor.py:925} INFO - DAG(s) 'example_short_circuit_decorator' retrieved from /home/airflow/.local/lib/python3.12/site-packages/airflow/example_dags/example_short_circuit_decorator.py
[2024-09-22T19:39:05.018+0000] {logging_mixin.py:190} INFO - [2024-09-22T19:39:05.018+0000] {dag.py:3229} INFO - Sync 1 DAGs
[2024-09-22T19:39:05.025+0000] {logging_mixin.py:190} INFO - [2024-09-22T19:39:05.025+0000] {dag.py:4156} INFO - Setting next_dagrun for example_short_circuit_decorator to None, run_after=None
[2024-09-22T19:39:05.034+0000] {processor.py:208} INFO - Processing /home/airflow/.local/lib/python3.12/site-packages/airflow/example_dags/example_short_circuit_decorator.py took 0.038 seconds
[2024-09-22T19:39:35.287+0000] {processor.py:186} INFO - Started process (PID=590) to work on /home/airflow/.local/lib/python3.12/site-packages/airflow/example_dags/example_short_circuit_decorator.py
[2024-09-22T19:39:35.290+0000] {processor.py:914} INFO - Processing file /home/airflow/.local/lib/python3.12/site-packages/airflow/example_dags/example_short_circuit_decorator.py for tasks to queue
[2024-09-22T19:39:35.292+0000] {logging_mixin.py:190} INFO - [2024-09-22T19:39:35.292+0000] {dagbag.py:587} INFO - Filling up the DagBag from /home/airflow/.local/lib/python3.12/site-packages/airflow/example_dags/example_short_circuit_decorator.py
[2024-09-22T19:39:35.298+0000] {processor.py:925} INFO - DAG(s) 'example_short_circuit_decorator' retrieved from /home/airflow/.local/lib/python3.12/site-packages/airflow/example_dags/example_short_circuit_decorator.py
[2024-09-22T19:39:35.310+0000] {logging_mixin.py:190} INFO - [2024-09-22T19:39:35.310+0000] {dag.py:3229} INFO - Sync 1 DAGs
[2024-09-22T19:39:35.319+0000] {logging_mixin.py:190} INFO - [2024-09-22T19:39:35.319+0000] {dag.py:4156} INFO - Setting next_dagrun for example_short_circuit_decorator to None, run_after=None
[2024-09-22T19:39:35.327+0000] {processor.py:208} INFO - Processing /home/airflow/.local/lib/python3.12/site-packages/airflow/example_dags/example_short_circuit_decorator.py took 0.043 seconds
[2024-09-22T19:40:05.530+0000] {processor.py:186} INFO - Started process (PID=652) to work on /home/airflow/.local/lib/python3.12/site-packages/airflow/example_dags/example_short_circuit_decorator.py
[2024-09-22T19:40:05.532+0000] {processor.py:914} INFO - Processing file /home/airflow/.local/lib/python3.12/site-packages/airflow/example_dags/example_short_circuit_decorator.py for tasks to queue
[2024-09-22T19:40:05.534+0000] {logging_mixin.py:190} INFO - [2024-09-22T19:40:05.534+0000] {dagbag.py:587} INFO - Filling up the DagBag from /home/airflow/.local/lib/python3.12/site-packages/airflow/example_dags/example_short_circuit_decorator.py
[2024-09-22T19:40:05.539+0000] {processor.py:925} INFO - DAG(s) 'example_short_circuit_decorator' retrieved from /home/airflow/.local/lib/python3.12/site-packages/airflow/example_dags/example_short_circuit_decorator.py
[2024-09-22T19:40:05.552+0000] {logging_mixin.py:190} INFO - [2024-09-22T19:40:05.552+0000] {dag.py:3229} INFO - Sync 1 DAGs
[2024-09-22T19:40:05.558+0000] {logging_mixin.py:190} INFO - [2024-09-22T19:40:05.558+0000] {dag.py:4156} INFO - Setting next_dagrun for example_short_circuit_decorator to None, run_after=None
[2024-09-22T19:40:05.566+0000] {processor.py:208} INFO - Processing /home/airflow/.local/lib/python3.12/site-packages/airflow/example_dags/example_short_circuit_decorator.py took 0.039 seconds
[2024-09-22T19:40:35.720+0000] {processor.py:186} INFO - Started process (PID=714) to work on /home/airflow/.local/lib/python3.12/site-packages/airflow/example_dags/example_short_circuit_decorator.py
[2024-09-22T19:40:35.720+0000] {processor.py:914} INFO - Processing file /home/airflow/.local/lib/python3.12/site-packages/airflow/example_dags/example_short_circuit_decorator.py for tasks to queue
[2024-09-22T19:40:35.722+0000] {logging_mixin.py:190} INFO - [2024-09-22T19:40:35.721+0000] {dagbag.py:587} INFO - Filling up the DagBag from /home/airflow/.local/lib/python3.12/site-packages/airflow/example_dags/example_short_circuit_decorator.py
[2024-09-22T19:40:35.739+0000] {processor.py:925} INFO - DAG(s) 'example_short_circuit_decorator' retrieved from /home/airflow/.local/lib/python3.12/site-packages/airflow/example_dags/example_short_circuit_decorator.py
[2024-09-22T19:40:35.758+0000] {logging_mixin.py:190} INFO - [2024-09-22T19:40:35.757+0000] {dag.py:3229} INFO - Sync 1 DAGs
[2024-09-22T19:40:35.767+0000] {logging_mixin.py:190} INFO - [2024-09-22T19:40:35.767+0000] {dag.py:4156} INFO - Setting next_dagrun for example_short_circuit_decorator to None, run_after=None
[2024-09-22T19:40:35.775+0000] {processor.py:208} INFO - Processing /home/airflow/.local/lib/python3.12/site-packages/airflow/example_dags/example_short_circuit_decorator.py took 0.058 seconds
[2024-09-22T19:41:06.152+0000] {processor.py:186} INFO - Started process (PID=776) to work on /home/airflow/.local/lib/python3.12/site-packages/airflow/example_dags/example_short_circuit_decorator.py
[2024-09-22T19:41:06.152+0000] {processor.py:914} INFO - Processing file /home/airflow/.local/lib/python3.12/site-packages/airflow/example_dags/example_short_circuit_decorator.py for tasks to queue
[2024-09-22T19:41:06.154+0000] {logging_mixin.py:190} INFO - [2024-09-22T19:41:06.154+0000] {dagbag.py:587} INFO - Filling up the DagBag from /home/airflow/.local/lib/python3.12/site-packages/airflow/example_dags/example_short_circuit_decorator.py
[2024-09-22T19:41:06.159+0000] {processor.py:925} INFO - DAG(s) 'example_short_circuit_decorator' retrieved from /home/airflow/.local/lib/python3.12/site-packages/airflow/example_dags/example_short_circuit_decorator.py
[2024-09-22T19:41:06.170+0000] {logging_mixin.py:190} INFO - [2024-09-22T19:41:06.170+0000] {dag.py:3229} INFO - Sync 1 DAGs
[2024-09-22T19:41:06.177+0000] {logging_mixin.py:190} INFO - [2024-09-22T19:41:06.176+0000] {dag.py:4156} INFO - Setting next_dagrun for example_short_circuit_decorator to None, run_after=None
[2024-09-22T19:41:06.185+0000] {processor.py:208} INFO - Processing /home/airflow/.local/lib/python3.12/site-packages/airflow/example_dags/example_short_circuit_decorator.py took 0.037 seconds
[2024-09-22T19:41:36.267+0000] {processor.py:186} INFO - Started process (PID=838) to work on /home/airflow/.local/lib/python3.12/site-packages/airflow/example_dags/example_short_circuit_decorator.py
[2024-09-22T19:41:36.267+0000] {processor.py:914} INFO - Processing file /home/airflow/.local/lib/python3.12/site-packages/airflow/example_dags/example_short_circuit_decorator.py for tasks to queue
[2024-09-22T19:41:36.271+0000] {logging_mixin.py:190} INFO - [2024-09-22T19:41:36.271+0000] {dagbag.py:587} INFO - Filling up the DagBag from /home/airflow/.local/lib/python3.12/site-packages/airflow/example_dags/example_short_circuit_decorator.py
[2024-09-22T19:41:36.276+0000] {processor.py:925} INFO - DAG(s) 'example_short_circuit_decorator' retrieved from /home/airflow/.local/lib/python3.12/site-packages/airflow/example_dags/example_short_circuit_decorator.py
[2024-09-22T19:41:36.288+0000] {logging_mixin.py:190} INFO - [2024-09-22T19:41:36.288+0000] {dag.py:3229} INFO - Sync 1 DAGs
[2024-09-22T19:41:36.295+0000] {logging_mixin.py:190} INFO - [2024-09-22T19:41:36.295+0000] {dag.py:4156} INFO - Setting next_dagrun for example_short_circuit_decorator to None, run_after=None
[2024-09-22T19:41:36.305+0000] {processor.py:208} INFO - Processing /home/airflow/.local/lib/python3.12/site-packages/airflow/example_dags/example_short_circuit_decorator.py took 0.041 seconds
[2024-09-22T19:42:06.661+0000] {processor.py:186} INFO - Started process (PID=900) to work on /home/airflow/.local/lib/python3.12/site-packages/airflow/example_dags/example_short_circuit_decorator.py
[2024-09-22T19:42:06.661+0000] {processor.py:914} INFO - Processing file /home/airflow/.local/lib/python3.12/site-packages/airflow/example_dags/example_short_circuit_decorator.py for tasks to queue
[2024-09-22T19:42:06.662+0000] {logging_mixin.py:190} INFO - [2024-09-22T19:42:06.662+0000] {dagbag.py:587} INFO - Filling up the DagBag from /home/airflow/.local/lib/python3.12/site-packages/airflow/example_dags/example_short_circuit_decorator.py
[2024-09-22T19:42:06.668+0000] {processor.py:925} INFO - DAG(s) 'example_short_circuit_decorator' retrieved from /home/airflow/.local/lib/python3.12/site-packages/airflow/example_dags/example_short_circuit_decorator.py
[2024-09-22T19:42:06.682+0000] {logging_mixin.py:190} INFO - [2024-09-22T19:42:06.681+0000] {dag.py:3229} INFO - Sync 1 DAGs
[2024-09-22T19:42:06.690+0000] {logging_mixin.py:190} INFO - [2024-09-22T19:42:06.689+0000] {dag.py:4156} INFO - Setting next_dagrun for example_short_circuit_decorator to None, run_after=None
[2024-09-22T19:42:06.699+0000] {processor.py:208} INFO - Processing /home/airflow/.local/lib/python3.12/site-packages/airflow/example_dags/example_short_circuit_decorator.py took 0.041 seconds
[2024-09-22T19:42:36.926+0000] {processor.py:186} INFO - Started process (PID=962) to work on /home/airflow/.local/lib/python3.12/site-packages/airflow/example_dags/example_short_circuit_decorator.py
[2024-09-22T19:42:36.927+0000] {processor.py:914} INFO - Processing file /home/airflow/.local/lib/python3.12/site-packages/airflow/example_dags/example_short_circuit_decorator.py for tasks to queue
[2024-09-22T19:42:36.929+0000] {logging_mixin.py:190} INFO - [2024-09-22T19:42:36.928+0000] {dagbag.py:587} INFO - Filling up the DagBag from /home/airflow/.local/lib/python3.12/site-packages/airflow/example_dags/example_short_circuit_decorator.py
[2024-09-22T19:42:36.934+0000] {processor.py:925} INFO - DAG(s) 'example_short_circuit_decorator' retrieved from /home/airflow/.local/lib/python3.12/site-packages/airflow/example_dags/example_short_circuit_decorator.py
[2024-09-22T19:42:36.949+0000] {logging_mixin.py:190} INFO - [2024-09-22T19:42:36.949+0000] {dag.py:3229} INFO - Sync 1 DAGs
[2024-09-22T19:42:36.958+0000] {logging_mixin.py:190} INFO - [2024-09-22T19:42:36.958+0000] {dag.py:4156} INFO - Setting next_dagrun for example_short_circuit_decorator to None, run_after=None
[2024-09-22T19:42:36.968+0000] {processor.py:208} INFO - Processing /home/airflow/.local/lib/python3.12/site-packages/airflow/example_dags/example_short_circuit_decorator.py took 0.047 seconds
[2024-09-22T19:43:07.555+0000] {processor.py:186} INFO - Started process (PID=1024) to work on /home/airflow/.local/lib/python3.12/site-packages/airflow/example_dags/example_short_circuit_decorator.py
[2024-09-22T19:43:07.556+0000] {processor.py:914} INFO - Processing file /home/airflow/.local/lib/python3.12/site-packages/airflow/example_dags/example_short_circuit_decorator.py for tasks to queue
[2024-09-22T19:43:07.557+0000] {logging_mixin.py:190} INFO - [2024-09-22T19:43:07.557+0000] {dagbag.py:587} INFO - Filling up the DagBag from /home/airflow/.local/lib/python3.12/site-packages/airflow/example_dags/example_short_circuit_decorator.py
[2024-09-22T19:43:07.562+0000] {processor.py:925} INFO - DAG(s) 'example_short_circuit_decorator' retrieved from /home/airflow/.local/lib/python3.12/site-packages/airflow/example_dags/example_short_circuit_decorator.py
[2024-09-22T19:43:07.579+0000] {logging_mixin.py:190} INFO - [2024-09-22T19:43:07.579+0000] {dag.py:3229} INFO - Sync 1 DAGs
[2024-09-22T19:43:07.586+0000] {logging_mixin.py:190} INFO - [2024-09-22T19:43:07.586+0000] {dag.py:4156} INFO - Setting next_dagrun for example_short_circuit_decorator to None, run_after=None
[2024-09-22T19:43:07.595+0000] {processor.py:208} INFO - Processing /home/airflow/.local/lib/python3.12/site-packages/airflow/example_dags/example_short_circuit_decorator.py took 0.044 seconds
[2024-09-22T19:43:37.867+0000] {processor.py:186} INFO - Started process (PID=1085) to work on /home/airflow/.local/lib/python3.12/site-packages/airflow/example_dags/example_short_circuit_decorator.py
[2024-09-22T19:43:37.867+0000] {processor.py:914} INFO - Processing file /home/airflow/.local/lib/python3.12/site-packages/airflow/example_dags/example_short_circuit_decorator.py for tasks to queue
[2024-09-22T19:43:37.869+0000] {logging_mixin.py:190} INFO - [2024-09-22T19:43:37.869+0000] {dagbag.py:587} INFO - Filling up the DagBag from /home/airflow/.local/lib/python3.12/site-packages/airflow/example_dags/example_short_circuit_decorator.py
[2024-09-22T19:43:37.875+0000] {processor.py:925} INFO - DAG(s) 'example_short_circuit_decorator' retrieved from /home/airflow/.local/lib/python3.12/site-packages/airflow/example_dags/example_short_circuit_decorator.py
[2024-09-22T19:43:37.887+0000] {logging_mixin.py:190} INFO - [2024-09-22T19:43:37.887+0000] {dag.py:3229} INFO - Sync 1 DAGs
[2024-09-22T19:43:37.896+0000] {logging_mixin.py:190} INFO - [2024-09-22T19:43:37.896+0000] {dag.py:4156} INFO - Setting next_dagrun for example_short_circuit_decorator to None, run_after=None
[2024-09-22T19:43:37.905+0000] {processor.py:208} INFO - Processing /home/airflow/.local/lib/python3.12/site-packages/airflow/example_dags/example_short_circuit_decorator.py took 0.042 seconds
[2024-09-22T19:44:08.130+0000] {processor.py:186} INFO - Started process (PID=1147) to work on /home/airflow/.local/lib/python3.12/site-packages/airflow/example_dags/example_short_circuit_decorator.py
[2024-09-22T19:44:08.130+0000] {processor.py:914} INFO - Processing file /home/airflow/.local/lib/python3.12/site-packages/airflow/example_dags/example_short_circuit_decorator.py for tasks to queue
[2024-09-22T19:44:08.132+0000] {logging_mixin.py:190} INFO - [2024-09-22T19:44:08.131+0000] {dagbag.py:587} INFO - Filling up the DagBag from /home/airflow/.local/lib/python3.12/site-packages/airflow/example_dags/example_short_circuit_decorator.py
[2024-09-22T19:44:08.137+0000] {processor.py:925} INFO - DAG(s) 'example_short_circuit_decorator' retrieved from /home/airflow/.local/lib/python3.12/site-packages/airflow/example_dags/example_short_circuit_decorator.py
[2024-09-22T19:44:08.149+0000] {logging_mixin.py:190} INFO - [2024-09-22T19:44:08.149+0000] {dag.py:3229} INFO - Sync 1 DAGs
[2024-09-22T19:44:08.157+0000] {logging_mixin.py:190} INFO - [2024-09-22T19:44:08.157+0000] {dag.py:4156} INFO - Setting next_dagrun for example_short_circuit_decorator to None, run_after=None
[2024-09-22T19:44:08.167+0000] {processor.py:208} INFO - Processing /home/airflow/.local/lib/python3.12/site-packages/airflow/example_dags/example_short_circuit_decorator.py took 0.040 seconds
[2024-09-22T19:44:38.440+0000] {processor.py:186} INFO - Started process (PID=1209) to work on /home/airflow/.local/lib/python3.12/site-packages/airflow/example_dags/example_short_circuit_decorator.py
[2024-09-22T19:44:38.441+0000] {processor.py:914} INFO - Processing file /home/airflow/.local/lib/python3.12/site-packages/airflow/example_dags/example_short_circuit_decorator.py for tasks to queue
[2024-09-22T19:44:38.442+0000] {logging_mixin.py:190} INFO - [2024-09-22T19:44:38.442+0000] {dagbag.py:587} INFO - Filling up the DagBag from /home/airflow/.local/lib/python3.12/site-packages/airflow/example_dags/example_short_circuit_decorator.py
[2024-09-22T19:44:38.447+0000] {processor.py:925} INFO - DAG(s) 'example_short_circuit_decorator' retrieved from /home/airflow/.local/lib/python3.12/site-packages/airflow/example_dags/example_short_circuit_decorator.py
[2024-09-22T19:44:38.458+0000] {logging_mixin.py:190} INFO - [2024-09-22T19:44:38.458+0000] {dag.py:3229} INFO - Sync 1 DAGs
[2024-09-22T19:44:38.467+0000] {logging_mixin.py:190} INFO - [2024-09-22T19:44:38.467+0000] {dag.py:4156} INFO - Setting next_dagrun for example_short_circuit_decorator to None, run_after=None
[2024-09-22T19:44:38.476+0000] {processor.py:208} INFO - Processing /home/airflow/.local/lib/python3.12/site-packages/airflow/example_dags/example_short_circuit_decorator.py took 0.039 seconds
[2024-09-22T19:45:08.808+0000] {processor.py:186} INFO - Started process (PID=1271) to work on /home/airflow/.local/lib/python3.12/site-packages/airflow/example_dags/example_short_circuit_decorator.py
[2024-09-22T19:45:08.809+0000] {processor.py:914} INFO - Processing file /home/airflow/.local/lib/python3.12/site-packages/airflow/example_dags/example_short_circuit_decorator.py for tasks to queue
[2024-09-22T19:45:08.810+0000] {logging_mixin.py:190} INFO - [2024-09-22T19:45:08.810+0000] {dagbag.py:587} INFO - Filling up the DagBag from /home/airflow/.local/lib/python3.12/site-packages/airflow/example_dags/example_short_circuit_decorator.py
[2024-09-22T19:45:08.815+0000] {processor.py:925} INFO - DAG(s) 'example_short_circuit_decorator' retrieved from /home/airflow/.local/lib/python3.12/site-packages/airflow/example_dags/example_short_circuit_decorator.py
[2024-09-22T19:45:08.827+0000] {logging_mixin.py:190} INFO - [2024-09-22T19:45:08.827+0000] {dag.py:3229} INFO - Sync 1 DAGs
[2024-09-22T19:45:08.834+0000] {logging_mixin.py:190} INFO - [2024-09-22T19:45:08.834+0000] {dag.py:4156} INFO - Setting next_dagrun for example_short_circuit_decorator to None, run_after=None
[2024-09-22T19:45:08.843+0000] {processor.py:208} INFO - Processing /home/airflow/.local/lib/python3.12/site-packages/airflow/example_dags/example_short_circuit_decorator.py took 0.038 seconds
[2024-09-22T19:45:39.192+0000] {processor.py:186} INFO - Started process (PID=1333) to work on /home/airflow/.local/lib/python3.12/site-packages/airflow/example_dags/example_short_circuit_decorator.py
[2024-09-22T19:45:39.192+0000] {processor.py:914} INFO - Processing file /home/airflow/.local/lib/python3.12/site-packages/airflow/example_dags/example_short_circuit_decorator.py for tasks to queue
[2024-09-22T19:45:39.194+0000] {logging_mixin.py:190} INFO - [2024-09-22T19:45:39.193+0000] {dagbag.py:587} INFO - Filling up the DagBag from /home/airflow/.local/lib/python3.12/site-packages/airflow/example_dags/example_short_circuit_decorator.py
[2024-09-22T19:45:39.198+0000] {processor.py:925} INFO - DAG(s) 'example_short_circuit_decorator' retrieved from /home/airflow/.local/lib/python3.12/site-packages/airflow/example_dags/example_short_circuit_decorator.py
[2024-09-22T19:45:39.212+0000] {logging_mixin.py:190} INFO - [2024-09-22T19:45:39.212+0000] {dag.py:3229} INFO - Sync 1 DAGs
[2024-09-22T19:45:39.218+0000] {logging_mixin.py:190} INFO - [2024-09-22T19:45:39.218+0000] {dag.py:4156} INFO - Setting next_dagrun for example_short_circuit_decorator to None, run_after=None
[2024-09-22T19:45:39.231+0000] {processor.py:208} INFO - Processing /home/airflow/.local/lib/python3.12/site-packages/airflow/example_dags/example_short_circuit_decorator.py took 0.042 seconds
[2024-09-22T19:46:10.132+0000] {processor.py:186} INFO - Started process (PID=1394) to work on /home/airflow/.local/lib/python3.12/site-packages/airflow/example_dags/example_short_circuit_decorator.py
[2024-09-22T19:46:10.133+0000] {processor.py:914} INFO - Processing file /home/airflow/.local/lib/python3.12/site-packages/airflow/example_dags/example_short_circuit_decorator.py for tasks to queue
[2024-09-22T19:46:10.134+0000] {logging_mixin.py:190} INFO - [2024-09-22T19:46:10.134+0000] {dagbag.py:587} INFO - Filling up the DagBag from /home/airflow/.local/lib/python3.12/site-packages/airflow/example_dags/example_short_circuit_decorator.py
[2024-09-22T19:46:10.140+0000] {processor.py:925} INFO - DAG(s) 'example_short_circuit_decorator' retrieved from /home/airflow/.local/lib/python3.12/site-packages/airflow/example_dags/example_short_circuit_decorator.py
[2024-09-22T19:46:10.154+0000] {logging_mixin.py:190} INFO - [2024-09-22T19:46:10.154+0000] {dag.py:3229} INFO - Sync 1 DAGs
[2024-09-22T19:46:10.166+0000] {logging_mixin.py:190} INFO - [2024-09-22T19:46:10.165+0000] {dag.py:4156} INFO - Setting next_dagrun for example_short_circuit_decorator to None, run_after=None
[2024-09-22T19:46:10.175+0000] {processor.py:208} INFO - Processing /home/airflow/.local/lib/python3.12/site-packages/airflow/example_dags/example_short_circuit_decorator.py took 0.046 seconds
[2024-09-22T19:46:40.811+0000] {processor.py:186} INFO - Started process (PID=1456) to work on /home/airflow/.local/lib/python3.12/site-packages/airflow/example_dags/example_short_circuit_decorator.py
[2024-09-22T19:46:40.811+0000] {processor.py:914} INFO - Processing file /home/airflow/.local/lib/python3.12/site-packages/airflow/example_dags/example_short_circuit_decorator.py for tasks to queue
[2024-09-22T19:46:40.814+0000] {logging_mixin.py:190} INFO - [2024-09-22T19:46:40.814+0000] {dagbag.py:587} INFO - Filling up the DagBag from /home/airflow/.local/lib/python3.12/site-packages/airflow/example_dags/example_short_circuit_decorator.py
[2024-09-22T19:46:40.819+0000] {processor.py:925} INFO - DAG(s) 'example_short_circuit_decorator' retrieved from /home/airflow/.local/lib/python3.12/site-packages/airflow/example_dags/example_short_circuit_decorator.py
[2024-09-22T19:46:40.832+0000] {logging_mixin.py:190} INFO - [2024-09-22T19:46:40.832+0000] {dag.py:3229} INFO - Sync 1 DAGs
[2024-09-22T19:46:40.841+0000] {logging_mixin.py:190} INFO - [2024-09-22T19:46:40.841+0000] {dag.py:4156} INFO - Setting next_dagrun for example_short_circuit_decorator to None, run_after=None
[2024-09-22T19:46:40.853+0000] {processor.py:208} INFO - Processing /home/airflow/.local/lib/python3.12/site-packages/airflow/example_dags/example_short_circuit_decorator.py took 0.047 seconds
[2024-09-22T19:47:11.371+0000] {processor.py:186} INFO - Started process (PID=1518) to work on /home/airflow/.local/lib/python3.12/site-packages/airflow/example_dags/example_short_circuit_decorator.py
[2024-09-22T19:47:11.372+0000] {processor.py:914} INFO - Processing file /home/airflow/.local/lib/python3.12/site-packages/airflow/example_dags/example_short_circuit_decorator.py for tasks to queue
[2024-09-22T19:47:11.373+0000] {logging_mixin.py:190} INFO - [2024-09-22T19:47:11.373+0000] {dagbag.py:587} INFO - Filling up the DagBag from /home/airflow/.local/lib/python3.12/site-packages/airflow/example_dags/example_short_circuit_decorator.py
[2024-09-22T19:47:11.380+0000] {processor.py:925} INFO - DAG(s) 'example_short_circuit_decorator' retrieved from /home/airflow/.local/lib/python3.12/site-packages/airflow/example_dags/example_short_circuit_decorator.py
[2024-09-22T19:47:11.399+0000] {logging_mixin.py:190} INFO - [2024-09-22T19:47:11.398+0000] {dag.py:3229} INFO - Sync 1 DAGs
[2024-09-22T19:47:11.408+0000] {logging_mixin.py:190} INFO - [2024-09-22T19:47:11.407+0000] {dag.py:4156} INFO - Setting next_dagrun for example_short_circuit_decorator to None, run_after=None
[2024-09-22T19:47:11.423+0000] {processor.py:208} INFO - Processing /home/airflow/.local/lib/python3.12/site-packages/airflow/example_dags/example_short_circuit_decorator.py took 0.056 seconds
[2024-09-22T19:47:41.925+0000] {processor.py:186} INFO - Started process (PID=1579) to work on /home/airflow/.local/lib/python3.12/site-packages/airflow/example_dags/example_short_circuit_decorator.py
[2024-09-22T19:47:41.925+0000] {processor.py:914} INFO - Processing file /home/airflow/.local/lib/python3.12/site-packages/airflow/example_dags/example_short_circuit_decorator.py for tasks to queue
[2024-09-22T19:47:41.927+0000] {logging_mixin.py:190} INFO - [2024-09-22T19:47:41.927+0000] {dagbag.py:587} INFO - Filling up the DagBag from /home/airflow/.local/lib/python3.12/site-packages/airflow/example_dags/example_short_circuit_decorator.py
[2024-09-22T19:47:41.932+0000] {processor.py:925} INFO - DAG(s) 'example_short_circuit_decorator' retrieved from /home/airflow/.local/lib/python3.12/site-packages/airflow/example_dags/example_short_circuit_decorator.py
[2024-09-22T19:47:41.944+0000] {logging_mixin.py:190} INFO - [2024-09-22T19:47:41.944+0000] {dag.py:3229} INFO - Sync 1 DAGs
[2024-09-22T19:47:41.951+0000] {logging_mixin.py:190} INFO - [2024-09-22T19:47:41.951+0000] {dag.py:4156} INFO - Setting next_dagrun for example_short_circuit_decorator to None, run_after=None
[2024-09-22T19:47:41.963+0000] {processor.py:208} INFO - Processing /home/airflow/.local/lib/python3.12/site-packages/airflow/example_dags/example_short_circuit_decorator.py took 0.041 seconds
[2024-09-22T19:48:12.472+0000] {processor.py:186} INFO - Started process (PID=1641) to work on /home/airflow/.local/lib/python3.12/site-packages/airflow/example_dags/example_short_circuit_decorator.py
[2024-09-22T19:48:12.474+0000] {processor.py:914} INFO - Processing file /home/airflow/.local/lib/python3.12/site-packages/airflow/example_dags/example_short_circuit_decorator.py for tasks to queue
[2024-09-22T19:48:12.476+0000] {logging_mixin.py:190} INFO - [2024-09-22T19:48:12.476+0000] {dagbag.py:587} INFO - Filling up the DagBag from /home/airflow/.local/lib/python3.12/site-packages/airflow/example_dags/example_short_circuit_decorator.py
[2024-09-22T19:48:12.481+0000] {processor.py:925} INFO - DAG(s) 'example_short_circuit_decorator' retrieved from /home/airflow/.local/lib/python3.12/site-packages/airflow/example_dags/example_short_circuit_decorator.py
[2024-09-22T19:48:12.493+0000] {logging_mixin.py:190} INFO - [2024-09-22T19:48:12.493+0000] {dag.py:3229} INFO - Sync 1 DAGs
[2024-09-22T19:48:12.502+0000] {logging_mixin.py:190} INFO - [2024-09-22T19:48:12.502+0000] {dag.py:4156} INFO - Setting next_dagrun for example_short_circuit_decorator to None, run_after=None
[2024-09-22T19:48:12.509+0000] {processor.py:208} INFO - Processing /home/airflow/.local/lib/python3.12/site-packages/airflow/example_dags/example_short_circuit_decorator.py took 0.040 seconds
[2024-09-22T19:48:42.738+0000] {processor.py:186} INFO - Started process (PID=1703) to work on /home/airflow/.local/lib/python3.12/site-packages/airflow/example_dags/example_short_circuit_decorator.py
[2024-09-22T19:48:42.738+0000] {processor.py:914} INFO - Processing file /home/airflow/.local/lib/python3.12/site-packages/airflow/example_dags/example_short_circuit_decorator.py for tasks to queue
[2024-09-22T19:48:42.739+0000] {logging_mixin.py:190} INFO - [2024-09-22T19:48:42.739+0000] {dagbag.py:587} INFO - Filling up the DagBag from /home/airflow/.local/lib/python3.12/site-packages/airflow/example_dags/example_short_circuit_decorator.py
[2024-09-22T19:48:42.744+0000] {processor.py:925} INFO - DAG(s) 'example_short_circuit_decorator' retrieved from /home/airflow/.local/lib/python3.12/site-packages/airflow/example_dags/example_short_circuit_decorator.py
[2024-09-22T19:48:42.756+0000] {logging_mixin.py:190} INFO - [2024-09-22T19:48:42.756+0000] {dag.py:3229} INFO - Sync 1 DAGs
[2024-09-22T19:48:42.764+0000] {logging_mixin.py:190} INFO - [2024-09-22T19:48:42.763+0000] {dag.py:4156} INFO - Setting next_dagrun for example_short_circuit_decorator to None, run_after=None
[2024-09-22T19:48:42.778+0000] {processor.py:208} INFO - Processing /home/airflow/.local/lib/python3.12/site-packages/airflow/example_dags/example_short_circuit_decorator.py took 0.043 seconds
[2024-09-22T19:49:13.060+0000] {processor.py:186} INFO - Started process (PID=1765) to work on /home/airflow/.local/lib/python3.12/site-packages/airflow/example_dags/example_short_circuit_decorator.py
[2024-09-22T19:49:13.061+0000] {processor.py:914} INFO - Processing file /home/airflow/.local/lib/python3.12/site-packages/airflow/example_dags/example_short_circuit_decorator.py for tasks to queue
[2024-09-22T19:49:13.062+0000] {logging_mixin.py:190} INFO - [2024-09-22T19:49:13.062+0000] {dagbag.py:587} INFO - Filling up the DagBag from /home/airflow/.local/lib/python3.12/site-packages/airflow/example_dags/example_short_circuit_decorator.py
[2024-09-22T19:49:13.067+0000] {processor.py:925} INFO - DAG(s) 'example_short_circuit_decorator' retrieved from /home/airflow/.local/lib/python3.12/site-packages/airflow/example_dags/example_short_circuit_decorator.py
[2024-09-22T19:49:13.079+0000] {logging_mixin.py:190} INFO - [2024-09-22T19:49:13.079+0000] {dag.py:3229} INFO - Sync 1 DAGs
[2024-09-22T19:49:13.086+0000] {logging_mixin.py:190} INFO - [2024-09-22T19:49:13.086+0000] {dag.py:4156} INFO - Setting next_dagrun for example_short_circuit_decorator to None, run_after=None
[2024-09-22T19:49:13.094+0000] {processor.py:208} INFO - Processing /home/airflow/.local/lib/python3.12/site-packages/airflow/example_dags/example_short_circuit_decorator.py took 0.037 seconds
[2024-09-22T19:49:43.609+0000] {processor.py:186} INFO - Started process (PID=1827) to work on /home/airflow/.local/lib/python3.12/site-packages/airflow/example_dags/example_short_circuit_decorator.py
[2024-09-22T19:49:43.609+0000] {processor.py:914} INFO - Processing file /home/airflow/.local/lib/python3.12/site-packages/airflow/example_dags/example_short_circuit_decorator.py for tasks to queue
[2024-09-22T19:49:43.611+0000] {logging_mixin.py:190} INFO - [2024-09-22T19:49:43.611+0000] {dagbag.py:587} INFO - Filling up the DagBag from /home/airflow/.local/lib/python3.12/site-packages/airflow/example_dags/example_short_circuit_decorator.py
[2024-09-22T19:49:43.616+0000] {processor.py:925} INFO - DAG(s) 'example_short_circuit_decorator' retrieved from /home/airflow/.local/lib/python3.12/site-packages/airflow/example_dags/example_short_circuit_decorator.py
[2024-09-22T19:49:43.628+0000] {logging_mixin.py:190} INFO - [2024-09-22T19:49:43.628+0000] {dag.py:3229} INFO - Sync 1 DAGs
[2024-09-22T19:49:43.636+0000] {logging_mixin.py:190} INFO - [2024-09-22T19:49:43.636+0000] {dag.py:4156} INFO - Setting next_dagrun for example_short_circuit_decorator to None, run_after=None
[2024-09-22T19:49:43.645+0000] {processor.py:208} INFO - Processing /home/airflow/.local/lib/python3.12/site-packages/airflow/example_dags/example_short_circuit_decorator.py took 0.039 seconds
[2024-09-22T19:50:14.342+0000] {processor.py:186} INFO - Started process (PID=1889) to work on /home/airflow/.local/lib/python3.12/site-packages/airflow/example_dags/example_short_circuit_decorator.py
[2024-09-22T19:50:14.344+0000] {processor.py:914} INFO - Processing file /home/airflow/.local/lib/python3.12/site-packages/airflow/example_dags/example_short_circuit_decorator.py for tasks to queue
[2024-09-22T19:50:14.347+0000] {logging_mixin.py:190} INFO - [2024-09-22T19:50:14.347+0000] {dagbag.py:587} INFO - Filling up the DagBag from /home/airflow/.local/lib/python3.12/site-packages/airflow/example_dags/example_short_circuit_decorator.py
[2024-09-22T19:50:14.354+0000] {processor.py:925} INFO - DAG(s) 'example_short_circuit_decorator' retrieved from /home/airflow/.local/lib/python3.12/site-packages/airflow/example_dags/example_short_circuit_decorator.py
[2024-09-22T19:50:14.372+0000] {logging_mixin.py:190} INFO - [2024-09-22T19:50:14.372+0000] {dag.py:3229} INFO - Sync 1 DAGs
[2024-09-22T19:50:14.381+0000] {logging_mixin.py:190} INFO - [2024-09-22T19:50:14.380+0000] {dag.py:4156} INFO - Setting next_dagrun for example_short_circuit_decorator to None, run_after=None
[2024-09-22T19:50:14.394+0000] {processor.py:208} INFO - Processing /home/airflow/.local/lib/python3.12/site-packages/airflow/example_dags/example_short_circuit_decorator.py took 0.055 seconds
[2024-09-22T19:50:44.844+0000] {processor.py:186} INFO - Started process (PID=1950) to work on /home/airflow/.local/lib/python3.12/site-packages/airflow/example_dags/example_short_circuit_decorator.py
[2024-09-22T19:50:44.847+0000] {processor.py:914} INFO - Processing file /home/airflow/.local/lib/python3.12/site-packages/airflow/example_dags/example_short_circuit_decorator.py for tasks to queue
[2024-09-22T19:50:44.849+0000] {logging_mixin.py:190} INFO - [2024-09-22T19:50:44.849+0000] {dagbag.py:587} INFO - Filling up the DagBag from /home/airflow/.local/lib/python3.12/site-packages/airflow/example_dags/example_short_circuit_decorator.py
[2024-09-22T19:50:44.856+0000] {processor.py:925} INFO - DAG(s) 'example_short_circuit_decorator' retrieved from /home/airflow/.local/lib/python3.12/site-packages/airflow/example_dags/example_short_circuit_decorator.py
[2024-09-22T19:50:44.872+0000] {logging_mixin.py:190} INFO - [2024-09-22T19:50:44.871+0000] {dag.py:3229} INFO - Sync 1 DAGs
[2024-09-22T19:50:44.882+0000] {logging_mixin.py:190} INFO - [2024-09-22T19:50:44.882+0000] {dag.py:4156} INFO - Setting next_dagrun for example_short_circuit_decorator to None, run_after=None
[2024-09-22T19:50:44.894+0000] {processor.py:208} INFO - Processing /home/airflow/.local/lib/python3.12/site-packages/airflow/example_dags/example_short_circuit_decorator.py took 0.053 seconds
[2024-09-22T19:51:15.334+0000] {processor.py:186} INFO - Started process (PID=2012) to work on /home/airflow/.local/lib/python3.12/site-packages/airflow/example_dags/example_short_circuit_decorator.py
[2024-09-22T19:51:15.335+0000] {processor.py:914} INFO - Processing file /home/airflow/.local/lib/python3.12/site-packages/airflow/example_dags/example_short_circuit_decorator.py for tasks to queue
[2024-09-22T19:51:15.339+0000] {logging_mixin.py:190} INFO - [2024-09-22T19:51:15.339+0000] {dagbag.py:587} INFO - Filling up the DagBag from /home/airflow/.local/lib/python3.12/site-packages/airflow/example_dags/example_short_circuit_decorator.py
[2024-09-22T19:51:15.345+0000] {processor.py:925} INFO - DAG(s) 'example_short_circuit_decorator' retrieved from /home/airflow/.local/lib/python3.12/site-packages/airflow/example_dags/example_short_circuit_decorator.py
[2024-09-22T19:51:15.361+0000] {logging_mixin.py:190} INFO - [2024-09-22T19:51:15.360+0000] {dag.py:3229} INFO - Sync 1 DAGs
[2024-09-22T19:51:15.369+0000] {logging_mixin.py:190} INFO - [2024-09-22T19:51:15.369+0000] {dag.py:4156} INFO - Setting next_dagrun for example_short_circuit_decorator to None, run_after=None
[2024-09-22T19:51:15.381+0000] {processor.py:208} INFO - Processing /home/airflow/.local/lib/python3.12/site-packages/airflow/example_dags/example_short_circuit_decorator.py took 0.050 seconds
[2024-09-22T19:51:46.070+0000] {processor.py:186} INFO - Started process (PID=2075) to work on /home/airflow/.local/lib/python3.12/site-packages/airflow/example_dags/example_short_circuit_decorator.py
[2024-09-22T19:51:46.070+0000] {processor.py:914} INFO - Processing file /home/airflow/.local/lib/python3.12/site-packages/airflow/example_dags/example_short_circuit_decorator.py for tasks to queue
[2024-09-22T19:51:46.072+0000] {logging_mixin.py:190} INFO - [2024-09-22T19:51:46.072+0000] {dagbag.py:587} INFO - Filling up the DagBag from /home/airflow/.local/lib/python3.12/site-packages/airflow/example_dags/example_short_circuit_decorator.py
[2024-09-22T19:51:46.078+0000] {processor.py:925} INFO - DAG(s) 'example_short_circuit_decorator' retrieved from /home/airflow/.local/lib/python3.12/site-packages/airflow/example_dags/example_short_circuit_decorator.py
[2024-09-22T19:51:46.091+0000] {logging_mixin.py:190} INFO - [2024-09-22T19:51:46.091+0000] {dag.py:3229} INFO - Sync 1 DAGs
[2024-09-22T19:51:46.098+0000] {logging_mixin.py:190} INFO - [2024-09-22T19:51:46.098+0000] {dag.py:4156} INFO - Setting next_dagrun for example_short_circuit_decorator to None, run_after=None
[2024-09-22T19:51:46.108+0000] {processor.py:208} INFO - Processing /home/airflow/.local/lib/python3.12/site-packages/airflow/example_dags/example_short_circuit_decorator.py took 0.041 seconds
[2024-09-22T19:52:16.445+0000] {processor.py:186} INFO - Started process (PID=2137) to work on /home/airflow/.local/lib/python3.12/site-packages/airflow/example_dags/example_short_circuit_decorator.py
[2024-09-22T19:52:16.445+0000] {processor.py:914} INFO - Processing file /home/airflow/.local/lib/python3.12/site-packages/airflow/example_dags/example_short_circuit_decorator.py for tasks to queue
[2024-09-22T19:52:16.447+0000] {logging_mixin.py:190} INFO - [2024-09-22T19:52:16.447+0000] {dagbag.py:587} INFO - Filling up the DagBag from /home/airflow/.local/lib/python3.12/site-packages/airflow/example_dags/example_short_circuit_decorator.py
[2024-09-22T19:52:16.452+0000] {processor.py:925} INFO - DAG(s) 'example_short_circuit_decorator' retrieved from /home/airflow/.local/lib/python3.12/site-packages/airflow/example_dags/example_short_circuit_decorator.py
[2024-09-22T19:52:16.465+0000] {logging_mixin.py:190} INFO - [2024-09-22T19:52:16.465+0000] {dag.py:3229} INFO - Sync 1 DAGs
[2024-09-22T19:52:16.473+0000] {logging_mixin.py:190} INFO - [2024-09-22T19:52:16.473+0000] {dag.py:4156} INFO - Setting next_dagrun for example_short_circuit_decorator to None, run_after=None
[2024-09-22T19:52:16.484+0000] {processor.py:208} INFO - Processing /home/airflow/.local/lib/python3.12/site-packages/airflow/example_dags/example_short_circuit_decorator.py took 0.043 seconds
[2024-09-22T19:52:46.950+0000] {processor.py:186} INFO - Started process (PID=2198) to work on /home/airflow/.local/lib/python3.12/site-packages/airflow/example_dags/example_short_circuit_decorator.py
[2024-09-22T19:52:46.951+0000] {processor.py:914} INFO - Processing file /home/airflow/.local/lib/python3.12/site-packages/airflow/example_dags/example_short_circuit_decorator.py for tasks to queue
[2024-09-22T19:52:46.952+0000] {logging_mixin.py:190} INFO - [2024-09-22T19:52:46.952+0000] {dagbag.py:587} INFO - Filling up the DagBag from /home/airflow/.local/lib/python3.12/site-packages/airflow/example_dags/example_short_circuit_decorator.py
[2024-09-22T19:52:46.957+0000] {processor.py:925} INFO - DAG(s) 'example_short_circuit_decorator' retrieved from /home/airflow/.local/lib/python3.12/site-packages/airflow/example_dags/example_short_circuit_decorator.py
[2024-09-22T19:52:46.968+0000] {logging_mixin.py:190} INFO - [2024-09-22T19:52:46.968+0000] {dag.py:3229} INFO - Sync 1 DAGs
[2024-09-22T19:52:46.974+0000] {logging_mixin.py:190} INFO - [2024-09-22T19:52:46.974+0000] {dag.py:4156} INFO - Setting next_dagrun for example_short_circuit_decorator to None, run_after=None
[2024-09-22T19:52:46.982+0000] {processor.py:208} INFO - Processing /home/airflow/.local/lib/python3.12/site-packages/airflow/example_dags/example_short_circuit_decorator.py took 0.035 seconds
[2024-09-22T19:53:17.636+0000] {processor.py:186} INFO - Started process (PID=2261) to work on /home/airflow/.local/lib/python3.12/site-packages/airflow/example_dags/example_short_circuit_decorator.py
[2024-09-22T19:53:17.636+0000] {processor.py:914} INFO - Processing file /home/airflow/.local/lib/python3.12/site-packages/airflow/example_dags/example_short_circuit_decorator.py for tasks to queue
[2024-09-22T19:53:17.638+0000] {logging_mixin.py:190} INFO - [2024-09-22T19:53:17.638+0000] {dagbag.py:587} INFO - Filling up the DagBag from /home/airflow/.local/lib/python3.12/site-packages/airflow/example_dags/example_short_circuit_decorator.py
[2024-09-22T19:53:17.643+0000] {processor.py:925} INFO - DAG(s) 'example_short_circuit_decorator' retrieved from /home/airflow/.local/lib/python3.12/site-packages/airflow/example_dags/example_short_circuit_decorator.py
[2024-09-22T19:53:17.654+0000] {logging_mixin.py:190} INFO - [2024-09-22T19:53:17.654+0000] {dag.py:3229} INFO - Sync 1 DAGs
[2024-09-22T19:53:17.662+0000] {logging_mixin.py:190} INFO - [2024-09-22T19:53:17.662+0000] {dag.py:4156} INFO - Setting next_dagrun for example_short_circuit_decorator to None, run_after=None
[2024-09-22T19:53:17.673+0000] {processor.py:208} INFO - Processing /home/airflow/.local/lib/python3.12/site-packages/airflow/example_dags/example_short_circuit_decorator.py took 0.040 seconds
[2024-09-22T19:53:48.053+0000] {processor.py:186} INFO - Started process (PID=2322) to work on /home/airflow/.local/lib/python3.12/site-packages/airflow/example_dags/example_short_circuit_decorator.py
[2024-09-22T19:53:48.054+0000] {processor.py:914} INFO - Processing file /home/airflow/.local/lib/python3.12/site-packages/airflow/example_dags/example_short_circuit_decorator.py for tasks to queue
[2024-09-22T19:53:48.055+0000] {logging_mixin.py:190} INFO - [2024-09-22T19:53:48.055+0000] {dagbag.py:587} INFO - Filling up the DagBag from /home/airflow/.local/lib/python3.12/site-packages/airflow/example_dags/example_short_circuit_decorator.py
[2024-09-22T19:53:48.062+0000] {processor.py:925} INFO - DAG(s) 'example_short_circuit_decorator' retrieved from /home/airflow/.local/lib/python3.12/site-packages/airflow/example_dags/example_short_circuit_decorator.py
[2024-09-22T19:53:48.075+0000] {logging_mixin.py:190} INFO - [2024-09-22T19:53:48.075+0000] {dag.py:3229} INFO - Sync 1 DAGs
[2024-09-22T19:53:48.081+0000] {logging_mixin.py:190} INFO - [2024-09-22T19:53:48.081+0000] {dag.py:4156} INFO - Setting next_dagrun for example_short_circuit_decorator to None, run_after=None
[2024-09-22T19:53:48.091+0000] {processor.py:208} INFO - Processing /home/airflow/.local/lib/python3.12/site-packages/airflow/example_dags/example_short_circuit_decorator.py took 0.041 seconds
[2024-09-22T19:54:18.761+0000] {processor.py:186} INFO - Started process (PID=2385) to work on /home/airflow/.local/lib/python3.12/site-packages/airflow/example_dags/example_short_circuit_decorator.py
[2024-09-22T19:54:18.761+0000] {processor.py:914} INFO - Processing file /home/airflow/.local/lib/python3.12/site-packages/airflow/example_dags/example_short_circuit_decorator.py for tasks to queue
[2024-09-22T19:54:18.763+0000] {logging_mixin.py:190} INFO - [2024-09-22T19:54:18.763+0000] {dagbag.py:587} INFO - Filling up the DagBag from /home/airflow/.local/lib/python3.12/site-packages/airflow/example_dags/example_short_circuit_decorator.py
[2024-09-22T19:54:18.769+0000] {processor.py:925} INFO - DAG(s) 'example_short_circuit_decorator' retrieved from /home/airflow/.local/lib/python3.12/site-packages/airflow/example_dags/example_short_circuit_decorator.py
[2024-09-22T19:54:18.782+0000] {logging_mixin.py:190} INFO - [2024-09-22T19:54:18.782+0000] {dag.py:3229} INFO - Sync 1 DAGs
[2024-09-22T19:54:18.790+0000] {logging_mixin.py:190} INFO - [2024-09-22T19:54:18.790+0000] {dag.py:4156} INFO - Setting next_dagrun for example_short_circuit_decorator to None, run_after=None
[2024-09-22T19:54:18.800+0000] {processor.py:208} INFO - Processing /home/airflow/.local/lib/python3.12/site-packages/airflow/example_dags/example_short_circuit_decorator.py took 0.043 seconds
[2024-09-22T19:54:49.331+0000] {processor.py:186} INFO - Started process (PID=2447) to work on /home/airflow/.local/lib/python3.12/site-packages/airflow/example_dags/example_short_circuit_decorator.py
[2024-09-22T19:54:49.332+0000] {processor.py:914} INFO - Processing file /home/airflow/.local/lib/python3.12/site-packages/airflow/example_dags/example_short_circuit_decorator.py for tasks to queue
[2024-09-22T19:54:49.333+0000] {logging_mixin.py:190} INFO - [2024-09-22T19:54:49.333+0000] {dagbag.py:587} INFO - Filling up the DagBag from /home/airflow/.local/lib/python3.12/site-packages/airflow/example_dags/example_short_circuit_decorator.py
[2024-09-22T19:54:49.344+0000] {processor.py:925} INFO - DAG(s) 'example_short_circuit_decorator' retrieved from /home/airflow/.local/lib/python3.12/site-packages/airflow/example_dags/example_short_circuit_decorator.py
[2024-09-22T19:54:49.364+0000] {logging_mixin.py:190} INFO - [2024-09-22T19:54:49.364+0000] {dag.py:3229} INFO - Sync 1 DAGs
[2024-09-22T19:54:49.375+0000] {logging_mixin.py:190} INFO - [2024-09-22T19:54:49.375+0000] {dag.py:4156} INFO - Setting next_dagrun for example_short_circuit_decorator to None, run_after=None
[2024-09-22T19:54:49.387+0000] {processor.py:208} INFO - Processing /home/airflow/.local/lib/python3.12/site-packages/airflow/example_dags/example_short_circuit_decorator.py took 0.062 seconds
[2024-09-22T19:55:19.848+0000] {processor.py:186} INFO - Started process (PID=2509) to work on /home/airflow/.local/lib/python3.12/site-packages/airflow/example_dags/example_short_circuit_decorator.py
[2024-09-22T19:55:19.849+0000] {processor.py:914} INFO - Processing file /home/airflow/.local/lib/python3.12/site-packages/airflow/example_dags/example_short_circuit_decorator.py for tasks to queue
[2024-09-22T19:55:19.851+0000] {logging_mixin.py:190} INFO - [2024-09-22T19:55:19.851+0000] {dagbag.py:587} INFO - Filling up the DagBag from /home/airflow/.local/lib/python3.12/site-packages/airflow/example_dags/example_short_circuit_decorator.py
[2024-09-22T19:55:19.859+0000] {processor.py:925} INFO - DAG(s) 'example_short_circuit_decorator' retrieved from /home/airflow/.local/lib/python3.12/site-packages/airflow/example_dags/example_short_circuit_decorator.py
[2024-09-22T19:55:19.872+0000] {logging_mixin.py:190} INFO - [2024-09-22T19:55:19.872+0000] {dag.py:3229} INFO - Sync 1 DAGs
[2024-09-22T19:55:19.880+0000] {logging_mixin.py:190} INFO - [2024-09-22T19:55:19.880+0000] {dag.py:4156} INFO - Setting next_dagrun for example_short_circuit_decorator to None, run_after=None
[2024-09-22T19:55:19.891+0000] {processor.py:208} INFO - Processing /home/airflow/.local/lib/python3.12/site-packages/airflow/example_dags/example_short_circuit_decorator.py took 0.047 seconds
[2024-09-22T19:55:50.381+0000] {processor.py:186} INFO - Started process (PID=2570) to work on /home/airflow/.local/lib/python3.12/site-packages/airflow/example_dags/example_short_circuit_decorator.py
[2024-09-22T19:55:50.382+0000] {processor.py:914} INFO - Processing file /home/airflow/.local/lib/python3.12/site-packages/airflow/example_dags/example_short_circuit_decorator.py for tasks to queue
[2024-09-22T19:55:50.383+0000] {logging_mixin.py:190} INFO - [2024-09-22T19:55:50.382+0000] {dagbag.py:587} INFO - Filling up the DagBag from /home/airflow/.local/lib/python3.12/site-packages/airflow/example_dags/example_short_circuit_decorator.py
[2024-09-22T19:55:50.389+0000] {processor.py:925} INFO - DAG(s) 'example_short_circuit_decorator' retrieved from /home/airflow/.local/lib/python3.12/site-packages/airflow/example_dags/example_short_circuit_decorator.py
[2024-09-22T19:55:50.412+0000] {logging_mixin.py:190} INFO - [2024-09-22T19:55:50.412+0000] {dag.py:3229} INFO - Sync 1 DAGs
[2024-09-22T19:55:50.424+0000] {logging_mixin.py:190} INFO - [2024-09-22T19:55:50.424+0000] {dag.py:4156} INFO - Setting next_dagrun for example_short_circuit_decorator to None, run_after=None
[2024-09-22T19:55:50.434+0000] {processor.py:208} INFO - Processing /home/airflow/.local/lib/python3.12/site-packages/airflow/example_dags/example_short_circuit_decorator.py took 0.056 seconds
[2024-09-22T19:56:21.280+0000] {processor.py:186} INFO - Started process (PID=2633) to work on /home/airflow/.local/lib/python3.12/site-packages/airflow/example_dags/example_short_circuit_decorator.py
[2024-09-22T19:56:21.281+0000] {processor.py:914} INFO - Processing file /home/airflow/.local/lib/python3.12/site-packages/airflow/example_dags/example_short_circuit_decorator.py for tasks to queue
[2024-09-22T19:56:21.283+0000] {logging_mixin.py:190} INFO - [2024-09-22T19:56:21.283+0000] {dagbag.py:587} INFO - Filling up the DagBag from /home/airflow/.local/lib/python3.12/site-packages/airflow/example_dags/example_short_circuit_decorator.py
[2024-09-22T19:56:21.291+0000] {processor.py:925} INFO - DAG(s) 'example_short_circuit_decorator' retrieved from /home/airflow/.local/lib/python3.12/site-packages/airflow/example_dags/example_short_circuit_decorator.py
[2024-09-22T19:56:21.306+0000] {logging_mixin.py:190} INFO - [2024-09-22T19:56:21.306+0000] {dag.py:3229} INFO - Sync 1 DAGs
[2024-09-22T19:56:21.316+0000] {logging_mixin.py:190} INFO - [2024-09-22T19:56:21.316+0000] {dag.py:4156} INFO - Setting next_dagrun for example_short_circuit_decorator to None, run_after=None
[2024-09-22T19:56:21.329+0000] {processor.py:208} INFO - Processing /home/airflow/.local/lib/python3.12/site-packages/airflow/example_dags/example_short_circuit_decorator.py took 0.053 seconds
[2024-09-22T19:56:52.023+0000] {processor.py:186} INFO - Started process (PID=2695) to work on /home/airflow/.local/lib/python3.12/site-packages/airflow/example_dags/example_short_circuit_decorator.py
[2024-09-22T19:56:52.024+0000] {processor.py:914} INFO - Processing file /home/airflow/.local/lib/python3.12/site-packages/airflow/example_dags/example_short_circuit_decorator.py for tasks to queue
[2024-09-22T19:56:52.025+0000] {logging_mixin.py:190} INFO - [2024-09-22T19:56:52.025+0000] {dagbag.py:587} INFO - Filling up the DagBag from /home/airflow/.local/lib/python3.12/site-packages/airflow/example_dags/example_short_circuit_decorator.py
[2024-09-22T19:56:52.031+0000] {processor.py:925} INFO - DAG(s) 'example_short_circuit_decorator' retrieved from /home/airflow/.local/lib/python3.12/site-packages/airflow/example_dags/example_short_circuit_decorator.py
[2024-09-22T19:56:52.044+0000] {logging_mixin.py:190} INFO - [2024-09-22T19:56:52.044+0000] {dag.py:3229} INFO - Sync 1 DAGs
[2024-09-22T19:56:52.051+0000] {logging_mixin.py:190} INFO - [2024-09-22T19:56:52.051+0000] {dag.py:4156} INFO - Setting next_dagrun for example_short_circuit_decorator to None, run_after=None
[2024-09-22T19:56:52.061+0000] {processor.py:208} INFO - Processing /home/airflow/.local/lib/python3.12/site-packages/airflow/example_dags/example_short_circuit_decorator.py took 0.041 seconds
[2024-09-22T19:57:23.032+0000] {processor.py:186} INFO - Started process (PID=2757) to work on /home/airflow/.local/lib/python3.12/site-packages/airflow/example_dags/example_short_circuit_decorator.py
[2024-09-22T19:57:23.033+0000] {processor.py:914} INFO - Processing file /home/airflow/.local/lib/python3.12/site-packages/airflow/example_dags/example_short_circuit_decorator.py for tasks to queue
[2024-09-22T19:57:23.036+0000] {logging_mixin.py:190} INFO - [2024-09-22T19:57:23.035+0000] {dagbag.py:587} INFO - Filling up the DagBag from /home/airflow/.local/lib/python3.12/site-packages/airflow/example_dags/example_short_circuit_decorator.py
[2024-09-22T19:57:23.045+0000] {processor.py:925} INFO - DAG(s) 'example_short_circuit_decorator' retrieved from /home/airflow/.local/lib/python3.12/site-packages/airflow/example_dags/example_short_circuit_decorator.py
[2024-09-22T19:57:23.061+0000] {logging_mixin.py:190} INFO - [2024-09-22T19:57:23.061+0000] {dag.py:3229} INFO - Sync 1 DAGs
[2024-09-22T19:57:23.069+0000] {logging_mixin.py:190} INFO - [2024-09-22T19:57:23.068+0000] {dag.py:4156} INFO - Setting next_dagrun for example_short_circuit_decorator to None, run_after=None
[2024-09-22T19:57:23.081+0000] {processor.py:208} INFO - Processing /home/airflow/.local/lib/python3.12/site-packages/airflow/example_dags/example_short_circuit_decorator.py took 0.052 seconds
[2024-09-22T19:57:54.487+0000] {processor.py:186} INFO - Started process (PID=2819) to work on /home/airflow/.local/lib/python3.12/site-packages/airflow/example_dags/example_short_circuit_decorator.py
[2024-09-22T19:57:54.490+0000] {processor.py:914} INFO - Processing file /home/airflow/.local/lib/python3.12/site-packages/airflow/example_dags/example_short_circuit_decorator.py for tasks to queue
[2024-09-22T19:57:54.495+0000] {logging_mixin.py:190} INFO - [2024-09-22T19:57:54.494+0000] {dagbag.py:587} INFO - Filling up the DagBag from /home/airflow/.local/lib/python3.12/site-packages/airflow/example_dags/example_short_circuit_decorator.py
[2024-09-22T19:57:54.505+0000] {processor.py:925} INFO - DAG(s) 'example_short_circuit_decorator' retrieved from /home/airflow/.local/lib/python3.12/site-packages/airflow/example_dags/example_short_circuit_decorator.py
[2024-09-22T19:57:54.527+0000] {logging_mixin.py:190} INFO - [2024-09-22T19:57:54.527+0000] {dag.py:3229} INFO - Sync 1 DAGs
[2024-09-22T19:57:54.536+0000] {logging_mixin.py:190} INFO - [2024-09-22T19:57:54.535+0000] {dag.py:4156} INFO - Setting next_dagrun for example_short_circuit_decorator to None, run_after=None
[2024-09-22T19:57:54.548+0000] {processor.py:208} INFO - Processing /home/airflow/.local/lib/python3.12/site-packages/airflow/example_dags/example_short_circuit_decorator.py took 0.065 seconds
[2024-09-22T20:46:46.608+0000] {processor.py:186} INFO - Started process (PID=2881) to work on /home/airflow/.local/lib/python3.12/site-packages/airflow/example_dags/example_short_circuit_decorator.py
[2024-09-22T20:46:46.608+0000] {processor.py:914} INFO - Processing file /home/airflow/.local/lib/python3.12/site-packages/airflow/example_dags/example_short_circuit_decorator.py for tasks to queue
[2024-09-22T20:46:46.610+0000] {logging_mixin.py:190} INFO - [2024-09-22T20:46:46.610+0000] {dagbag.py:587} INFO - Filling up the DagBag from /home/airflow/.local/lib/python3.12/site-packages/airflow/example_dags/example_short_circuit_decorator.py
[2024-09-22T20:46:46.615+0000] {processor.py:925} INFO - DAG(s) 'example_short_circuit_decorator' retrieved from /home/airflow/.local/lib/python3.12/site-packages/airflow/example_dags/example_short_circuit_decorator.py
[2024-09-22T20:46:46.627+0000] {logging_mixin.py:190} INFO - [2024-09-22T20:46:46.627+0000] {dag.py:3229} INFO - Sync 1 DAGs
[2024-09-22T20:46:46.635+0000] {logging_mixin.py:190} INFO - [2024-09-22T20:46:46.634+0000] {dag.py:4156} INFO - Setting next_dagrun for example_short_circuit_decorator to None, run_after=None
[2024-09-22T20:46:46.643+0000] {processor.py:208} INFO - Processing /home/airflow/.local/lib/python3.12/site-packages/airflow/example_dags/example_short_circuit_decorator.py took 0.039 seconds
[2024-09-22T21:58:48.580+0000] {processor.py:186} INFO - Started process (PID=2943) to work on /home/airflow/.local/lib/python3.12/site-packages/airflow/example_dags/example_short_circuit_decorator.py
[2024-09-22T21:58:48.581+0000] {processor.py:914} INFO - Processing file /home/airflow/.local/lib/python3.12/site-packages/airflow/example_dags/example_short_circuit_decorator.py for tasks to queue
[2024-09-22T21:58:48.584+0000] {logging_mixin.py:190} INFO - [2024-09-22T21:58:48.584+0000] {dagbag.py:587} INFO - Filling up the DagBag from /home/airflow/.local/lib/python3.12/site-packages/airflow/example_dags/example_short_circuit_decorator.py
[2024-09-22T21:58:48.589+0000] {processor.py:925} INFO - DAG(s) 'example_short_circuit_decorator' retrieved from /home/airflow/.local/lib/python3.12/site-packages/airflow/example_dags/example_short_circuit_decorator.py
[2024-09-22T21:58:48.601+0000] {logging_mixin.py:190} INFO - [2024-09-22T21:58:48.601+0000] {dag.py:3229} INFO - Sync 1 DAGs
[2024-09-22T21:58:48.607+0000] {logging_mixin.py:190} INFO - [2024-09-22T21:58:48.607+0000] {dag.py:4156} INFO - Setting next_dagrun for example_short_circuit_decorator to None, run_after=None
[2024-09-22T21:58:48.620+0000] {processor.py:208} INFO - Processing /home/airflow/.local/lib/python3.12/site-packages/airflow/example_dags/example_short_circuit_decorator.py took 0.044 seconds
[2024-09-22T23:25:51.173+0000] {processor.py:186} INFO - Started process (PID=3005) to work on /home/airflow/.local/lib/python3.12/site-packages/airflow/example_dags/example_short_circuit_decorator.py
[2024-09-22T23:25:51.174+0000] {processor.py:914} INFO - Processing file /home/airflow/.local/lib/python3.12/site-packages/airflow/example_dags/example_short_circuit_decorator.py for tasks to queue
[2024-09-22T23:25:51.177+0000] {logging_mixin.py:190} INFO - [2024-09-22T23:25:51.177+0000] {dagbag.py:587} INFO - Filling up the DagBag from /home/airflow/.local/lib/python3.12/site-packages/airflow/example_dags/example_short_circuit_decorator.py
[2024-09-22T23:25:51.183+0000] {processor.py:925} INFO - DAG(s) 'example_short_circuit_decorator' retrieved from /home/airflow/.local/lib/python3.12/site-packages/airflow/example_dags/example_short_circuit_decorator.py
[2024-09-22T23:25:51.196+0000] {logging_mixin.py:190} INFO - [2024-09-22T23:25:51.195+0000] {dag.py:3229} INFO - Sync 1 DAGs
[2024-09-22T23:25:51.204+0000] {logging_mixin.py:190} INFO - [2024-09-22T23:25:51.204+0000] {dag.py:4156} INFO - Setting next_dagrun for example_short_circuit_decorator to None, run_after=None
[2024-09-22T23:25:51.214+0000] {processor.py:208} INFO - Processing /home/airflow/.local/lib/python3.12/site-packages/airflow/example_dags/example_short_circuit_decorator.py took 0.047 seconds
