[2024-09-22T19:35:31.410+0000] {processor.py:186} INFO - Started process (PID=86) to work on /home/airflow/.local/lib/python3.12/site-packages/airflow/example_dags/tutorial.py
[2024-09-22T19:35:31.411+0000] {processor.py:914} INFO - Processing file /home/airflow/.local/lib/python3.12/site-packages/airflow/example_dags/tutorial.py for tasks to queue
[2024-09-22T19:35:31.413+0000] {logging_mixin.py:190} INFO - [2024-09-22T19:35:31.413+0000] {dagbag.py:587} INFO - Filling up the DagBag from /home/airflow/.local/lib/python3.12/site-packages/airflow/example_dags/tutorial.py
[2024-09-22T19:35:31.418+0000] {processor.py:925} INFO - DAG(s) 'tutorial' retrieved from /home/airflow/.local/lib/python3.12/site-packages/airflow/example_dags/tutorial.py
[2024-09-22T19:35:31.488+0000] {logging_mixin.py:190} INFO - [2024-09-22T19:35:31.488+0000] {override.py:1900} INFO - Created Permission View: can read on DAG:tutorial
[2024-09-22T19:35:31.498+0000] {logging_mixin.py:190} INFO - [2024-09-22T19:35:31.498+0000] {override.py:1900} INFO - Created Permission View: can edit on DAG:tutorial
[2024-09-22T19:35:31.502+0000] {logging_mixin.py:190} INFO - [2024-09-22T19:35:31.502+0000] {override.py:1900} INFO - Created Permission View: can delete on DAG:tutorial
[2024-09-22T19:35:31.507+0000] {logging_mixin.py:190} INFO - [2024-09-22T19:35:31.507+0000] {override.py:1900} INFO - Created Permission View: can read on DAG Run:tutorial
[2024-09-22T19:35:31.513+0000] {logging_mixin.py:190} INFO - [2024-09-22T19:35:31.513+0000] {override.py:1900} INFO - Created Permission View: menu access on DAG Run:tutorial
[2024-09-22T19:35:31.516+0000] {logging_mixin.py:190} INFO - [2024-09-22T19:35:31.516+0000] {override.py:1900} INFO - Created Permission View: can delete on DAG Run:tutorial
[2024-09-22T19:35:31.524+0000] {logging_mixin.py:190} INFO - [2024-09-22T19:35:31.524+0000] {override.py:1900} INFO - Created Permission View: can create on DAG Run:tutorial
[2024-09-22T19:35:31.524+0000] {logging_mixin.py:190} INFO - [2024-09-22T19:35:31.524+0000] {dag.py:3229} INFO - Sync 1 DAGs
[2024-09-22T19:35:31.531+0000] {logging_mixin.py:190} INFO - [2024-09-22T19:35:31.530+0000] {dag.py:3252} INFO - Creating ORM DAG for tutorial
[2024-09-22T19:35:31.536+0000] {logging_mixin.py:190} INFO - [2024-09-22T19:35:31.536+0000] {dag.py:4156} INFO - Setting next_dagrun for tutorial to 2024-09-21 00:00:00+00:00, run_after=2024-09-22 00:00:00+00:00
[2024-09-22T19:35:31.549+0000] {processor.py:208} INFO - Processing /home/airflow/.local/lib/python3.12/site-packages/airflow/example_dags/tutorial.py took 0.145 seconds
[2024-09-22T19:36:01.940+0000] {processor.py:186} INFO - Started process (PID=148) to work on /home/airflow/.local/lib/python3.12/site-packages/airflow/example_dags/tutorial.py
[2024-09-22T19:36:01.941+0000] {processor.py:914} INFO - Processing file /home/airflow/.local/lib/python3.12/site-packages/airflow/example_dags/tutorial.py for tasks to queue
[2024-09-22T19:36:01.943+0000] {logging_mixin.py:190} INFO - [2024-09-22T19:36:01.942+0000] {dagbag.py:587} INFO - Filling up the DagBag from /home/airflow/.local/lib/python3.12/site-packages/airflow/example_dags/tutorial.py
[2024-09-22T19:36:01.947+0000] {processor.py:925} INFO - DAG(s) 'tutorial' retrieved from /home/airflow/.local/lib/python3.12/site-packages/airflow/example_dags/tutorial.py
[2024-09-22T19:36:01.958+0000] {logging_mixin.py:190} INFO - [2024-09-22T19:36:01.958+0000] {dag.py:3229} INFO - Sync 1 DAGs
[2024-09-22T19:36:01.975+0000] {logging_mixin.py:190} INFO - [2024-09-22T19:36:01.974+0000] {dag.py:4156} INFO - Setting next_dagrun for tutorial to 2024-09-21 00:00:00+00:00, run_after=2024-09-22 00:00:00+00:00
[2024-09-22T19:36:01.988+0000] {processor.py:208} INFO - Processing /home/airflow/.local/lib/python3.12/site-packages/airflow/example_dags/tutorial.py took 0.054 seconds
[2024-09-22T19:36:32.323+0000] {processor.py:186} INFO - Started process (PID=210) to work on /home/airflow/.local/lib/python3.12/site-packages/airflow/example_dags/tutorial.py
[2024-09-22T19:36:32.324+0000] {processor.py:914} INFO - Processing file /home/airflow/.local/lib/python3.12/site-packages/airflow/example_dags/tutorial.py for tasks to queue
[2024-09-22T19:36:32.326+0000] {logging_mixin.py:190} INFO - [2024-09-22T19:36:32.326+0000] {dagbag.py:587} INFO - Filling up the DagBag from /home/airflow/.local/lib/python3.12/site-packages/airflow/example_dags/tutorial.py
[2024-09-22T19:36:32.330+0000] {processor.py:925} INFO - DAG(s) 'tutorial' retrieved from /home/airflow/.local/lib/python3.12/site-packages/airflow/example_dags/tutorial.py
[2024-09-22T19:36:32.347+0000] {logging_mixin.py:190} INFO - [2024-09-22T19:36:32.347+0000] {dag.py:3229} INFO - Sync 1 DAGs
[2024-09-22T19:36:32.359+0000] {logging_mixin.py:190} INFO - [2024-09-22T19:36:32.359+0000] {dag.py:4156} INFO - Setting next_dagrun for tutorial to 2024-09-21 00:00:00+00:00, run_after=2024-09-22 00:00:00+00:00
[2024-09-22T19:36:32.369+0000] {processor.py:208} INFO - Processing /home/airflow/.local/lib/python3.12/site-packages/airflow/example_dags/tutorial.py took 0.049 seconds
[2024-09-22T19:37:02.929+0000] {processor.py:186} INFO - Started process (PID=272) to work on /home/airflow/.local/lib/python3.12/site-packages/airflow/example_dags/tutorial.py
[2024-09-22T19:37:02.931+0000] {processor.py:914} INFO - Processing file /home/airflow/.local/lib/python3.12/site-packages/airflow/example_dags/tutorial.py for tasks to queue
[2024-09-22T19:37:02.932+0000] {logging_mixin.py:190} INFO - [2024-09-22T19:37:02.931+0000] {dagbag.py:587} INFO - Filling up the DagBag from /home/airflow/.local/lib/python3.12/site-packages/airflow/example_dags/tutorial.py
[2024-09-22T19:37:02.937+0000] {processor.py:925} INFO - DAG(s) 'tutorial' retrieved from /home/airflow/.local/lib/python3.12/site-packages/airflow/example_dags/tutorial.py
[2024-09-22T19:37:02.952+0000] {logging_mixin.py:190} INFO - [2024-09-22T19:37:02.952+0000] {dag.py:3229} INFO - Sync 1 DAGs
[2024-09-22T19:37:02.965+0000] {logging_mixin.py:190} INFO - [2024-09-22T19:37:02.965+0000] {dag.py:4156} INFO - Setting next_dagrun for tutorial to 2024-09-21 00:00:00+00:00, run_after=2024-09-22 00:00:00+00:00
[2024-09-22T19:37:02.975+0000] {processor.py:208} INFO - Processing /home/airflow/.local/lib/python3.12/site-packages/airflow/example_dags/tutorial.py took 0.049 seconds
[2024-09-22T19:37:33.516+0000] {processor.py:186} INFO - Started process (PID=334) to work on /home/airflow/.local/lib/python3.12/site-packages/airflow/example_dags/tutorial.py
[2024-09-22T19:37:33.517+0000] {processor.py:914} INFO - Processing file /home/airflow/.local/lib/python3.12/site-packages/airflow/example_dags/tutorial.py for tasks to queue
[2024-09-22T19:37:33.518+0000] {logging_mixin.py:190} INFO - [2024-09-22T19:37:33.518+0000] {dagbag.py:587} INFO - Filling up the DagBag from /home/airflow/.local/lib/python3.12/site-packages/airflow/example_dags/tutorial.py
[2024-09-22T19:37:33.522+0000] {processor.py:925} INFO - DAG(s) 'tutorial' retrieved from /home/airflow/.local/lib/python3.12/site-packages/airflow/example_dags/tutorial.py
[2024-09-22T19:37:33.534+0000] {logging_mixin.py:190} INFO - [2024-09-22T19:37:33.534+0000] {dag.py:3229} INFO - Sync 1 DAGs
[2024-09-22T19:37:33.546+0000] {logging_mixin.py:190} INFO - [2024-09-22T19:37:33.546+0000] {dag.py:4156} INFO - Setting next_dagrun for tutorial to 2024-09-21 00:00:00+00:00, run_after=2024-09-22 00:00:00+00:00
[2024-09-22T19:37:33.554+0000] {processor.py:208} INFO - Processing /home/airflow/.local/lib/python3.12/site-packages/airflow/example_dags/tutorial.py took 0.041 seconds
[2024-09-22T19:38:03.758+0000] {processor.py:186} INFO - Started process (PID=396) to work on /home/airflow/.local/lib/python3.12/site-packages/airflow/example_dags/tutorial.py
[2024-09-22T19:38:03.759+0000] {processor.py:914} INFO - Processing file /home/airflow/.local/lib/python3.12/site-packages/airflow/example_dags/tutorial.py for tasks to queue
[2024-09-22T19:38:03.760+0000] {logging_mixin.py:190} INFO - [2024-09-22T19:38:03.760+0000] {dagbag.py:587} INFO - Filling up the DagBag from /home/airflow/.local/lib/python3.12/site-packages/airflow/example_dags/tutorial.py
[2024-09-22T19:38:03.768+0000] {processor.py:925} INFO - DAG(s) 'tutorial' retrieved from /home/airflow/.local/lib/python3.12/site-packages/airflow/example_dags/tutorial.py
[2024-09-22T19:38:03.781+0000] {logging_mixin.py:190} INFO - [2024-09-22T19:38:03.781+0000] {dag.py:3229} INFO - Sync 1 DAGs
[2024-09-22T19:38:03.792+0000] {logging_mixin.py:190} INFO - [2024-09-22T19:38:03.792+0000] {dag.py:4156} INFO - Setting next_dagrun for tutorial to 2024-09-21 00:00:00+00:00, run_after=2024-09-22 00:00:00+00:00
[2024-09-22T19:38:03.801+0000] {processor.py:208} INFO - Processing /home/airflow/.local/lib/python3.12/site-packages/airflow/example_dags/tutorial.py took 0.047 seconds
[2024-09-22T19:38:34.347+0000] {processor.py:186} INFO - Started process (PID=458) to work on /home/airflow/.local/lib/python3.12/site-packages/airflow/example_dags/tutorial.py
[2024-09-22T19:38:34.350+0000] {processor.py:914} INFO - Processing file /home/airflow/.local/lib/python3.12/site-packages/airflow/example_dags/tutorial.py for tasks to queue
[2024-09-22T19:38:34.354+0000] {logging_mixin.py:190} INFO - [2024-09-22T19:38:34.354+0000] {dagbag.py:587} INFO - Filling up the DagBag from /home/airflow/.local/lib/python3.12/site-packages/airflow/example_dags/tutorial.py
[2024-09-22T19:38:34.362+0000] {processor.py:925} INFO - DAG(s) 'tutorial' retrieved from /home/airflow/.local/lib/python3.12/site-packages/airflow/example_dags/tutorial.py
[2024-09-22T19:38:34.378+0000] {logging_mixin.py:190} INFO - [2024-09-22T19:38:34.378+0000] {dag.py:3229} INFO - Sync 1 DAGs
[2024-09-22T19:38:34.394+0000] {logging_mixin.py:190} INFO - [2024-09-22T19:38:34.394+0000] {dag.py:4156} INFO - Setting next_dagrun for tutorial to 2024-09-21 00:00:00+00:00, run_after=2024-09-22 00:00:00+00:00
[2024-09-22T19:38:34.415+0000] {processor.py:208} INFO - Processing /home/airflow/.local/lib/python3.12/site-packages/airflow/example_dags/tutorial.py took 0.073 seconds
[2024-09-22T19:39:04.734+0000] {processor.py:186} INFO - Started process (PID=520) to work on /home/airflow/.local/lib/python3.12/site-packages/airflow/example_dags/tutorial.py
[2024-09-22T19:39:04.735+0000] {processor.py:914} INFO - Processing file /home/airflow/.local/lib/python3.12/site-packages/airflow/example_dags/tutorial.py for tasks to queue
[2024-09-22T19:39:04.736+0000] {logging_mixin.py:190} INFO - [2024-09-22T19:39:04.736+0000] {dagbag.py:587} INFO - Filling up the DagBag from /home/airflow/.local/lib/python3.12/site-packages/airflow/example_dags/tutorial.py
[2024-09-22T19:39:04.740+0000] {processor.py:925} INFO - DAG(s) 'tutorial' retrieved from /home/airflow/.local/lib/python3.12/site-packages/airflow/example_dags/tutorial.py
[2024-09-22T19:39:04.753+0000] {logging_mixin.py:190} INFO - [2024-09-22T19:39:04.753+0000] {dag.py:3229} INFO - Sync 1 DAGs
[2024-09-22T19:39:04.765+0000] {logging_mixin.py:190} INFO - [2024-09-22T19:39:04.765+0000] {dag.py:4156} INFO - Setting next_dagrun for tutorial to 2024-09-21 00:00:00+00:00, run_after=2024-09-22 00:00:00+00:00
[2024-09-22T19:39:04.774+0000] {processor.py:208} INFO - Processing /home/airflow/.local/lib/python3.12/site-packages/airflow/example_dags/tutorial.py took 0.043 seconds
[2024-09-22T19:39:35.025+0000] {processor.py:186} INFO - Started process (PID=582) to work on /home/airflow/.local/lib/python3.12/site-packages/airflow/example_dags/tutorial.py
[2024-09-22T19:39:35.026+0000] {processor.py:914} INFO - Processing file /home/airflow/.local/lib/python3.12/site-packages/airflow/example_dags/tutorial.py for tasks to queue
[2024-09-22T19:39:35.027+0000] {logging_mixin.py:190} INFO - [2024-09-22T19:39:35.027+0000] {dagbag.py:587} INFO - Filling up the DagBag from /home/airflow/.local/lib/python3.12/site-packages/airflow/example_dags/tutorial.py
[2024-09-22T19:39:35.031+0000] {processor.py:925} INFO - DAG(s) 'tutorial' retrieved from /home/airflow/.local/lib/python3.12/site-packages/airflow/example_dags/tutorial.py
[2024-09-22T19:39:35.043+0000] {logging_mixin.py:190} INFO - [2024-09-22T19:39:35.043+0000] {dag.py:3229} INFO - Sync 1 DAGs
[2024-09-22T19:39:35.055+0000] {logging_mixin.py:190} INFO - [2024-09-22T19:39:35.055+0000] {dag.py:4156} INFO - Setting next_dagrun for tutorial to 2024-09-21 00:00:00+00:00, run_after=2024-09-22 00:00:00+00:00
[2024-09-22T19:39:35.066+0000] {processor.py:208} INFO - Processing /home/airflow/.local/lib/python3.12/site-packages/airflow/example_dags/tutorial.py took 0.044 seconds
[2024-09-22T19:40:05.259+0000] {processor.py:186} INFO - Started process (PID=644) to work on /home/airflow/.local/lib/python3.12/site-packages/airflow/example_dags/tutorial.py
[2024-09-22T19:40:05.260+0000] {processor.py:914} INFO - Processing file /home/airflow/.local/lib/python3.12/site-packages/airflow/example_dags/tutorial.py for tasks to queue
[2024-09-22T19:40:05.261+0000] {logging_mixin.py:190} INFO - [2024-09-22T19:40:05.261+0000] {dagbag.py:587} INFO - Filling up the DagBag from /home/airflow/.local/lib/python3.12/site-packages/airflow/example_dags/tutorial.py
[2024-09-22T19:40:05.265+0000] {processor.py:925} INFO - DAG(s) 'tutorial' retrieved from /home/airflow/.local/lib/python3.12/site-packages/airflow/example_dags/tutorial.py
[2024-09-22T19:40:05.278+0000] {logging_mixin.py:190} INFO - [2024-09-22T19:40:05.277+0000] {dag.py:3229} INFO - Sync 1 DAGs
[2024-09-22T19:40:05.288+0000] {logging_mixin.py:190} INFO - [2024-09-22T19:40:05.288+0000] {dag.py:4156} INFO - Setting next_dagrun for tutorial to 2024-09-21 00:00:00+00:00, run_after=2024-09-22 00:00:00+00:00
[2024-09-22T19:40:05.297+0000] {processor.py:208} INFO - Processing /home/airflow/.local/lib/python3.12/site-packages/airflow/example_dags/tutorial.py took 0.041 seconds
[2024-09-22T19:40:35.475+0000] {processor.py:186} INFO - Started process (PID=706) to work on /home/airflow/.local/lib/python3.12/site-packages/airflow/example_dags/tutorial.py
[2024-09-22T19:40:35.478+0000] {processor.py:914} INFO - Processing file /home/airflow/.local/lib/python3.12/site-packages/airflow/example_dags/tutorial.py for tasks to queue
[2024-09-22T19:40:35.479+0000] {logging_mixin.py:190} INFO - [2024-09-22T19:40:35.479+0000] {dagbag.py:587} INFO - Filling up the DagBag from /home/airflow/.local/lib/python3.12/site-packages/airflow/example_dags/tutorial.py
[2024-09-22T19:40:35.483+0000] {processor.py:925} INFO - DAG(s) 'tutorial' retrieved from /home/airflow/.local/lib/python3.12/site-packages/airflow/example_dags/tutorial.py
[2024-09-22T19:40:35.493+0000] {logging_mixin.py:190} INFO - [2024-09-22T19:40:35.493+0000] {dag.py:3229} INFO - Sync 1 DAGs
[2024-09-22T19:40:35.504+0000] {logging_mixin.py:190} INFO - [2024-09-22T19:40:35.504+0000] {dag.py:4156} INFO - Setting next_dagrun for tutorial to 2024-09-21 00:00:00+00:00, run_after=2024-09-22 00:00:00+00:00
[2024-09-22T19:40:35.513+0000] {processor.py:208} INFO - Processing /home/airflow/.local/lib/python3.12/site-packages/airflow/example_dags/tutorial.py took 0.042 seconds
[2024-09-22T19:41:05.830+0000] {processor.py:186} INFO - Started process (PID=768) to work on /home/airflow/.local/lib/python3.12/site-packages/airflow/example_dags/tutorial.py
[2024-09-22T19:41:05.830+0000] {processor.py:914} INFO - Processing file /home/airflow/.local/lib/python3.12/site-packages/airflow/example_dags/tutorial.py for tasks to queue
[2024-09-22T19:41:05.831+0000] {logging_mixin.py:190} INFO - [2024-09-22T19:41:05.831+0000] {dagbag.py:587} INFO - Filling up the DagBag from /home/airflow/.local/lib/python3.12/site-packages/airflow/example_dags/tutorial.py
[2024-09-22T19:41:05.836+0000] {processor.py:925} INFO - DAG(s) 'tutorial' retrieved from /home/airflow/.local/lib/python3.12/site-packages/airflow/example_dags/tutorial.py
[2024-09-22T19:41:05.846+0000] {logging_mixin.py:190} INFO - [2024-09-22T19:41:05.846+0000] {dag.py:3229} INFO - Sync 1 DAGs
[2024-09-22T19:41:05.857+0000] {logging_mixin.py:190} INFO - [2024-09-22T19:41:05.857+0000] {dag.py:4156} INFO - Setting next_dagrun for tutorial to 2024-09-21 00:00:00+00:00, run_after=2024-09-22 00:00:00+00:00
[2024-09-22T19:41:05.867+0000] {processor.py:208} INFO - Processing /home/airflow/.local/lib/python3.12/site-packages/airflow/example_dags/tutorial.py took 0.041 seconds
[2024-09-22T19:41:36.019+0000] {processor.py:186} INFO - Started process (PID=830) to work on /home/airflow/.local/lib/python3.12/site-packages/airflow/example_dags/tutorial.py
[2024-09-22T19:41:36.019+0000] {processor.py:914} INFO - Processing file /home/airflow/.local/lib/python3.12/site-packages/airflow/example_dags/tutorial.py for tasks to queue
[2024-09-22T19:41:36.023+0000] {logging_mixin.py:190} INFO - [2024-09-22T19:41:36.023+0000] {dagbag.py:587} INFO - Filling up the DagBag from /home/airflow/.local/lib/python3.12/site-packages/airflow/example_dags/tutorial.py
[2024-09-22T19:41:36.027+0000] {processor.py:925} INFO - DAG(s) 'tutorial' retrieved from /home/airflow/.local/lib/python3.12/site-packages/airflow/example_dags/tutorial.py
[2024-09-22T19:41:36.037+0000] {logging_mixin.py:190} INFO - [2024-09-22T19:41:36.037+0000] {dag.py:3229} INFO - Sync 1 DAGs
[2024-09-22T19:41:36.049+0000] {logging_mixin.py:190} INFO - [2024-09-22T19:41:36.049+0000] {dag.py:4156} INFO - Setting next_dagrun for tutorial to 2024-09-21 00:00:00+00:00, run_after=2024-09-22 00:00:00+00:00
[2024-09-22T19:41:36.059+0000] {processor.py:208} INFO - Processing /home/airflow/.local/lib/python3.12/site-packages/airflow/example_dags/tutorial.py took 0.043 seconds
[2024-09-22T19:42:06.396+0000] {processor.py:186} INFO - Started process (PID=892) to work on /home/airflow/.local/lib/python3.12/site-packages/airflow/example_dags/tutorial.py
[2024-09-22T19:42:06.399+0000] {processor.py:914} INFO - Processing file /home/airflow/.local/lib/python3.12/site-packages/airflow/example_dags/tutorial.py for tasks to queue
[2024-09-22T19:42:06.401+0000] {logging_mixin.py:190} INFO - [2024-09-22T19:42:06.401+0000] {dagbag.py:587} INFO - Filling up the DagBag from /home/airflow/.local/lib/python3.12/site-packages/airflow/example_dags/tutorial.py
[2024-09-22T19:42:06.406+0000] {processor.py:925} INFO - DAG(s) 'tutorial' retrieved from /home/airflow/.local/lib/python3.12/site-packages/airflow/example_dags/tutorial.py
[2024-09-22T19:42:06.419+0000] {logging_mixin.py:190} INFO - [2024-09-22T19:42:06.418+0000] {dag.py:3229} INFO - Sync 1 DAGs
[2024-09-22T19:42:06.432+0000] {logging_mixin.py:190} INFO - [2024-09-22T19:42:06.431+0000] {dag.py:4156} INFO - Setting next_dagrun for tutorial to 2024-09-21 00:00:00+00:00, run_after=2024-09-22 00:00:00+00:00
[2024-09-22T19:42:06.444+0000] {processor.py:208} INFO - Processing /home/airflow/.local/lib/python3.12/site-packages/airflow/example_dags/tutorial.py took 0.051 seconds
[2024-09-22T19:42:36.601+0000] {processor.py:186} INFO - Started process (PID=954) to work on /home/airflow/.local/lib/python3.12/site-packages/airflow/example_dags/tutorial.py
[2024-09-22T19:42:36.602+0000] {processor.py:914} INFO - Processing file /home/airflow/.local/lib/python3.12/site-packages/airflow/example_dags/tutorial.py for tasks to queue
[2024-09-22T19:42:36.603+0000] {logging_mixin.py:190} INFO - [2024-09-22T19:42:36.603+0000] {dagbag.py:587} INFO - Filling up the DagBag from /home/airflow/.local/lib/python3.12/site-packages/airflow/example_dags/tutorial.py
[2024-09-22T19:42:36.607+0000] {processor.py:925} INFO - DAG(s) 'tutorial' retrieved from /home/airflow/.local/lib/python3.12/site-packages/airflow/example_dags/tutorial.py
[2024-09-22T19:42:36.635+0000] {logging_mixin.py:190} INFO - [2024-09-22T19:42:36.635+0000] {dag.py:3229} INFO - Sync 1 DAGs
[2024-09-22T19:42:36.648+0000] {logging_mixin.py:190} INFO - [2024-09-22T19:42:36.648+0000] {dag.py:4156} INFO - Setting next_dagrun for tutorial to 2024-09-21 00:00:00+00:00, run_after=2024-09-22 00:00:00+00:00
[2024-09-22T19:42:36.660+0000] {processor.py:208} INFO - Processing /home/airflow/.local/lib/python3.12/site-packages/airflow/example_dags/tutorial.py took 0.062 seconds
[2024-09-22T19:43:07.242+0000] {processor.py:186} INFO - Started process (PID=1016) to work on /home/airflow/.local/lib/python3.12/site-packages/airflow/example_dags/tutorial.py
[2024-09-22T19:43:07.242+0000] {processor.py:914} INFO - Processing file /home/airflow/.local/lib/python3.12/site-packages/airflow/example_dags/tutorial.py for tasks to queue
[2024-09-22T19:43:07.246+0000] {logging_mixin.py:190} INFO - [2024-09-22T19:43:07.246+0000] {dagbag.py:587} INFO - Filling up the DagBag from /home/airflow/.local/lib/python3.12/site-packages/airflow/example_dags/tutorial.py
[2024-09-22T19:43:07.250+0000] {processor.py:925} INFO - DAG(s) 'tutorial' retrieved from /home/airflow/.local/lib/python3.12/site-packages/airflow/example_dags/tutorial.py
[2024-09-22T19:43:07.261+0000] {logging_mixin.py:190} INFO - [2024-09-22T19:43:07.261+0000] {dag.py:3229} INFO - Sync 1 DAGs
[2024-09-22T19:43:07.273+0000] {logging_mixin.py:190} INFO - [2024-09-22T19:43:07.273+0000] {dag.py:4156} INFO - Setting next_dagrun for tutorial to 2024-09-21 00:00:00+00:00, run_after=2024-09-22 00:00:00+00:00
[2024-09-22T19:43:07.285+0000] {processor.py:208} INFO - Processing /home/airflow/.local/lib/python3.12/site-packages/airflow/example_dags/tutorial.py took 0.047 seconds
[2024-09-22T19:43:37.607+0000] {processor.py:186} INFO - Started process (PID=1077) to work on /home/airflow/.local/lib/python3.12/site-packages/airflow/example_dags/tutorial.py
[2024-09-22T19:43:37.610+0000] {processor.py:914} INFO - Processing file /home/airflow/.local/lib/python3.12/site-packages/airflow/example_dags/tutorial.py for tasks to queue
[2024-09-22T19:43:37.611+0000] {logging_mixin.py:190} INFO - [2024-09-22T19:43:37.611+0000] {dagbag.py:587} INFO - Filling up the DagBag from /home/airflow/.local/lib/python3.12/site-packages/airflow/example_dags/tutorial.py
[2024-09-22T19:43:37.618+0000] {processor.py:925} INFO - DAG(s) 'tutorial' retrieved from /home/airflow/.local/lib/python3.12/site-packages/airflow/example_dags/tutorial.py
[2024-09-22T19:43:37.628+0000] {logging_mixin.py:190} INFO - [2024-09-22T19:43:37.628+0000] {dag.py:3229} INFO - Sync 1 DAGs
[2024-09-22T19:43:37.640+0000] {logging_mixin.py:190} INFO - [2024-09-22T19:43:37.640+0000] {dag.py:4156} INFO - Setting next_dagrun for tutorial to 2024-09-21 00:00:00+00:00, run_after=2024-09-22 00:00:00+00:00
[2024-09-22T19:43:37.651+0000] {processor.py:208} INFO - Processing /home/airflow/.local/lib/python3.12/site-packages/airflow/example_dags/tutorial.py took 0.047 seconds
[2024-09-22T19:44:07.864+0000] {processor.py:186} INFO - Started process (PID=1139) to work on /home/airflow/.local/lib/python3.12/site-packages/airflow/example_dags/tutorial.py
[2024-09-22T19:44:07.864+0000] {processor.py:914} INFO - Processing file /home/airflow/.local/lib/python3.12/site-packages/airflow/example_dags/tutorial.py for tasks to queue
[2024-09-22T19:44:07.866+0000] {logging_mixin.py:190} INFO - [2024-09-22T19:44:07.865+0000] {dagbag.py:587} INFO - Filling up the DagBag from /home/airflow/.local/lib/python3.12/site-packages/airflow/example_dags/tutorial.py
[2024-09-22T19:44:07.870+0000] {processor.py:925} INFO - DAG(s) 'tutorial' retrieved from /home/airflow/.local/lib/python3.12/site-packages/airflow/example_dags/tutorial.py
[2024-09-22T19:44:07.883+0000] {logging_mixin.py:190} INFO - [2024-09-22T19:44:07.883+0000] {dag.py:3229} INFO - Sync 1 DAGs
[2024-09-22T19:44:07.896+0000] {logging_mixin.py:190} INFO - [2024-09-22T19:44:07.896+0000] {dag.py:4156} INFO - Setting next_dagrun for tutorial to 2024-09-21 00:00:00+00:00, run_after=2024-09-22 00:00:00+00:00
[2024-09-22T19:44:07.907+0000] {processor.py:208} INFO - Processing /home/airflow/.local/lib/python3.12/site-packages/airflow/example_dags/tutorial.py took 0.046 seconds
[2024-09-22T19:44:38.193+0000] {processor.py:186} INFO - Started process (PID=1201) to work on /home/airflow/.local/lib/python3.12/site-packages/airflow/example_dags/tutorial.py
[2024-09-22T19:44:38.194+0000] {processor.py:914} INFO - Processing file /home/airflow/.local/lib/python3.12/site-packages/airflow/example_dags/tutorial.py for tasks to queue
[2024-09-22T19:44:38.195+0000] {logging_mixin.py:190} INFO - [2024-09-22T19:44:38.195+0000] {dagbag.py:587} INFO - Filling up the DagBag from /home/airflow/.local/lib/python3.12/site-packages/airflow/example_dags/tutorial.py
[2024-09-22T19:44:38.201+0000] {processor.py:925} INFO - DAG(s) 'tutorial' retrieved from /home/airflow/.local/lib/python3.12/site-packages/airflow/example_dags/tutorial.py
[2024-09-22T19:44:38.211+0000] {logging_mixin.py:190} INFO - [2024-09-22T19:44:38.211+0000] {dag.py:3229} INFO - Sync 1 DAGs
[2024-09-22T19:44:38.223+0000] {logging_mixin.py:190} INFO - [2024-09-22T19:44:38.222+0000] {dag.py:4156} INFO - Setting next_dagrun for tutorial to 2024-09-21 00:00:00+00:00, run_after=2024-09-22 00:00:00+00:00
[2024-09-22T19:44:38.232+0000] {processor.py:208} INFO - Processing /home/airflow/.local/lib/python3.12/site-packages/airflow/example_dags/tutorial.py took 0.042 seconds
[2024-09-22T19:45:08.568+0000] {processor.py:186} INFO - Started process (PID=1263) to work on /home/airflow/.local/lib/python3.12/site-packages/airflow/example_dags/tutorial.py
[2024-09-22T19:45:08.570+0000] {processor.py:914} INFO - Processing file /home/airflow/.local/lib/python3.12/site-packages/airflow/example_dags/tutorial.py for tasks to queue
[2024-09-22T19:45:08.572+0000] {logging_mixin.py:190} INFO - [2024-09-22T19:45:08.572+0000] {dagbag.py:587} INFO - Filling up the DagBag from /home/airflow/.local/lib/python3.12/site-packages/airflow/example_dags/tutorial.py
[2024-09-22T19:45:08.576+0000] {processor.py:925} INFO - DAG(s) 'tutorial' retrieved from /home/airflow/.local/lib/python3.12/site-packages/airflow/example_dags/tutorial.py
[2024-09-22T19:45:08.587+0000] {logging_mixin.py:190} INFO - [2024-09-22T19:45:08.587+0000] {dag.py:3229} INFO - Sync 1 DAGs
[2024-09-22T19:45:08.602+0000] {logging_mixin.py:190} INFO - [2024-09-22T19:45:08.602+0000] {dag.py:4156} INFO - Setting next_dagrun for tutorial to 2024-09-21 00:00:00+00:00, run_after=2024-09-22 00:00:00+00:00
[2024-09-22T19:45:08.612+0000] {processor.py:208} INFO - Processing /home/airflow/.local/lib/python3.12/site-packages/airflow/example_dags/tutorial.py took 0.048 seconds
[2024-09-22T19:45:38.897+0000] {processor.py:186} INFO - Started process (PID=1325) to work on /home/airflow/.local/lib/python3.12/site-packages/airflow/example_dags/tutorial.py
[2024-09-22T19:45:38.898+0000] {processor.py:914} INFO - Processing file /home/airflow/.local/lib/python3.12/site-packages/airflow/example_dags/tutorial.py for tasks to queue
[2024-09-22T19:45:38.901+0000] {logging_mixin.py:190} INFO - [2024-09-22T19:45:38.901+0000] {dagbag.py:587} INFO - Filling up the DagBag from /home/airflow/.local/lib/python3.12/site-packages/airflow/example_dags/tutorial.py
[2024-09-22T19:45:38.911+0000] {processor.py:925} INFO - DAG(s) 'tutorial' retrieved from /home/airflow/.local/lib/python3.12/site-packages/airflow/example_dags/tutorial.py
[2024-09-22T19:45:38.925+0000] {logging_mixin.py:190} INFO - [2024-09-22T19:45:38.925+0000] {dag.py:3229} INFO - Sync 1 DAGs
[2024-09-22T19:45:38.937+0000] {logging_mixin.py:190} INFO - [2024-09-22T19:45:38.937+0000] {dag.py:4156} INFO - Setting next_dagrun for tutorial to 2024-09-21 00:00:00+00:00, run_after=2024-09-22 00:00:00+00:00
[2024-09-22T19:45:38.948+0000] {processor.py:208} INFO - Processing /home/airflow/.local/lib/python3.12/site-packages/airflow/example_dags/tutorial.py took 0.054 seconds
[2024-09-22T19:46:09.818+0000] {processor.py:186} INFO - Started process (PID=1386) to work on /home/airflow/.local/lib/python3.12/site-packages/airflow/example_dags/tutorial.py
[2024-09-22T19:46:09.819+0000] {processor.py:914} INFO - Processing file /home/airflow/.local/lib/python3.12/site-packages/airflow/example_dags/tutorial.py for tasks to queue
[2024-09-22T19:46:09.821+0000] {logging_mixin.py:190} INFO - [2024-09-22T19:46:09.821+0000] {dagbag.py:587} INFO - Filling up the DagBag from /home/airflow/.local/lib/python3.12/site-packages/airflow/example_dags/tutorial.py
[2024-09-22T19:46:09.826+0000] {processor.py:925} INFO - DAG(s) 'tutorial' retrieved from /home/airflow/.local/lib/python3.12/site-packages/airflow/example_dags/tutorial.py
[2024-09-22T19:46:09.838+0000] {logging_mixin.py:190} INFO - [2024-09-22T19:46:09.838+0000] {dag.py:3229} INFO - Sync 1 DAGs
[2024-09-22T19:46:09.850+0000] {logging_mixin.py:190} INFO - [2024-09-22T19:46:09.850+0000] {dag.py:4156} INFO - Setting next_dagrun for tutorial to 2024-09-21 00:00:00+00:00, run_after=2024-09-22 00:00:00+00:00
[2024-09-22T19:46:09.866+0000] {processor.py:208} INFO - Processing /home/airflow/.local/lib/python3.12/site-packages/airflow/example_dags/tutorial.py took 0.051 seconds
[2024-09-22T19:46:40.473+0000] {processor.py:186} INFO - Started process (PID=1448) to work on /home/airflow/.local/lib/python3.12/site-packages/airflow/example_dags/tutorial.py
[2024-09-22T19:46:40.474+0000] {processor.py:914} INFO - Processing file /home/airflow/.local/lib/python3.12/site-packages/airflow/example_dags/tutorial.py for tasks to queue
[2024-09-22T19:46:40.476+0000] {logging_mixin.py:190} INFO - [2024-09-22T19:46:40.475+0000] {dagbag.py:587} INFO - Filling up the DagBag from /home/airflow/.local/lib/python3.12/site-packages/airflow/example_dags/tutorial.py
[2024-09-22T19:46:40.481+0000] {processor.py:925} INFO - DAG(s) 'tutorial' retrieved from /home/airflow/.local/lib/python3.12/site-packages/airflow/example_dags/tutorial.py
[2024-09-22T19:46:40.493+0000] {logging_mixin.py:190} INFO - [2024-09-22T19:46:40.493+0000] {dag.py:3229} INFO - Sync 1 DAGs
[2024-09-22T19:46:40.505+0000] {logging_mixin.py:190} INFO - [2024-09-22T19:46:40.505+0000] {dag.py:4156} INFO - Setting next_dagrun for tutorial to 2024-09-21 00:00:00+00:00, run_after=2024-09-22 00:00:00+00:00
[2024-09-22T19:46:40.516+0000] {processor.py:208} INFO - Processing /home/airflow/.local/lib/python3.12/site-packages/airflow/example_dags/tutorial.py took 0.048 seconds
[2024-09-22T19:47:10.888+0000] {processor.py:186} INFO - Started process (PID=1510) to work on /home/airflow/.local/lib/python3.12/site-packages/airflow/example_dags/tutorial.py
[2024-09-22T19:47:10.890+0000] {processor.py:914} INFO - Processing file /home/airflow/.local/lib/python3.12/site-packages/airflow/example_dags/tutorial.py for tasks to queue
[2024-09-22T19:47:10.891+0000] {logging_mixin.py:190} INFO - [2024-09-22T19:47:10.891+0000] {dagbag.py:587} INFO - Filling up the DagBag from /home/airflow/.local/lib/python3.12/site-packages/airflow/example_dags/tutorial.py
[2024-09-22T19:47:10.895+0000] {processor.py:925} INFO - DAG(s) 'tutorial' retrieved from /home/airflow/.local/lib/python3.12/site-packages/airflow/example_dags/tutorial.py
[2024-09-22T19:47:10.906+0000] {logging_mixin.py:190} INFO - [2024-09-22T19:47:10.906+0000] {dag.py:3229} INFO - Sync 1 DAGs
[2024-09-22T19:47:10.921+0000] {logging_mixin.py:190} INFO - [2024-09-22T19:47:10.920+0000] {dag.py:4156} INFO - Setting next_dagrun for tutorial to 2024-09-21 00:00:00+00:00, run_after=2024-09-22 00:00:00+00:00
[2024-09-22T19:47:10.934+0000] {processor.py:208} INFO - Processing /home/airflow/.local/lib/python3.12/site-packages/airflow/example_dags/tutorial.py took 0.050 seconds
[2024-09-22T19:47:41.627+0000] {processor.py:186} INFO - Started process (PID=1571) to work on /home/airflow/.local/lib/python3.12/site-packages/airflow/example_dags/tutorial.py
[2024-09-22T19:47:41.628+0000] {processor.py:914} INFO - Processing file /home/airflow/.local/lib/python3.12/site-packages/airflow/example_dags/tutorial.py for tasks to queue
[2024-09-22T19:47:41.630+0000] {logging_mixin.py:190} INFO - [2024-09-22T19:47:41.630+0000] {dagbag.py:587} INFO - Filling up the DagBag from /home/airflow/.local/lib/python3.12/site-packages/airflow/example_dags/tutorial.py
[2024-09-22T19:47:41.634+0000] {processor.py:925} INFO - DAG(s) 'tutorial' retrieved from /home/airflow/.local/lib/python3.12/site-packages/airflow/example_dags/tutorial.py
[2024-09-22T19:47:41.647+0000] {logging_mixin.py:190} INFO - [2024-09-22T19:47:41.647+0000] {dag.py:3229} INFO - Sync 1 DAGs
[2024-09-22T19:47:41.658+0000] {logging_mixin.py:190} INFO - [2024-09-22T19:47:41.658+0000] {dag.py:4156} INFO - Setting next_dagrun for tutorial to 2024-09-21 00:00:00+00:00, run_after=2024-09-22 00:00:00+00:00
[2024-09-22T19:47:41.670+0000] {processor.py:208} INFO - Processing /home/airflow/.local/lib/python3.12/site-packages/airflow/example_dags/tutorial.py took 0.046 seconds
[2024-09-22T19:48:12.198+0000] {processor.py:186} INFO - Started process (PID=1633) to work on /home/airflow/.local/lib/python3.12/site-packages/airflow/example_dags/tutorial.py
[2024-09-22T19:48:12.199+0000] {processor.py:914} INFO - Processing file /home/airflow/.local/lib/python3.12/site-packages/airflow/example_dags/tutorial.py for tasks to queue
[2024-09-22T19:48:12.200+0000] {logging_mixin.py:190} INFO - [2024-09-22T19:48:12.200+0000] {dagbag.py:587} INFO - Filling up the DagBag from /home/airflow/.local/lib/python3.12/site-packages/airflow/example_dags/tutorial.py
[2024-09-22T19:48:12.205+0000] {processor.py:925} INFO - DAG(s) 'tutorial' retrieved from /home/airflow/.local/lib/python3.12/site-packages/airflow/example_dags/tutorial.py
[2024-09-22T19:48:12.222+0000] {logging_mixin.py:190} INFO - [2024-09-22T19:48:12.222+0000] {dag.py:3229} INFO - Sync 1 DAGs
[2024-09-22T19:48:12.235+0000] {logging_mixin.py:190} INFO - [2024-09-22T19:48:12.235+0000] {dag.py:4156} INFO - Setting next_dagrun for tutorial to 2024-09-21 00:00:00+00:00, run_after=2024-09-22 00:00:00+00:00
[2024-09-22T19:48:12.247+0000] {processor.py:208} INFO - Processing /home/airflow/.local/lib/python3.12/site-packages/airflow/example_dags/tutorial.py took 0.052 seconds
[2024-09-22T19:48:42.438+0000] {processor.py:186} INFO - Started process (PID=1695) to work on /home/airflow/.local/lib/python3.12/site-packages/airflow/example_dags/tutorial.py
[2024-09-22T19:48:42.438+0000] {processor.py:914} INFO - Processing file /home/airflow/.local/lib/python3.12/site-packages/airflow/example_dags/tutorial.py for tasks to queue
[2024-09-22T19:48:42.440+0000] {logging_mixin.py:190} INFO - [2024-09-22T19:48:42.440+0000] {dagbag.py:587} INFO - Filling up the DagBag from /home/airflow/.local/lib/python3.12/site-packages/airflow/example_dags/tutorial.py
[2024-09-22T19:48:42.445+0000] {processor.py:925} INFO - DAG(s) 'tutorial' retrieved from /home/airflow/.local/lib/python3.12/site-packages/airflow/example_dags/tutorial.py
[2024-09-22T19:48:42.456+0000] {logging_mixin.py:190} INFO - [2024-09-22T19:48:42.456+0000] {dag.py:3229} INFO - Sync 1 DAGs
[2024-09-22T19:48:42.470+0000] {logging_mixin.py:190} INFO - [2024-09-22T19:48:42.470+0000] {dag.py:4156} INFO - Setting next_dagrun for tutorial to 2024-09-21 00:00:00+00:00, run_after=2024-09-22 00:00:00+00:00
[2024-09-22T19:48:42.480+0000] {processor.py:208} INFO - Processing /home/airflow/.local/lib/python3.12/site-packages/airflow/example_dags/tutorial.py took 0.045 seconds
[2024-09-22T19:49:12.824+0000] {processor.py:186} INFO - Started process (PID=1757) to work on /home/airflow/.local/lib/python3.12/site-packages/airflow/example_dags/tutorial.py
[2024-09-22T19:49:12.824+0000] {processor.py:914} INFO - Processing file /home/airflow/.local/lib/python3.12/site-packages/airflow/example_dags/tutorial.py for tasks to queue
[2024-09-22T19:49:12.826+0000] {logging_mixin.py:190} INFO - [2024-09-22T19:49:12.825+0000] {dagbag.py:587} INFO - Filling up the DagBag from /home/airflow/.local/lib/python3.12/site-packages/airflow/example_dags/tutorial.py
[2024-09-22T19:49:12.830+0000] {processor.py:925} INFO - DAG(s) 'tutorial' retrieved from /home/airflow/.local/lib/python3.12/site-packages/airflow/example_dags/tutorial.py
[2024-09-22T19:49:12.844+0000] {logging_mixin.py:190} INFO - [2024-09-22T19:49:12.844+0000] {dag.py:3229} INFO - Sync 1 DAGs
[2024-09-22T19:49:12.856+0000] {logging_mixin.py:190} INFO - [2024-09-22T19:49:12.856+0000] {dag.py:4156} INFO - Setting next_dagrun for tutorial to 2024-09-21 00:00:00+00:00, run_after=2024-09-22 00:00:00+00:00
[2024-09-22T19:49:12.867+0000] {processor.py:208} INFO - Processing /home/airflow/.local/lib/python3.12/site-packages/airflow/example_dags/tutorial.py took 0.046 seconds
[2024-09-22T19:49:43.371+0000] {processor.py:186} INFO - Started process (PID=1819) to work on /home/airflow/.local/lib/python3.12/site-packages/airflow/example_dags/tutorial.py
[2024-09-22T19:49:43.372+0000] {processor.py:914} INFO - Processing file /home/airflow/.local/lib/python3.12/site-packages/airflow/example_dags/tutorial.py for tasks to queue
[2024-09-22T19:49:43.374+0000] {logging_mixin.py:190} INFO - [2024-09-22T19:49:43.374+0000] {dagbag.py:587} INFO - Filling up the DagBag from /home/airflow/.local/lib/python3.12/site-packages/airflow/example_dags/tutorial.py
[2024-09-22T19:49:43.378+0000] {processor.py:925} INFO - DAG(s) 'tutorial' retrieved from /home/airflow/.local/lib/python3.12/site-packages/airflow/example_dags/tutorial.py
[2024-09-22T19:49:43.391+0000] {logging_mixin.py:190} INFO - [2024-09-22T19:49:43.391+0000] {dag.py:3229} INFO - Sync 1 DAGs
[2024-09-22T19:49:43.403+0000] {logging_mixin.py:190} INFO - [2024-09-22T19:49:43.403+0000] {dag.py:4156} INFO - Setting next_dagrun for tutorial to 2024-09-21 00:00:00+00:00, run_after=2024-09-22 00:00:00+00:00
[2024-09-22T19:49:43.413+0000] {processor.py:208} INFO - Processing /home/airflow/.local/lib/python3.12/site-packages/airflow/example_dags/tutorial.py took 0.045 seconds
[2024-09-22T19:50:14.038+0000] {processor.py:186} INFO - Started process (PID=1881) to work on /home/airflow/.local/lib/python3.12/site-packages/airflow/example_dags/tutorial.py
[2024-09-22T19:50:14.040+0000] {processor.py:914} INFO - Processing file /home/airflow/.local/lib/python3.12/site-packages/airflow/example_dags/tutorial.py for tasks to queue
[2024-09-22T19:50:14.042+0000] {logging_mixin.py:190} INFO - [2024-09-22T19:50:14.042+0000] {dagbag.py:587} INFO - Filling up the DagBag from /home/airflow/.local/lib/python3.12/site-packages/airflow/example_dags/tutorial.py
[2024-09-22T19:50:14.046+0000] {processor.py:925} INFO - DAG(s) 'tutorial' retrieved from /home/airflow/.local/lib/python3.12/site-packages/airflow/example_dags/tutorial.py
[2024-09-22T19:50:14.058+0000] {logging_mixin.py:190} INFO - [2024-09-22T19:50:14.058+0000] {dag.py:3229} INFO - Sync 1 DAGs
[2024-09-22T19:50:14.070+0000] {logging_mixin.py:190} INFO - [2024-09-22T19:50:14.070+0000] {dag.py:4156} INFO - Setting next_dagrun for tutorial to 2024-09-21 00:00:00+00:00, run_after=2024-09-22 00:00:00+00:00
[2024-09-22T19:50:14.082+0000] {processor.py:208} INFO - Processing /home/airflow/.local/lib/python3.12/site-packages/airflow/example_dags/tutorial.py took 0.048 seconds
[2024-09-22T19:50:44.561+0000] {processor.py:186} INFO - Started process (PID=1943) to work on /home/airflow/.local/lib/python3.12/site-packages/airflow/example_dags/tutorial.py
[2024-09-22T19:50:44.562+0000] {processor.py:914} INFO - Processing file /home/airflow/.local/lib/python3.12/site-packages/airflow/example_dags/tutorial.py for tasks to queue
[2024-09-22T19:50:44.564+0000] {logging_mixin.py:190} INFO - [2024-09-22T19:50:44.564+0000] {dagbag.py:587} INFO - Filling up the DagBag from /home/airflow/.local/lib/python3.12/site-packages/airflow/example_dags/tutorial.py
[2024-09-22T19:50:44.570+0000] {processor.py:925} INFO - DAG(s) 'tutorial' retrieved from /home/airflow/.local/lib/python3.12/site-packages/airflow/example_dags/tutorial.py
[2024-09-22T19:50:44.585+0000] {logging_mixin.py:190} INFO - [2024-09-22T19:50:44.584+0000] {dag.py:3229} INFO - Sync 1 DAGs
[2024-09-22T19:50:44.604+0000] {logging_mixin.py:190} INFO - [2024-09-22T19:50:44.604+0000] {dag.py:4156} INFO - Setting next_dagrun for tutorial to 2024-09-21 00:00:00+00:00, run_after=2024-09-22 00:00:00+00:00
[2024-09-22T19:50:44.616+0000] {processor.py:208} INFO - Processing /home/airflow/.local/lib/python3.12/site-packages/airflow/example_dags/tutorial.py took 0.058 seconds
[2024-09-22T19:51:15.083+0000] {processor.py:186} INFO - Started process (PID=2005) to work on /home/airflow/.local/lib/python3.12/site-packages/airflow/example_dags/tutorial.py
[2024-09-22T19:51:15.085+0000] {processor.py:914} INFO - Processing file /home/airflow/.local/lib/python3.12/site-packages/airflow/example_dags/tutorial.py for tasks to queue
[2024-09-22T19:51:15.087+0000] {logging_mixin.py:190} INFO - [2024-09-22T19:51:15.087+0000] {dagbag.py:587} INFO - Filling up the DagBag from /home/airflow/.local/lib/python3.12/site-packages/airflow/example_dags/tutorial.py
[2024-09-22T19:51:15.093+0000] {processor.py:925} INFO - DAG(s) 'tutorial' retrieved from /home/airflow/.local/lib/python3.12/site-packages/airflow/example_dags/tutorial.py
[2024-09-22T19:51:15.108+0000] {logging_mixin.py:190} INFO - [2024-09-22T19:51:15.107+0000] {dag.py:3229} INFO - Sync 1 DAGs
[2024-09-22T19:51:15.134+0000] {logging_mixin.py:190} INFO - [2024-09-22T19:51:15.134+0000] {dag.py:4156} INFO - Setting next_dagrun for tutorial to 2024-09-21 00:00:00+00:00, run_after=2024-09-22 00:00:00+00:00
[2024-09-22T19:51:15.161+0000] {processor.py:208} INFO - Processing /home/airflow/.local/lib/python3.12/site-packages/airflow/example_dags/tutorial.py took 0.082 seconds
[2024-09-22T19:51:45.823+0000] {processor.py:186} INFO - Started process (PID=2067) to work on /home/airflow/.local/lib/python3.12/site-packages/airflow/example_dags/tutorial.py
[2024-09-22T19:51:45.823+0000] {processor.py:914} INFO - Processing file /home/airflow/.local/lib/python3.12/site-packages/airflow/example_dags/tutorial.py for tasks to queue
[2024-09-22T19:51:45.825+0000] {logging_mixin.py:190} INFO - [2024-09-22T19:51:45.825+0000] {dagbag.py:587} INFO - Filling up the DagBag from /home/airflow/.local/lib/python3.12/site-packages/airflow/example_dags/tutorial.py
[2024-09-22T19:51:45.829+0000] {processor.py:925} INFO - DAG(s) 'tutorial' retrieved from /home/airflow/.local/lib/python3.12/site-packages/airflow/example_dags/tutorial.py
[2024-09-22T19:51:45.839+0000] {logging_mixin.py:190} INFO - [2024-09-22T19:51:45.839+0000] {dag.py:3229} INFO - Sync 1 DAGs
[2024-09-22T19:51:45.852+0000] {logging_mixin.py:190} INFO - [2024-09-22T19:51:45.852+0000] {dag.py:4156} INFO - Setting next_dagrun for tutorial to 2024-09-21 00:00:00+00:00, run_after=2024-09-22 00:00:00+00:00
[2024-09-22T19:51:45.861+0000] {processor.py:208} INFO - Processing /home/airflow/.local/lib/python3.12/site-packages/airflow/example_dags/tutorial.py took 0.041 seconds
[2024-09-22T19:52:16.195+0000] {processor.py:186} INFO - Started process (PID=2129) to work on /home/airflow/.local/lib/python3.12/site-packages/airflow/example_dags/tutorial.py
[2024-09-22T19:52:16.196+0000] {processor.py:914} INFO - Processing file /home/airflow/.local/lib/python3.12/site-packages/airflow/example_dags/tutorial.py for tasks to queue
[2024-09-22T19:52:16.199+0000] {logging_mixin.py:190} INFO - [2024-09-22T19:52:16.199+0000] {dagbag.py:587} INFO - Filling up the DagBag from /home/airflow/.local/lib/python3.12/site-packages/airflow/example_dags/tutorial.py
[2024-09-22T19:52:16.204+0000] {processor.py:925} INFO - DAG(s) 'tutorial' retrieved from /home/airflow/.local/lib/python3.12/site-packages/airflow/example_dags/tutorial.py
[2024-09-22T19:52:16.214+0000] {logging_mixin.py:190} INFO - [2024-09-22T19:52:16.214+0000] {dag.py:3229} INFO - Sync 1 DAGs
[2024-09-22T19:52:16.226+0000] {logging_mixin.py:190} INFO - [2024-09-22T19:52:16.225+0000] {dag.py:4156} INFO - Setting next_dagrun for tutorial to 2024-09-21 00:00:00+00:00, run_after=2024-09-22 00:00:00+00:00
[2024-09-22T19:52:16.237+0000] {processor.py:208} INFO - Processing /home/airflow/.local/lib/python3.12/site-packages/airflow/example_dags/tutorial.py took 0.045 seconds
[2024-09-22T19:52:46.675+0000] {processor.py:186} INFO - Started process (PID=2191) to work on /home/airflow/.local/lib/python3.12/site-packages/airflow/example_dags/tutorial.py
[2024-09-22T19:52:46.676+0000] {processor.py:914} INFO - Processing file /home/airflow/.local/lib/python3.12/site-packages/airflow/example_dags/tutorial.py for tasks to queue
[2024-09-22T19:52:46.677+0000] {logging_mixin.py:190} INFO - [2024-09-22T19:52:46.677+0000] {dagbag.py:587} INFO - Filling up the DagBag from /home/airflow/.local/lib/python3.12/site-packages/airflow/example_dags/tutorial.py
[2024-09-22T19:52:46.681+0000] {processor.py:925} INFO - DAG(s) 'tutorial' retrieved from /home/airflow/.local/lib/python3.12/site-packages/airflow/example_dags/tutorial.py
[2024-09-22T19:52:46.693+0000] {logging_mixin.py:190} INFO - [2024-09-22T19:52:46.692+0000] {dag.py:3229} INFO - Sync 1 DAGs
[2024-09-22T19:52:46.707+0000] {logging_mixin.py:190} INFO - [2024-09-22T19:52:46.707+0000] {dag.py:4156} INFO - Setting next_dagrun for tutorial to 2024-09-21 00:00:00+00:00, run_after=2024-09-22 00:00:00+00:00
[2024-09-22T19:52:46.719+0000] {processor.py:208} INFO - Processing /home/airflow/.local/lib/python3.12/site-packages/airflow/example_dags/tutorial.py took 0.047 seconds
[2024-09-22T19:53:17.377+0000] {processor.py:186} INFO - Started process (PID=2253) to work on /home/airflow/.local/lib/python3.12/site-packages/airflow/example_dags/tutorial.py
[2024-09-22T19:53:17.379+0000] {processor.py:914} INFO - Processing file /home/airflow/.local/lib/python3.12/site-packages/airflow/example_dags/tutorial.py for tasks to queue
[2024-09-22T19:53:17.381+0000] {logging_mixin.py:190} INFO - [2024-09-22T19:53:17.381+0000] {dagbag.py:587} INFO - Filling up the DagBag from /home/airflow/.local/lib/python3.12/site-packages/airflow/example_dags/tutorial.py
[2024-09-22T19:53:17.385+0000] {processor.py:925} INFO - DAG(s) 'tutorial' retrieved from /home/airflow/.local/lib/python3.12/site-packages/airflow/example_dags/tutorial.py
[2024-09-22T19:53:17.396+0000] {logging_mixin.py:190} INFO - [2024-09-22T19:53:17.395+0000] {dag.py:3229} INFO - Sync 1 DAGs
[2024-09-22T19:53:17.409+0000] {logging_mixin.py:190} INFO - [2024-09-22T19:53:17.409+0000] {dag.py:4156} INFO - Setting next_dagrun for tutorial to 2024-09-21 00:00:00+00:00, run_after=2024-09-22 00:00:00+00:00
[2024-09-22T19:53:17.419+0000] {processor.py:208} INFO - Processing /home/airflow/.local/lib/python3.12/site-packages/airflow/example_dags/tutorial.py took 0.045 seconds
[2024-09-22T19:53:47.850+0000] {processor.py:186} INFO - Started process (PID=2315) to work on /home/airflow/.local/lib/python3.12/site-packages/airflow/example_dags/tutorial.py
[2024-09-22T19:53:47.851+0000] {processor.py:914} INFO - Processing file /home/airflow/.local/lib/python3.12/site-packages/airflow/example_dags/tutorial.py for tasks to queue
[2024-09-22T19:53:47.853+0000] {logging_mixin.py:190} INFO - [2024-09-22T19:53:47.853+0000] {dagbag.py:587} INFO - Filling up the DagBag from /home/airflow/.local/lib/python3.12/site-packages/airflow/example_dags/tutorial.py
[2024-09-22T19:53:47.858+0000] {processor.py:925} INFO - DAG(s) 'tutorial' retrieved from /home/airflow/.local/lib/python3.12/site-packages/airflow/example_dags/tutorial.py
[2024-09-22T19:53:47.868+0000] {logging_mixin.py:190} INFO - [2024-09-22T19:53:47.868+0000] {dag.py:3229} INFO - Sync 1 DAGs
[2024-09-22T19:53:47.880+0000] {logging_mixin.py:190} INFO - [2024-09-22T19:53:47.880+0000] {dag.py:4156} INFO - Setting next_dagrun for tutorial to 2024-09-21 00:00:00+00:00, run_after=2024-09-22 00:00:00+00:00
[2024-09-22T19:53:47.889+0000] {processor.py:208} INFO - Processing /home/airflow/.local/lib/python3.12/site-packages/airflow/example_dags/tutorial.py took 0.043 seconds
[2024-09-22T19:54:18.512+0000] {processor.py:186} INFO - Started process (PID=2377) to work on /home/airflow/.local/lib/python3.12/site-packages/airflow/example_dags/tutorial.py
[2024-09-22T19:54:18.513+0000] {processor.py:914} INFO - Processing file /home/airflow/.local/lib/python3.12/site-packages/airflow/example_dags/tutorial.py for tasks to queue
[2024-09-22T19:54:18.514+0000] {logging_mixin.py:190} INFO - [2024-09-22T19:54:18.514+0000] {dagbag.py:587} INFO - Filling up the DagBag from /home/airflow/.local/lib/python3.12/site-packages/airflow/example_dags/tutorial.py
[2024-09-22T19:54:18.519+0000] {processor.py:925} INFO - DAG(s) 'tutorial' retrieved from /home/airflow/.local/lib/python3.12/site-packages/airflow/example_dags/tutorial.py
[2024-09-22T19:54:18.529+0000] {logging_mixin.py:190} INFO - [2024-09-22T19:54:18.529+0000] {dag.py:3229} INFO - Sync 1 DAGs
[2024-09-22T19:54:18.541+0000] {logging_mixin.py:190} INFO - [2024-09-22T19:54:18.541+0000] {dag.py:4156} INFO - Setting next_dagrun for tutorial to 2024-09-21 00:00:00+00:00, run_after=2024-09-22 00:00:00+00:00
[2024-09-22T19:54:18.552+0000] {processor.py:208} INFO - Processing /home/airflow/.local/lib/python3.12/site-packages/airflow/example_dags/tutorial.py took 0.043 seconds
[2024-09-22T19:54:49.065+0000] {processor.py:186} INFO - Started process (PID=2439) to work on /home/airflow/.local/lib/python3.12/site-packages/airflow/example_dags/tutorial.py
[2024-09-22T19:54:49.066+0000] {processor.py:914} INFO - Processing file /home/airflow/.local/lib/python3.12/site-packages/airflow/example_dags/tutorial.py for tasks to queue
[2024-09-22T19:54:49.069+0000] {logging_mixin.py:190} INFO - [2024-09-22T19:54:49.069+0000] {dagbag.py:587} INFO - Filling up the DagBag from /home/airflow/.local/lib/python3.12/site-packages/airflow/example_dags/tutorial.py
[2024-09-22T19:54:49.073+0000] {processor.py:925} INFO - DAG(s) 'tutorial' retrieved from /home/airflow/.local/lib/python3.12/site-packages/airflow/example_dags/tutorial.py
[2024-09-22T19:54:49.083+0000] {logging_mixin.py:190} INFO - [2024-09-22T19:54:49.083+0000] {dag.py:3229} INFO - Sync 1 DAGs
[2024-09-22T19:54:49.095+0000] {logging_mixin.py:190} INFO - [2024-09-22T19:54:49.095+0000] {dag.py:4156} INFO - Setting next_dagrun for tutorial to 2024-09-21 00:00:00+00:00, run_after=2024-09-22 00:00:00+00:00
[2024-09-22T19:54:49.106+0000] {processor.py:208} INFO - Processing /home/airflow/.local/lib/python3.12/site-packages/airflow/example_dags/tutorial.py took 0.044 seconds
[2024-09-22T19:55:19.595+0000] {processor.py:186} INFO - Started process (PID=2501) to work on /home/airflow/.local/lib/python3.12/site-packages/airflow/example_dags/tutorial.py
[2024-09-22T19:55:19.596+0000] {processor.py:914} INFO - Processing file /home/airflow/.local/lib/python3.12/site-packages/airflow/example_dags/tutorial.py for tasks to queue
[2024-09-22T19:55:19.597+0000] {logging_mixin.py:190} INFO - [2024-09-22T19:55:19.597+0000] {dagbag.py:587} INFO - Filling up the DagBag from /home/airflow/.local/lib/python3.12/site-packages/airflow/example_dags/tutorial.py
[2024-09-22T19:55:19.601+0000] {processor.py:925} INFO - DAG(s) 'tutorial' retrieved from /home/airflow/.local/lib/python3.12/site-packages/airflow/example_dags/tutorial.py
[2024-09-22T19:55:19.612+0000] {logging_mixin.py:190} INFO - [2024-09-22T19:55:19.612+0000] {dag.py:3229} INFO - Sync 1 DAGs
[2024-09-22T19:55:19.626+0000] {logging_mixin.py:190} INFO - [2024-09-22T19:55:19.626+0000] {dag.py:4156} INFO - Setting next_dagrun for tutorial to 2024-09-21 00:00:00+00:00, run_after=2024-09-22 00:00:00+00:00
[2024-09-22T19:55:19.635+0000] {processor.py:208} INFO - Processing /home/airflow/.local/lib/python3.12/site-packages/airflow/example_dags/tutorial.py took 0.043 seconds
[2024-09-22T19:55:50.103+0000] {processor.py:186} INFO - Started process (PID=2563) to work on /home/airflow/.local/lib/python3.12/site-packages/airflow/example_dags/tutorial.py
[2024-09-22T19:55:50.103+0000] {processor.py:914} INFO - Processing file /home/airflow/.local/lib/python3.12/site-packages/airflow/example_dags/tutorial.py for tasks to queue
[2024-09-22T19:55:50.104+0000] {logging_mixin.py:190} INFO - [2024-09-22T19:55:50.104+0000] {dagbag.py:587} INFO - Filling up the DagBag from /home/airflow/.local/lib/python3.12/site-packages/airflow/example_dags/tutorial.py
[2024-09-22T19:55:50.109+0000] {processor.py:925} INFO - DAG(s) 'tutorial' retrieved from /home/airflow/.local/lib/python3.12/site-packages/airflow/example_dags/tutorial.py
[2024-09-22T19:55:50.131+0000] {logging_mixin.py:190} INFO - [2024-09-22T19:55:50.131+0000] {dag.py:3229} INFO - Sync 1 DAGs
[2024-09-22T19:55:50.145+0000] {logging_mixin.py:190} INFO - [2024-09-22T19:55:50.145+0000] {dag.py:4156} INFO - Setting next_dagrun for tutorial to 2024-09-21 00:00:00+00:00, run_after=2024-09-22 00:00:00+00:00
[2024-09-22T19:55:50.165+0000] {processor.py:208} INFO - Processing /home/airflow/.local/lib/python3.12/site-packages/airflow/example_dags/tutorial.py took 0.066 seconds
[2024-09-22T19:56:20.992+0000] {processor.py:186} INFO - Started process (PID=2625) to work on /home/airflow/.local/lib/python3.12/site-packages/airflow/example_dags/tutorial.py
[2024-09-22T19:56:20.994+0000] {processor.py:914} INFO - Processing file /home/airflow/.local/lib/python3.12/site-packages/airflow/example_dags/tutorial.py for tasks to queue
[2024-09-22T19:56:20.996+0000] {logging_mixin.py:190} INFO - [2024-09-22T19:56:20.996+0000] {dagbag.py:587} INFO - Filling up the DagBag from /home/airflow/.local/lib/python3.12/site-packages/airflow/example_dags/tutorial.py
[2024-09-22T19:56:21.000+0000] {processor.py:925} INFO - DAG(s) 'tutorial' retrieved from /home/airflow/.local/lib/python3.12/site-packages/airflow/example_dags/tutorial.py
[2024-09-22T19:56:21.010+0000] {logging_mixin.py:190} INFO - [2024-09-22T19:56:21.010+0000] {dag.py:3229} INFO - Sync 1 DAGs
[2024-09-22T19:56:21.022+0000] {logging_mixin.py:190} INFO - [2024-09-22T19:56:21.022+0000] {dag.py:4156} INFO - Setting next_dagrun for tutorial to 2024-09-21 00:00:00+00:00, run_after=2024-09-22 00:00:00+00:00
[2024-09-22T19:56:21.031+0000] {processor.py:208} INFO - Processing /home/airflow/.local/lib/python3.12/site-packages/airflow/example_dags/tutorial.py took 0.042 seconds
[2024-09-22T19:56:51.754+0000] {processor.py:186} INFO - Started process (PID=2687) to work on /home/airflow/.local/lib/python3.12/site-packages/airflow/example_dags/tutorial.py
[2024-09-22T19:56:51.755+0000] {processor.py:914} INFO - Processing file /home/airflow/.local/lib/python3.12/site-packages/airflow/example_dags/tutorial.py for tasks to queue
[2024-09-22T19:56:51.757+0000] {logging_mixin.py:190} INFO - [2024-09-22T19:56:51.757+0000] {dagbag.py:587} INFO - Filling up the DagBag from /home/airflow/.local/lib/python3.12/site-packages/airflow/example_dags/tutorial.py
[2024-09-22T19:56:51.761+0000] {processor.py:925} INFO - DAG(s) 'tutorial' retrieved from /home/airflow/.local/lib/python3.12/site-packages/airflow/example_dags/tutorial.py
[2024-09-22T19:56:51.773+0000] {logging_mixin.py:190} INFO - [2024-09-22T19:56:51.773+0000] {dag.py:3229} INFO - Sync 1 DAGs
[2024-09-22T19:56:51.787+0000] {logging_mixin.py:190} INFO - [2024-09-22T19:56:51.787+0000] {dag.py:4156} INFO - Setting next_dagrun for tutorial to 2024-09-21 00:00:00+00:00, run_after=2024-09-22 00:00:00+00:00
[2024-09-22T19:56:51.796+0000] {processor.py:208} INFO - Processing /home/airflow/.local/lib/python3.12/site-packages/airflow/example_dags/tutorial.py took 0.045 seconds
[2024-09-22T19:57:22.560+0000] {processor.py:186} INFO - Started process (PID=2749) to work on /home/airflow/.local/lib/python3.12/site-packages/airflow/example_dags/tutorial.py
[2024-09-22T19:57:22.561+0000] {processor.py:914} INFO - Processing file /home/airflow/.local/lib/python3.12/site-packages/airflow/example_dags/tutorial.py for tasks to queue
[2024-09-22T19:57:22.562+0000] {logging_mixin.py:190} INFO - [2024-09-22T19:57:22.562+0000] {dagbag.py:587} INFO - Filling up the DagBag from /home/airflow/.local/lib/python3.12/site-packages/airflow/example_dags/tutorial.py
[2024-09-22T19:57:22.567+0000] {processor.py:925} INFO - DAG(s) 'tutorial' retrieved from /home/airflow/.local/lib/python3.12/site-packages/airflow/example_dags/tutorial.py
[2024-09-22T19:57:22.580+0000] {logging_mixin.py:190} INFO - [2024-09-22T19:57:22.580+0000] {dag.py:3229} INFO - Sync 1 DAGs
[2024-09-22T19:57:22.592+0000] {logging_mixin.py:190} INFO - [2024-09-22T19:57:22.591+0000] {dag.py:4156} INFO - Setting next_dagrun for tutorial to 2024-09-21 00:00:00+00:00, run_after=2024-09-22 00:00:00+00:00
[2024-09-22T19:57:22.603+0000] {processor.py:208} INFO - Processing /home/airflow/.local/lib/python3.12/site-packages/airflow/example_dags/tutorial.py took 0.046 seconds
[2024-09-22T19:57:53.994+0000] {processor.py:186} INFO - Started process (PID=2811) to work on /home/airflow/.local/lib/python3.12/site-packages/airflow/example_dags/tutorial.py
[2024-09-22T19:57:53.995+0000] {processor.py:914} INFO - Processing file /home/airflow/.local/lib/python3.12/site-packages/airflow/example_dags/tutorial.py for tasks to queue
[2024-09-22T19:57:53.997+0000] {logging_mixin.py:190} INFO - [2024-09-22T19:57:53.997+0000] {dagbag.py:587} INFO - Filling up the DagBag from /home/airflow/.local/lib/python3.12/site-packages/airflow/example_dags/tutorial.py
[2024-09-22T19:57:54.002+0000] {processor.py:925} INFO - DAG(s) 'tutorial' retrieved from /home/airflow/.local/lib/python3.12/site-packages/airflow/example_dags/tutorial.py
[2024-09-22T19:57:54.015+0000] {logging_mixin.py:190} INFO - [2024-09-22T19:57:54.015+0000] {dag.py:3229} INFO - Sync 1 DAGs
[2024-09-22T19:57:54.029+0000] {logging_mixin.py:190} INFO - [2024-09-22T19:57:54.029+0000] {dag.py:4156} INFO - Setting next_dagrun for tutorial to 2024-09-21 00:00:00+00:00, run_after=2024-09-22 00:00:00+00:00
[2024-09-22T19:57:54.040+0000] {processor.py:208} INFO - Processing /home/airflow/.local/lib/python3.12/site-packages/airflow/example_dags/tutorial.py took 0.049 seconds
[2024-09-22T20:46:45.924+0000] {processor.py:186} INFO - Started process (PID=2872) to work on /home/airflow/.local/lib/python3.12/site-packages/airflow/example_dags/tutorial.py
[2024-09-22T20:46:45.925+0000] {processor.py:914} INFO - Processing file /home/airflow/.local/lib/python3.12/site-packages/airflow/example_dags/tutorial.py for tasks to queue
[2024-09-22T20:46:45.927+0000] {logging_mixin.py:190} INFO - [2024-09-22T20:46:45.927+0000] {dagbag.py:587} INFO - Filling up the DagBag from /home/airflow/.local/lib/python3.12/site-packages/airflow/example_dags/tutorial.py
[2024-09-22T20:46:45.933+0000] {processor.py:925} INFO - DAG(s) 'tutorial' retrieved from /home/airflow/.local/lib/python3.12/site-packages/airflow/example_dags/tutorial.py
[2024-09-22T20:46:45.942+0000] {logging_mixin.py:190} INFO - [2024-09-22T20:46:45.942+0000] {dag.py:3229} INFO - Sync 1 DAGs
[2024-09-22T20:46:45.954+0000] {logging_mixin.py:190} INFO - [2024-09-22T20:46:45.953+0000] {dag.py:4156} INFO - Setting next_dagrun for tutorial to 2024-09-21 00:00:00+00:00, run_after=2024-09-22 00:00:00+00:00
[2024-09-22T20:46:46.100+0000] {processor.py:208} INFO - Processing /home/airflow/.local/lib/python3.12/site-packages/airflow/example_dags/tutorial.py took 0.179 seconds
[2024-09-22T21:58:48.098+0000] {processor.py:186} INFO - Started process (PID=2934) to work on /home/airflow/.local/lib/python3.12/site-packages/airflow/example_dags/tutorial.py
[2024-09-22T21:58:48.101+0000] {processor.py:914} INFO - Processing file /home/airflow/.local/lib/python3.12/site-packages/airflow/example_dags/tutorial.py for tasks to queue
[2024-09-22T21:58:48.102+0000] {logging_mixin.py:190} INFO - [2024-09-22T21:58:48.102+0000] {dagbag.py:587} INFO - Filling up the DagBag from /home/airflow/.local/lib/python3.12/site-packages/airflow/example_dags/tutorial.py
[2024-09-22T21:58:48.107+0000] {processor.py:925} INFO - DAG(s) 'tutorial' retrieved from /home/airflow/.local/lib/python3.12/site-packages/airflow/example_dags/tutorial.py
[2024-09-22T21:58:48.117+0000] {logging_mixin.py:190} INFO - [2024-09-22T21:58:48.117+0000] {dag.py:3229} INFO - Sync 1 DAGs
[2024-09-22T21:58:48.129+0000] {logging_mixin.py:190} INFO - [2024-09-22T21:58:48.129+0000] {dag.py:4156} INFO - Setting next_dagrun for tutorial to 2024-09-21 00:00:00+00:00, run_after=2024-09-22 00:00:00+00:00
[2024-09-22T21:58:48.140+0000] {processor.py:208} INFO - Processing /home/airflow/.local/lib/python3.12/site-packages/airflow/example_dags/tutorial.py took 0.045 seconds
[2024-09-22T23:25:50.668+0000] {processor.py:186} INFO - Started process (PID=2996) to work on /home/airflow/.local/lib/python3.12/site-packages/airflow/example_dags/tutorial.py
[2024-09-22T23:25:50.669+0000] {processor.py:914} INFO - Processing file /home/airflow/.local/lib/python3.12/site-packages/airflow/example_dags/tutorial.py for tasks to queue
[2024-09-22T23:25:50.670+0000] {logging_mixin.py:190} INFO - [2024-09-22T23:25:50.670+0000] {dagbag.py:587} INFO - Filling up the DagBag from /home/airflow/.local/lib/python3.12/site-packages/airflow/example_dags/tutorial.py
[2024-09-22T23:25:50.676+0000] {processor.py:925} INFO - DAG(s) 'tutorial' retrieved from /home/airflow/.local/lib/python3.12/site-packages/airflow/example_dags/tutorial.py
[2024-09-22T23:25:50.690+0000] {logging_mixin.py:190} INFO - [2024-09-22T23:25:50.690+0000] {dag.py:3229} INFO - Sync 1 DAGs
[2024-09-22T23:25:50.702+0000] {logging_mixin.py:190} INFO - [2024-09-22T23:25:50.701+0000] {dag.py:4156} INFO - Setting next_dagrun for tutorial to 2024-09-21 00:00:00+00:00, run_after=2024-09-22 00:00:00+00:00
[2024-09-22T23:25:50.711+0000] {processor.py:208} INFO - Processing /home/airflow/.local/lib/python3.12/site-packages/airflow/example_dags/tutorial.py took 0.046 seconds
