[2024-09-22T19:35:31.786+0000] {processor.py:186} INFO - Started process (PID=91) to work on /home/airflow/.local/lib/python3.12/site-packages/airflow/example_dags/tutorial_dag.py
[2024-09-22T19:35:31.787+0000] {processor.py:914} INFO - Processing file /home/airflow/.local/lib/python3.12/site-packages/airflow/example_dags/tutorial_dag.py for tasks to queue
[2024-09-22T19:35:31.788+0000] {logging_mixin.py:190} INFO - [2024-09-22T19:35:31.788+0000] {dagbag.py:587} INFO - Filling up the DagBag from /home/airflow/.local/lib/python3.12/site-packages/airflow/example_dags/tutorial_dag.py
[2024-09-22T19:35:31.796+0000] {processor.py:925} INFO - DAG(s) 'tutorial_dag' retrieved from /home/airflow/.local/lib/python3.12/site-packages/airflow/example_dags/tutorial_dag.py
[2024-09-22T19:35:31.854+0000] {logging_mixin.py:190} INFO - [2024-09-22T19:35:31.853+0000] {override.py:1900} INFO - Created Permission View: can read on DAG:tutorial_dag
[2024-09-22T19:35:31.859+0000] {logging_mixin.py:190} INFO - [2024-09-22T19:35:31.858+0000] {override.py:1900} INFO - Created Permission View: can edit on DAG:tutorial_dag
[2024-09-22T19:35:31.862+0000] {logging_mixin.py:190} INFO - [2024-09-22T19:35:31.862+0000] {override.py:1900} INFO - Created Permission View: can delete on DAG:tutorial_dag
[2024-09-22T19:35:31.869+0000] {logging_mixin.py:190} INFO - [2024-09-22T19:35:31.868+0000] {override.py:1900} INFO - Created Permission View: can read on DAG Run:tutorial_dag
[2024-09-22T19:35:31.872+0000] {logging_mixin.py:190} INFO - [2024-09-22T19:35:31.872+0000] {override.py:1900} INFO - Created Permission View: menu access on DAG Run:tutorial_dag
[2024-09-22T19:35:31.877+0000] {logging_mixin.py:190} INFO - [2024-09-22T19:35:31.877+0000] {override.py:1900} INFO - Created Permission View: can delete on DAG Run:tutorial_dag
[2024-09-22T19:35:31.881+0000] {logging_mixin.py:190} INFO - [2024-09-22T19:35:31.881+0000] {override.py:1900} INFO - Created Permission View: can create on DAG Run:tutorial_dag
[2024-09-22T19:35:31.882+0000] {logging_mixin.py:190} INFO - [2024-09-22T19:35:31.881+0000] {dag.py:3229} INFO - Sync 1 DAGs
[2024-09-22T19:35:31.893+0000] {logging_mixin.py:190} INFO - [2024-09-22T19:35:31.893+0000] {dag.py:3252} INFO - Creating ORM DAG for tutorial_dag
[2024-09-22T19:35:31.893+0000] {logging_mixin.py:190} INFO - [2024-09-22T19:35:31.893+0000] {dag.py:4156} INFO - Setting next_dagrun for tutorial_dag to None, run_after=None
[2024-09-22T19:35:31.904+0000] {processor.py:208} INFO - Processing /home/airflow/.local/lib/python3.12/site-packages/airflow/example_dags/tutorial_dag.py took 0.122 seconds
[2024-09-22T19:36:02.115+0000] {processor.py:186} INFO - Started process (PID=153) to work on /home/airflow/.local/lib/python3.12/site-packages/airflow/example_dags/tutorial_dag.py
[2024-09-22T19:36:02.118+0000] {processor.py:914} INFO - Processing file /home/airflow/.local/lib/python3.12/site-packages/airflow/example_dags/tutorial_dag.py for tasks to queue
[2024-09-22T19:36:02.119+0000] {logging_mixin.py:190} INFO - [2024-09-22T19:36:02.119+0000] {dagbag.py:587} INFO - Filling up the DagBag from /home/airflow/.local/lib/python3.12/site-packages/airflow/example_dags/tutorial_dag.py
[2024-09-22T19:36:02.125+0000] {processor.py:925} INFO - DAG(s) 'tutorial_dag' retrieved from /home/airflow/.local/lib/python3.12/site-packages/airflow/example_dags/tutorial_dag.py
[2024-09-22T19:36:02.144+0000] {logging_mixin.py:190} INFO - [2024-09-22T19:36:02.144+0000] {dag.py:3229} INFO - Sync 1 DAGs
[2024-09-22T19:36:02.154+0000] {logging_mixin.py:190} INFO - [2024-09-22T19:36:02.154+0000] {dag.py:4156} INFO - Setting next_dagrun for tutorial_dag to None, run_after=None
[2024-09-22T19:36:02.171+0000] {processor.py:208} INFO - Processing /home/airflow/.local/lib/python3.12/site-packages/airflow/example_dags/tutorial_dag.py took 0.061 seconds
[2024-09-22T19:36:32.489+0000] {processor.py:186} INFO - Started process (PID=215) to work on /home/airflow/.local/lib/python3.12/site-packages/airflow/example_dags/tutorial_dag.py
[2024-09-22T19:36:32.490+0000] {processor.py:914} INFO - Processing file /home/airflow/.local/lib/python3.12/site-packages/airflow/example_dags/tutorial_dag.py for tasks to queue
[2024-09-22T19:36:32.492+0000] {logging_mixin.py:190} INFO - [2024-09-22T19:36:32.491+0000] {dagbag.py:587} INFO - Filling up the DagBag from /home/airflow/.local/lib/python3.12/site-packages/airflow/example_dags/tutorial_dag.py
[2024-09-22T19:36:32.497+0000] {processor.py:925} INFO - DAG(s) 'tutorial_dag' retrieved from /home/airflow/.local/lib/python3.12/site-packages/airflow/example_dags/tutorial_dag.py
[2024-09-22T19:36:32.510+0000] {logging_mixin.py:190} INFO - [2024-09-22T19:36:32.510+0000] {dag.py:3229} INFO - Sync 1 DAGs
[2024-09-22T19:36:32.517+0000] {logging_mixin.py:190} INFO - [2024-09-22T19:36:32.517+0000] {dag.py:4156} INFO - Setting next_dagrun for tutorial_dag to None, run_after=None
[2024-09-22T19:36:32.534+0000] {processor.py:208} INFO - Processing /home/airflow/.local/lib/python3.12/site-packages/airflow/example_dags/tutorial_dag.py took 0.048 seconds
[2024-09-22T19:37:03.137+0000] {processor.py:186} INFO - Started process (PID=277) to work on /home/airflow/.local/lib/python3.12/site-packages/airflow/example_dags/tutorial_dag.py
[2024-09-22T19:37:03.139+0000] {processor.py:914} INFO - Processing file /home/airflow/.local/lib/python3.12/site-packages/airflow/example_dags/tutorial_dag.py for tasks to queue
[2024-09-22T19:37:03.140+0000] {logging_mixin.py:190} INFO - [2024-09-22T19:37:03.140+0000] {dagbag.py:587} INFO - Filling up the DagBag from /home/airflow/.local/lib/python3.12/site-packages/airflow/example_dags/tutorial_dag.py
[2024-09-22T19:37:03.147+0000] {processor.py:925} INFO - DAG(s) 'tutorial_dag' retrieved from /home/airflow/.local/lib/python3.12/site-packages/airflow/example_dags/tutorial_dag.py
[2024-09-22T19:37:03.165+0000] {logging_mixin.py:190} INFO - [2024-09-22T19:37:03.165+0000] {dag.py:3229} INFO - Sync 1 DAGs
[2024-09-22T19:37:03.176+0000] {logging_mixin.py:190} INFO - [2024-09-22T19:37:03.176+0000] {dag.py:4156} INFO - Setting next_dagrun for tutorial_dag to None, run_after=None
[2024-09-22T19:37:03.192+0000] {processor.py:208} INFO - Processing /home/airflow/.local/lib/python3.12/site-packages/airflow/example_dags/tutorial_dag.py took 0.060 seconds
[2024-09-22T19:37:33.665+0000] {processor.py:186} INFO - Started process (PID=339) to work on /home/airflow/.local/lib/python3.12/site-packages/airflow/example_dags/tutorial_dag.py
[2024-09-22T19:37:33.666+0000] {processor.py:914} INFO - Processing file /home/airflow/.local/lib/python3.12/site-packages/airflow/example_dags/tutorial_dag.py for tasks to queue
[2024-09-22T19:37:33.667+0000] {logging_mixin.py:190} INFO - [2024-09-22T19:37:33.667+0000] {dagbag.py:587} INFO - Filling up the DagBag from /home/airflow/.local/lib/python3.12/site-packages/airflow/example_dags/tutorial_dag.py
[2024-09-22T19:37:33.671+0000] {processor.py:925} INFO - DAG(s) 'tutorial_dag' retrieved from /home/airflow/.local/lib/python3.12/site-packages/airflow/example_dags/tutorial_dag.py
[2024-09-22T19:37:33.681+0000] {logging_mixin.py:190} INFO - [2024-09-22T19:37:33.681+0000] {dag.py:3229} INFO - Sync 1 DAGs
[2024-09-22T19:37:33.688+0000] {logging_mixin.py:190} INFO - [2024-09-22T19:37:33.688+0000] {dag.py:4156} INFO - Setting next_dagrun for tutorial_dag to None, run_after=None
[2024-09-22T19:37:33.699+0000] {processor.py:208} INFO - Processing /home/airflow/.local/lib/python3.12/site-packages/airflow/example_dags/tutorial_dag.py took 0.036 seconds
[2024-09-22T19:38:03.923+0000] {processor.py:186} INFO - Started process (PID=401) to work on /home/airflow/.local/lib/python3.12/site-packages/airflow/example_dags/tutorial_dag.py
[2024-09-22T19:38:03.924+0000] {processor.py:914} INFO - Processing file /home/airflow/.local/lib/python3.12/site-packages/airflow/example_dags/tutorial_dag.py for tasks to queue
[2024-09-22T19:38:03.926+0000] {logging_mixin.py:190} INFO - [2024-09-22T19:38:03.926+0000] {dagbag.py:587} INFO - Filling up the DagBag from /home/airflow/.local/lib/python3.12/site-packages/airflow/example_dags/tutorial_dag.py
[2024-09-22T19:38:03.930+0000] {processor.py:925} INFO - DAG(s) 'tutorial_dag' retrieved from /home/airflow/.local/lib/python3.12/site-packages/airflow/example_dags/tutorial_dag.py
[2024-09-22T19:38:03.943+0000] {logging_mixin.py:190} INFO - [2024-09-22T19:38:03.942+0000] {dag.py:3229} INFO - Sync 1 DAGs
[2024-09-22T19:38:03.950+0000] {logging_mixin.py:190} INFO - [2024-09-22T19:38:03.950+0000] {dag.py:4156} INFO - Setting next_dagrun for tutorial_dag to None, run_after=None
[2024-09-22T19:38:03.960+0000] {processor.py:208} INFO - Processing /home/airflow/.local/lib/python3.12/site-packages/airflow/example_dags/tutorial_dag.py took 0.040 seconds
[2024-09-22T19:38:34.554+0000] {processor.py:186} INFO - Started process (PID=463) to work on /home/airflow/.local/lib/python3.12/site-packages/airflow/example_dags/tutorial_dag.py
[2024-09-22T19:38:34.555+0000] {processor.py:914} INFO - Processing file /home/airflow/.local/lib/python3.12/site-packages/airflow/example_dags/tutorial_dag.py for tasks to queue
[2024-09-22T19:38:34.557+0000] {logging_mixin.py:190} INFO - [2024-09-22T19:38:34.557+0000] {dagbag.py:587} INFO - Filling up the DagBag from /home/airflow/.local/lib/python3.12/site-packages/airflow/example_dags/tutorial_dag.py
[2024-09-22T19:38:34.561+0000] {processor.py:925} INFO - DAG(s) 'tutorial_dag' retrieved from /home/airflow/.local/lib/python3.12/site-packages/airflow/example_dags/tutorial_dag.py
[2024-09-22T19:38:34.574+0000] {logging_mixin.py:190} INFO - [2024-09-22T19:38:34.574+0000] {dag.py:3229} INFO - Sync 1 DAGs
[2024-09-22T19:38:34.582+0000] {logging_mixin.py:190} INFO - [2024-09-22T19:38:34.582+0000] {dag.py:4156} INFO - Setting next_dagrun for tutorial_dag to None, run_after=None
[2024-09-22T19:38:34.593+0000] {processor.py:208} INFO - Processing /home/airflow/.local/lib/python3.12/site-packages/airflow/example_dags/tutorial_dag.py took 0.042 seconds
[2024-09-22T19:39:04.881+0000] {processor.py:186} INFO - Started process (PID=525) to work on /home/airflow/.local/lib/python3.12/site-packages/airflow/example_dags/tutorial_dag.py
[2024-09-22T19:39:04.881+0000] {processor.py:914} INFO - Processing file /home/airflow/.local/lib/python3.12/site-packages/airflow/example_dags/tutorial_dag.py for tasks to queue
[2024-09-22T19:39:04.883+0000] {logging_mixin.py:190} INFO - [2024-09-22T19:39:04.883+0000] {dagbag.py:587} INFO - Filling up the DagBag from /home/airflow/.local/lib/python3.12/site-packages/airflow/example_dags/tutorial_dag.py
[2024-09-22T19:39:04.886+0000] {processor.py:925} INFO - DAG(s) 'tutorial_dag' retrieved from /home/airflow/.local/lib/python3.12/site-packages/airflow/example_dags/tutorial_dag.py
[2024-09-22T19:39:04.899+0000] {logging_mixin.py:190} INFO - [2024-09-22T19:39:04.899+0000] {dag.py:3229} INFO - Sync 1 DAGs
[2024-09-22T19:39:04.907+0000] {logging_mixin.py:190} INFO - [2024-09-22T19:39:04.907+0000] {dag.py:4156} INFO - Setting next_dagrun for tutorial_dag to None, run_after=None
[2024-09-22T19:39:04.921+0000] {processor.py:208} INFO - Processing /home/airflow/.local/lib/python3.12/site-packages/airflow/example_dags/tutorial_dag.py took 0.044 seconds
[2024-09-22T19:39:35.175+0000] {processor.py:186} INFO - Started process (PID=587) to work on /home/airflow/.local/lib/python3.12/site-packages/airflow/example_dags/tutorial_dag.py
[2024-09-22T19:39:35.176+0000] {processor.py:914} INFO - Processing file /home/airflow/.local/lib/python3.12/site-packages/airflow/example_dags/tutorial_dag.py for tasks to queue
[2024-09-22T19:39:35.177+0000] {logging_mixin.py:190} INFO - [2024-09-22T19:39:35.177+0000] {dagbag.py:587} INFO - Filling up the DagBag from /home/airflow/.local/lib/python3.12/site-packages/airflow/example_dags/tutorial_dag.py
[2024-09-22T19:39:35.181+0000] {processor.py:925} INFO - DAG(s) 'tutorial_dag' retrieved from /home/airflow/.local/lib/python3.12/site-packages/airflow/example_dags/tutorial_dag.py
[2024-09-22T19:39:35.192+0000] {logging_mixin.py:190} INFO - [2024-09-22T19:39:35.192+0000] {dag.py:3229} INFO - Sync 1 DAGs
[2024-09-22T19:39:35.200+0000] {logging_mixin.py:190} INFO - [2024-09-22T19:39:35.199+0000] {dag.py:4156} INFO - Setting next_dagrun for tutorial_dag to None, run_after=None
[2024-09-22T19:39:35.211+0000] {processor.py:208} INFO - Processing /home/airflow/.local/lib/python3.12/site-packages/airflow/example_dags/tutorial_dag.py took 0.039 seconds
[2024-09-22T19:40:05.419+0000] {processor.py:186} INFO - Started process (PID=649) to work on /home/airflow/.local/lib/python3.12/site-packages/airflow/example_dags/tutorial_dag.py
[2024-09-22T19:40:05.419+0000] {processor.py:914} INFO - Processing file /home/airflow/.local/lib/python3.12/site-packages/airflow/example_dags/tutorial_dag.py for tasks to queue
[2024-09-22T19:40:05.421+0000] {logging_mixin.py:190} INFO - [2024-09-22T19:40:05.421+0000] {dagbag.py:587} INFO - Filling up the DagBag from /home/airflow/.local/lib/python3.12/site-packages/airflow/example_dags/tutorial_dag.py
[2024-09-22T19:40:05.425+0000] {processor.py:925} INFO - DAG(s) 'tutorial_dag' retrieved from /home/airflow/.local/lib/python3.12/site-packages/airflow/example_dags/tutorial_dag.py
[2024-09-22T19:40:05.435+0000] {logging_mixin.py:190} INFO - [2024-09-22T19:40:05.435+0000] {dag.py:3229} INFO - Sync 1 DAGs
[2024-09-22T19:40:05.443+0000] {logging_mixin.py:190} INFO - [2024-09-22T19:40:05.443+0000] {dag.py:4156} INFO - Setting next_dagrun for tutorial_dag to None, run_after=None
[2024-09-22T19:40:05.453+0000] {processor.py:208} INFO - Processing /home/airflow/.local/lib/python3.12/site-packages/airflow/example_dags/tutorial_dag.py took 0.037 seconds
[2024-09-22T19:40:35.622+0000] {processor.py:186} INFO - Started process (PID=711) to work on /home/airflow/.local/lib/python3.12/site-packages/airflow/example_dags/tutorial_dag.py
[2024-09-22T19:40:35.623+0000] {processor.py:914} INFO - Processing file /home/airflow/.local/lib/python3.12/site-packages/airflow/example_dags/tutorial_dag.py for tasks to queue
[2024-09-22T19:40:35.624+0000] {logging_mixin.py:190} INFO - [2024-09-22T19:40:35.624+0000] {dagbag.py:587} INFO - Filling up the DagBag from /home/airflow/.local/lib/python3.12/site-packages/airflow/example_dags/tutorial_dag.py
[2024-09-22T19:40:35.628+0000] {processor.py:925} INFO - DAG(s) 'tutorial_dag' retrieved from /home/airflow/.local/lib/python3.12/site-packages/airflow/example_dags/tutorial_dag.py
[2024-09-22T19:40:35.641+0000] {logging_mixin.py:190} INFO - [2024-09-22T19:40:35.641+0000] {dag.py:3229} INFO - Sync 1 DAGs
[2024-09-22T19:40:35.649+0000] {logging_mixin.py:190} INFO - [2024-09-22T19:40:35.649+0000] {dag.py:4156} INFO - Setting next_dagrun for tutorial_dag to None, run_after=None
[2024-09-22T19:40:35.657+0000] {processor.py:208} INFO - Processing /home/airflow/.local/lib/python3.12/site-packages/airflow/example_dags/tutorial_dag.py took 0.039 seconds
[2024-09-22T19:41:05.984+0000] {processor.py:186} INFO - Started process (PID=773) to work on /home/airflow/.local/lib/python3.12/site-packages/airflow/example_dags/tutorial_dag.py
[2024-09-22T19:41:05.986+0000] {processor.py:914} INFO - Processing file /home/airflow/.local/lib/python3.12/site-packages/airflow/example_dags/tutorial_dag.py for tasks to queue
[2024-09-22T19:41:05.987+0000] {logging_mixin.py:190} INFO - [2024-09-22T19:41:05.987+0000] {dagbag.py:587} INFO - Filling up the DagBag from /home/airflow/.local/lib/python3.12/site-packages/airflow/example_dags/tutorial_dag.py
[2024-09-22T19:41:05.991+0000] {processor.py:925} INFO - DAG(s) 'tutorial_dag' retrieved from /home/airflow/.local/lib/python3.12/site-packages/airflow/example_dags/tutorial_dag.py
[2024-09-22T19:41:06.000+0000] {logging_mixin.py:190} INFO - [2024-09-22T19:41:06.000+0000] {dag.py:3229} INFO - Sync 1 DAGs
[2024-09-22T19:41:06.008+0000] {logging_mixin.py:190} INFO - [2024-09-22T19:41:06.008+0000] {dag.py:4156} INFO - Setting next_dagrun for tutorial_dag to None, run_after=None
[2024-09-22T19:41:06.017+0000] {processor.py:208} INFO - Processing /home/airflow/.local/lib/python3.12/site-packages/airflow/example_dags/tutorial_dag.py took 0.036 seconds
[2024-09-22T19:41:36.170+0000] {processor.py:186} INFO - Started process (PID=835) to work on /home/airflow/.local/lib/python3.12/site-packages/airflow/example_dags/tutorial_dag.py
[2024-09-22T19:41:36.172+0000] {processor.py:914} INFO - Processing file /home/airflow/.local/lib/python3.12/site-packages/airflow/example_dags/tutorial_dag.py for tasks to queue
[2024-09-22T19:41:36.174+0000] {logging_mixin.py:190} INFO - [2024-09-22T19:41:36.174+0000] {dagbag.py:587} INFO - Filling up the DagBag from /home/airflow/.local/lib/python3.12/site-packages/airflow/example_dags/tutorial_dag.py
[2024-09-22T19:41:36.178+0000] {processor.py:925} INFO - DAG(s) 'tutorial_dag' retrieved from /home/airflow/.local/lib/python3.12/site-packages/airflow/example_dags/tutorial_dag.py
[2024-09-22T19:41:36.188+0000] {logging_mixin.py:190} INFO - [2024-09-22T19:41:36.188+0000] {dag.py:3229} INFO - Sync 1 DAGs
[2024-09-22T19:41:36.195+0000] {logging_mixin.py:190} INFO - [2024-09-22T19:41:36.195+0000] {dag.py:4156} INFO - Setting next_dagrun for tutorial_dag to None, run_after=None
[2024-09-22T19:41:36.203+0000] {processor.py:208} INFO - Processing /home/airflow/.local/lib/python3.12/site-packages/airflow/example_dags/tutorial_dag.py took 0.037 seconds
[2024-09-22T19:42:06.554+0000] {processor.py:186} INFO - Started process (PID=897) to work on /home/airflow/.local/lib/python3.12/site-packages/airflow/example_dags/tutorial_dag.py
[2024-09-22T19:42:06.557+0000] {processor.py:914} INFO - Processing file /home/airflow/.local/lib/python3.12/site-packages/airflow/example_dags/tutorial_dag.py for tasks to queue
[2024-09-22T19:42:06.558+0000] {logging_mixin.py:190} INFO - [2024-09-22T19:42:06.558+0000] {dagbag.py:587} INFO - Filling up the DagBag from /home/airflow/.local/lib/python3.12/site-packages/airflow/example_dags/tutorial_dag.py
[2024-09-22T19:42:06.562+0000] {processor.py:925} INFO - DAG(s) 'tutorial_dag' retrieved from /home/airflow/.local/lib/python3.12/site-packages/airflow/example_dags/tutorial_dag.py
[2024-09-22T19:42:06.573+0000] {logging_mixin.py:190} INFO - [2024-09-22T19:42:06.572+0000] {dag.py:3229} INFO - Sync 1 DAGs
[2024-09-22T19:42:06.580+0000] {logging_mixin.py:190} INFO - [2024-09-22T19:42:06.579+0000] {dag.py:4156} INFO - Setting next_dagrun for tutorial_dag to None, run_after=None
[2024-09-22T19:42:06.590+0000] {processor.py:208} INFO - Processing /home/airflow/.local/lib/python3.12/site-packages/airflow/example_dags/tutorial_dag.py took 0.039 seconds
[2024-09-22T19:42:36.808+0000] {processor.py:186} INFO - Started process (PID=959) to work on /home/airflow/.local/lib/python3.12/site-packages/airflow/example_dags/tutorial_dag.py
[2024-09-22T19:42:36.809+0000] {processor.py:914} INFO - Processing file /home/airflow/.local/lib/python3.12/site-packages/airflow/example_dags/tutorial_dag.py for tasks to queue
[2024-09-22T19:42:36.812+0000] {logging_mixin.py:190} INFO - [2024-09-22T19:42:36.811+0000] {dagbag.py:587} INFO - Filling up the DagBag from /home/airflow/.local/lib/python3.12/site-packages/airflow/example_dags/tutorial_dag.py
[2024-09-22T19:42:36.816+0000] {processor.py:925} INFO - DAG(s) 'tutorial_dag' retrieved from /home/airflow/.local/lib/python3.12/site-packages/airflow/example_dags/tutorial_dag.py
[2024-09-22T19:42:36.834+0000] {logging_mixin.py:190} INFO - [2024-09-22T19:42:36.834+0000] {dag.py:3229} INFO - Sync 1 DAGs
[2024-09-22T19:42:36.842+0000] {logging_mixin.py:190} INFO - [2024-09-22T19:42:36.842+0000] {dag.py:4156} INFO - Setting next_dagrun for tutorial_dag to None, run_after=None
[2024-09-22T19:42:36.854+0000] {processor.py:208} INFO - Processing /home/airflow/.local/lib/python3.12/site-packages/airflow/example_dags/tutorial_dag.py took 0.049 seconds
[2024-09-22T19:43:07.439+0000] {processor.py:186} INFO - Started process (PID=1021) to work on /home/airflow/.local/lib/python3.12/site-packages/airflow/example_dags/tutorial_dag.py
[2024-09-22T19:43:07.439+0000] {processor.py:914} INFO - Processing file /home/airflow/.local/lib/python3.12/site-packages/airflow/example_dags/tutorial_dag.py for tasks to queue
[2024-09-22T19:43:07.441+0000] {logging_mixin.py:190} INFO - [2024-09-22T19:43:07.441+0000] {dagbag.py:587} INFO - Filling up the DagBag from /home/airflow/.local/lib/python3.12/site-packages/airflow/example_dags/tutorial_dag.py
[2024-09-22T19:43:07.449+0000] {processor.py:925} INFO - DAG(s) 'tutorial_dag' retrieved from /home/airflow/.local/lib/python3.12/site-packages/airflow/example_dags/tutorial_dag.py
[2024-09-22T19:43:07.461+0000] {logging_mixin.py:190} INFO - [2024-09-22T19:43:07.461+0000] {dag.py:3229} INFO - Sync 1 DAGs
[2024-09-22T19:43:07.470+0000] {logging_mixin.py:190} INFO - [2024-09-22T19:43:07.470+0000] {dag.py:4156} INFO - Setting next_dagrun for tutorial_dag to None, run_after=None
[2024-09-22T19:43:07.481+0000] {processor.py:208} INFO - Processing /home/airflow/.local/lib/python3.12/site-packages/airflow/example_dags/tutorial_dag.py took 0.046 seconds
[2024-09-22T19:43:37.764+0000] {processor.py:186} INFO - Started process (PID=1082) to work on /home/airflow/.local/lib/python3.12/site-packages/airflow/example_dags/tutorial_dag.py
[2024-09-22T19:43:37.765+0000] {processor.py:914} INFO - Processing file /home/airflow/.local/lib/python3.12/site-packages/airflow/example_dags/tutorial_dag.py for tasks to queue
[2024-09-22T19:43:37.767+0000] {logging_mixin.py:190} INFO - [2024-09-22T19:43:37.767+0000] {dagbag.py:587} INFO - Filling up the DagBag from /home/airflow/.local/lib/python3.12/site-packages/airflow/example_dags/tutorial_dag.py
[2024-09-22T19:43:37.771+0000] {processor.py:925} INFO - DAG(s) 'tutorial_dag' retrieved from /home/airflow/.local/lib/python3.12/site-packages/airflow/example_dags/tutorial_dag.py
[2024-09-22T19:43:37.784+0000] {logging_mixin.py:190} INFO - [2024-09-22T19:43:37.784+0000] {dag.py:3229} INFO - Sync 1 DAGs
[2024-09-22T19:43:37.792+0000] {logging_mixin.py:190} INFO - [2024-09-22T19:43:37.792+0000] {dag.py:4156} INFO - Setting next_dagrun for tutorial_dag to None, run_after=None
[2024-09-22T19:43:37.802+0000] {processor.py:208} INFO - Processing /home/airflow/.local/lib/python3.12/site-packages/airflow/example_dags/tutorial_dag.py took 0.041 seconds
[2024-09-22T19:44:08.026+0000] {processor.py:186} INFO - Started process (PID=1144) to work on /home/airflow/.local/lib/python3.12/site-packages/airflow/example_dags/tutorial_dag.py
[2024-09-22T19:44:08.027+0000] {processor.py:914} INFO - Processing file /home/airflow/.local/lib/python3.12/site-packages/airflow/example_dags/tutorial_dag.py for tasks to queue
[2024-09-22T19:44:08.028+0000] {logging_mixin.py:190} INFO - [2024-09-22T19:44:08.028+0000] {dagbag.py:587} INFO - Filling up the DagBag from /home/airflow/.local/lib/python3.12/site-packages/airflow/example_dags/tutorial_dag.py
[2024-09-22T19:44:08.032+0000] {processor.py:925} INFO - DAG(s) 'tutorial_dag' retrieved from /home/airflow/.local/lib/python3.12/site-packages/airflow/example_dags/tutorial_dag.py
[2024-09-22T19:44:08.046+0000] {logging_mixin.py:190} INFO - [2024-09-22T19:44:08.046+0000] {dag.py:3229} INFO - Sync 1 DAGs
[2024-09-22T19:44:08.054+0000] {logging_mixin.py:190} INFO - [2024-09-22T19:44:08.053+0000] {dag.py:4156} INFO - Setting next_dagrun for tutorial_dag to None, run_after=None
[2024-09-22T19:44:08.062+0000] {processor.py:208} INFO - Processing /home/airflow/.local/lib/python3.12/site-packages/airflow/example_dags/tutorial_dag.py took 0.039 seconds
[2024-09-22T19:44:38.334+0000] {processor.py:186} INFO - Started process (PID=1206) to work on /home/airflow/.local/lib/python3.12/site-packages/airflow/example_dags/tutorial_dag.py
[2024-09-22T19:44:38.336+0000] {processor.py:914} INFO - Processing file /home/airflow/.local/lib/python3.12/site-packages/airflow/example_dags/tutorial_dag.py for tasks to queue
[2024-09-22T19:44:38.338+0000] {logging_mixin.py:190} INFO - [2024-09-22T19:44:38.337+0000] {dagbag.py:587} INFO - Filling up the DagBag from /home/airflow/.local/lib/python3.12/site-packages/airflow/example_dags/tutorial_dag.py
[2024-09-22T19:44:38.341+0000] {processor.py:925} INFO - DAG(s) 'tutorial_dag' retrieved from /home/airflow/.local/lib/python3.12/site-packages/airflow/example_dags/tutorial_dag.py
[2024-09-22T19:44:38.354+0000] {logging_mixin.py:190} INFO - [2024-09-22T19:44:38.353+0000] {dag.py:3229} INFO - Sync 1 DAGs
[2024-09-22T19:44:38.365+0000] {logging_mixin.py:190} INFO - [2024-09-22T19:44:38.365+0000] {dag.py:4156} INFO - Setting next_dagrun for tutorial_dag to None, run_after=None
[2024-09-22T19:44:38.375+0000] {processor.py:208} INFO - Processing /home/airflow/.local/lib/python3.12/site-packages/airflow/example_dags/tutorial_dag.py took 0.044 seconds
[2024-09-22T19:45:08.723+0000] {processor.py:186} INFO - Started process (PID=1268) to work on /home/airflow/.local/lib/python3.12/site-packages/airflow/example_dags/tutorial_dag.py
[2024-09-22T19:45:08.726+0000] {processor.py:914} INFO - Processing file /home/airflow/.local/lib/python3.12/site-packages/airflow/example_dags/tutorial_dag.py for tasks to queue
[2024-09-22T19:45:08.728+0000] {logging_mixin.py:190} INFO - [2024-09-22T19:45:08.728+0000] {dagbag.py:587} INFO - Filling up the DagBag from /home/airflow/.local/lib/python3.12/site-packages/airflow/example_dags/tutorial_dag.py
[2024-09-22T19:45:08.732+0000] {processor.py:925} INFO - DAG(s) 'tutorial_dag' retrieved from /home/airflow/.local/lib/python3.12/site-packages/airflow/example_dags/tutorial_dag.py
[2024-09-22T19:45:08.746+0000] {logging_mixin.py:190} INFO - [2024-09-22T19:45:08.746+0000] {dag.py:3229} INFO - Sync 1 DAGs
[2024-09-22T19:45:08.755+0000] {logging_mixin.py:190} INFO - [2024-09-22T19:45:08.754+0000] {dag.py:4156} INFO - Setting next_dagrun for tutorial_dag to None, run_after=None
[2024-09-22T19:45:08.764+0000] {processor.py:208} INFO - Processing /home/airflow/.local/lib/python3.12/site-packages/airflow/example_dags/tutorial_dag.py took 0.044 seconds
[2024-09-22T19:45:39.091+0000] {processor.py:186} INFO - Started process (PID=1330) to work on /home/airflow/.local/lib/python3.12/site-packages/airflow/example_dags/tutorial_dag.py
[2024-09-22T19:45:39.092+0000] {processor.py:914} INFO - Processing file /home/airflow/.local/lib/python3.12/site-packages/airflow/example_dags/tutorial_dag.py for tasks to queue
[2024-09-22T19:45:39.093+0000] {logging_mixin.py:190} INFO - [2024-09-22T19:45:39.093+0000] {dagbag.py:587} INFO - Filling up the DagBag from /home/airflow/.local/lib/python3.12/site-packages/airflow/example_dags/tutorial_dag.py
[2024-09-22T19:45:39.097+0000] {processor.py:925} INFO - DAG(s) 'tutorial_dag' retrieved from /home/airflow/.local/lib/python3.12/site-packages/airflow/example_dags/tutorial_dag.py
[2024-09-22T19:45:39.108+0000] {logging_mixin.py:190} INFO - [2024-09-22T19:45:39.108+0000] {dag.py:3229} INFO - Sync 1 DAGs
[2024-09-22T19:45:39.115+0000] {logging_mixin.py:190} INFO - [2024-09-22T19:45:39.114+0000] {dag.py:4156} INFO - Setting next_dagrun for tutorial_dag to None, run_after=None
[2024-09-22T19:45:39.123+0000] {processor.py:208} INFO - Processing /home/airflow/.local/lib/python3.12/site-packages/airflow/example_dags/tutorial_dag.py took 0.034 seconds
[2024-09-22T19:46:10.006+0000] {processor.py:186} INFO - Started process (PID=1391) to work on /home/airflow/.local/lib/python3.12/site-packages/airflow/example_dags/tutorial_dag.py
[2024-09-22T19:46:10.009+0000] {processor.py:914} INFO - Processing file /home/airflow/.local/lib/python3.12/site-packages/airflow/example_dags/tutorial_dag.py for tasks to queue
[2024-09-22T19:46:10.012+0000] {logging_mixin.py:190} INFO - [2024-09-22T19:46:10.012+0000] {dagbag.py:587} INFO - Filling up the DagBag from /home/airflow/.local/lib/python3.12/site-packages/airflow/example_dags/tutorial_dag.py
[2024-09-22T19:46:10.017+0000] {processor.py:925} INFO - DAG(s) 'tutorial_dag' retrieved from /home/airflow/.local/lib/python3.12/site-packages/airflow/example_dags/tutorial_dag.py
[2024-09-22T19:46:10.028+0000] {logging_mixin.py:190} INFO - [2024-09-22T19:46:10.028+0000] {dag.py:3229} INFO - Sync 1 DAGs
[2024-09-22T19:46:10.035+0000] {logging_mixin.py:190} INFO - [2024-09-22T19:46:10.035+0000] {dag.py:4156} INFO - Setting next_dagrun for tutorial_dag to None, run_after=None
[2024-09-22T19:46:10.049+0000] {processor.py:208} INFO - Processing /home/airflow/.local/lib/python3.12/site-packages/airflow/example_dags/tutorial_dag.py took 0.046 seconds
[2024-09-22T19:46:40.633+0000] {processor.py:186} INFO - Started process (PID=1453) to work on /home/airflow/.local/lib/python3.12/site-packages/airflow/example_dags/tutorial_dag.py
[2024-09-22T19:46:40.634+0000] {processor.py:914} INFO - Processing file /home/airflow/.local/lib/python3.12/site-packages/airflow/example_dags/tutorial_dag.py for tasks to queue
[2024-09-22T19:46:40.635+0000] {logging_mixin.py:190} INFO - [2024-09-22T19:46:40.635+0000] {dagbag.py:587} INFO - Filling up the DagBag from /home/airflow/.local/lib/python3.12/site-packages/airflow/example_dags/tutorial_dag.py
[2024-09-22T19:46:40.640+0000] {processor.py:925} INFO - DAG(s) 'tutorial_dag' retrieved from /home/airflow/.local/lib/python3.12/site-packages/airflow/example_dags/tutorial_dag.py
[2024-09-22T19:46:40.653+0000] {logging_mixin.py:190} INFO - [2024-09-22T19:46:40.653+0000] {dag.py:3229} INFO - Sync 1 DAGs
[2024-09-22T19:46:40.660+0000] {logging_mixin.py:190} INFO - [2024-09-22T19:46:40.660+0000] {dag.py:4156} INFO - Setting next_dagrun for tutorial_dag to None, run_after=None
[2024-09-22T19:46:40.671+0000] {processor.py:208} INFO - Processing /home/airflow/.local/lib/python3.12/site-packages/airflow/example_dags/tutorial_dag.py took 0.041 seconds
[2024-09-22T19:47:11.046+0000] {processor.py:186} INFO - Started process (PID=1515) to work on /home/airflow/.local/lib/python3.12/site-packages/airflow/example_dags/tutorial_dag.py
[2024-09-22T19:47:11.047+0000] {processor.py:914} INFO - Processing file /home/airflow/.local/lib/python3.12/site-packages/airflow/example_dags/tutorial_dag.py for tasks to queue
[2024-09-22T19:47:11.050+0000] {logging_mixin.py:190} INFO - [2024-09-22T19:47:11.049+0000] {dagbag.py:587} INFO - Filling up the DagBag from /home/airflow/.local/lib/python3.12/site-packages/airflow/example_dags/tutorial_dag.py
[2024-09-22T19:47:11.069+0000] {processor.py:925} INFO - DAG(s) 'tutorial_dag' retrieved from /home/airflow/.local/lib/python3.12/site-packages/airflow/example_dags/tutorial_dag.py
[2024-09-22T19:47:11.250+0000] {logging_mixin.py:190} INFO - [2024-09-22T19:47:11.250+0000] {dag.py:3229} INFO - Sync 1 DAGs
[2024-09-22T19:47:11.268+0000] {logging_mixin.py:190} INFO - [2024-09-22T19:47:11.266+0000] {dag.py:4156} INFO - Setting next_dagrun for tutorial_dag to None, run_after=None
[2024-09-22T19:47:11.284+0000] {processor.py:208} INFO - Processing /home/airflow/.local/lib/python3.12/site-packages/airflow/example_dags/tutorial_dag.py took 0.243 seconds
[2024-09-22T19:47:41.820+0000] {processor.py:186} INFO - Started process (PID=1576) to work on /home/airflow/.local/lib/python3.12/site-packages/airflow/example_dags/tutorial_dag.py
[2024-09-22T19:47:41.821+0000] {processor.py:914} INFO - Processing file /home/airflow/.local/lib/python3.12/site-packages/airflow/example_dags/tutorial_dag.py for tasks to queue
[2024-09-22T19:47:41.822+0000] {logging_mixin.py:190} INFO - [2024-09-22T19:47:41.822+0000] {dagbag.py:587} INFO - Filling up the DagBag from /home/airflow/.local/lib/python3.12/site-packages/airflow/example_dags/tutorial_dag.py
[2024-09-22T19:47:41.826+0000] {processor.py:925} INFO - DAG(s) 'tutorial_dag' retrieved from /home/airflow/.local/lib/python3.12/site-packages/airflow/example_dags/tutorial_dag.py
[2024-09-22T19:47:41.837+0000] {logging_mixin.py:190} INFO - [2024-09-22T19:47:41.837+0000] {dag.py:3229} INFO - Sync 1 DAGs
[2024-09-22T19:47:41.844+0000] {logging_mixin.py:190} INFO - [2024-09-22T19:47:41.844+0000] {dag.py:4156} INFO - Setting next_dagrun for tutorial_dag to None, run_after=None
[2024-09-22T19:47:41.854+0000] {processor.py:208} INFO - Processing /home/airflow/.local/lib/python3.12/site-packages/airflow/example_dags/tutorial_dag.py took 0.039 seconds
[2024-09-22T19:48:12.374+0000] {processor.py:186} INFO - Started process (PID=1638) to work on /home/airflow/.local/lib/python3.12/site-packages/airflow/example_dags/tutorial_dag.py
[2024-09-22T19:48:12.376+0000] {processor.py:914} INFO - Processing file /home/airflow/.local/lib/python3.12/site-packages/airflow/example_dags/tutorial_dag.py for tasks to queue
[2024-09-22T19:48:12.378+0000] {logging_mixin.py:190} INFO - [2024-09-22T19:48:12.378+0000] {dagbag.py:587} INFO - Filling up the DagBag from /home/airflow/.local/lib/python3.12/site-packages/airflow/example_dags/tutorial_dag.py
[2024-09-22T19:48:12.382+0000] {processor.py:925} INFO - DAG(s) 'tutorial_dag' retrieved from /home/airflow/.local/lib/python3.12/site-packages/airflow/example_dags/tutorial_dag.py
[2024-09-22T19:48:12.394+0000] {logging_mixin.py:190} INFO - [2024-09-22T19:48:12.394+0000] {dag.py:3229} INFO - Sync 1 DAGs
[2024-09-22T19:48:12.401+0000] {logging_mixin.py:190} INFO - [2024-09-22T19:48:12.401+0000] {dag.py:4156} INFO - Setting next_dagrun for tutorial_dag to None, run_after=None
[2024-09-22T19:48:12.409+0000] {processor.py:208} INFO - Processing /home/airflow/.local/lib/python3.12/site-packages/airflow/example_dags/tutorial_dag.py took 0.039 seconds
[2024-09-22T19:48:42.622+0000] {processor.py:186} INFO - Started process (PID=1700) to work on /home/airflow/.local/lib/python3.12/site-packages/airflow/example_dags/tutorial_dag.py
[2024-09-22T19:48:42.623+0000] {processor.py:914} INFO - Processing file /home/airflow/.local/lib/python3.12/site-packages/airflow/example_dags/tutorial_dag.py for tasks to queue
[2024-09-22T19:48:42.625+0000] {logging_mixin.py:190} INFO - [2024-09-22T19:48:42.625+0000] {dagbag.py:587} INFO - Filling up the DagBag from /home/airflow/.local/lib/python3.12/site-packages/airflow/example_dags/tutorial_dag.py
[2024-09-22T19:48:42.630+0000] {processor.py:925} INFO - DAG(s) 'tutorial_dag' retrieved from /home/airflow/.local/lib/python3.12/site-packages/airflow/example_dags/tutorial_dag.py
[2024-09-22T19:48:42.642+0000] {logging_mixin.py:190} INFO - [2024-09-22T19:48:42.642+0000] {dag.py:3229} INFO - Sync 1 DAGs
[2024-09-22T19:48:42.649+0000] {logging_mixin.py:190} INFO - [2024-09-22T19:48:42.649+0000] {dag.py:4156} INFO - Setting next_dagrun for tutorial_dag to None, run_after=None
[2024-09-22T19:48:42.660+0000] {processor.py:208} INFO - Processing /home/airflow/.local/lib/python3.12/site-packages/airflow/example_dags/tutorial_dag.py took 0.042 seconds
[2024-09-22T19:49:12.980+0000] {processor.py:186} INFO - Started process (PID=1762) to work on /home/airflow/.local/lib/python3.12/site-packages/airflow/example_dags/tutorial_dag.py
[2024-09-22T19:49:12.980+0000] {processor.py:914} INFO - Processing file /home/airflow/.local/lib/python3.12/site-packages/airflow/example_dags/tutorial_dag.py for tasks to queue
[2024-09-22T19:49:12.982+0000] {logging_mixin.py:190} INFO - [2024-09-22T19:49:12.982+0000] {dagbag.py:587} INFO - Filling up the DagBag from /home/airflow/.local/lib/python3.12/site-packages/airflow/example_dags/tutorial_dag.py
[2024-09-22T19:49:12.988+0000] {processor.py:925} INFO - DAG(s) 'tutorial_dag' retrieved from /home/airflow/.local/lib/python3.12/site-packages/airflow/example_dags/tutorial_dag.py
[2024-09-22T19:49:12.998+0000] {logging_mixin.py:190} INFO - [2024-09-22T19:49:12.998+0000] {dag.py:3229} INFO - Sync 1 DAGs
[2024-09-22T19:49:13.005+0000] {logging_mixin.py:190} INFO - [2024-09-22T19:49:13.005+0000] {dag.py:4156} INFO - Setting next_dagrun for tutorial_dag to None, run_after=None
[2024-09-22T19:49:13.018+0000] {processor.py:208} INFO - Processing /home/airflow/.local/lib/python3.12/site-packages/airflow/example_dags/tutorial_dag.py took 0.041 seconds
[2024-09-22T19:49:43.500+0000] {processor.py:186} INFO - Started process (PID=1824) to work on /home/airflow/.local/lib/python3.12/site-packages/airflow/example_dags/tutorial_dag.py
[2024-09-22T19:49:43.502+0000] {processor.py:914} INFO - Processing file /home/airflow/.local/lib/python3.12/site-packages/airflow/example_dags/tutorial_dag.py for tasks to queue
[2024-09-22T19:49:43.504+0000] {logging_mixin.py:190} INFO - [2024-09-22T19:49:43.503+0000] {dagbag.py:587} INFO - Filling up the DagBag from /home/airflow/.local/lib/python3.12/site-packages/airflow/example_dags/tutorial_dag.py
[2024-09-22T19:49:43.508+0000] {processor.py:925} INFO - DAG(s) 'tutorial_dag' retrieved from /home/airflow/.local/lib/python3.12/site-packages/airflow/example_dags/tutorial_dag.py
[2024-09-22T19:49:43.521+0000] {logging_mixin.py:190} INFO - [2024-09-22T19:49:43.521+0000] {dag.py:3229} INFO - Sync 1 DAGs
[2024-09-22T19:49:43.530+0000] {logging_mixin.py:190} INFO - [2024-09-22T19:49:43.530+0000] {dag.py:4156} INFO - Setting next_dagrun for tutorial_dag to None, run_after=None
[2024-09-22T19:49:43.540+0000] {processor.py:208} INFO - Processing /home/airflow/.local/lib/python3.12/site-packages/airflow/example_dags/tutorial_dag.py took 0.042 seconds
[2024-09-22T19:50:14.202+0000] {processor.py:186} INFO - Started process (PID=1886) to work on /home/airflow/.local/lib/python3.12/site-packages/airflow/example_dags/tutorial_dag.py
[2024-09-22T19:50:14.202+0000] {processor.py:914} INFO - Processing file /home/airflow/.local/lib/python3.12/site-packages/airflow/example_dags/tutorial_dag.py for tasks to queue
[2024-09-22T19:50:14.205+0000] {logging_mixin.py:190} INFO - [2024-09-22T19:50:14.205+0000] {dagbag.py:587} INFO - Filling up the DagBag from /home/airflow/.local/lib/python3.12/site-packages/airflow/example_dags/tutorial_dag.py
[2024-09-22T19:50:14.210+0000] {processor.py:925} INFO - DAG(s) 'tutorial_dag' retrieved from /home/airflow/.local/lib/python3.12/site-packages/airflow/example_dags/tutorial_dag.py
[2024-09-22T19:50:14.230+0000] {logging_mixin.py:190} INFO - [2024-09-22T19:50:14.229+0000] {dag.py:3229} INFO - Sync 1 DAGs
[2024-09-22T19:50:14.238+0000] {logging_mixin.py:190} INFO - [2024-09-22T19:50:14.238+0000] {dag.py:4156} INFO - Setting next_dagrun for tutorial_dag to None, run_after=None
[2024-09-22T19:50:14.252+0000] {processor.py:208} INFO - Processing /home/airflow/.local/lib/python3.12/site-packages/airflow/example_dags/tutorial_dag.py took 0.054 seconds
[2024-09-22T19:50:44.768+0000] {processor.py:186} INFO - Started process (PID=1948) to work on /home/airflow/.local/lib/python3.12/site-packages/airflow/example_dags/tutorial_dag.py
[2024-09-22T19:50:44.770+0000] {processor.py:914} INFO - Processing file /home/airflow/.local/lib/python3.12/site-packages/airflow/example_dags/tutorial_dag.py for tasks to queue
[2024-09-22T19:50:44.774+0000] {logging_mixin.py:190} INFO - [2024-09-22T19:50:44.774+0000] {dagbag.py:587} INFO - Filling up the DagBag from /home/airflow/.local/lib/python3.12/site-packages/airflow/example_dags/tutorial_dag.py
[2024-09-22T19:50:44.780+0000] {processor.py:925} INFO - DAG(s) 'tutorial_dag' retrieved from /home/airflow/.local/lib/python3.12/site-packages/airflow/example_dags/tutorial_dag.py
[2024-09-22T19:50:44.795+0000] {logging_mixin.py:190} INFO - [2024-09-22T19:50:44.795+0000] {dag.py:3229} INFO - Sync 1 DAGs
[2024-09-22T19:50:44.806+0000] {logging_mixin.py:190} INFO - [2024-09-22T19:50:44.806+0000] {dag.py:4156} INFO - Setting next_dagrun for tutorial_dag to None, run_after=None
[2024-09-22T19:50:44.822+0000] {processor.py:208} INFO - Processing /home/airflow/.local/lib/python3.12/site-packages/airflow/example_dags/tutorial_dag.py took 0.058 seconds
[2024-09-22T19:51:15.282+0000] {processor.py:186} INFO - Started process (PID=2010) to work on /home/airflow/.local/lib/python3.12/site-packages/airflow/example_dags/tutorial_dag.py
[2024-09-22T19:51:15.284+0000] {processor.py:914} INFO - Processing file /home/airflow/.local/lib/python3.12/site-packages/airflow/example_dags/tutorial_dag.py for tasks to queue
[2024-09-22T19:51:15.285+0000] {logging_mixin.py:190} INFO - [2024-09-22T19:51:15.285+0000] {dagbag.py:587} INFO - Filling up the DagBag from /home/airflow/.local/lib/python3.12/site-packages/airflow/example_dags/tutorial_dag.py
[2024-09-22T19:51:15.290+0000] {processor.py:925} INFO - DAG(s) 'tutorial_dag' retrieved from /home/airflow/.local/lib/python3.12/site-packages/airflow/example_dags/tutorial_dag.py
[2024-09-22T19:51:15.301+0000] {logging_mixin.py:190} INFO - [2024-09-22T19:51:15.301+0000] {dag.py:3229} INFO - Sync 1 DAGs
[2024-09-22T19:51:15.308+0000] {logging_mixin.py:190} INFO - [2024-09-22T19:51:15.308+0000] {dag.py:4156} INFO - Setting next_dagrun for tutorial_dag to None, run_after=None
[2024-09-22T19:51:15.316+0000] {processor.py:208} INFO - Processing /home/airflow/.local/lib/python3.12/site-packages/airflow/example_dags/tutorial_dag.py took 0.038 seconds
[2024-09-22T19:51:45.965+0000] {processor.py:186} INFO - Started process (PID=2072) to work on /home/airflow/.local/lib/python3.12/site-packages/airflow/example_dags/tutorial_dag.py
[2024-09-22T19:51:45.967+0000] {processor.py:914} INFO - Processing file /home/airflow/.local/lib/python3.12/site-packages/airflow/example_dags/tutorial_dag.py for tasks to queue
[2024-09-22T19:51:45.969+0000] {logging_mixin.py:190} INFO - [2024-09-22T19:51:45.969+0000] {dagbag.py:587} INFO - Filling up the DagBag from /home/airflow/.local/lib/python3.12/site-packages/airflow/example_dags/tutorial_dag.py
[2024-09-22T19:51:45.973+0000] {processor.py:925} INFO - DAG(s) 'tutorial_dag' retrieved from /home/airflow/.local/lib/python3.12/site-packages/airflow/example_dags/tutorial_dag.py
[2024-09-22T19:51:45.989+0000] {logging_mixin.py:190} INFO - [2024-09-22T19:51:45.989+0000] {dag.py:3229} INFO - Sync 1 DAGs
[2024-09-22T19:51:45.996+0000] {logging_mixin.py:190} INFO - [2024-09-22T19:51:45.996+0000] {dag.py:4156} INFO - Setting next_dagrun for tutorial_dag to None, run_after=None
[2024-09-22T19:51:46.004+0000] {processor.py:208} INFO - Processing /home/airflow/.local/lib/python3.12/site-packages/airflow/example_dags/tutorial_dag.py took 0.043 seconds
[2024-09-22T19:52:16.348+0000] {processor.py:186} INFO - Started process (PID=2134) to work on /home/airflow/.local/lib/python3.12/site-packages/airflow/example_dags/tutorial_dag.py
[2024-09-22T19:52:16.349+0000] {processor.py:914} INFO - Processing file /home/airflow/.local/lib/python3.12/site-packages/airflow/example_dags/tutorial_dag.py for tasks to queue
[2024-09-22T19:52:16.350+0000] {logging_mixin.py:190} INFO - [2024-09-22T19:52:16.350+0000] {dagbag.py:587} INFO - Filling up the DagBag from /home/airflow/.local/lib/python3.12/site-packages/airflow/example_dags/tutorial_dag.py
[2024-09-22T19:52:16.355+0000] {processor.py:925} INFO - DAG(s) 'tutorial_dag' retrieved from /home/airflow/.local/lib/python3.12/site-packages/airflow/example_dags/tutorial_dag.py
[2024-09-22T19:52:16.365+0000] {logging_mixin.py:190} INFO - [2024-09-22T19:52:16.365+0000] {dag.py:3229} INFO - Sync 1 DAGs
[2024-09-22T19:52:16.373+0000] {logging_mixin.py:190} INFO - [2024-09-22T19:52:16.373+0000] {dag.py:4156} INFO - Setting next_dagrun for tutorial_dag to None, run_after=None
[2024-09-22T19:52:16.382+0000] {processor.py:208} INFO - Processing /home/airflow/.local/lib/python3.12/site-packages/airflow/example_dags/tutorial_dag.py took 0.037 seconds
[2024-09-22T19:52:46.855+0000] {processor.py:186} INFO - Started process (PID=2196) to work on /home/airflow/.local/lib/python3.12/site-packages/airflow/example_dags/tutorial_dag.py
[2024-09-22T19:52:46.857+0000] {processor.py:914} INFO - Processing file /home/airflow/.local/lib/python3.12/site-packages/airflow/example_dags/tutorial_dag.py for tasks to queue
[2024-09-22T19:52:46.858+0000] {logging_mixin.py:190} INFO - [2024-09-22T19:52:46.858+0000] {dagbag.py:587} INFO - Filling up the DagBag from /home/airflow/.local/lib/python3.12/site-packages/airflow/example_dags/tutorial_dag.py
[2024-09-22T19:52:46.861+0000] {processor.py:925} INFO - DAG(s) 'tutorial_dag' retrieved from /home/airflow/.local/lib/python3.12/site-packages/airflow/example_dags/tutorial_dag.py
[2024-09-22T19:52:46.871+0000] {logging_mixin.py:190} INFO - [2024-09-22T19:52:46.871+0000] {dag.py:3229} INFO - Sync 1 DAGs
[2024-09-22T19:52:46.878+0000] {logging_mixin.py:190} INFO - [2024-09-22T19:52:46.878+0000] {dag.py:4156} INFO - Setting next_dagrun for tutorial_dag to None, run_after=None
[2024-09-22T19:52:46.888+0000] {processor.py:208} INFO - Processing /home/airflow/.local/lib/python3.12/site-packages/airflow/example_dags/tutorial_dag.py took 0.036 seconds
[2024-09-22T19:53:17.537+0000] {processor.py:186} INFO - Started process (PID=2258) to work on /home/airflow/.local/lib/python3.12/site-packages/airflow/example_dags/tutorial_dag.py
[2024-09-22T19:53:17.538+0000] {processor.py:914} INFO - Processing file /home/airflow/.local/lib/python3.12/site-packages/airflow/example_dags/tutorial_dag.py for tasks to queue
[2024-09-22T19:53:17.540+0000] {logging_mixin.py:190} INFO - [2024-09-22T19:53:17.540+0000] {dagbag.py:587} INFO - Filling up the DagBag from /home/airflow/.local/lib/python3.12/site-packages/airflow/example_dags/tutorial_dag.py
[2024-09-22T19:53:17.544+0000] {processor.py:925} INFO - DAG(s) 'tutorial_dag' retrieved from /home/airflow/.local/lib/python3.12/site-packages/airflow/example_dags/tutorial_dag.py
[2024-09-22T19:53:17.556+0000] {logging_mixin.py:190} INFO - [2024-09-22T19:53:17.556+0000] {dag.py:3229} INFO - Sync 1 DAGs
[2024-09-22T19:53:17.563+0000] {logging_mixin.py:190} INFO - [2024-09-22T19:53:17.563+0000] {dag.py:4156} INFO - Setting next_dagrun for tutorial_dag to None, run_after=None
[2024-09-22T19:53:17.573+0000] {processor.py:208} INFO - Processing /home/airflow/.local/lib/python3.12/site-packages/airflow/example_dags/tutorial_dag.py took 0.039 seconds
[2024-09-22T19:53:47.998+0000] {processor.py:186} INFO - Started process (PID=2320) to work on /home/airflow/.local/lib/python3.12/site-packages/airflow/example_dags/tutorial_dag.py
[2024-09-22T19:53:47.998+0000] {processor.py:914} INFO - Processing file /home/airflow/.local/lib/python3.12/site-packages/airflow/example_dags/tutorial_dag.py for tasks to queue
[2024-09-22T19:53:48.000+0000] {logging_mixin.py:190} INFO - [2024-09-22T19:53:47.999+0000] {dagbag.py:587} INFO - Filling up the DagBag from /home/airflow/.local/lib/python3.12/site-packages/airflow/example_dags/tutorial_dag.py
[2024-09-22T19:53:48.004+0000] {processor.py:925} INFO - DAG(s) 'tutorial_dag' retrieved from /home/airflow/.local/lib/python3.12/site-packages/airflow/example_dags/tutorial_dag.py
[2024-09-22T19:53:48.016+0000] {logging_mixin.py:190} INFO - [2024-09-22T19:53:48.016+0000] {dag.py:3229} INFO - Sync 1 DAGs
[2024-09-22T19:53:48.023+0000] {logging_mixin.py:190} INFO - [2024-09-22T19:53:48.023+0000] {dag.py:4156} INFO - Setting next_dagrun for tutorial_dag to None, run_after=None
[2024-09-22T19:53:48.033+0000] {processor.py:208} INFO - Processing /home/airflow/.local/lib/python3.12/site-packages/airflow/example_dags/tutorial_dag.py took 0.038 seconds
[2024-09-22T19:54:18.651+0000] {processor.py:186} INFO - Started process (PID=2382) to work on /home/airflow/.local/lib/python3.12/site-packages/airflow/example_dags/tutorial_dag.py
[2024-09-22T19:54:18.653+0000] {processor.py:914} INFO - Processing file /home/airflow/.local/lib/python3.12/site-packages/airflow/example_dags/tutorial_dag.py for tasks to queue
[2024-09-22T19:54:18.655+0000] {logging_mixin.py:190} INFO - [2024-09-22T19:54:18.654+0000] {dagbag.py:587} INFO - Filling up the DagBag from /home/airflow/.local/lib/python3.12/site-packages/airflow/example_dags/tutorial_dag.py
[2024-09-22T19:54:18.659+0000] {processor.py:925} INFO - DAG(s) 'tutorial_dag' retrieved from /home/airflow/.local/lib/python3.12/site-packages/airflow/example_dags/tutorial_dag.py
[2024-09-22T19:54:18.669+0000] {logging_mixin.py:190} INFO - [2024-09-22T19:54:18.669+0000] {dag.py:3229} INFO - Sync 1 DAGs
[2024-09-22T19:54:18.678+0000] {logging_mixin.py:190} INFO - [2024-09-22T19:54:18.678+0000] {dag.py:4156} INFO - Setting next_dagrun for tutorial_dag to None, run_after=None
[2024-09-22T19:54:18.690+0000] {processor.py:208} INFO - Processing /home/airflow/.local/lib/python3.12/site-packages/airflow/example_dags/tutorial_dag.py took 0.042 seconds
[2024-09-22T19:54:49.219+0000] {processor.py:186} INFO - Started process (PID=2444) to work on /home/airflow/.local/lib/python3.12/site-packages/airflow/example_dags/tutorial_dag.py
[2024-09-22T19:54:49.220+0000] {processor.py:914} INFO - Processing file /home/airflow/.local/lib/python3.12/site-packages/airflow/example_dags/tutorial_dag.py for tasks to queue
[2024-09-22T19:54:49.221+0000] {logging_mixin.py:190} INFO - [2024-09-22T19:54:49.221+0000] {dagbag.py:587} INFO - Filling up the DagBag from /home/airflow/.local/lib/python3.12/site-packages/airflow/example_dags/tutorial_dag.py
[2024-09-22T19:54:49.225+0000] {processor.py:925} INFO - DAG(s) 'tutorial_dag' retrieved from /home/airflow/.local/lib/python3.12/site-packages/airflow/example_dags/tutorial_dag.py
[2024-09-22T19:54:49.238+0000] {logging_mixin.py:190} INFO - [2024-09-22T19:54:49.238+0000] {dag.py:3229} INFO - Sync 1 DAGs
[2024-09-22T19:54:49.246+0000] {logging_mixin.py:190} INFO - [2024-09-22T19:54:49.246+0000] {dag.py:4156} INFO - Setting next_dagrun for tutorial_dag to None, run_after=None
[2024-09-22T19:54:49.255+0000] {processor.py:208} INFO - Processing /home/airflow/.local/lib/python3.12/site-packages/airflow/example_dags/tutorial_dag.py took 0.039 seconds
[2024-09-22T19:55:19.742+0000] {processor.py:186} INFO - Started process (PID=2506) to work on /home/airflow/.local/lib/python3.12/site-packages/airflow/example_dags/tutorial_dag.py
[2024-09-22T19:55:19.744+0000] {processor.py:914} INFO - Processing file /home/airflow/.local/lib/python3.12/site-packages/airflow/example_dags/tutorial_dag.py for tasks to queue
[2024-09-22T19:55:19.745+0000] {logging_mixin.py:190} INFO - [2024-09-22T19:55:19.745+0000] {dagbag.py:587} INFO - Filling up the DagBag from /home/airflow/.local/lib/python3.12/site-packages/airflow/example_dags/tutorial_dag.py
[2024-09-22T19:55:19.750+0000] {processor.py:925} INFO - DAG(s) 'tutorial_dag' retrieved from /home/airflow/.local/lib/python3.12/site-packages/airflow/example_dags/tutorial_dag.py
[2024-09-22T19:55:19.763+0000] {logging_mixin.py:190} INFO - [2024-09-22T19:55:19.763+0000] {dag.py:3229} INFO - Sync 1 DAGs
[2024-09-22T19:55:19.770+0000] {logging_mixin.py:190} INFO - [2024-09-22T19:55:19.770+0000] {dag.py:4156} INFO - Setting next_dagrun for tutorial_dag to None, run_after=None
[2024-09-22T19:55:19.779+0000] {processor.py:208} INFO - Processing /home/airflow/.local/lib/python3.12/site-packages/airflow/example_dags/tutorial_dag.py took 0.040 seconds
[2024-09-22T19:55:50.315+0000] {processor.py:186} INFO - Started process (PID=2568) to work on /home/airflow/.local/lib/python3.12/site-packages/airflow/example_dags/tutorial_dag.py
[2024-09-22T19:55:50.317+0000] {processor.py:914} INFO - Processing file /home/airflow/.local/lib/python3.12/site-packages/airflow/example_dags/tutorial_dag.py for tasks to queue
[2024-09-22T19:55:50.318+0000] {logging_mixin.py:190} INFO - [2024-09-22T19:55:50.318+0000] {dagbag.py:587} INFO - Filling up the DagBag from /home/airflow/.local/lib/python3.12/site-packages/airflow/example_dags/tutorial_dag.py
[2024-09-22T19:55:50.323+0000] {processor.py:925} INFO - DAG(s) 'tutorial_dag' retrieved from /home/airflow/.local/lib/python3.12/site-packages/airflow/example_dags/tutorial_dag.py
[2024-09-22T19:55:50.335+0000] {logging_mixin.py:190} INFO - [2024-09-22T19:55:50.335+0000] {dag.py:3229} INFO - Sync 1 DAGs
[2024-09-22T19:55:50.343+0000] {logging_mixin.py:190} INFO - [2024-09-22T19:55:50.343+0000] {dag.py:4156} INFO - Setting next_dagrun for tutorial_dag to None, run_after=None
[2024-09-22T19:55:50.357+0000] {processor.py:208} INFO - Processing /home/airflow/.local/lib/python3.12/site-packages/airflow/example_dags/tutorial_dag.py took 0.045 seconds
[2024-09-22T19:56:21.155+0000] {processor.py:186} INFO - Started process (PID=2630) to work on /home/airflow/.local/lib/python3.12/site-packages/airflow/example_dags/tutorial_dag.py
[2024-09-22T19:56:21.156+0000] {processor.py:914} INFO - Processing file /home/airflow/.local/lib/python3.12/site-packages/airflow/example_dags/tutorial_dag.py for tasks to queue
[2024-09-22T19:56:21.158+0000] {logging_mixin.py:190} INFO - [2024-09-22T19:56:21.158+0000] {dagbag.py:587} INFO - Filling up the DagBag from /home/airflow/.local/lib/python3.12/site-packages/airflow/example_dags/tutorial_dag.py
[2024-09-22T19:56:21.163+0000] {processor.py:925} INFO - DAG(s) 'tutorial_dag' retrieved from /home/airflow/.local/lib/python3.12/site-packages/airflow/example_dags/tutorial_dag.py
[2024-09-22T19:56:21.177+0000] {logging_mixin.py:190} INFO - [2024-09-22T19:56:21.177+0000] {dag.py:3229} INFO - Sync 1 DAGs
[2024-09-22T19:56:21.186+0000] {logging_mixin.py:190} INFO - [2024-09-22T19:56:21.186+0000] {dag.py:4156} INFO - Setting next_dagrun for tutorial_dag to None, run_after=None
[2024-09-22T19:56:21.197+0000] {processor.py:208} INFO - Processing /home/airflow/.local/lib/python3.12/site-packages/airflow/example_dags/tutorial_dag.py took 0.047 seconds
[2024-09-22T19:56:51.924+0000] {processor.py:186} INFO - Started process (PID=2692) to work on /home/airflow/.local/lib/python3.12/site-packages/airflow/example_dags/tutorial_dag.py
[2024-09-22T19:56:51.925+0000] {processor.py:914} INFO - Processing file /home/airflow/.local/lib/python3.12/site-packages/airflow/example_dags/tutorial_dag.py for tasks to queue
[2024-09-22T19:56:51.926+0000] {logging_mixin.py:190} INFO - [2024-09-22T19:56:51.926+0000] {dagbag.py:587} INFO - Filling up the DagBag from /home/airflow/.local/lib/python3.12/site-packages/airflow/example_dags/tutorial_dag.py
[2024-09-22T19:56:51.930+0000] {processor.py:925} INFO - DAG(s) 'tutorial_dag' retrieved from /home/airflow/.local/lib/python3.12/site-packages/airflow/example_dags/tutorial_dag.py
[2024-09-22T19:56:51.942+0000] {logging_mixin.py:190} INFO - [2024-09-22T19:56:51.941+0000] {dag.py:3229} INFO - Sync 1 DAGs
[2024-09-22T19:56:51.948+0000] {logging_mixin.py:190} INFO - [2024-09-22T19:56:51.948+0000] {dag.py:4156} INFO - Setting next_dagrun for tutorial_dag to None, run_after=None
[2024-09-22T19:56:51.958+0000] {processor.py:208} INFO - Processing /home/airflow/.local/lib/python3.12/site-packages/airflow/example_dags/tutorial_dag.py took 0.037 seconds
[2024-09-22T19:57:22.761+0000] {processor.py:186} INFO - Started process (PID=2754) to work on /home/airflow/.local/lib/python3.12/site-packages/airflow/example_dags/tutorial_dag.py
[2024-09-22T19:57:22.763+0000] {processor.py:914} INFO - Processing file /home/airflow/.local/lib/python3.12/site-packages/airflow/example_dags/tutorial_dag.py for tasks to queue
[2024-09-22T19:57:22.765+0000] {logging_mixin.py:190} INFO - [2024-09-22T19:57:22.764+0000] {dagbag.py:587} INFO - Filling up the DagBag from /home/airflow/.local/lib/python3.12/site-packages/airflow/example_dags/tutorial_dag.py
[2024-09-22T19:57:22.770+0000] {processor.py:925} INFO - DAG(s) 'tutorial_dag' retrieved from /home/airflow/.local/lib/python3.12/site-packages/airflow/example_dags/tutorial_dag.py
[2024-09-22T19:57:22.789+0000] {logging_mixin.py:190} INFO - [2024-09-22T19:57:22.788+0000] {dag.py:3229} INFO - Sync 1 DAGs
[2024-09-22T19:57:22.797+0000] {logging_mixin.py:190} INFO - [2024-09-22T19:57:22.797+0000] {dag.py:4156} INFO - Setting next_dagrun for tutorial_dag to None, run_after=None
[2024-09-22T19:57:22.811+0000] {processor.py:208} INFO - Processing /home/airflow/.local/lib/python3.12/site-packages/airflow/example_dags/tutorial_dag.py took 0.055 seconds
[2024-09-22T19:57:54.179+0000] {processor.py:186} INFO - Started process (PID=2816) to work on /home/airflow/.local/lib/python3.12/site-packages/airflow/example_dags/tutorial_dag.py
[2024-09-22T19:57:54.180+0000] {processor.py:914} INFO - Processing file /home/airflow/.local/lib/python3.12/site-packages/airflow/example_dags/tutorial_dag.py for tasks to queue
[2024-09-22T19:57:54.181+0000] {logging_mixin.py:190} INFO - [2024-09-22T19:57:54.181+0000] {dagbag.py:587} INFO - Filling up the DagBag from /home/airflow/.local/lib/python3.12/site-packages/airflow/example_dags/tutorial_dag.py
[2024-09-22T19:57:54.187+0000] {processor.py:925} INFO - DAG(s) 'tutorial_dag' retrieved from /home/airflow/.local/lib/python3.12/site-packages/airflow/example_dags/tutorial_dag.py
[2024-09-22T19:57:54.196+0000] {logging_mixin.py:190} INFO - [2024-09-22T19:57:54.196+0000] {dag.py:3229} INFO - Sync 1 DAGs
[2024-09-22T19:57:54.203+0000] {logging_mixin.py:190} INFO - [2024-09-22T19:57:54.203+0000] {dag.py:4156} INFO - Setting next_dagrun for tutorial_dag to None, run_after=None
[2024-09-22T19:57:54.214+0000] {processor.py:208} INFO - Processing /home/airflow/.local/lib/python3.12/site-packages/airflow/example_dags/tutorial_dag.py took 0.039 seconds
[2024-09-22T20:46:46.343+0000] {processor.py:186} INFO - Started process (PID=2877) to work on /home/airflow/.local/lib/python3.12/site-packages/airflow/example_dags/tutorial_dag.py
[2024-09-22T20:46:46.344+0000] {processor.py:914} INFO - Processing file /home/airflow/.local/lib/python3.12/site-packages/airflow/example_dags/tutorial_dag.py for tasks to queue
[2024-09-22T20:46:46.345+0000] {logging_mixin.py:190} INFO - [2024-09-22T20:46:46.345+0000] {dagbag.py:587} INFO - Filling up the DagBag from /home/airflow/.local/lib/python3.12/site-packages/airflow/example_dags/tutorial_dag.py
[2024-09-22T20:46:46.349+0000] {processor.py:925} INFO - DAG(s) 'tutorial_dag' retrieved from /home/airflow/.local/lib/python3.12/site-packages/airflow/example_dags/tutorial_dag.py
[2024-09-22T20:46:46.359+0000] {logging_mixin.py:190} INFO - [2024-09-22T20:46:46.359+0000] {dag.py:3229} INFO - Sync 1 DAGs
[2024-09-22T20:46:46.366+0000] {logging_mixin.py:190} INFO - [2024-09-22T20:46:46.366+0000] {dag.py:4156} INFO - Setting next_dagrun for tutorial_dag to None, run_after=None
[2024-09-22T20:46:46.482+0000] {processor.py:208} INFO - Processing /home/airflow/.local/lib/python3.12/site-packages/airflow/example_dags/tutorial_dag.py took 0.142 seconds
[2024-09-22T21:58:48.248+0000] {processor.py:186} INFO - Started process (PID=2939) to work on /home/airflow/.local/lib/python3.12/site-packages/airflow/example_dags/tutorial_dag.py
[2024-09-22T21:58:48.249+0000] {processor.py:914} INFO - Processing file /home/airflow/.local/lib/python3.12/site-packages/airflow/example_dags/tutorial_dag.py for tasks to queue
[2024-09-22T21:58:48.250+0000] {logging_mixin.py:190} INFO - [2024-09-22T21:58:48.250+0000] {dagbag.py:587} INFO - Filling up the DagBag from /home/airflow/.local/lib/python3.12/site-packages/airflow/example_dags/tutorial_dag.py
[2024-09-22T21:58:48.255+0000] {processor.py:925} INFO - DAG(s) 'tutorial_dag' retrieved from /home/airflow/.local/lib/python3.12/site-packages/airflow/example_dags/tutorial_dag.py
[2024-09-22T21:58:48.269+0000] {logging_mixin.py:190} INFO - [2024-09-22T21:58:48.268+0000] {dag.py:3229} INFO - Sync 1 DAGs
[2024-09-22T21:58:48.280+0000] {logging_mixin.py:190} INFO - [2024-09-22T21:58:48.279+0000] {dag.py:4156} INFO - Setting next_dagrun for tutorial_dag to None, run_after=None
[2024-09-22T21:58:48.293+0000] {processor.py:208} INFO - Processing /home/airflow/.local/lib/python3.12/site-packages/airflow/example_dags/tutorial_dag.py took 0.048 seconds
[2024-09-22T23:25:50.833+0000] {processor.py:186} INFO - Started process (PID=3001) to work on /home/airflow/.local/lib/python3.12/site-packages/airflow/example_dags/tutorial_dag.py
[2024-09-22T23:25:50.833+0000] {processor.py:914} INFO - Processing file /home/airflow/.local/lib/python3.12/site-packages/airflow/example_dags/tutorial_dag.py for tasks to queue
[2024-09-22T23:25:50.834+0000] {logging_mixin.py:190} INFO - [2024-09-22T23:25:50.834+0000] {dagbag.py:587} INFO - Filling up the DagBag from /home/airflow/.local/lib/python3.12/site-packages/airflow/example_dags/tutorial_dag.py
[2024-09-22T23:25:50.843+0000] {processor.py:925} INFO - DAG(s) 'tutorial_dag' retrieved from /home/airflow/.local/lib/python3.12/site-packages/airflow/example_dags/tutorial_dag.py
[2024-09-22T23:25:50.857+0000] {logging_mixin.py:190} INFO - [2024-09-22T23:25:50.857+0000] {dag.py:3229} INFO - Sync 1 DAGs
[2024-09-22T23:25:50.864+0000] {logging_mixin.py:190} INFO - [2024-09-22T23:25:50.864+0000] {dag.py:4156} INFO - Setting next_dagrun for tutorial_dag to None, run_after=None
[2024-09-22T23:25:50.877+0000] {processor.py:208} INFO - Processing /home/airflow/.local/lib/python3.12/site-packages/airflow/example_dags/tutorial_dag.py took 0.048 seconds
