[2024-09-22T16:26:48.946+0000] {local_task_job_runner.py:123} INFO - ::group::Pre task execution logs
[2024-09-22T16:26:48.955+0000] {taskinstance.py:2612} INFO - Dependencies all met for dep_context=non-requeueable deps ti=<TaskInstance: project.extract_user manual__2024-09-22T15:42:00.765595+00:00 [queued]>
[2024-09-22T16:26:48.959+0000] {taskinstance.py:2612} INFO - Dependencies all met for dep_context=requeueable deps ti=<TaskInstance: project.extract_user manual__2024-09-22T15:42:00.765595+00:00 [queued]>
[2024-09-22T16:26:48.959+0000] {taskinstance.py:2865} INFO - Starting attempt 7 of 7
[2024-09-22T16:26:48.964+0000] {taskinstance.py:2888} INFO - Executing <Task(SimpleHttpOperator): extract_user> on 2024-09-22 15:42:00.765595+00:00
[2024-09-22T16:26:48.968+0000] {warnings.py:112} WARNING - /home/***/.local/lib/python3.12/site-packages/***/task/task_runner/standard_task_runner.py:70: DeprecationWarning: This process (pid=8378) is multi-threaded, use of fork() may lead to deadlocks in the child.
  pid = os.fork()

[2024-09-22T16:26:48.968+0000] {standard_task_runner.py:72} INFO - Started process 8380 to run task
[2024-09-22T16:26:48.970+0000] {standard_task_runner.py:104} INFO - Running: ['***', 'tasks', 'run', 'project', 'extract_user', 'manual__2024-09-22T15:42:00.765595+00:00', '--job-id', '76', '--raw', '--subdir', 'DAGS_FOLDER/project.py', '--cfg-path', '/tmp/tmpoxvx688d']
[2024-09-22T16:26:48.970+0000] {standard_task_runner.py:105} INFO - Job 76: Subtask extract_user
[2024-09-22T16:26:48.992+0000] {task_command.py:467} INFO - Running <TaskInstance: project.extract_user manual__2024-09-22T15:42:00.765595+00:00 [running]> on host 0bbd6d2129ab
[2024-09-22T16:26:49.028+0000] {taskinstance.py:3131} INFO - Exporting env vars: AIRFLOW_CTX_DAG_OWNER='***' AIRFLOW_CTX_DAG_ID='project' AIRFLOW_CTX_TASK_ID='extract_user' AIRFLOW_CTX_EXECUTION_DATE='2024-09-22T15:42:00.765595+00:00' AIRFLOW_CTX_TRY_NUMBER='7' AIRFLOW_CTX_DAG_RUN_ID='manual__2024-09-22T15:42:00.765595+00:00'
[2024-09-22T16:26:49.029+0000] {logging_mixin.py:190} INFO - Task instance is in running state
[2024-09-22T16:26:49.029+0000] {logging_mixin.py:190} INFO -  Previous state of the Task instance: queued
[2024-09-22T16:26:49.029+0000] {logging_mixin.py:190} INFO - Current task name:extract_user state:running start_date:2024-09-22 16:26:48.955493+00:00
[2024-09-22T16:26:49.030+0000] {logging_mixin.py:190} INFO - Dag name:project and current dag run status:running
[2024-09-22T16:26:49.030+0000] {taskinstance.py:731} INFO - ::endgroup::
[2024-09-22T16:26:49.030+0000] {http.py:173} INFO - Calling HTTP method
[2024-09-22T16:26:49.034+0000] {base.py:84} INFO - Retrieving connection 'user_api'
[2024-09-22T16:26:49.037+0000] {base.py:84} INFO - Retrieving connection 'user_api'
[2024-09-22T16:26:49.224+0000] {http.py:222} INFO - {"results":[{"gender":"female","name":{"title":"Miss","first":"Senta","last":"Hochmuth"},"location":{"street":{"number":8935,"name":"Berliner Straße"},"city":"Mayen-Koblenz","state":"Sachsen-Anhalt","country":"Germany","postcode":98994,"coordinates":{"latitude":"-48.9035","longitude":"148.9616"},"timezone":{"offset":"+1:00","description":"Brussels, Copenhagen, Madrid, Paris"}},"email":"senta.hochmuth@example.com","login":{"uuid":"d537e18d-f577-4c93-9927-be7462b53a3c","username":"heavypanda897","password":"budlight","salt":"tEEVKmuJ","md5":"8beb8976e1b00692553b3aa405bd8873","sha1":"b4cd3c0ccee8b0f77f887a817d5b6c010ccbbe81","sha256":"f35da0292353a27c03bac9ddf00fcea3ca915ddb4a982d93705df3ed011fd5c6"},"dob":{"date":"1969-07-19T09:15:44.053Z","age":55},"registered":{"date":"2008-05-13T09:09:28.462Z","age":16},"phone":"0173-2617737","cell":"0178-7395144","id":{"name":"SVNR","value":"70 190769 H 948"},"picture":{"large":"https://randomuser.me/api/portraits/women/38.jpg","medium":"https://randomuser.me/api/portraits/med/women/38.jpg","thumbnail":"https://randomuser.me/api/portraits/thumb/women/38.jpg"},"nat":"DE"}],"info":{"seed":"7e40e7077bc3fc47","results":1,"page":1,"version":"1.4"}}
[2024-09-22T16:26:49.241+0000] {taskinstance.py:340} INFO - ::group::Post task execution logs
[2024-09-22T16:26:49.242+0000] {taskinstance.py:352} INFO - Marking task as SUCCESS. dag_id=project, task_id=extract_user, run_id=manual__2024-09-22T15:42:00.765595+00:00, execution_date=20240922T154200, start_date=20240922T162648, end_date=20240922T162649
[2024-09-22T16:26:49.248+0000] {logging_mixin.py:190} INFO - Task instance in success state
[2024-09-22T16:26:49.248+0000] {logging_mixin.py:190} INFO -  Previous state of the Task instance: running
[2024-09-22T16:26:49.248+0000] {logging_mixin.py:190} INFO - Dag name:project queued_at:2024-09-22 16:26:45.617366+00:00
[2024-09-22T16:26:49.249+0000] {logging_mixin.py:190} INFO - Task hostname:0bbd6d2129ab operator:SimpleHttpOperator
[2024-09-22T16:26:49.278+0000] {local_task_job_runner.py:266} INFO - Task exited with return code 0
[2024-09-22T16:26:49.287+0000] {warnings.py:112} WARNING - /home/***/.local/lib/python3.12/site-packages/***/models/baseoperator.py:1378: AirflowProviderDeprecationWarning: Call to deprecated class SimpleHttpOperator. (Class `SimpleHttpOperator` is deprecated and will be removed in a future release. Please use `HttpOperator` instead.)
  result = cls.__new__(cls)

[2024-09-22T16:26:49.300+0000] {taskinstance.py:3900} INFO - 1 downstream tasks scheduled from follow-on schedule check
[2024-09-22T16:26:49.301+0000] {local_task_job_runner.py:245} INFO - ::endgroup::
