[2024-09-22T16:09:43.310+0000] {local_task_job_runner.py:123} INFO - ::group::Pre task execution logs
[2024-09-22T16:09:43.319+0000] {taskinstance.py:2612} INFO - Dependencies all met for dep_context=non-requeueable deps ti=<TaskInstance: project.extract_user manual__2024-09-22T15:42:00.765595+00:00 [queued]>
[2024-09-22T16:09:43.322+0000] {taskinstance.py:2612} INFO - Dependencies all met for dep_context=requeueable deps ti=<TaskInstance: project.extract_user manual__2024-09-22T15:42:00.765595+00:00 [queued]>
[2024-09-22T16:09:43.323+0000] {taskinstance.py:2865} INFO - Starting attempt 4 of 4
[2024-09-22T16:09:43.328+0000] {taskinstance.py:2888} INFO - Executing <Task(SimpleHttpOperator): extract_user> on 2024-09-22 15:42:00.765595+00:00
[2024-09-22T16:09:43.331+0000] {warnings.py:112} WARNING - /home/***/.local/lib/python3.12/site-packages/***/task/task_runner/standard_task_runner.py:70: DeprecationWarning: This process (pid=8088) is multi-threaded, use of fork() may lead to deadlocks in the child.
  pid = os.fork()

[2024-09-22T16:09:43.332+0000] {standard_task_runner.py:72} INFO - Started process 8090 to run task
[2024-09-22T16:09:43.333+0000] {standard_task_runner.py:104} INFO - Running: ['***', 'tasks', 'run', 'project', 'extract_user', 'manual__2024-09-22T15:42:00.765595+00:00', '--job-id', '61', '--raw', '--subdir', 'DAGS_FOLDER/project.py', '--cfg-path', '/tmp/tmpzbz9qzuy']
[2024-09-22T16:09:43.333+0000] {standard_task_runner.py:105} INFO - Job 61: Subtask extract_user
[2024-09-22T16:09:43.355+0000] {task_command.py:467} INFO - Running <TaskInstance: project.extract_user manual__2024-09-22T15:42:00.765595+00:00 [running]> on host 0bbd6d2129ab
[2024-09-22T16:09:43.399+0000] {taskinstance.py:3131} INFO - Exporting env vars: AIRFLOW_CTX_DAG_OWNER='***' AIRFLOW_CTX_DAG_ID='project' AIRFLOW_CTX_TASK_ID='extract_user' AIRFLOW_CTX_EXECUTION_DATE='2024-09-22T15:42:00.765595+00:00' AIRFLOW_CTX_TRY_NUMBER='4' AIRFLOW_CTX_DAG_RUN_ID='manual__2024-09-22T15:42:00.765595+00:00'
[2024-09-22T16:09:43.399+0000] {logging_mixin.py:190} INFO - Task instance is in running state
[2024-09-22T16:09:43.400+0000] {logging_mixin.py:190} INFO -  Previous state of the Task instance: queued
[2024-09-22T16:09:43.400+0000] {logging_mixin.py:190} INFO - Current task name:extract_user state:running start_date:2024-09-22 16:09:43.319513+00:00
[2024-09-22T16:09:43.400+0000] {logging_mixin.py:190} INFO - Dag name:project and current dag run status:running
[2024-09-22T16:09:43.400+0000] {taskinstance.py:731} INFO - ::endgroup::
[2024-09-22T16:09:43.400+0000] {http.py:173} INFO - Calling HTTP method
[2024-09-22T16:09:43.404+0000] {base.py:84} INFO - Retrieving connection 'user_api'
[2024-09-22T16:09:43.408+0000] {base.py:84} INFO - Retrieving connection 'user_api'
[2024-09-22T16:09:43.648+0000] {http.py:222} INFO - {"results":[{"gender":"male","name":{"title":"Mr","first":"August","last":"Sørensen"},"location":{"street":{"number":411,"name":"Aabenraavej"},"city":"København S","state":"Midtjylland","country":"Denmark","postcode":84403,"coordinates":{"latitude":"-42.8401","longitude":"-45.2880"},"timezone":{"offset":"+9:30","description":"Adelaide, Darwin"}},"email":"august.sorensen@example.com","login":{"uuid":"2ee0067d-4657-416d-bbce-51f78ee059a1","username":"smalltiger392","password":"pitures","salt":"sAvDhzZC","md5":"d1720ab51126acc6e29578aa76624027","sha1":"9475b387e39408f9660c933e5a83f7e3aa7493b9","sha256":"a15d6d1240c6bb52abe98c5e1ad2a8be92d16627b5818e24d2790ea716f0432a"},"dob":{"date":"1949-11-21T12:02:17.623Z","age":74},"registered":{"date":"2021-08-31T03:34:08.829Z","age":3},"phone":"59803561","cell":"56494653","id":{"name":"CPR","value":"211149-5022"},"picture":{"large":"https://randomuser.me/api/portraits/men/47.jpg","medium":"https://randomuser.me/api/portraits/med/men/47.jpg","thumbnail":"https://randomuser.me/api/portraits/thumb/men/47.jpg"},"nat":"DK"}],"info":{"seed":"617392d25b8ef98d","results":1,"page":1,"version":"1.4"}}
[2024-09-22T16:09:43.664+0000] {taskinstance.py:340} INFO - ::group::Post task execution logs
[2024-09-22T16:09:43.665+0000] {taskinstance.py:352} INFO - Marking task as SUCCESS. dag_id=project, task_id=extract_user, run_id=manual__2024-09-22T15:42:00.765595+00:00, execution_date=20240922T154200, start_date=20240922T160943, end_date=20240922T160943
[2024-09-22T16:09:43.670+0000] {logging_mixin.py:190} INFO - Task instance in success state
[2024-09-22T16:09:43.670+0000] {logging_mixin.py:190} INFO -  Previous state of the Task instance: running
[2024-09-22T16:09:43.670+0000] {logging_mixin.py:190} INFO - Dag name:project queued_at:2024-09-22 16:09:39.165464+00:00
[2024-09-22T16:09:43.670+0000] {logging_mixin.py:190} INFO - Task hostname:0bbd6d2129ab operator:SimpleHttpOperator
[2024-09-22T16:09:43.681+0000] {local_task_job_runner.py:266} INFO - Task exited with return code 0
[2024-09-22T16:09:43.688+0000] {warnings.py:112} WARNING - /home/***/.local/lib/python3.12/site-packages/***/models/baseoperator.py:1378: AirflowProviderDeprecationWarning: Call to deprecated class SimpleHttpOperator. (Class `SimpleHttpOperator` is deprecated and will be removed in a future release. Please use `HttpOperator` instead.)
  result = cls.__new__(cls)

[2024-09-22T16:09:43.696+0000] {taskinstance.py:3900} INFO - 1 downstream tasks scheduled from follow-on schedule check
[2024-09-22T16:09:43.697+0000] {local_task_job_runner.py:245} INFO - ::endgroup::
