[2024-09-22T16:15:50.113+0000] {local_task_job_runner.py:123} INFO - ::group::Pre task execution logs
[2024-09-22T16:15:50.122+0000] {taskinstance.py:2612} INFO - Dependencies all met for dep_context=non-requeueable deps ti=<TaskInstance: project.extract_user manual__2024-09-22T15:42:00.765595+00:00 [queued]>
[2024-09-22T16:15:50.126+0000] {taskinstance.py:2612} INFO - Dependencies all met for dep_context=requeueable deps ti=<TaskInstance: project.extract_user manual__2024-09-22T15:42:00.765595+00:00 [queued]>
[2024-09-22T16:15:50.126+0000] {taskinstance.py:2865} INFO - Starting attempt 5 of 5
[2024-09-22T16:15:50.131+0000] {taskinstance.py:2888} INFO - Executing <Task(SimpleHttpOperator): extract_user> on 2024-09-22 15:42:00.765595+00:00
[2024-09-22T16:15:50.136+0000] {warnings.py:112} WARNING - /home/***/.local/lib/python3.12/site-packages/***/task/task_runner/standard_task_runner.py:70: DeprecationWarning: This process (pid=8192) is multi-threaded, use of fork() may lead to deadlocks in the child.
  pid = os.fork()

[2024-09-22T16:15:50.136+0000] {standard_task_runner.py:72} INFO - Started process 8194 to run task
[2024-09-22T16:15:50.137+0000] {standard_task_runner.py:104} INFO - Running: ['***', 'tasks', 'run', 'project', 'extract_user', 'manual__2024-09-22T15:42:00.765595+00:00', '--job-id', '66', '--raw', '--subdir', 'DAGS_FOLDER/project.py', '--cfg-path', '/tmp/tmpkiiflu7e']
[2024-09-22T16:15:50.138+0000] {standard_task_runner.py:105} INFO - Job 66: Subtask extract_user
[2024-09-22T16:15:50.165+0000] {task_command.py:467} INFO - Running <TaskInstance: project.extract_user manual__2024-09-22T15:42:00.765595+00:00 [running]> on host 0bbd6d2129ab
[2024-09-22T16:15:50.209+0000] {taskinstance.py:3131} INFO - Exporting env vars: AIRFLOW_CTX_DAG_OWNER='***' AIRFLOW_CTX_DAG_ID='project' AIRFLOW_CTX_TASK_ID='extract_user' AIRFLOW_CTX_EXECUTION_DATE='2024-09-22T15:42:00.765595+00:00' AIRFLOW_CTX_TRY_NUMBER='5' AIRFLOW_CTX_DAG_RUN_ID='manual__2024-09-22T15:42:00.765595+00:00'
[2024-09-22T16:15:50.210+0000] {logging_mixin.py:190} INFO - Task instance is in running state
[2024-09-22T16:15:50.210+0000] {logging_mixin.py:190} INFO -  Previous state of the Task instance: queued
[2024-09-22T16:15:50.211+0000] {logging_mixin.py:190} INFO - Current task name:extract_user state:running start_date:2024-09-22 16:15:50.122751+00:00
[2024-09-22T16:15:50.211+0000] {logging_mixin.py:190} INFO - Dag name:project and current dag run status:running
[2024-09-22T16:15:50.211+0000] {taskinstance.py:731} INFO - ::endgroup::
[2024-09-22T16:15:50.211+0000] {http.py:173} INFO - Calling HTTP method
[2024-09-22T16:15:50.215+0000] {base.py:84} INFO - Retrieving connection 'user_api'
[2024-09-22T16:15:50.219+0000] {base.py:84} INFO - Retrieving connection 'user_api'
[2024-09-22T16:15:50.445+0000] {http.py:222} INFO - {"results":[{"gender":"female","name":{"title":"Ms","first":"Anastasija","last":"Silić"},"location":{"street":{"number":7678,"name":"Koste Timotijevića"},"city":"Svrljig","state":"Kosovo-Pomoravlje","country":"Serbia","postcode":74056,"coordinates":{"latitude":"61.3816","longitude":"158.0028"},"timezone":{"offset":"-7:00","description":"Mountain Time (US & Canada)"}},"email":"anastasija.silic@example.com","login":{"uuid":"0be3c6d3-be41-412a-9a19-e3329a1f4668","username":"organicswan293","password":"asdf","salt":"4qfgkMfN","md5":"f8648c49cc32e53c7087c8565c7ced21","sha1":"13111db6c80703195f2cf506097301df623f18a2","sha256":"405dbfe15fbcfb893c6f948b96ab15365b09452012360eef173ccf70aa4492fc"},"dob":{"date":"1957-08-12T07:54:40.247Z","age":67},"registered":{"date":"2005-07-24T03:32:14.449Z","age":19},"phone":"021-9243-560","cell":"062-8098-046","id":{"name":"SID","value":"459896700"},"picture":{"large":"https://randomuser.me/api/portraits/women/55.jpg","medium":"https://randomuser.me/api/portraits/med/women/55.jpg","thumbnail":"https://randomuser.me/api/portraits/thumb/women/55.jpg"},"nat":"RS"}],"info":{"seed":"38a6f015242b5aba","results":1,"page":1,"version":"1.4"}}
[2024-09-22T16:15:50.464+0000] {taskinstance.py:340} INFO - ::group::Post task execution logs
[2024-09-22T16:15:50.465+0000] {taskinstance.py:352} INFO - Marking task as SUCCESS. dag_id=project, task_id=extract_user, run_id=manual__2024-09-22T15:42:00.765595+00:00, execution_date=20240922T154200, start_date=20240922T161550, end_date=20240922T161550
[2024-09-22T16:15:50.471+0000] {logging_mixin.py:190} INFO - Task instance in success state
[2024-09-22T16:15:50.472+0000] {logging_mixin.py:190} INFO -  Previous state of the Task instance: running
[2024-09-22T16:15:50.472+0000] {logging_mixin.py:190} INFO - Dag name:project queued_at:2024-09-22 16:15:46.482740+00:00
[2024-09-22T16:15:50.472+0000] {logging_mixin.py:190} INFO - Task hostname:0bbd6d2129ab operator:SimpleHttpOperator
[2024-09-22T16:15:50.491+0000] {local_task_job_runner.py:266} INFO - Task exited with return code 0
[2024-09-22T16:15:50.501+0000] {warnings.py:112} WARNING - /home/***/.local/lib/python3.12/site-packages/***/models/baseoperator.py:1378: AirflowProviderDeprecationWarning: Call to deprecated class SimpleHttpOperator. (Class `SimpleHttpOperator` is deprecated and will be removed in a future release. Please use `HttpOperator` instead.)
  result = cls.__new__(cls)

[2024-09-22T16:15:50.514+0000] {taskinstance.py:3900} INFO - 1 downstream tasks scheduled from follow-on schedule check
[2024-09-22T16:15:50.515+0000] {local_task_job_runner.py:245} INFO - ::endgroup::
