[2024-09-22T16:00:20.006+0000] {local_task_job_runner.py:123} INFO - ::group::Pre task execution logs
[2024-09-22T16:00:20.015+0000] {taskinstance.py:2612} INFO - Dependencies all met for dep_context=non-requeueable deps ti=<TaskInstance: project.extract_user manual__2024-09-22T15:42:00.765595+00:00 [queued]>
[2024-09-22T16:00:20.018+0000] {taskinstance.py:2612} INFO - Dependencies all met for dep_context=requeueable deps ti=<TaskInstance: project.extract_user manual__2024-09-22T15:42:00.765595+00:00 [queued]>
[2024-09-22T16:00:20.019+0000] {taskinstance.py:2865} INFO - Starting attempt 3 of 3
[2024-09-22T16:00:20.024+0000] {taskinstance.py:2888} INFO - Executing <Task(SimpleHttpOperator): extract_user> on 2024-09-22 15:42:00.765595+00:00
[2024-09-22T16:00:20.027+0000] {warnings.py:112} WARNING - /home/***/.local/lib/python3.12/site-packages/***/task/task_runner/standard_task_runner.py:70: DeprecationWarning: This process (pid=7946) is multi-threaded, use of fork() may lead to deadlocks in the child.
  pid = os.fork()

[2024-09-22T16:00:20.028+0000] {standard_task_runner.py:72} INFO - Started process 7948 to run task
[2024-09-22T16:00:20.028+0000] {standard_task_runner.py:104} INFO - Running: ['***', 'tasks', 'run', 'project', 'extract_user', 'manual__2024-09-22T15:42:00.765595+00:00', '--job-id', '57', '--raw', '--subdir', 'DAGS_FOLDER/project.py', '--cfg-path', '/tmp/tmpb6jequhc']
[2024-09-22T16:00:20.029+0000] {standard_task_runner.py:105} INFO - Job 57: Subtask extract_user
[2024-09-22T16:00:20.051+0000] {task_command.py:467} INFO - Running <TaskInstance: project.extract_user manual__2024-09-22T15:42:00.765595+00:00 [running]> on host 0bbd6d2129ab
[2024-09-22T16:00:20.090+0000] {taskinstance.py:3131} INFO - Exporting env vars: AIRFLOW_CTX_DAG_OWNER='***' AIRFLOW_CTX_DAG_ID='project' AIRFLOW_CTX_TASK_ID='extract_user' AIRFLOW_CTX_EXECUTION_DATE='2024-09-22T15:42:00.765595+00:00' AIRFLOW_CTX_TRY_NUMBER='3' AIRFLOW_CTX_DAG_RUN_ID='manual__2024-09-22T15:42:00.765595+00:00'
[2024-09-22T16:00:20.090+0000] {logging_mixin.py:190} INFO - Task instance is in running state
[2024-09-22T16:00:20.091+0000] {logging_mixin.py:190} INFO -  Previous state of the Task instance: queued
[2024-09-22T16:00:20.091+0000] {logging_mixin.py:190} INFO - Current task name:extract_user state:running start_date:2024-09-22 16:00:20.015546+00:00
[2024-09-22T16:00:20.091+0000] {logging_mixin.py:190} INFO - Dag name:project and current dag run status:running
[2024-09-22T16:00:20.091+0000] {taskinstance.py:731} INFO - ::endgroup::
[2024-09-22T16:00:20.091+0000] {http.py:173} INFO - Calling HTTP method
[2024-09-22T16:00:20.095+0000] {base.py:84} INFO - Retrieving connection 'user_api'
[2024-09-22T16:00:20.099+0000] {base.py:84} INFO - Retrieving connection 'user_api'
[2024-09-22T16:00:20.271+0000] {http.py:222} INFO - {"results":[{"gender":"female","name":{"title":"Mrs","first":"Raksha","last":"Salian"},"location":{"street":{"number":2654,"name":"Bannerghatta Rd"},"city":"Guntur","state":"Madhya Pradesh","country":"India","postcode":77829,"coordinates":{"latitude":"12.1118","longitude":"166.9307"},"timezone":{"offset":"-11:00","description":"Midway Island, Samoa"}},"email":"raksha.salian@example.com","login":{"uuid":"9c614058-c340-4821-a329-45947be28e6b","username":"purplefish421","password":"benji","salt":"lqaFihxm","md5":"546ea47711ff442343b863976a0f81c5","sha1":"a46e84aa96afdd3a49e5263b56dd33d11fa89d98","sha256":"48610767cc8f058dcf4b097676f38714543088fbfcb613f78d733a3ddb0cb019"},"dob":{"date":"1977-12-13T07:51:19.266Z","age":46},"registered":{"date":"2007-04-26T03:57:13.061Z","age":17},"phone":"9915936120","cell":"9410431168","id":{"name":"UIDAI","value":"993967426433"},"picture":{"large":"https://randomuser.me/api/portraits/women/48.jpg","medium":"https://randomuser.me/api/portraits/med/women/48.jpg","thumbnail":"https://randomuser.me/api/portraits/thumb/women/48.jpg"},"nat":"IN"}],"info":{"seed":"785585288ee1d511","results":1,"page":1,"version":"1.4"}}
[2024-09-22T16:00:20.290+0000] {taskinstance.py:340} INFO - ::group::Post task execution logs
[2024-09-22T16:00:20.290+0000] {taskinstance.py:352} INFO - Marking task as SUCCESS. dag_id=project, task_id=extract_user, run_id=manual__2024-09-22T15:42:00.765595+00:00, execution_date=20240922T154200, start_date=20240922T160020, end_date=20240922T160020
[2024-09-22T16:00:20.296+0000] {logging_mixin.py:190} INFO - Task instance in success state
[2024-09-22T16:00:20.297+0000] {logging_mixin.py:190} INFO -  Previous state of the Task instance: running
[2024-09-22T16:00:20.297+0000] {logging_mixin.py:190} INFO - Dag name:project queued_at:2024-09-22 16:00:16.401147+00:00
[2024-09-22T16:00:20.297+0000] {logging_mixin.py:190} INFO - Task hostname:0bbd6d2129ab operator:SimpleHttpOperator
[2024-09-22T16:00:20.339+0000] {local_task_job_runner.py:266} INFO - Task exited with return code 0
[2024-09-22T16:00:20.348+0000] {warnings.py:112} WARNING - /home/***/.local/lib/python3.12/site-packages/***/models/baseoperator.py:1378: AirflowProviderDeprecationWarning: Call to deprecated class SimpleHttpOperator. (Class `SimpleHttpOperator` is deprecated and will be removed in a future release. Please use `HttpOperator` instead.)
  result = cls.__new__(cls)

[2024-09-22T16:00:20.358+0000] {taskinstance.py:3900} INFO - 1 downstream tasks scheduled from follow-on schedule check
[2024-09-22T16:00:20.359+0000] {local_task_job_runner.py:245} INFO - ::endgroup::
