[2024-09-22T16:27:22.587+0000] {local_task_job_runner.py:123} INFO - ::group::Pre task execution logs
[2024-09-22T16:27:22.598+0000] {taskinstance.py:2612} INFO - Dependencies all met for dep_context=non-requeueable deps ti=<TaskInstance: project.extract_user manual__2024-09-22T15:42:00.765595+00:00 [queued]>
[2024-09-22T16:27:22.603+0000] {taskinstance.py:2612} INFO - Dependencies all met for dep_context=requeueable deps ti=<TaskInstance: project.extract_user manual__2024-09-22T15:42:00.765595+00:00 [queued]>
[2024-09-22T16:27:22.604+0000] {taskinstance.py:2865} INFO - Starting attempt 8 of 8
[2024-09-22T16:27:22.611+0000] {taskinstance.py:2888} INFO - Executing <Task(SimpleHttpOperator): extract_user> on 2024-09-22 15:42:00.765595+00:00
[2024-09-22T16:27:22.615+0000] {warnings.py:112} WARNING - /home/***/.local/lib/python3.12/site-packages/***/task/task_runner/standard_task_runner.py:70: DeprecationWarning: This process (pid=8401) is multi-threaded, use of fork() may lead to deadlocks in the child.
  pid = os.fork()

[2024-09-22T16:27:22.616+0000] {standard_task_runner.py:72} INFO - Started process 8403 to run task
[2024-09-22T16:27:22.617+0000] {standard_task_runner.py:104} INFO - Running: ['***', 'tasks', 'run', 'project', 'extract_user', 'manual__2024-09-22T15:42:00.765595+00:00', '--job-id', '80', '--raw', '--subdir', 'DAGS_FOLDER/project.py', '--cfg-path', '/tmp/tmp2awicjfn']
[2024-09-22T16:27:22.618+0000] {standard_task_runner.py:105} INFO - Job 80: Subtask extract_user
[2024-09-22T16:27:22.639+0000] {task_command.py:467} INFO - Running <TaskInstance: project.extract_user manual__2024-09-22T15:42:00.765595+00:00 [running]> on host 0bbd6d2129ab
[2024-09-22T16:27:22.675+0000] {taskinstance.py:3131} INFO - Exporting env vars: AIRFLOW_CTX_DAG_OWNER='***' AIRFLOW_CTX_DAG_ID='project' AIRFLOW_CTX_TASK_ID='extract_user' AIRFLOW_CTX_EXECUTION_DATE='2024-09-22T15:42:00.765595+00:00' AIRFLOW_CTX_TRY_NUMBER='8' AIRFLOW_CTX_DAG_RUN_ID='manual__2024-09-22T15:42:00.765595+00:00'
[2024-09-22T16:27:22.676+0000] {logging_mixin.py:190} INFO - Task instance is in running state
[2024-09-22T16:27:22.676+0000] {logging_mixin.py:190} INFO -  Previous state of the Task instance: queued
[2024-09-22T16:27:22.676+0000] {logging_mixin.py:190} INFO - Current task name:extract_user state:running start_date:2024-09-22 16:27:22.599219+00:00
[2024-09-22T16:27:22.676+0000] {logging_mixin.py:190} INFO - Dag name:project and current dag run status:running
[2024-09-22T16:27:22.676+0000] {taskinstance.py:731} INFO - ::endgroup::
[2024-09-22T16:27:22.676+0000] {http.py:173} INFO - Calling HTTP method
[2024-09-22T16:27:22.680+0000] {base.py:84} INFO - Retrieving connection 'user_api'
[2024-09-22T16:27:22.684+0000] {base.py:84} INFO - Retrieving connection 'user_api'
[2024-09-22T16:27:22.876+0000] {http.py:222} INFO - {"results":[{"gender":"female","name":{"title":"Mrs","first":"Latife","last":"Sözeri"},"location":{"street":{"number":4004,"name":"Filistin Cd"},"city":"Tunceli","state":"Muş","country":"Turkey","postcode":81584,"coordinates":{"latitude":"67.3868","longitude":"164.0331"},"timezone":{"offset":"+3:00","description":"Baghdad, Riyadh, Moscow, St. Petersburg"}},"email":"latife.sozeri@example.com","login":{"uuid":"9ba969c9-c8af-403c-8e5b-5bab3002db8d","username":"sadfrog743","password":"eagle1","salt":"HN8anXW3","md5":"51b79dc9bcf764ae44b9f0be53e1ccd9","sha1":"bebf67a9e5cc808807c04a84fb3798ffa3770c5a","sha256":"1b1bcabfb931b9fa5f94f640c43dfa4a8479b357c48f3e8cbbfb8ff84b598468"},"dob":{"date":"1980-10-26T19:56:34.044Z","age":43},"registered":{"date":"2017-04-15T15:08:07.961Z","age":7},"phone":"(001)-865-8540","cell":"(154)-545-4275","id":{"name":"","value":null},"picture":{"large":"https://randomuser.me/api/portraits/women/19.jpg","medium":"https://randomuser.me/api/portraits/med/women/19.jpg","thumbnail":"https://randomuser.me/api/portraits/thumb/women/19.jpg"},"nat":"TR"}],"info":{"seed":"472f6466370b9281","results":1,"page":1,"version":"1.4"}}
[2024-09-22T16:27:22.895+0000] {taskinstance.py:340} INFO - ::group::Post task execution logs
[2024-09-22T16:27:22.895+0000] {taskinstance.py:352} INFO - Marking task as SUCCESS. dag_id=project, task_id=extract_user, run_id=manual__2024-09-22T15:42:00.765595+00:00, execution_date=20240922T154200, start_date=20240922T162722, end_date=20240922T162722
[2024-09-22T16:27:22.902+0000] {logging_mixin.py:190} INFO - Task instance in success state
[2024-09-22T16:27:22.902+0000] {logging_mixin.py:190} INFO -  Previous state of the Task instance: running
[2024-09-22T16:27:22.903+0000] {logging_mixin.py:190} INFO - Dag name:project queued_at:2024-09-22 16:27:18.498399+00:00
[2024-09-22T16:27:22.903+0000] {logging_mixin.py:190} INFO - Task hostname:0bbd6d2129ab operator:SimpleHttpOperator
[2024-09-22T16:27:22.927+0000] {local_task_job_runner.py:266} INFO - Task exited with return code 0
[2024-09-22T16:27:22.935+0000] {warnings.py:112} WARNING - /home/***/.local/lib/python3.12/site-packages/***/models/baseoperator.py:1378: AirflowProviderDeprecationWarning: Call to deprecated class SimpleHttpOperator. (Class `SimpleHttpOperator` is deprecated and will be removed in a future release. Please use `HttpOperator` instead.)
  result = cls.__new__(cls)

[2024-09-22T16:27:22.944+0000] {taskinstance.py:3900} INFO - 1 downstream tasks scheduled from follow-on schedule check
[2024-09-22T16:27:22.945+0000] {local_task_job_runner.py:245} INFO - ::endgroup::
