[2024-09-22T13:29:02.753+0000] {local_task_job_runner.py:123} INFO - ::group::Pre task execution logs
[2024-09-22T13:29:02.761+0000] {taskinstance.py:2612} INFO - Dependencies all met for dep_context=non-requeueable deps ti=<TaskInstance: project.wait_for_api manual__2024-09-22T12:57:24.010523+00:00 [queued]>
[2024-09-22T13:29:02.764+0000] {taskinstance.py:2612} INFO - Dependencies all met for dep_context=requeueable deps ti=<TaskInstance: project.wait_for_api manual__2024-09-22T12:57:24.010523+00:00 [queued]>
[2024-09-22T13:29:02.764+0000] {taskinstance.py:2865} INFO - Starting attempt 5 of 5
[2024-09-22T13:29:02.769+0000] {taskinstance.py:2888} INFO - Executing <Task(HttpSensor): wait_for_api> on 2024-09-22 12:57:24.010523+00:00
[2024-09-22T13:29:02.773+0000] {warnings.py:112} WARNING - /home/***/.local/lib/python3.12/site-packages/***/task/task_runner/standard_task_runner.py:70: DeprecationWarning: This process (pid=5805) is multi-threaded, use of fork() may lead to deadlocks in the child.
  pid = os.fork()

[2024-09-22T13:29:02.774+0000] {standard_task_runner.py:72} INFO - Started process 5807 to run task
[2024-09-22T13:29:02.775+0000] {standard_task_runner.py:104} INFO - Running: ['***', 'tasks', 'run', 'project', 'wait_for_api', 'manual__2024-09-22T12:57:24.010523+00:00', '--job-id', '25', '--raw', '--subdir', 'DAGS_FOLDER/project.py', '--cfg-path', '/tmp/tmpmc8peayc']
[2024-09-22T13:29:02.776+0000] {standard_task_runner.py:105} INFO - Job 25: Subtask wait_for_api
[2024-09-22T13:29:02.797+0000] {task_command.py:467} INFO - Running <TaskInstance: project.wait_for_api manual__2024-09-22T12:57:24.010523+00:00 [running]> on host 0bbd6d2129ab
[2024-09-22T13:29:02.829+0000] {taskinstance.py:3131} INFO - Exporting env vars: AIRFLOW_CTX_DAG_OWNER='***' AIRFLOW_CTX_DAG_ID='project' AIRFLOW_CTX_TASK_ID='wait_for_api' AIRFLOW_CTX_EXECUTION_DATE='2024-09-22T12:57:24.010523+00:00' AIRFLOW_CTX_TRY_NUMBER='5' AIRFLOW_CTX_DAG_RUN_ID='manual__2024-09-22T12:57:24.010523+00:00'
[2024-09-22T13:29:02.830+0000] {logging_mixin.py:190} INFO - Task instance is in running state
[2024-09-22T13:29:02.830+0000] {logging_mixin.py:190} INFO -  Previous state of the Task instance: queued
[2024-09-22T13:29:02.830+0000] {logging_mixin.py:190} INFO - Current task name:wait_for_api state:running start_date:2024-09-22 13:29:02.761732+00:00
[2024-09-22T13:29:02.830+0000] {logging_mixin.py:190} INFO - Dag name:project and current dag run status:running
[2024-09-22T13:29:02.830+0000] {taskinstance.py:731} INFO - ::endgroup::
[2024-09-22T13:29:02.831+0000] {baseoperator.py:405} WARNING - HttpSensor.execute cannot be called outside TaskInstance!
[2024-09-22T13:29:02.831+0000] {http.py:137} INFO - Poking: api/
[2024-09-22T13:29:02.835+0000] {base.py:84} INFO - Retrieving connection 'user_api'
[2024-09-22T13:29:03.045+0000] {base.py:336} INFO - Success criteria met. Exiting.
[2024-09-22T13:29:03.054+0000] {taskinstance.py:340} INFO - ::group::Post task execution logs
[2024-09-22T13:29:03.055+0000] {taskinstance.py:352} INFO - Marking task as SUCCESS. dag_id=project, task_id=wait_for_api, run_id=manual__2024-09-22T12:57:24.010523+00:00, execution_date=20240922T125724, start_date=20240922T132902, end_date=20240922T132903
[2024-09-22T13:29:03.063+0000] {logging_mixin.py:190} INFO - Task instance in success state
[2024-09-22T13:29:03.063+0000] {logging_mixin.py:190} INFO -  Previous state of the Task instance: running
[2024-09-22T13:29:03.064+0000] {logging_mixin.py:190} INFO - Dag name:project queued_at:2024-09-22 13:29:01.030974+00:00
[2024-09-22T13:29:03.064+0000] {logging_mixin.py:190} INFO - Task hostname:0bbd6d2129ab operator:HttpSensor
[2024-09-22T13:29:03.081+0000] {local_task_job_runner.py:266} INFO - Task exited with return code 0
[2024-09-22T13:29:03.090+0000] {warnings.py:112} WARNING - /home/***/.local/lib/python3.12/site-packages/***/models/baseoperator.py:1378: AirflowProviderDeprecationWarning: Call to deprecated class SimpleHttpOperator. (Class `SimpleHttpOperator` is deprecated and will be removed in a future release. Please use `HttpOperator` instead.)
  result = cls.__new__(cls)

[2024-09-22T13:29:03.108+0000] {taskinstance.py:3900} INFO - 1 downstream tasks scheduled from follow-on schedule check
[2024-09-22T13:29:03.109+0000] {local_task_job_runner.py:245} INFO - ::endgroup::
