[2024-09-21T19:18:35.211+0000] {processor.py:186} INFO - Started process (PID=3763) to work on /opt/airflow/dags/user_processing.py
[2024-09-21T19:18:35.211+0000] {processor.py:914} INFO - Processing file /opt/airflow/dags/user_processing.py for tasks to queue
[2024-09-21T19:18:35.212+0000] {logging_mixin.py:190} INFO - [2024-09-21T19:18:35.212+0000] {dagbag.py:587} INFO - Filling up the DagBag from /opt/airflow/dags/user_processing.py
[2024-09-21T19:18:35.219+0000] {processor.py:925} INFO - DAG(s) 'user_processing' retrieved from /opt/airflow/dags/user_processing.py
[2024-09-21T19:18:35.266+0000] {logging_mixin.py:190} INFO - [2024-09-21T19:18:35.266+0000] {override.py:1900} INFO - Created Permission View: can read on DAG:user_processing
[2024-09-21T19:18:35.270+0000] {logging_mixin.py:190} INFO - [2024-09-21T19:18:35.270+0000] {override.py:1900} INFO - Created Permission View: can edit on DAG:user_processing
[2024-09-21T19:18:35.272+0000] {logging_mixin.py:190} INFO - [2024-09-21T19:18:35.272+0000] {override.py:1900} INFO - Created Permission View: can delete on DAG:user_processing
[2024-09-21T19:18:35.274+0000] {logging_mixin.py:190} INFO - [2024-09-21T19:18:35.274+0000] {override.py:1900} INFO - Created Permission View: can read on DAG Run:user_processing
[2024-09-21T19:18:35.276+0000] {logging_mixin.py:190} INFO - [2024-09-21T19:18:35.276+0000] {override.py:1900} INFO - Created Permission View: menu access on DAG Run:user_processing
[2024-09-21T19:18:35.278+0000] {logging_mixin.py:190} INFO - [2024-09-21T19:18:35.278+0000] {override.py:1900} INFO - Created Permission View: can create on DAG Run:user_processing
[2024-09-21T19:18:35.280+0000] {logging_mixin.py:190} INFO - [2024-09-21T19:18:35.279+0000] {override.py:1900} INFO - Created Permission View: can delete on DAG Run:user_processing
[2024-09-21T19:18:35.280+0000] {logging_mixin.py:190} INFO - [2024-09-21T19:18:35.280+0000] {dag.py:3229} INFO - Sync 1 DAGs
[2024-09-21T19:18:35.285+0000] {logging_mixin.py:190} INFO - [2024-09-21T19:18:35.285+0000] {dag.py:3252} INFO - Creating ORM DAG for user_processing
[2024-09-21T19:18:35.290+0000] {logging_mixin.py:190} INFO - [2024-09-21T19:18:35.290+0000] {dag.py:4156} INFO - Setting next_dagrun for user_processing to 2024-09-20 00:00:00+00:00, run_after=2024-09-21 00:00:00+00:00
[2024-09-21T19:18:35.296+0000] {processor.py:208} INFO - Processing /opt/airflow/dags/user_processing.py took 0.089 seconds
[2024-09-21T19:18:36.227+0000] {processor.py:186} INFO - Started process (PID=3764) to work on /opt/airflow/dags/user_processing.py
[2024-09-21T19:18:36.228+0000] {processor.py:914} INFO - Processing file /opt/airflow/dags/user_processing.py for tasks to queue
[2024-09-21T19:18:36.229+0000] {logging_mixin.py:190} INFO - [2024-09-21T19:18:36.229+0000] {dagbag.py:587} INFO - Filling up the DagBag from /opt/airflow/dags/user_processing.py
[2024-09-21T19:18:36.233+0000] {logging_mixin.py:190} INFO - [2024-09-21T19:18:36.232+0000] {dagbag.py:386} ERROR - Failed to import: /opt/airflow/dags/user_processing.py
Traceback (most recent call last):
  File "/home/airflow/.local/lib/python3.12/site-packages/airflow/models/dagbag.py", line 382, in parse
    loader.exec_module(new_module)
  File "<frozen importlib._bootstrap_external>", line 991, in exec_module
  File "<frozen importlib._bootstrap_external>", line 1129, in get_code
  File "<frozen importlib._bootstrap_external>", line 1059, in source_to_code
  File "<frozen importlib._bootstrap>", line 488, in _call_with_frames_removed
  File "/opt/airflow/dags/user_processing.py", line 5
    @dag(schedule_interval='@daily', start_date=datetime(2024, 1, 1), catchup=False, tags =)
                                                                                     ^^^^^^
SyntaxError: expected argument value expression
[2024-09-21T19:18:36.234+0000] {processor.py:927} WARNING - No viable dags retrieved from /opt/airflow/dags/user_processing.py
[2024-09-21T19:18:36.251+0000] {processor.py:208} INFO - Processing /opt/airflow/dags/user_processing.py took 0.029 seconds
[2024-09-21T19:18:38.248+0000] {processor.py:186} INFO - Started process (PID=3765) to work on /opt/airflow/dags/user_processing.py
[2024-09-21T19:18:38.249+0000] {processor.py:914} INFO - Processing file /opt/airflow/dags/user_processing.py for tasks to queue
[2024-09-21T19:18:38.251+0000] {logging_mixin.py:190} INFO - [2024-09-21T19:18:38.250+0000] {dagbag.py:587} INFO - Filling up the DagBag from /opt/airflow/dags/user_processing.py
[2024-09-21T19:18:38.255+0000] {logging_mixin.py:190} INFO - [2024-09-21T19:18:38.254+0000] {dagbag.py:386} ERROR - Failed to import: /opt/airflow/dags/user_processing.py
Traceback (most recent call last):
  File "/home/airflow/.local/lib/python3.12/site-packages/airflow/models/dagbag.py", line 382, in parse
    loader.exec_module(new_module)
  File "<frozen importlib._bootstrap_external>", line 991, in exec_module
  File "<frozen importlib._bootstrap_external>", line 1129, in get_code
  File "<frozen importlib._bootstrap_external>", line 1059, in source_to_code
  File "<frozen importlib._bootstrap>", line 488, in _call_with_frames_removed
  File "/opt/airflow/dags/user_processing.py", line 5
    @dag(schedule_interval='@daily', start_date=datetime(2024, 1, 1), catchup=False, tags)
                                                                                         ^
SyntaxError: positional argument follows keyword argument
[2024-09-21T19:18:38.255+0000] {processor.py:927} WARNING - No viable dags retrieved from /opt/airflow/dags/user_processing.py
[2024-09-21T19:18:38.272+0000] {processor.py:208} INFO - Processing /opt/airflow/dags/user_processing.py took 0.029 seconds
[2024-09-21T19:18:40.270+0000] {processor.py:186} INFO - Started process (PID=3766) to work on /opt/airflow/dags/user_processing.py
[2024-09-21T19:18:40.270+0000] {processor.py:914} INFO - Processing file /opt/airflow/dags/user_processing.py for tasks to queue
[2024-09-21T19:18:40.272+0000] {logging_mixin.py:190} INFO - [2024-09-21T19:18:40.272+0000] {dagbag.py:587} INFO - Filling up the DagBag from /opt/airflow/dags/user_processing.py
[2024-09-21T19:18:40.283+0000] {processor.py:925} INFO - DAG(s) 'user_processing' retrieved from /opt/airflow/dags/user_processing.py
[2024-09-21T19:18:40.293+0000] {logging_mixin.py:190} INFO - [2024-09-21T19:18:40.293+0000] {dag.py:3229} INFO - Sync 1 DAGs
[2024-09-21T19:18:40.309+0000] {logging_mixin.py:190} INFO - [2024-09-21T19:18:40.309+0000] {dag.py:4156} INFO - Setting next_dagrun for user_processing to 2024-09-20 00:00:00+00:00, run_after=2024-09-21 00:00:00+00:00
[2024-09-21T19:18:40.319+0000] {processor.py:208} INFO - Processing /opt/airflow/dags/user_processing.py took 0.054 seconds
[2024-09-21T19:18:42.325+0000] {processor.py:186} INFO - Started process (PID=3767) to work on /opt/airflow/dags/user_processing.py
[2024-09-21T19:18:42.325+0000] {processor.py:914} INFO - Processing file /opt/airflow/dags/user_processing.py for tasks to queue
[2024-09-21T19:18:42.328+0000] {logging_mixin.py:190} INFO - [2024-09-21T19:18:42.327+0000] {dagbag.py:587} INFO - Filling up the DagBag from /opt/airflow/dags/user_processing.py
[2024-09-21T19:18:42.332+0000] {logging_mixin.py:190} INFO - [2024-09-21T19:18:42.331+0000] {dagbag.py:386} ERROR - Failed to import: /opt/airflow/dags/user_processing.py
Traceback (most recent call last):
  File "/home/airflow/.local/lib/python3.12/site-packages/airflow/models/dagbag.py", line 382, in parse
    loader.exec_module(new_module)
  File "<frozen importlib._bootstrap_external>", line 991, in exec_module
  File "<frozen importlib._bootstrap_external>", line 1129, in get_code
  File "<frozen importlib._bootstrap_external>", line 1059, in source_to_code
  File "<frozen importlib._bootstrap>", line 488, in _call_with_frames_removed
  File "/opt/airflow/dags/user_processing.py", line 5
    @dag(schedule_interval='@daily', start_date=datetime(2024, 1, 1), catchup=False, tags=)
                                                                                     ^^^^^
SyntaxError: expected argument value expression
[2024-09-21T19:18:42.332+0000] {processor.py:927} WARNING - No viable dags retrieved from /opt/airflow/dags/user_processing.py
[2024-09-21T19:18:42.349+0000] {processor.py:208} INFO - Processing /opt/airflow/dags/user_processing.py took 0.030 seconds
[2024-09-21T19:18:44.372+0000] {processor.py:186} INFO - Started process (PID=3768) to work on /opt/airflow/dags/user_processing.py
[2024-09-21T19:18:44.373+0000] {processor.py:914} INFO - Processing file /opt/airflow/dags/user_processing.py for tasks to queue
[2024-09-21T19:18:44.378+0000] {logging_mixin.py:190} INFO - [2024-09-21T19:18:44.377+0000] {dagbag.py:587} INFO - Filling up the DagBag from /opt/airflow/dags/user_processing.py
[2024-09-21T19:18:44.390+0000] {processor.py:925} INFO - DAG(s) 'user_processing' retrieved from /opt/airflow/dags/user_processing.py
[2024-09-21T19:18:44.400+0000] {logging_mixin.py:190} INFO - [2024-09-21T19:18:44.400+0000] {dag.py:3229} INFO - Sync 1 DAGs
[2024-09-21T19:18:44.417+0000] {logging_mixin.py:190} INFO - [2024-09-21T19:18:44.417+0000] {dag.py:4156} INFO - Setting next_dagrun for user_processing to 2024-09-20 00:00:00+00:00, run_after=2024-09-21 00:00:00+00:00
[2024-09-21T19:18:44.427+0000] {processor.py:208} INFO - Processing /opt/airflow/dags/user_processing.py took 0.061 seconds
[2024-09-21T19:18:45.462+0000] {processor.py:186} INFO - Started process (PID=3769) to work on /opt/airflow/dags/user_processing.py
[2024-09-21T19:18:45.463+0000] {processor.py:914} INFO - Processing file /opt/airflow/dags/user_processing.py for tasks to queue
[2024-09-21T19:18:45.465+0000] {logging_mixin.py:190} INFO - [2024-09-21T19:18:45.465+0000] {dagbag.py:587} INFO - Filling up the DagBag from /opt/airflow/dags/user_processing.py
[2024-09-21T19:18:45.476+0000] {processor.py:925} INFO - DAG(s) 'user_processing' retrieved from /opt/airflow/dags/user_processing.py
[2024-09-21T19:18:45.486+0000] {logging_mixin.py:190} INFO - [2024-09-21T19:18:45.486+0000] {dag.py:3229} INFO - Sync 1 DAGs
[2024-09-21T19:18:45.503+0000] {logging_mixin.py:190} INFO - [2024-09-21T19:18:45.503+0000] {dag.py:4156} INFO - Setting next_dagrun for user_processing to 2024-09-20 00:00:00+00:00, run_after=2024-09-21 00:00:00+00:00
[2024-09-21T19:18:45.515+0000] {processor.py:208} INFO - Processing /opt/airflow/dags/user_processing.py took 0.059 seconds
[2024-09-21T19:18:52.564+0000] {processor.py:186} INFO - Started process (PID=3770) to work on /opt/airflow/dags/user_processing.py
[2024-09-21T19:18:52.565+0000] {processor.py:914} INFO - Processing file /opt/airflow/dags/user_processing.py for tasks to queue
[2024-09-21T19:18:52.567+0000] {logging_mixin.py:190} INFO - [2024-09-21T19:18:52.567+0000] {dagbag.py:587} INFO - Filling up the DagBag from /opt/airflow/dags/user_processing.py
[2024-09-21T19:18:52.579+0000] {processor.py:925} INFO - DAG(s) 'user_processing' retrieved from /opt/airflow/dags/user_processing.py
[2024-09-21T19:18:52.588+0000] {logging_mixin.py:190} INFO - [2024-09-21T19:18:52.588+0000] {dag.py:3229} INFO - Sync 1 DAGs
[2024-09-21T19:18:52.604+0000] {logging_mixin.py:190} INFO - [2024-09-21T19:18:52.604+0000] {dag.py:4156} INFO - Setting next_dagrun for user_processing to 2024-09-20 00:00:00+00:00, run_after=2024-09-21 00:00:00+00:00
[2024-09-21T19:18:52.615+0000] {processor.py:208} INFO - Processing /opt/airflow/dags/user_processing.py took 0.057 seconds
[2024-09-21T19:18:53.612+0000] {processor.py:186} INFO - Started process (PID=3771) to work on /opt/airflow/dags/user_processing.py
[2024-09-21T19:18:53.612+0000] {processor.py:914} INFO - Processing file /opt/airflow/dags/user_processing.py for tasks to queue
[2024-09-21T19:18:53.615+0000] {logging_mixin.py:190} INFO - [2024-09-21T19:18:53.614+0000] {dagbag.py:587} INFO - Filling up the DagBag from /opt/airflow/dags/user_processing.py
[2024-09-21T19:18:53.625+0000] {processor.py:925} INFO - DAG(s) 'user_processing' retrieved from /opt/airflow/dags/user_processing.py
[2024-09-21T19:18:53.635+0000] {logging_mixin.py:190} INFO - [2024-09-21T19:18:53.634+0000] {dag.py:3229} INFO - Sync 1 DAGs
[2024-09-21T19:18:53.651+0000] {logging_mixin.py:190} INFO - [2024-09-21T19:18:53.650+0000] {dag.py:4156} INFO - Setting next_dagrun for user_processing to 2024-09-20 00:00:00+00:00, run_after=2024-09-21 00:00:00+00:00
[2024-09-21T19:18:53.661+0000] {processor.py:208} INFO - Processing /opt/airflow/dags/user_processing.py took 0.055 seconds
[2024-09-21T19:18:58.302+0000] {processor.py:186} INFO - Started process (PID=3790) to work on /opt/airflow/dags/user_processing.py
[2024-09-21T19:18:58.304+0000] {processor.py:914} INFO - Processing file /opt/airflow/dags/user_processing.py for tasks to queue
[2024-09-21T19:18:58.306+0000] {logging_mixin.py:190} INFO - [2024-09-21T19:18:58.306+0000] {dagbag.py:587} INFO - Filling up the DagBag from /opt/airflow/dags/user_processing.py
[2024-09-21T19:18:58.322+0000] {processor.py:925} INFO - DAG(s) 'user_processing' retrieved from /opt/airflow/dags/user_processing.py
[2024-09-21T19:18:58.335+0000] {logging_mixin.py:190} INFO - [2024-09-21T19:18:58.335+0000] {dag.py:3229} INFO - Sync 1 DAGs
[2024-09-21T19:18:58.354+0000] {logging_mixin.py:190} INFO - [2024-09-21T19:18:58.354+0000] {dag.py:4156} INFO - Setting next_dagrun for user_processing to 2024-09-20 00:00:00+00:00, run_after=2024-09-21 00:00:00+00:00
[2024-09-21T19:18:58.370+0000] {processor.py:208} INFO - Processing /opt/airflow/dags/user_processing.py took 0.073 seconds
[2024-09-21T19:19:28.981+0000] {processor.py:186} INFO - Started process (PID=3853) to work on /opt/airflow/dags/user_processing.py
[2024-09-21T19:19:28.982+0000] {processor.py:914} INFO - Processing file /opt/airflow/dags/user_processing.py for tasks to queue
[2024-09-21T19:19:28.984+0000] {logging_mixin.py:190} INFO - [2024-09-21T19:19:28.983+0000] {dagbag.py:587} INFO - Filling up the DagBag from /opt/airflow/dags/user_processing.py
[2024-09-21T19:19:28.996+0000] {processor.py:925} INFO - DAG(s) 'user_processing' retrieved from /opt/airflow/dags/user_processing.py
[2024-09-21T19:19:29.069+0000] {logging_mixin.py:190} INFO - [2024-09-21T19:19:29.068+0000] {dag.py:3229} INFO - Sync 1 DAGs
[2024-09-21T19:19:29.081+0000] {logging_mixin.py:190} INFO - [2024-09-21T19:19:29.081+0000] {dag.py:4156} INFO - Setting next_dagrun for user_processing to 2024-09-20 00:00:00+00:00, run_after=2024-09-21 00:00:00+00:00
[2024-09-21T19:19:29.096+0000] {processor.py:208} INFO - Processing /opt/airflow/dags/user_processing.py took 0.121 seconds
[2024-09-21T19:19:59.424+0000] {processor.py:186} INFO - Started process (PID=3915) to work on /opt/airflow/dags/user_processing.py
[2024-09-21T19:19:59.425+0000] {processor.py:914} INFO - Processing file /opt/airflow/dags/user_processing.py for tasks to queue
[2024-09-21T19:19:59.428+0000] {logging_mixin.py:190} INFO - [2024-09-21T19:19:59.427+0000] {dagbag.py:587} INFO - Filling up the DagBag from /opt/airflow/dags/user_processing.py
[2024-09-21T19:19:59.439+0000] {processor.py:925} INFO - DAG(s) 'user_processing' retrieved from /opt/airflow/dags/user_processing.py
[2024-09-21T19:19:59.454+0000] {logging_mixin.py:190} INFO - [2024-09-21T19:19:59.454+0000] {dag.py:3229} INFO - Sync 1 DAGs
[2024-09-21T19:19:59.470+0000] {logging_mixin.py:190} INFO - [2024-09-21T19:19:59.470+0000] {dag.py:4156} INFO - Setting next_dagrun for user_processing to 2024-09-20 00:00:00+00:00, run_after=2024-09-21 00:00:00+00:00
[2024-09-21T19:19:59.486+0000] {processor.py:208} INFO - Processing /opt/airflow/dags/user_processing.py took 0.067 seconds
[2024-09-21T19:20:29.848+0000] {processor.py:186} INFO - Started process (PID=3978) to work on /opt/airflow/dags/user_processing.py
[2024-09-21T19:20:29.849+0000] {processor.py:914} INFO - Processing file /opt/airflow/dags/user_processing.py for tasks to queue
[2024-09-21T19:20:29.851+0000] {logging_mixin.py:190} INFO - [2024-09-21T19:20:29.851+0000] {dagbag.py:587} INFO - Filling up the DagBag from /opt/airflow/dags/user_processing.py
[2024-09-21T19:20:29.864+0000] {processor.py:925} INFO - DAG(s) 'user_processing' retrieved from /opt/airflow/dags/user_processing.py
[2024-09-21T19:20:29.881+0000] {logging_mixin.py:190} INFO - [2024-09-21T19:20:29.881+0000] {dag.py:3229} INFO - Sync 1 DAGs
[2024-09-21T19:20:29.897+0000] {logging_mixin.py:190} INFO - [2024-09-21T19:20:29.897+0000] {dag.py:4156} INFO - Setting next_dagrun for user_processing to 2024-09-20 00:00:00+00:00, run_after=2024-09-21 00:00:00+00:00
[2024-09-21T19:20:29.910+0000] {processor.py:208} INFO - Processing /opt/airflow/dags/user_processing.py took 0.067 seconds
[2024-09-21T19:21:00.150+0000] {processor.py:186} INFO - Started process (PID=4041) to work on /opt/airflow/dags/user_processing.py
[2024-09-21T19:21:00.151+0000] {processor.py:914} INFO - Processing file /opt/airflow/dags/user_processing.py for tasks to queue
[2024-09-21T19:21:00.153+0000] {logging_mixin.py:190} INFO - [2024-09-21T19:21:00.153+0000] {dagbag.py:587} INFO - Filling up the DagBag from /opt/airflow/dags/user_processing.py
[2024-09-21T19:21:00.166+0000] {processor.py:925} INFO - DAG(s) 'user_processing' retrieved from /opt/airflow/dags/user_processing.py
[2024-09-21T19:21:00.183+0000] {logging_mixin.py:190} INFO - [2024-09-21T19:21:00.183+0000] {dag.py:3229} INFO - Sync 1 DAGs
[2024-09-21T19:21:00.199+0000] {logging_mixin.py:190} INFO - [2024-09-21T19:21:00.199+0000] {dag.py:4156} INFO - Setting next_dagrun for user_processing to 2024-09-20 00:00:00+00:00, run_after=2024-09-21 00:00:00+00:00
[2024-09-21T19:21:00.211+0000] {processor.py:208} INFO - Processing /opt/airflow/dags/user_processing.py took 0.067 seconds
[2024-09-21T19:21:30.485+0000] {processor.py:186} INFO - Started process (PID=4104) to work on /opt/airflow/dags/user_processing.py
[2024-09-21T19:21:30.486+0000] {processor.py:914} INFO - Processing file /opt/airflow/dags/user_processing.py for tasks to queue
[2024-09-21T19:21:30.490+0000] {logging_mixin.py:190} INFO - [2024-09-21T19:21:30.489+0000] {dagbag.py:587} INFO - Filling up the DagBag from /opt/airflow/dags/user_processing.py
[2024-09-21T19:21:30.503+0000] {processor.py:925} INFO - DAG(s) 'user_processing' retrieved from /opt/airflow/dags/user_processing.py
[2024-09-21T19:21:30.521+0000] {logging_mixin.py:190} INFO - [2024-09-21T19:21:30.521+0000] {dag.py:3229} INFO - Sync 1 DAGs
[2024-09-21T19:21:30.538+0000] {logging_mixin.py:190} INFO - [2024-09-21T19:21:30.537+0000] {dag.py:4156} INFO - Setting next_dagrun for user_processing to 2024-09-20 00:00:00+00:00, run_after=2024-09-21 00:00:00+00:00
[2024-09-21T19:21:30.549+0000] {processor.py:208} INFO - Processing /opt/airflow/dags/user_processing.py took 0.070 seconds
[2024-09-21T19:22:00.899+0000] {processor.py:186} INFO - Started process (PID=4167) to work on /opt/airflow/dags/user_processing.py
[2024-09-21T19:22:00.899+0000] {processor.py:914} INFO - Processing file /opt/airflow/dags/user_processing.py for tasks to queue
[2024-09-21T19:22:00.902+0000] {logging_mixin.py:190} INFO - [2024-09-21T19:22:00.902+0000] {dagbag.py:587} INFO - Filling up the DagBag from /opt/airflow/dags/user_processing.py
[2024-09-21T19:22:00.912+0000] {processor.py:925} INFO - DAG(s) 'user_processing' retrieved from /opt/airflow/dags/user_processing.py
[2024-09-21T19:22:00.929+0000] {logging_mixin.py:190} INFO - [2024-09-21T19:22:00.929+0000] {dag.py:3229} INFO - Sync 1 DAGs
[2024-09-21T19:22:00.947+0000] {logging_mixin.py:190} INFO - [2024-09-21T19:22:00.947+0000] {dag.py:4156} INFO - Setting next_dagrun for user_processing to 2024-09-20 00:00:00+00:00, run_after=2024-09-21 00:00:00+00:00
[2024-09-21T19:22:00.963+0000] {processor.py:208} INFO - Processing /opt/airflow/dags/user_processing.py took 0.069 seconds
[2024-09-21T19:22:31.297+0000] {processor.py:186} INFO - Started process (PID=4237) to work on /opt/airflow/dags/user_processing.py
[2024-09-21T19:22:31.298+0000] {processor.py:914} INFO - Processing file /opt/airflow/dags/user_processing.py for tasks to queue
[2024-09-21T19:22:31.300+0000] {logging_mixin.py:190} INFO - [2024-09-21T19:22:31.300+0000] {dagbag.py:587} INFO - Filling up the DagBag from /opt/airflow/dags/user_processing.py
[2024-09-21T19:22:31.313+0000] {processor.py:925} INFO - DAG(s) 'user_processing' retrieved from /opt/airflow/dags/user_processing.py
[2024-09-21T19:22:31.330+0000] {logging_mixin.py:190} INFO - [2024-09-21T19:22:31.330+0000] {dag.py:3229} INFO - Sync 1 DAGs
[2024-09-21T19:22:31.349+0000] {logging_mixin.py:190} INFO - [2024-09-21T19:22:31.349+0000] {dag.py:4156} INFO - Setting next_dagrun for user_processing to 2024-09-20 00:00:00+00:00, run_after=2024-09-21 00:00:00+00:00
[2024-09-21T19:22:31.362+0000] {processor.py:208} INFO - Processing /opt/airflow/dags/user_processing.py took 0.070 seconds
[2024-09-21T19:23:01.615+0000] {processor.py:186} INFO - Started process (PID=4300) to work on /opt/airflow/dags/user_processing.py
[2024-09-21T19:23:01.616+0000] {processor.py:914} INFO - Processing file /opt/airflow/dags/user_processing.py for tasks to queue
[2024-09-21T19:23:01.620+0000] {logging_mixin.py:190} INFO - [2024-09-21T19:23:01.620+0000] {dagbag.py:587} INFO - Filling up the DagBag from /opt/airflow/dags/user_processing.py
[2024-09-21T19:23:01.631+0000] {processor.py:925} INFO - DAG(s) 'user_processing' retrieved from /opt/airflow/dags/user_processing.py
[2024-09-21T19:23:01.650+0000] {logging_mixin.py:190} INFO - [2024-09-21T19:23:01.650+0000] {dag.py:3229} INFO - Sync 1 DAGs
[2024-09-21T19:23:01.668+0000] {logging_mixin.py:190} INFO - [2024-09-21T19:23:01.667+0000] {dag.py:4156} INFO - Setting next_dagrun for user_processing to 2024-09-20 00:00:00+00:00, run_after=2024-09-21 00:00:00+00:00
[2024-09-21T19:23:01.683+0000] {processor.py:208} INFO - Processing /opt/airflow/dags/user_processing.py took 0.074 seconds
[2024-09-21T19:23:32.084+0000] {processor.py:186} INFO - Started process (PID=4368) to work on /opt/airflow/dags/user_processing.py
[2024-09-21T19:23:32.086+0000] {processor.py:914} INFO - Processing file /opt/airflow/dags/user_processing.py for tasks to queue
[2024-09-21T19:23:32.088+0000] {logging_mixin.py:190} INFO - [2024-09-21T19:23:32.088+0000] {dagbag.py:587} INFO - Filling up the DagBag from /opt/airflow/dags/user_processing.py
[2024-09-21T19:23:32.099+0000] {processor.py:925} INFO - DAG(s) 'user_processing' retrieved from /opt/airflow/dags/user_processing.py
[2024-09-21T19:23:32.118+0000] {logging_mixin.py:190} INFO - [2024-09-21T19:23:32.118+0000] {dag.py:3229} INFO - Sync 1 DAGs
[2024-09-21T19:23:32.134+0000] {logging_mixin.py:190} INFO - [2024-09-21T19:23:32.134+0000] {dag.py:4156} INFO - Setting next_dagrun for user_processing to 2024-09-20 00:00:00+00:00, run_after=2024-09-21 00:00:00+00:00
[2024-09-21T19:23:32.151+0000] {processor.py:208} INFO - Processing /opt/airflow/dags/user_processing.py took 0.072 seconds
[2024-09-21T19:24:02.469+0000] {processor.py:186} INFO - Started process (PID=4431) to work on /opt/airflow/dags/user_processing.py
[2024-09-21T19:24:02.471+0000] {processor.py:914} INFO - Processing file /opt/airflow/dags/user_processing.py for tasks to queue
[2024-09-21T19:24:02.474+0000] {logging_mixin.py:190} INFO - [2024-09-21T19:24:02.474+0000] {dagbag.py:587} INFO - Filling up the DagBag from /opt/airflow/dags/user_processing.py
[2024-09-21T19:24:02.484+0000] {processor.py:925} INFO - DAG(s) 'user_processing' retrieved from /opt/airflow/dags/user_processing.py
[2024-09-21T19:24:02.503+0000] {logging_mixin.py:190} INFO - [2024-09-21T19:24:02.503+0000] {dag.py:3229} INFO - Sync 1 DAGs
[2024-09-21T19:24:02.519+0000] {logging_mixin.py:190} INFO - [2024-09-21T19:24:02.519+0000] {dag.py:4156} INFO - Setting next_dagrun for user_processing to 2024-09-20 00:00:00+00:00, run_after=2024-09-21 00:00:00+00:00
[2024-09-21T19:24:02.530+0000] {processor.py:208} INFO - Processing /opt/airflow/dags/user_processing.py took 0.066 seconds
[2024-09-21T19:24:11.130+0000] {processor.py:186} INFO - Started process (PID=4476) to work on /opt/airflow/dags/user_processing.py
[2024-09-21T19:24:11.131+0000] {processor.py:914} INFO - Processing file /opt/airflow/dags/user_processing.py for tasks to queue
[2024-09-21T19:24:11.133+0000] {logging_mixin.py:190} INFO - [2024-09-21T19:24:11.133+0000] {dagbag.py:587} INFO - Filling up the DagBag from /opt/airflow/dags/user_processing.py
[2024-09-21T19:24:11.144+0000] {processor.py:925} INFO - DAG(s) 'user_processing' retrieved from /opt/airflow/dags/user_processing.py
[2024-09-21T19:24:11.212+0000] {logging_mixin.py:190} INFO - [2024-09-21T19:24:11.212+0000] {dag.py:3229} INFO - Sync 1 DAGs
[2024-09-21T19:24:11.224+0000] {logging_mixin.py:190} INFO - [2024-09-21T19:24:11.224+0000] {dag.py:4156} INFO - Setting next_dagrun for user_processing to 2024-09-20 00:00:00+00:00, run_after=2024-09-21 00:00:00+00:00
[2024-09-21T19:24:11.235+0000] {processor.py:208} INFO - Processing /opt/airflow/dags/user_processing.py took 0.110 seconds
[2024-09-21T19:24:41.542+0000] {processor.py:186} INFO - Started process (PID=4544) to work on /opt/airflow/dags/user_processing.py
[2024-09-21T19:24:41.543+0000] {processor.py:914} INFO - Processing file /opt/airflow/dags/user_processing.py for tasks to queue
[2024-09-21T19:24:41.544+0000] {logging_mixin.py:190} INFO - [2024-09-21T19:24:41.544+0000] {dagbag.py:587} INFO - Filling up the DagBag from /opt/airflow/dags/user_processing.py
[2024-09-21T19:24:41.553+0000] {processor.py:925} INFO - DAG(s) 'user_processing' retrieved from /opt/airflow/dags/user_processing.py
[2024-09-21T19:24:41.570+0000] {logging_mixin.py:190} INFO - [2024-09-21T19:24:41.570+0000] {dag.py:3229} INFO - Sync 1 DAGs
[2024-09-21T19:24:41.587+0000] {logging_mixin.py:190} INFO - [2024-09-21T19:24:41.586+0000] {dag.py:4156} INFO - Setting next_dagrun for user_processing to 2024-09-20 00:00:00+00:00, run_after=2024-09-21 00:00:00+00:00
[2024-09-21T19:24:41.596+0000] {processor.py:208} INFO - Processing /opt/airflow/dags/user_processing.py took 0.059 seconds
[2024-09-21T19:25:11.799+0000] {processor.py:186} INFO - Started process (PID=4607) to work on /opt/airflow/dags/user_processing.py
[2024-09-21T19:25:11.801+0000] {processor.py:914} INFO - Processing file /opt/airflow/dags/user_processing.py for tasks to queue
[2024-09-21T19:25:11.803+0000] {logging_mixin.py:190} INFO - [2024-09-21T19:25:11.803+0000] {dagbag.py:587} INFO - Filling up the DagBag from /opt/airflow/dags/user_processing.py
[2024-09-21T19:25:11.813+0000] {processor.py:925} INFO - DAG(s) 'user_processing' retrieved from /opt/airflow/dags/user_processing.py
[2024-09-21T19:25:11.830+0000] {logging_mixin.py:190} INFO - [2024-09-21T19:25:11.829+0000] {dag.py:3229} INFO - Sync 1 DAGs
[2024-09-21T19:25:11.845+0000] {logging_mixin.py:190} INFO - [2024-09-21T19:25:11.845+0000] {dag.py:4156} INFO - Setting next_dagrun for user_processing to 2024-09-20 00:00:00+00:00, run_after=2024-09-21 00:00:00+00:00
[2024-09-21T19:25:11.855+0000] {processor.py:208} INFO - Processing /opt/airflow/dags/user_processing.py took 0.061 seconds
[2024-09-21T19:25:17.883+0000] {processor.py:186} INFO - Started process (PID=4608) to work on /opt/airflow/dags/user_processing.py
[2024-09-21T19:25:17.884+0000] {processor.py:914} INFO - Processing file /opt/airflow/dags/user_processing.py for tasks to queue
[2024-09-21T19:25:17.886+0000] {logging_mixin.py:190} INFO - [2024-09-21T19:25:17.886+0000] {dagbag.py:587} INFO - Filling up the DagBag from /opt/airflow/dags/user_processing.py
[2024-09-21T19:25:17.897+0000] {processor.py:925} INFO - DAG(s) 'user_processing' retrieved from /opt/airflow/dags/user_processing.py
[2024-09-21T19:25:17.968+0000] {logging_mixin.py:190} INFO - [2024-09-21T19:25:17.968+0000] {dag.py:3229} INFO - Sync 1 DAGs
[2024-09-21T19:25:17.979+0000] {logging_mixin.py:190} INFO - [2024-09-21T19:25:17.979+0000] {dag.py:4156} INFO - Setting next_dagrun for user_processing to 2024-09-20 00:00:00+00:00, run_after=2024-09-21 00:00:00+00:00
[2024-09-21T19:25:17.988+0000] {processor.py:208} INFO - Processing /opt/airflow/dags/user_processing.py took 0.111 seconds
[2024-09-21T19:25:18.945+0000] {processor.py:186} INFO - Started process (PID=4609) to work on /opt/airflow/dags/user_processing.py
[2024-09-21T19:25:18.946+0000] {processor.py:914} INFO - Processing file /opt/airflow/dags/user_processing.py for tasks to queue
[2024-09-21T19:25:18.948+0000] {logging_mixin.py:190} INFO - [2024-09-21T19:25:18.948+0000] {dagbag.py:587} INFO - Filling up the DagBag from /opt/airflow/dags/user_processing.py
[2024-09-21T19:25:18.959+0000] {processor.py:925} INFO - DAG(s) 'user_processing' retrieved from /opt/airflow/dags/user_processing.py
[2024-09-21T19:25:18.970+0000] {logging_mixin.py:190} INFO - [2024-09-21T19:25:18.970+0000] {dag.py:3229} INFO - Sync 1 DAGs
[2024-09-21T19:25:18.989+0000] {logging_mixin.py:190} INFO - [2024-09-21T19:25:18.989+0000] {dag.py:4156} INFO - Setting next_dagrun for user_processing to 2024-09-20 00:00:00+00:00, run_after=2024-09-21 00:00:00+00:00
[2024-09-21T19:25:19.000+0000] {processor.py:208} INFO - Processing /opt/airflow/dags/user_processing.py took 0.061 seconds
[2024-09-21T19:25:49.322+0000] {processor.py:186} INFO - Started process (PID=4677) to work on /opt/airflow/dags/user_processing.py
[2024-09-21T19:25:49.323+0000] {processor.py:914} INFO - Processing file /opt/airflow/dags/user_processing.py for tasks to queue
[2024-09-21T19:25:49.326+0000] {logging_mixin.py:190} INFO - [2024-09-21T19:25:49.325+0000] {dagbag.py:587} INFO - Filling up the DagBag from /opt/airflow/dags/user_processing.py
[2024-09-21T19:25:49.335+0000] {processor.py:925} INFO - DAG(s) 'user_processing' retrieved from /opt/airflow/dags/user_processing.py
[2024-09-21T19:25:49.350+0000] {logging_mixin.py:190} INFO - [2024-09-21T19:25:49.350+0000] {dag.py:3229} INFO - Sync 1 DAGs
[2024-09-21T19:25:49.366+0000] {logging_mixin.py:190} INFO - [2024-09-21T19:25:49.366+0000] {dag.py:4156} INFO - Setting next_dagrun for user_processing to 2024-09-20 00:00:00+00:00, run_after=2024-09-21 00:00:00+00:00
[2024-09-21T19:25:49.376+0000] {processor.py:208} INFO - Processing /opt/airflow/dags/user_processing.py took 0.059 seconds
[2024-09-21T19:26:19.765+0000] {processor.py:186} INFO - Started process (PID=4740) to work on /opt/airflow/dags/user_processing.py
[2024-09-21T19:26:19.766+0000] {processor.py:914} INFO - Processing file /opt/airflow/dags/user_processing.py for tasks to queue
[2024-09-21T19:26:19.768+0000] {logging_mixin.py:190} INFO - [2024-09-21T19:26:19.768+0000] {dagbag.py:587} INFO - Filling up the DagBag from /opt/airflow/dags/user_processing.py
[2024-09-21T19:26:19.779+0000] {processor.py:925} INFO - DAG(s) 'user_processing' retrieved from /opt/airflow/dags/user_processing.py
[2024-09-21T19:26:19.795+0000] {logging_mixin.py:190} INFO - [2024-09-21T19:26:19.795+0000] {dag.py:3229} INFO - Sync 1 DAGs
[2024-09-21T19:26:19.812+0000] {logging_mixin.py:190} INFO - [2024-09-21T19:26:19.812+0000] {dag.py:4156} INFO - Setting next_dagrun for user_processing to 2024-09-20 00:00:00+00:00, run_after=2024-09-21 00:00:00+00:00
[2024-09-21T19:26:19.822+0000] {processor.py:208} INFO - Processing /opt/airflow/dags/user_processing.py took 0.064 seconds
[2024-09-21T19:26:43.121+0000] {processor.py:186} INFO - Started process (PID=4802) to work on /opt/airflow/dags/user_processing.py
[2024-09-21T19:26:43.122+0000] {processor.py:914} INFO - Processing file /opt/airflow/dags/user_processing.py for tasks to queue
[2024-09-21T19:26:43.126+0000] {logging_mixin.py:190} INFO - [2024-09-21T19:26:43.126+0000] {dagbag.py:587} INFO - Filling up the DagBag from /opt/airflow/dags/user_processing.py
[2024-09-21T19:26:43.143+0000] {processor.py:925} INFO - DAG(s) 'user_processing' retrieved from /opt/airflow/dags/user_processing.py
[2024-09-21T19:26:43.215+0000] {logging_mixin.py:190} INFO - [2024-09-21T19:26:43.215+0000] {dag.py:3229} INFO - Sync 1 DAGs
[2024-09-21T19:26:43.227+0000] {logging_mixin.py:190} INFO - [2024-09-21T19:26:43.226+0000] {dag.py:4156} INFO - Setting next_dagrun for user_processing to 2024-09-20 00:00:00+00:00, run_after=2024-09-21 00:00:00+00:00
[2024-09-21T19:26:43.237+0000] {processor.py:208} INFO - Processing /opt/airflow/dags/user_processing.py took 0.123 seconds
[2024-09-21T19:26:47.178+0000] {processor.py:186} INFO - Started process (PID=4803) to work on /opt/airflow/dags/user_processing.py
[2024-09-21T19:26:47.179+0000] {processor.py:914} INFO - Processing file /opt/airflow/dags/user_processing.py for tasks to queue
[2024-09-21T19:26:47.182+0000] {logging_mixin.py:190} INFO - [2024-09-21T19:26:47.181+0000] {dagbag.py:587} INFO - Filling up the DagBag from /opt/airflow/dags/user_processing.py
[2024-09-21T19:26:47.192+0000] {processor.py:925} INFO - DAG(s) 'user_processing' retrieved from /opt/airflow/dags/user_processing.py
[2024-09-21T19:26:47.203+0000] {logging_mixin.py:190} INFO - [2024-09-21T19:26:47.203+0000] {dag.py:3229} INFO - Sync 1 DAGs
[2024-09-21T19:26:47.221+0000] {logging_mixin.py:190} INFO - [2024-09-21T19:26:47.221+0000] {dag.py:4156} INFO - Setting next_dagrun for user_processing to 2024-09-20 00:00:00+00:00, run_after=2024-09-21 00:00:00+00:00
[2024-09-21T19:26:47.231+0000] {processor.py:208} INFO - Processing /opt/airflow/dags/user_processing.py took 0.058 seconds
[2024-09-21T19:26:49.197+0000] {processor.py:186} INFO - Started process (PID=4804) to work on /opt/airflow/dags/user_processing.py
[2024-09-21T19:26:49.198+0000] {processor.py:914} INFO - Processing file /opt/airflow/dags/user_processing.py for tasks to queue
[2024-09-21T19:26:49.200+0000] {logging_mixin.py:190} INFO - [2024-09-21T19:26:49.200+0000] {dagbag.py:587} INFO - Filling up the DagBag from /opt/airflow/dags/user_processing.py
[2024-09-21T19:26:49.209+0000] {processor.py:925} INFO - DAG(s) 'user_processing' retrieved from /opt/airflow/dags/user_processing.py
[2024-09-21T19:26:49.217+0000] {logging_mixin.py:190} INFO - [2024-09-21T19:26:49.216+0000] {dag.py:3229} INFO - Sync 1 DAGs
[2024-09-21T19:26:49.230+0000] {logging_mixin.py:190} INFO - [2024-09-21T19:26:49.230+0000] {dag.py:4156} INFO - Setting next_dagrun for user_processing to 2024-09-20 00:00:00+00:00, run_after=2024-09-21 00:00:00+00:00
[2024-09-21T19:26:49.239+0000] {processor.py:208} INFO - Processing /opt/airflow/dags/user_processing.py took 0.047 seconds
[2024-09-21T19:27:19.421+0000] {processor.py:186} INFO - Started process (PID=4874) to work on /opt/airflow/dags/user_processing.py
[2024-09-21T19:27:19.422+0000] {processor.py:914} INFO - Processing file /opt/airflow/dags/user_processing.py for tasks to queue
[2024-09-21T19:27:19.425+0000] {logging_mixin.py:190} INFO - [2024-09-21T19:27:19.425+0000] {dagbag.py:587} INFO - Filling up the DagBag from /opt/airflow/dags/user_processing.py
[2024-09-21T19:27:19.436+0000] {processor.py:925} INFO - DAG(s) 'user_processing' retrieved from /opt/airflow/dags/user_processing.py
[2024-09-21T19:27:19.456+0000] {logging_mixin.py:190} INFO - [2024-09-21T19:27:19.456+0000] {dag.py:3229} INFO - Sync 1 DAGs
[2024-09-21T19:27:19.476+0000] {logging_mixin.py:190} INFO - [2024-09-21T19:27:19.476+0000] {dag.py:4156} INFO - Setting next_dagrun for user_processing to 2024-09-20 00:00:00+00:00, run_after=2024-09-21 00:00:00+00:00
[2024-09-21T19:27:19.487+0000] {processor.py:208} INFO - Processing /opt/airflow/dags/user_processing.py took 0.075 seconds
[2024-09-21T19:27:26.516+0000] {processor.py:186} INFO - Started process (PID=4875) to work on /opt/airflow/dags/user_processing.py
[2024-09-21T19:27:26.517+0000] {processor.py:914} INFO - Processing file /opt/airflow/dags/user_processing.py for tasks to queue
[2024-09-21T19:27:26.518+0000] {logging_mixin.py:190} INFO - [2024-09-21T19:27:26.518+0000] {dagbag.py:587} INFO - Filling up the DagBag from /opt/airflow/dags/user_processing.py
[2024-09-21T19:27:26.525+0000] {processor.py:925} INFO - DAG(s) 'user_processing' retrieved from /opt/airflow/dags/user_processing.py
[2024-09-21T19:27:26.536+0000] {logging_mixin.py:190} INFO - [2024-09-21T19:27:26.536+0000] {dag.py:3229} INFO - Sync 1 DAGs
[2024-09-21T19:27:26.548+0000] {logging_mixin.py:190} INFO - [2024-09-21T19:27:26.548+0000] {dag.py:4156} INFO - Setting next_dagrun for user_processing to 2024-09-20 00:00:00+00:00, run_after=2024-09-21 00:00:00+00:00
[2024-09-21T19:27:26.557+0000] {processor.py:208} INFO - Processing /opt/airflow/dags/user_processing.py took 0.044 seconds
[2024-09-21T19:27:49.799+0000] {processor.py:186} INFO - Started process (PID=4938) to work on /opt/airflow/dags/user_processing.py
[2024-09-21T19:27:49.801+0000] {processor.py:914} INFO - Processing file /opt/airflow/dags/user_processing.py for tasks to queue
[2024-09-21T19:27:49.803+0000] {logging_mixin.py:190} INFO - [2024-09-21T19:27:49.802+0000] {dagbag.py:587} INFO - Filling up the DagBag from /opt/airflow/dags/user_processing.py
[2024-09-21T19:27:49.813+0000] {processor.py:925} INFO - DAG(s) 'user_processing' retrieved from /opt/airflow/dags/user_processing.py
[2024-09-21T19:27:49.829+0000] {logging_mixin.py:190} INFO - [2024-09-21T19:27:49.829+0000] {dag.py:3229} INFO - Sync 1 DAGs
[2024-09-21T19:27:49.846+0000] {logging_mixin.py:190} INFO - [2024-09-21T19:27:49.846+0000] {dag.py:4156} INFO - Setting next_dagrun for user_processing to 2024-09-20 00:00:00+00:00, run_after=2024-09-21 00:00:00+00:00
[2024-09-21T19:27:49.856+0000] {processor.py:208} INFO - Processing /opt/airflow/dags/user_processing.py took 0.062 seconds
[2024-09-21T19:28:20.144+0000] {processor.py:186} INFO - Started process (PID=5001) to work on /opt/airflow/dags/user_processing.py
[2024-09-21T19:28:20.145+0000] {processor.py:914} INFO - Processing file /opt/airflow/dags/user_processing.py for tasks to queue
[2024-09-21T19:28:20.147+0000] {logging_mixin.py:190} INFO - [2024-09-21T19:28:20.147+0000] {dagbag.py:587} INFO - Filling up the DagBag from /opt/airflow/dags/user_processing.py
[2024-09-21T19:28:20.157+0000] {processor.py:925} INFO - DAG(s) 'user_processing' retrieved from /opt/airflow/dags/user_processing.py
[2024-09-21T19:28:20.173+0000] {logging_mixin.py:190} INFO - [2024-09-21T19:28:20.173+0000] {dag.py:3229} INFO - Sync 1 DAGs
[2024-09-21T19:28:20.189+0000] {logging_mixin.py:190} INFO - [2024-09-21T19:28:20.189+0000] {dag.py:4156} INFO - Setting next_dagrun for user_processing to 2024-09-20 00:00:00+00:00, run_after=2024-09-21 00:00:00+00:00
[2024-09-21T19:28:20.198+0000] {processor.py:208} INFO - Processing /opt/airflow/dags/user_processing.py took 0.059 seconds
[2024-09-21T19:28:50.531+0000] {processor.py:186} INFO - Started process (PID=5064) to work on /opt/airflow/dags/user_processing.py
[2024-09-21T19:28:50.532+0000] {processor.py:914} INFO - Processing file /opt/airflow/dags/user_processing.py for tasks to queue
[2024-09-21T19:28:50.534+0000] {logging_mixin.py:190} INFO - [2024-09-21T19:28:50.533+0000] {dagbag.py:587} INFO - Filling up the DagBag from /opt/airflow/dags/user_processing.py
[2024-09-21T19:28:50.544+0000] {processor.py:925} INFO - DAG(s) 'user_processing' retrieved from /opt/airflow/dags/user_processing.py
[2024-09-21T19:28:50.560+0000] {logging_mixin.py:190} INFO - [2024-09-21T19:28:50.560+0000] {dag.py:3229} INFO - Sync 1 DAGs
[2024-09-21T19:28:50.576+0000] {logging_mixin.py:190} INFO - [2024-09-21T19:28:50.576+0000] {dag.py:4156} INFO - Setting next_dagrun for user_processing to 2024-09-20 00:00:00+00:00, run_after=2024-09-21 00:00:00+00:00
[2024-09-21T19:28:50.585+0000] {processor.py:208} INFO - Processing /opt/airflow/dags/user_processing.py took 0.061 seconds
[2024-09-21T19:29:01.662+0000] {processor.py:186} INFO - Started process (PID=5065) to work on /opt/airflow/dags/user_processing.py
[2024-09-21T19:29:01.662+0000] {processor.py:914} INFO - Processing file /opt/airflow/dags/user_processing.py for tasks to queue
[2024-09-21T19:29:01.664+0000] {logging_mixin.py:190} INFO - [2024-09-21T19:29:01.664+0000] {dagbag.py:587} INFO - Filling up the DagBag from /opt/airflow/dags/user_processing.py
[2024-09-21T19:29:01.674+0000] {processor.py:925} INFO - DAG(s) 'user_processing' retrieved from /opt/airflow/dags/user_processing.py
[2024-09-21T19:29:01.687+0000] {logging_mixin.py:190} INFO - [2024-09-21T19:29:01.687+0000] {dag.py:3229} INFO - Sync 1 DAGs
[2024-09-21T19:29:01.700+0000] {logging_mixin.py:190} INFO - [2024-09-21T19:29:01.700+0000] {dag.py:4156} INFO - Setting next_dagrun for user_processing to 2024-09-20 00:00:00+00:00, run_after=2024-09-21 00:00:00+00:00
[2024-09-21T19:29:01.708+0000] {processor.py:208} INFO - Processing /opt/airflow/dags/user_processing.py took 0.051 seconds
[2024-09-21T19:29:18.023+0000] {processor.py:186} INFO - Started process (PID=5133) to work on /opt/airflow/dags/user_processing.py
[2024-09-21T19:29:18.024+0000] {processor.py:914} INFO - Processing file /opt/airflow/dags/user_processing.py for tasks to queue
[2024-09-21T19:29:18.026+0000] {logging_mixin.py:190} INFO - [2024-09-21T19:29:18.026+0000] {dagbag.py:587} INFO - Filling up the DagBag from /opt/airflow/dags/user_processing.py
[2024-09-21T19:29:18.038+0000] {processor.py:925} INFO - DAG(s) 'user_processing' retrieved from /opt/airflow/dags/user_processing.py
[2024-09-21T19:29:18.056+0000] {logging_mixin.py:190} INFO - [2024-09-21T19:29:18.056+0000] {dag.py:3229} INFO - Sync 1 DAGs
[2024-09-21T19:29:18.073+0000] {logging_mixin.py:190} INFO - [2024-09-21T19:29:18.073+0000] {dag.py:4156} INFO - Setting next_dagrun for user_processing to 2024-09-20 00:00:00+00:00, run_after=2024-09-21 00:00:00+00:00
[2024-09-21T19:29:18.083+0000] {processor.py:208} INFO - Processing /opt/airflow/dags/user_processing.py took 0.066 seconds
[2024-09-21T19:29:23.095+0000] {processor.py:186} INFO - Started process (PID=5134) to work on /opt/airflow/dags/user_processing.py
[2024-09-21T19:29:23.096+0000] {processor.py:914} INFO - Processing file /opt/airflow/dags/user_processing.py for tasks to queue
[2024-09-21T19:29:23.098+0000] {logging_mixin.py:190} INFO - [2024-09-21T19:29:23.098+0000] {dagbag.py:587} INFO - Filling up the DagBag from /opt/airflow/dags/user_processing.py
[2024-09-21T19:29:23.110+0000] {processor.py:925} INFO - DAG(s) 'user_processing' retrieved from /opt/airflow/dags/user_processing.py
[2024-09-21T19:29:23.126+0000] {logging_mixin.py:190} INFO - [2024-09-21T19:29:23.126+0000] {dag.py:3229} INFO - Sync 1 DAGs
[2024-09-21T19:29:23.145+0000] {logging_mixin.py:190} INFO - [2024-09-21T19:29:23.145+0000] {dag.py:4156} INFO - Setting next_dagrun for user_processing to 2024-09-20 00:00:00+00:00, run_after=2024-09-21 00:00:00+00:00
[2024-09-21T19:29:23.156+0000] {processor.py:208} INFO - Processing /opt/airflow/dags/user_processing.py took 0.066 seconds
[2024-09-21T19:29:53.502+0000] {processor.py:186} INFO - Started process (PID=5197) to work on /opt/airflow/dags/user_processing.py
[2024-09-21T19:29:53.504+0000] {processor.py:914} INFO - Processing file /opt/airflow/dags/user_processing.py for tasks to queue
[2024-09-21T19:29:53.506+0000] {logging_mixin.py:190} INFO - [2024-09-21T19:29:53.506+0000] {dagbag.py:587} INFO - Filling up the DagBag from /opt/airflow/dags/user_processing.py
[2024-09-21T19:29:53.516+0000] {processor.py:925} INFO - DAG(s) 'user_processing' retrieved from /opt/airflow/dags/user_processing.py
[2024-09-21T19:29:53.532+0000] {logging_mixin.py:190} INFO - [2024-09-21T19:29:53.532+0000] {dag.py:3229} INFO - Sync 1 DAGs
[2024-09-21T19:29:53.548+0000] {logging_mixin.py:190} INFO - [2024-09-21T19:29:53.548+0000] {dag.py:4156} INFO - Setting next_dagrun for user_processing to 2024-09-20 00:00:00+00:00, run_after=2024-09-21 00:00:00+00:00
[2024-09-21T19:29:53.557+0000] {processor.py:208} INFO - Processing /opt/airflow/dags/user_processing.py took 0.060 seconds
[2024-09-21T19:30:24.015+0000] {processor.py:186} INFO - Started process (PID=5260) to work on /opt/airflow/dags/user_processing.py
[2024-09-21T19:30:24.016+0000] {processor.py:914} INFO - Processing file /opt/airflow/dags/user_processing.py for tasks to queue
[2024-09-21T19:30:24.019+0000] {logging_mixin.py:190} INFO - [2024-09-21T19:30:24.018+0000] {dagbag.py:587} INFO - Filling up the DagBag from /opt/airflow/dags/user_processing.py
[2024-09-21T19:30:24.030+0000] {processor.py:925} INFO - DAG(s) 'user_processing' retrieved from /opt/airflow/dags/user_processing.py
[2024-09-21T19:30:24.047+0000] {logging_mixin.py:190} INFO - [2024-09-21T19:30:24.046+0000] {dag.py:3229} INFO - Sync 1 DAGs
[2024-09-21T19:30:24.063+0000] {logging_mixin.py:190} INFO - [2024-09-21T19:30:24.063+0000] {dag.py:4156} INFO - Setting next_dagrun for user_processing to 2024-09-20 00:00:00+00:00, run_after=2024-09-21 00:00:00+00:00
[2024-09-21T19:30:24.072+0000] {processor.py:208} INFO - Processing /opt/airflow/dags/user_processing.py took 0.065 seconds
[2024-09-21T19:30:54.445+0000] {processor.py:186} INFO - Started process (PID=5323) to work on /opt/airflow/dags/user_processing.py
[2024-09-21T19:30:54.446+0000] {processor.py:914} INFO - Processing file /opt/airflow/dags/user_processing.py for tasks to queue
[2024-09-21T19:30:54.450+0000] {logging_mixin.py:190} INFO - [2024-09-21T19:30:54.450+0000] {dagbag.py:587} INFO - Filling up the DagBag from /opt/airflow/dags/user_processing.py
[2024-09-21T19:30:54.464+0000] {processor.py:925} INFO - DAG(s) 'user_processing' retrieved from /opt/airflow/dags/user_processing.py
[2024-09-21T19:30:54.482+0000] {logging_mixin.py:190} INFO - [2024-09-21T19:30:54.482+0000] {dag.py:3229} INFO - Sync 1 DAGs
[2024-09-21T19:30:54.499+0000] {logging_mixin.py:190} INFO - [2024-09-21T19:30:54.499+0000] {dag.py:4156} INFO - Setting next_dagrun for user_processing to 2024-09-20 00:00:00+00:00, run_after=2024-09-21 00:00:00+00:00
[2024-09-21T19:30:54.510+0000] {processor.py:208} INFO - Processing /opt/airflow/dags/user_processing.py took 0.074 seconds
[2024-09-21T19:30:57.492+0000] {processor.py:186} INFO - Started process (PID=5324) to work on /opt/airflow/dags/user_processing.py
[2024-09-21T19:30:57.493+0000] {processor.py:914} INFO - Processing file /opt/airflow/dags/user_processing.py for tasks to queue
[2024-09-21T19:30:57.496+0000] {logging_mixin.py:190} INFO - [2024-09-21T19:30:57.495+0000] {dagbag.py:587} INFO - Filling up the DagBag from /opt/airflow/dags/user_processing.py
[2024-09-21T19:30:57.508+0000] {processor.py:925} INFO - DAG(s) 'user_processing' retrieved from /opt/airflow/dags/user_processing.py
[2024-09-21T19:30:57.526+0000] {logging_mixin.py:190} INFO - [2024-09-21T19:30:57.526+0000] {dag.py:3229} INFO - Sync 1 DAGs
[2024-09-21T19:30:57.545+0000] {logging_mixin.py:190} INFO - [2024-09-21T19:30:57.545+0000] {dag.py:4156} INFO - Setting next_dagrun for user_processing to 2024-09-20 00:00:00+00:00, run_after=2024-09-21 00:00:00+00:00
[2024-09-21T19:30:57.556+0000] {processor.py:208} INFO - Processing /opt/airflow/dags/user_processing.py took 0.070 seconds
[2024-09-21T19:31:28.342+0000] {processor.py:186} INFO - Started process (PID=5387) to work on /opt/airflow/dags/user_processing.py
[2024-09-21T19:31:28.343+0000] {processor.py:914} INFO - Processing file /opt/airflow/dags/user_processing.py for tasks to queue
[2024-09-21T19:31:28.346+0000] {logging_mixin.py:190} INFO - [2024-09-21T19:31:28.345+0000] {dagbag.py:587} INFO - Filling up the DagBag from /opt/airflow/dags/user_processing.py
[2024-09-21T19:31:28.359+0000] {processor.py:925} INFO - DAG(s) 'user_processing' retrieved from /opt/airflow/dags/user_processing.py
[2024-09-21T19:31:28.379+0000] {logging_mixin.py:190} INFO - [2024-09-21T19:31:28.378+0000] {dag.py:3229} INFO - Sync 1 DAGs
[2024-09-21T19:31:28.396+0000] {logging_mixin.py:190} INFO - [2024-09-21T19:31:28.396+0000] {dag.py:4156} INFO - Setting next_dagrun for user_processing to 2024-09-20 00:00:00+00:00, run_after=2024-09-21 00:00:00+00:00
[2024-09-21T19:31:28.406+0000] {processor.py:208} INFO - Processing /opt/airflow/dags/user_processing.py took 0.071 seconds
[2024-09-21T19:31:29.371+0000] {processor.py:186} INFO - Started process (PID=5388) to work on /opt/airflow/dags/user_processing.py
[2024-09-21T19:31:29.372+0000] {processor.py:914} INFO - Processing file /opt/airflow/dags/user_processing.py for tasks to queue
[2024-09-21T19:31:29.373+0000] {logging_mixin.py:190} INFO - [2024-09-21T19:31:29.373+0000] {dagbag.py:587} INFO - Filling up the DagBag from /opt/airflow/dags/user_processing.py
[2024-09-21T19:31:29.384+0000] {processor.py:925} INFO - DAG(s) 'user_processing' retrieved from /opt/airflow/dags/user_processing.py
[2024-09-21T19:31:29.400+0000] {logging_mixin.py:190} INFO - [2024-09-21T19:31:29.399+0000] {dag.py:3229} INFO - Sync 1 DAGs
[2024-09-21T19:31:29.416+0000] {logging_mixin.py:190} INFO - [2024-09-21T19:31:29.415+0000] {dag.py:4156} INFO - Setting next_dagrun for user_processing to 2024-09-20 00:00:00+00:00, run_after=2024-09-21 00:00:00+00:00
[2024-09-21T19:31:29.429+0000] {processor.py:208} INFO - Processing /opt/airflow/dags/user_processing.py took 0.065 seconds
[2024-09-21T19:31:37.920+0000] {processor.py:186} INFO - Started process (PID=5405) to work on /opt/airflow/dags/user_processing.py
[2024-09-21T19:31:37.920+0000] {processor.py:914} INFO - Processing file /opt/airflow/dags/user_processing.py for tasks to queue
[2024-09-21T19:31:37.924+0000] {logging_mixin.py:190} INFO - [2024-09-21T19:31:37.924+0000] {dagbag.py:587} INFO - Filling up the DagBag from /opt/airflow/dags/user_processing.py
[2024-09-21T19:31:37.931+0000] {logging_mixin.py:190} INFO - [2024-09-21T19:31:37.930+0000] {dagbag.py:386} ERROR - Failed to import: /opt/airflow/dags/user_processing.py
Traceback (most recent call last):
  File "/home/airflow/.local/lib/python3.12/site-packages/airflow/models/dagbag.py", line 382, in parse
    loader.exec_module(new_module)
  File "<frozen importlib._bootstrap_external>", line 991, in exec_module
  File "<frozen importlib._bootstrap_external>", line 1129, in get_code
  File "<frozen importlib._bootstrap_external>", line 1059, in source_to_code
  File "<frozen importlib._bootstrap>", line 488, in _call_with_frames_removed
  File "/opt/airflow/dags/user_processing.py", line 5
    @dag(schedule='@daily', start_date=datetime(2024, 1, 1), catchup=False, tags)
                                                                                ^
SyntaxError: positional argument follows keyword argument
[2024-09-21T19:31:37.933+0000] {processor.py:927} WARNING - No viable dags retrieved from /opt/airflow/dags/user_processing.py
[2024-09-21T19:31:37.951+0000] {processor.py:208} INFO - Processing /opt/airflow/dags/user_processing.py took 0.036 seconds
[2024-09-21T19:31:42.395+0000] {processor.py:186} INFO - Started process (PID=5440) to work on /opt/airflow/dags/user_processing.py
[2024-09-21T19:31:42.396+0000] {processor.py:914} INFO - Processing file /opt/airflow/dags/user_processing.py for tasks to queue
[2024-09-21T19:31:42.398+0000] {logging_mixin.py:190} INFO - [2024-09-21T19:31:42.398+0000] {dagbag.py:587} INFO - Filling up the DagBag from /opt/airflow/dags/user_processing.py
[2024-09-21T19:31:42.410+0000] {logging_mixin.py:190} INFO - [2024-09-21T19:31:42.409+0000] {dagbag.py:386} ERROR - Failed to import: /opt/airflow/dags/user_processing.py
Traceback (most recent call last):
  File "/home/airflow/.local/lib/python3.12/site-packages/airflow/models/dagbag.py", line 382, in parse
    loader.exec_module(new_module)
  File "<frozen importlib._bootstrap_external>", line 991, in exec_module
  File "<frozen importlib._bootstrap_external>", line 1129, in get_code
  File "<frozen importlib._bootstrap_external>", line 1059, in source_to_code
  File "<frozen importlib._bootstrap>", line 488, in _call_with_frames_removed
  File "/opt/airflow/dags/user_processing.py", line 5
    @dag(schedule='@daily', start_date=datetime(2024, 1, 1), catchup=False, tags=)
                                                                            ^^^^^
SyntaxError: expected argument value expression
[2024-09-21T19:31:42.410+0000] {processor.py:927} WARNING - No viable dags retrieved from /opt/airflow/dags/user_processing.py
[2024-09-21T19:31:42.430+0000] {processor.py:208} INFO - Processing /opt/airflow/dags/user_processing.py took 0.040 seconds
[2024-09-21T19:31:43.726+0000] {processor.py:186} INFO - Started process (PID=5453) to work on /opt/airflow/dags/user_processing.py
[2024-09-21T19:31:43.727+0000] {processor.py:914} INFO - Processing file /opt/airflow/dags/user_processing.py for tasks to queue
[2024-09-21T19:31:43.729+0000] {logging_mixin.py:190} INFO - [2024-09-21T19:31:43.729+0000] {dagbag.py:587} INFO - Filling up the DagBag from /opt/airflow/dags/user_processing.py
[2024-09-21T19:31:43.737+0000] {processor.py:925} INFO - DAG(s) 'user_processing' retrieved from /opt/airflow/dags/user_processing.py
[2024-09-21T19:31:43.747+0000] {logging_mixin.py:190} INFO - [2024-09-21T19:31:43.747+0000] {dag.py:3229} INFO - Sync 1 DAGs
[2024-09-21T19:31:43.758+0000] {logging_mixin.py:190} INFO - [2024-09-21T19:31:43.758+0000] {dag.py:4156} INFO - Setting next_dagrun for user_processing to 2024-09-20 00:00:00+00:00, run_after=2024-09-21 00:00:00+00:00
[2024-09-21T19:31:43.767+0000] {processor.py:208} INFO - Processing /opt/airflow/dags/user_processing.py took 0.044 seconds
[2024-09-21T19:31:47.795+0000] {processor.py:186} INFO - Started process (PID=5454) to work on /opt/airflow/dags/user_processing.py
[2024-09-21T19:31:47.796+0000] {processor.py:914} INFO - Processing file /opt/airflow/dags/user_processing.py for tasks to queue
[2024-09-21T19:31:47.798+0000] {logging_mixin.py:190} INFO - [2024-09-21T19:31:47.798+0000] {dagbag.py:587} INFO - Filling up the DagBag from /opt/airflow/dags/user_processing.py
[2024-09-21T19:31:47.810+0000] {processor.py:925} INFO - DAG(s) 'user_processing' retrieved from /opt/airflow/dags/user_processing.py
[2024-09-21T19:31:47.873+0000] {logging_mixin.py:190} INFO - [2024-09-21T19:31:47.873+0000] {dag.py:3229} INFO - Sync 1 DAGs
[2024-09-21T19:31:47.882+0000] {logging_mixin.py:190} INFO - [2024-09-21T19:31:47.882+0000] {dag.py:4156} INFO - Setting next_dagrun for user_processing to 2024-09-20 00:00:00+00:00, run_after=2024-09-21 00:00:00+00:00
[2024-09-21T19:31:47.892+0000] {processor.py:208} INFO - Processing /opt/airflow/dags/user_processing.py took 0.101 seconds
[2024-09-21T19:32:18.303+0000] {processor.py:186} INFO - Started process (PID=5517) to work on /opt/airflow/dags/user_processing.py
[2024-09-21T19:32:18.305+0000] {processor.py:914} INFO - Processing file /opt/airflow/dags/user_processing.py for tasks to queue
[2024-09-21T19:32:18.307+0000] {logging_mixin.py:190} INFO - [2024-09-21T19:32:18.307+0000] {dagbag.py:587} INFO - Filling up the DagBag from /opt/airflow/dags/user_processing.py
[2024-09-21T19:32:18.317+0000] {processor.py:925} INFO - DAG(s) 'user_processing' retrieved from /opt/airflow/dags/user_processing.py
[2024-09-21T19:32:18.333+0000] {logging_mixin.py:190} INFO - [2024-09-21T19:32:18.333+0000] {dag.py:3229} INFO - Sync 1 DAGs
[2024-09-21T19:32:18.349+0000] {logging_mixin.py:190} INFO - [2024-09-21T19:32:18.348+0000] {dag.py:4156} INFO - Setting next_dagrun for user_processing to 2024-09-20 00:00:00+00:00, run_after=2024-09-21 00:00:00+00:00
[2024-09-21T19:32:18.358+0000] {processor.py:208} INFO - Processing /opt/airflow/dags/user_processing.py took 0.060 seconds
[2024-09-21T19:32:48.777+0000] {processor.py:186} INFO - Started process (PID=5580) to work on /opt/airflow/dags/user_processing.py
[2024-09-21T19:32:48.778+0000] {processor.py:914} INFO - Processing file /opt/airflow/dags/user_processing.py for tasks to queue
[2024-09-21T19:32:48.779+0000] {logging_mixin.py:190} INFO - [2024-09-21T19:32:48.779+0000] {dagbag.py:587} INFO - Filling up the DagBag from /opt/airflow/dags/user_processing.py
[2024-09-21T19:32:48.789+0000] {processor.py:925} INFO - DAG(s) 'user_processing' retrieved from /opt/airflow/dags/user_processing.py
[2024-09-21T19:32:48.805+0000] {logging_mixin.py:190} INFO - [2024-09-21T19:32:48.804+0000] {dag.py:3229} INFO - Sync 1 DAGs
[2024-09-21T19:32:48.821+0000] {logging_mixin.py:190} INFO - [2024-09-21T19:32:48.821+0000] {dag.py:4156} INFO - Setting next_dagrun for user_processing to 2024-09-20 00:00:00+00:00, run_after=2024-09-21 00:00:00+00:00
[2024-09-21T19:32:48.830+0000] {processor.py:208} INFO - Processing /opt/airflow/dags/user_processing.py took 0.058 seconds
[2024-09-21T19:33:19.189+0000] {processor.py:186} INFO - Started process (PID=5643) to work on /opt/airflow/dags/user_processing.py
[2024-09-21T19:33:19.191+0000] {processor.py:914} INFO - Processing file /opt/airflow/dags/user_processing.py for tasks to queue
[2024-09-21T19:33:19.194+0000] {logging_mixin.py:190} INFO - [2024-09-21T19:33:19.194+0000] {dagbag.py:587} INFO - Filling up the DagBag from /opt/airflow/dags/user_processing.py
[2024-09-21T19:33:19.202+0000] {processor.py:925} INFO - DAG(s) 'user_processing' retrieved from /opt/airflow/dags/user_processing.py
[2024-09-21T19:33:19.216+0000] {logging_mixin.py:190} INFO - [2024-09-21T19:33:19.216+0000] {dag.py:3229} INFO - Sync 1 DAGs
[2024-09-21T19:33:19.227+0000] {logging_mixin.py:190} INFO - [2024-09-21T19:33:19.227+0000] {dag.py:4156} INFO - Setting next_dagrun for user_processing to 2024-09-20 00:00:00+00:00, run_after=2024-09-21 00:00:00+00:00
[2024-09-21T19:33:19.235+0000] {processor.py:208} INFO - Processing /opt/airflow/dags/user_processing.py took 0.051 seconds
[2024-09-21T19:33:49.516+0000] {processor.py:186} INFO - Started process (PID=5706) to work on /opt/airflow/dags/user_processing.py
[2024-09-21T19:33:49.517+0000] {processor.py:914} INFO - Processing file /opt/airflow/dags/user_processing.py for tasks to queue
[2024-09-21T19:33:49.519+0000] {logging_mixin.py:190} INFO - [2024-09-21T19:33:49.518+0000] {dagbag.py:587} INFO - Filling up the DagBag from /opt/airflow/dags/user_processing.py
[2024-09-21T19:33:49.525+0000] {processor.py:925} INFO - DAG(s) 'user_processing' retrieved from /opt/airflow/dags/user_processing.py
[2024-09-21T19:33:49.535+0000] {logging_mixin.py:190} INFO - [2024-09-21T19:33:49.535+0000] {dag.py:3229} INFO - Sync 1 DAGs
[2024-09-21T19:33:49.547+0000] {logging_mixin.py:190} INFO - [2024-09-21T19:33:49.547+0000] {dag.py:4156} INFO - Setting next_dagrun for user_processing to 2024-09-20 00:00:00+00:00, run_after=2024-09-21 00:00:00+00:00
[2024-09-21T19:33:49.556+0000] {processor.py:208} INFO - Processing /opt/airflow/dags/user_processing.py took 0.044 seconds
[2024-09-21T19:34:19.881+0000] {processor.py:186} INFO - Started process (PID=5769) to work on /opt/airflow/dags/user_processing.py
[2024-09-21T19:34:19.881+0000] {processor.py:914} INFO - Processing file /opt/airflow/dags/user_processing.py for tasks to queue
[2024-09-21T19:34:19.883+0000] {logging_mixin.py:190} INFO - [2024-09-21T19:34:19.883+0000] {dagbag.py:587} INFO - Filling up the DagBag from /opt/airflow/dags/user_processing.py
[2024-09-21T19:34:19.889+0000] {processor.py:925} INFO - DAG(s) 'user_processing' retrieved from /opt/airflow/dags/user_processing.py
[2024-09-21T19:34:19.901+0000] {logging_mixin.py:190} INFO - [2024-09-21T19:34:19.900+0000] {dag.py:3229} INFO - Sync 1 DAGs
[2024-09-21T19:34:19.914+0000] {logging_mixin.py:190} INFO - [2024-09-21T19:34:19.914+0000] {dag.py:4156} INFO - Setting next_dagrun for user_processing to 2024-09-20 00:00:00+00:00, run_after=2024-09-21 00:00:00+00:00
[2024-09-21T19:34:19.924+0000] {processor.py:208} INFO - Processing /opt/airflow/dags/user_processing.py took 0.046 seconds
[2024-09-21T19:34:50.164+0000] {processor.py:186} INFO - Started process (PID=5832) to work on /opt/airflow/dags/user_processing.py
[2024-09-21T19:34:50.165+0000] {processor.py:914} INFO - Processing file /opt/airflow/dags/user_processing.py for tasks to queue
[2024-09-21T19:34:50.167+0000] {logging_mixin.py:190} INFO - [2024-09-21T19:34:50.167+0000] {dagbag.py:587} INFO - Filling up the DagBag from /opt/airflow/dags/user_processing.py
[2024-09-21T19:34:50.176+0000] {processor.py:925} INFO - DAG(s) 'user_processing' retrieved from /opt/airflow/dags/user_processing.py
[2024-09-21T19:34:50.191+0000] {logging_mixin.py:190} INFO - [2024-09-21T19:34:50.191+0000] {dag.py:3229} INFO - Sync 1 DAGs
[2024-09-21T19:34:50.207+0000] {logging_mixin.py:190} INFO - [2024-09-21T19:34:50.207+0000] {dag.py:4156} INFO - Setting next_dagrun for user_processing to 2024-09-20 00:00:00+00:00, run_after=2024-09-21 00:00:00+00:00
[2024-09-21T19:34:50.216+0000] {processor.py:208} INFO - Processing /opt/airflow/dags/user_processing.py took 0.057 seconds
[2024-09-21T19:35:20.541+0000] {processor.py:186} INFO - Started process (PID=5895) to work on /opt/airflow/dags/user_processing.py
[2024-09-21T19:35:20.542+0000] {processor.py:914} INFO - Processing file /opt/airflow/dags/user_processing.py for tasks to queue
[2024-09-21T19:35:20.544+0000] {logging_mixin.py:190} INFO - [2024-09-21T19:35:20.544+0000] {dagbag.py:587} INFO - Filling up the DagBag from /opt/airflow/dags/user_processing.py
[2024-09-21T19:35:20.553+0000] {processor.py:925} INFO - DAG(s) 'user_processing' retrieved from /opt/airflow/dags/user_processing.py
[2024-09-21T19:35:20.568+0000] {logging_mixin.py:190} INFO - [2024-09-21T19:35:20.568+0000] {dag.py:3229} INFO - Sync 1 DAGs
[2024-09-21T19:35:20.584+0000] {logging_mixin.py:190} INFO - [2024-09-21T19:35:20.584+0000] {dag.py:4156} INFO - Setting next_dagrun for user_processing to 2024-09-20 00:00:00+00:00, run_after=2024-09-21 00:00:00+00:00
[2024-09-21T19:35:20.594+0000] {processor.py:208} INFO - Processing /opt/airflow/dags/user_processing.py took 0.057 seconds
[2024-09-21T19:35:50.794+0000] {processor.py:186} INFO - Started process (PID=5958) to work on /opt/airflow/dags/user_processing.py
[2024-09-21T19:35:50.795+0000] {processor.py:914} INFO - Processing file /opt/airflow/dags/user_processing.py for tasks to queue
[2024-09-21T19:35:50.796+0000] {logging_mixin.py:190} INFO - [2024-09-21T19:35:50.796+0000] {dagbag.py:587} INFO - Filling up the DagBag from /opt/airflow/dags/user_processing.py
[2024-09-21T19:35:50.802+0000] {processor.py:925} INFO - DAG(s) 'user_processing' retrieved from /opt/airflow/dags/user_processing.py
[2024-09-21T19:35:50.813+0000] {logging_mixin.py:190} INFO - [2024-09-21T19:35:50.812+0000] {dag.py:3229} INFO - Sync 1 DAGs
[2024-09-21T19:35:50.826+0000] {logging_mixin.py:190} INFO - [2024-09-21T19:35:50.826+0000] {dag.py:4156} INFO - Setting next_dagrun for user_processing to 2024-09-20 00:00:00+00:00, run_after=2024-09-21 00:00:00+00:00
[2024-09-21T19:35:50.835+0000] {processor.py:208} INFO - Processing /opt/airflow/dags/user_processing.py took 0.044 seconds
[2024-09-21T19:36:21.066+0000] {processor.py:186} INFO - Started process (PID=6021) to work on /opt/airflow/dags/user_processing.py
[2024-09-21T19:36:21.067+0000] {processor.py:914} INFO - Processing file /opt/airflow/dags/user_processing.py for tasks to queue
[2024-09-21T19:36:21.069+0000] {logging_mixin.py:190} INFO - [2024-09-21T19:36:21.069+0000] {dagbag.py:587} INFO - Filling up the DagBag from /opt/airflow/dags/user_processing.py
[2024-09-21T19:36:21.077+0000] {processor.py:925} INFO - DAG(s) 'user_processing' retrieved from /opt/airflow/dags/user_processing.py
[2024-09-21T19:36:21.092+0000] {logging_mixin.py:190} INFO - [2024-09-21T19:36:21.092+0000] {dag.py:3229} INFO - Sync 1 DAGs
[2024-09-21T19:36:21.107+0000] {logging_mixin.py:190} INFO - [2024-09-21T19:36:21.107+0000] {dag.py:4156} INFO - Setting next_dagrun for user_processing to 2024-09-20 00:00:00+00:00, run_after=2024-09-21 00:00:00+00:00
[2024-09-21T19:36:21.116+0000] {processor.py:208} INFO - Processing /opt/airflow/dags/user_processing.py took 0.054 seconds
[2024-09-21T19:36:51.334+0000] {processor.py:186} INFO - Started process (PID=6084) to work on /opt/airflow/dags/user_processing.py
[2024-09-21T19:36:51.335+0000] {processor.py:914} INFO - Processing file /opt/airflow/dags/user_processing.py for tasks to queue
[2024-09-21T19:36:51.337+0000] {logging_mixin.py:190} INFO - [2024-09-21T19:36:51.336+0000] {dagbag.py:587} INFO - Filling up the DagBag from /opt/airflow/dags/user_processing.py
[2024-09-21T19:36:51.345+0000] {processor.py:925} INFO - DAG(s) 'user_processing' retrieved from /opt/airflow/dags/user_processing.py
[2024-09-21T19:36:51.359+0000] {logging_mixin.py:190} INFO - [2024-09-21T19:36:51.358+0000] {dag.py:3229} INFO - Sync 1 DAGs
[2024-09-21T19:36:51.373+0000] {logging_mixin.py:190} INFO - [2024-09-21T19:36:51.373+0000] {dag.py:4156} INFO - Setting next_dagrun for user_processing to 2024-09-20 00:00:00+00:00, run_after=2024-09-21 00:00:00+00:00
[2024-09-21T19:36:51.382+0000] {processor.py:208} INFO - Processing /opt/airflow/dags/user_processing.py took 0.053 seconds
[2024-09-21T19:37:21.729+0000] {processor.py:186} INFO - Started process (PID=6147) to work on /opt/airflow/dags/user_processing.py
[2024-09-21T19:37:21.730+0000] {processor.py:914} INFO - Processing file /opt/airflow/dags/user_processing.py for tasks to queue
[2024-09-21T19:37:21.732+0000] {logging_mixin.py:190} INFO - [2024-09-21T19:37:21.732+0000] {dagbag.py:587} INFO - Filling up the DagBag from /opt/airflow/dags/user_processing.py
[2024-09-21T19:37:21.741+0000] {processor.py:925} INFO - DAG(s) 'user_processing' retrieved from /opt/airflow/dags/user_processing.py
[2024-09-21T19:37:21.756+0000] {logging_mixin.py:190} INFO - [2024-09-21T19:37:21.755+0000] {dag.py:3229} INFO - Sync 1 DAGs
[2024-09-21T19:37:21.771+0000] {logging_mixin.py:190} INFO - [2024-09-21T19:37:21.771+0000] {dag.py:4156} INFO - Setting next_dagrun for user_processing to 2024-09-20 00:00:00+00:00, run_after=2024-09-21 00:00:00+00:00
[2024-09-21T19:37:21.781+0000] {processor.py:208} INFO - Processing /opt/airflow/dags/user_processing.py took 0.056 seconds
[2024-09-21T19:37:52.022+0000] {processor.py:186} INFO - Started process (PID=6210) to work on /opt/airflow/dags/user_processing.py
[2024-09-21T19:37:52.024+0000] {processor.py:914} INFO - Processing file /opt/airflow/dags/user_processing.py for tasks to queue
[2024-09-21T19:37:52.026+0000] {logging_mixin.py:190} INFO - [2024-09-21T19:37:52.025+0000] {dagbag.py:587} INFO - Filling up the DagBag from /opt/airflow/dags/user_processing.py
[2024-09-21T19:37:52.034+0000] {processor.py:925} INFO - DAG(s) 'user_processing' retrieved from /opt/airflow/dags/user_processing.py
[2024-09-21T19:37:52.049+0000] {logging_mixin.py:190} INFO - [2024-09-21T19:37:52.049+0000] {dag.py:3229} INFO - Sync 1 DAGs
[2024-09-21T19:37:52.065+0000] {logging_mixin.py:190} INFO - [2024-09-21T19:37:52.065+0000] {dag.py:4156} INFO - Setting next_dagrun for user_processing to 2024-09-20 00:00:00+00:00, run_after=2024-09-21 00:00:00+00:00
[2024-09-21T19:37:52.075+0000] {processor.py:208} INFO - Processing /opt/airflow/dags/user_processing.py took 0.058 seconds
[2024-09-21T19:38:22.310+0000] {processor.py:186} INFO - Started process (PID=6273) to work on /opt/airflow/dags/user_processing.py
[2024-09-21T19:38:22.311+0000] {processor.py:914} INFO - Processing file /opt/airflow/dags/user_processing.py for tasks to queue
[2024-09-21T19:38:22.313+0000] {logging_mixin.py:190} INFO - [2024-09-21T19:38:22.313+0000] {dagbag.py:587} INFO - Filling up the DagBag from /opt/airflow/dags/user_processing.py
[2024-09-21T19:38:22.323+0000] {processor.py:925} INFO - DAG(s) 'user_processing' retrieved from /opt/airflow/dags/user_processing.py
[2024-09-21T19:38:22.338+0000] {logging_mixin.py:190} INFO - [2024-09-21T19:38:22.338+0000] {dag.py:3229} INFO - Sync 1 DAGs
[2024-09-21T19:38:22.354+0000] {logging_mixin.py:190} INFO - [2024-09-21T19:38:22.354+0000] {dag.py:4156} INFO - Setting next_dagrun for user_processing to 2024-09-20 00:00:00+00:00, run_after=2024-09-21 00:00:00+00:00
[2024-09-21T19:38:22.364+0000] {processor.py:208} INFO - Processing /opt/airflow/dags/user_processing.py took 0.058 seconds
[2024-09-21T19:38:52.728+0000] {processor.py:186} INFO - Started process (PID=6336) to work on /opt/airflow/dags/user_processing.py
[2024-09-21T19:38:52.729+0000] {processor.py:914} INFO - Processing file /opt/airflow/dags/user_processing.py for tasks to queue
[2024-09-21T19:38:52.731+0000] {logging_mixin.py:190} INFO - [2024-09-21T19:38:52.731+0000] {dagbag.py:587} INFO - Filling up the DagBag from /opt/airflow/dags/user_processing.py
[2024-09-21T19:38:52.740+0000] {processor.py:925} INFO - DAG(s) 'user_processing' retrieved from /opt/airflow/dags/user_processing.py
[2024-09-21T19:38:52.754+0000] {logging_mixin.py:190} INFO - [2024-09-21T19:38:52.754+0000] {dag.py:3229} INFO - Sync 1 DAGs
[2024-09-21T19:38:52.770+0000] {logging_mixin.py:190} INFO - [2024-09-21T19:38:52.769+0000] {dag.py:4156} INFO - Setting next_dagrun for user_processing to 2024-09-20 00:00:00+00:00, run_after=2024-09-21 00:00:00+00:00
[2024-09-21T19:38:52.779+0000] {processor.py:208} INFO - Processing /opt/airflow/dags/user_processing.py took 0.055 seconds
[2024-09-21T19:39:23.143+0000] {processor.py:186} INFO - Started process (PID=6399) to work on /opt/airflow/dags/user_processing.py
[2024-09-21T19:39:23.144+0000] {processor.py:914} INFO - Processing file /opt/airflow/dags/user_processing.py for tasks to queue
[2024-09-21T19:39:23.146+0000] {logging_mixin.py:190} INFO - [2024-09-21T19:39:23.145+0000] {dagbag.py:587} INFO - Filling up the DagBag from /opt/airflow/dags/user_processing.py
[2024-09-21T19:39:23.154+0000] {processor.py:925} INFO - DAG(s) 'user_processing' retrieved from /opt/airflow/dags/user_processing.py
[2024-09-21T19:39:23.170+0000] {logging_mixin.py:190} INFO - [2024-09-21T19:39:23.169+0000] {dag.py:3229} INFO - Sync 1 DAGs
[2024-09-21T19:39:23.186+0000] {logging_mixin.py:190} INFO - [2024-09-21T19:39:23.186+0000] {dag.py:4156} INFO - Setting next_dagrun for user_processing to 2024-09-20 00:00:00+00:00, run_after=2024-09-21 00:00:00+00:00
[2024-09-21T19:39:23.196+0000] {processor.py:208} INFO - Processing /opt/airflow/dags/user_processing.py took 0.058 seconds
[2024-09-21T19:39:53.386+0000] {processor.py:186} INFO - Started process (PID=6462) to work on /opt/airflow/dags/user_processing.py
[2024-09-21T19:39:53.387+0000] {processor.py:914} INFO - Processing file /opt/airflow/dags/user_processing.py for tasks to queue
[2024-09-21T19:39:53.389+0000] {logging_mixin.py:190} INFO - [2024-09-21T19:39:53.389+0000] {dagbag.py:587} INFO - Filling up the DagBag from /opt/airflow/dags/user_processing.py
[2024-09-21T19:39:53.398+0000] {processor.py:925} INFO - DAG(s) 'user_processing' retrieved from /opt/airflow/dags/user_processing.py
[2024-09-21T19:39:53.413+0000] {logging_mixin.py:190} INFO - [2024-09-21T19:39:53.413+0000] {dag.py:3229} INFO - Sync 1 DAGs
[2024-09-21T19:39:53.429+0000] {logging_mixin.py:190} INFO - [2024-09-21T19:39:53.429+0000] {dag.py:4156} INFO - Setting next_dagrun for user_processing to 2024-09-20 00:00:00+00:00, run_after=2024-09-21 00:00:00+00:00
[2024-09-21T19:39:53.439+0000] {processor.py:208} INFO - Processing /opt/airflow/dags/user_processing.py took 0.058 seconds
[2024-09-21T19:40:23.766+0000] {processor.py:186} INFO - Started process (PID=6525) to work on /opt/airflow/dags/user_processing.py
[2024-09-21T19:40:23.767+0000] {processor.py:914} INFO - Processing file /opt/airflow/dags/user_processing.py for tasks to queue
[2024-09-21T19:40:23.769+0000] {logging_mixin.py:190} INFO - [2024-09-21T19:40:23.769+0000] {dagbag.py:587} INFO - Filling up the DagBag from /opt/airflow/dags/user_processing.py
[2024-09-21T19:40:23.778+0000] {processor.py:925} INFO - DAG(s) 'user_processing' retrieved from /opt/airflow/dags/user_processing.py
[2024-09-21T19:40:23.794+0000] {logging_mixin.py:190} INFO - [2024-09-21T19:40:23.793+0000] {dag.py:3229} INFO - Sync 1 DAGs
[2024-09-21T19:40:23.810+0000] {logging_mixin.py:190} INFO - [2024-09-21T19:40:23.810+0000] {dag.py:4156} INFO - Setting next_dagrun for user_processing to 2024-09-20 00:00:00+00:00, run_after=2024-09-21 00:00:00+00:00
[2024-09-21T19:40:23.820+0000] {processor.py:208} INFO - Processing /opt/airflow/dags/user_processing.py took 0.059 seconds
[2024-09-21T19:40:54.174+0000] {processor.py:186} INFO - Started process (PID=6588) to work on /opt/airflow/dags/user_processing.py
[2024-09-21T19:40:54.175+0000] {processor.py:914} INFO - Processing file /opt/airflow/dags/user_processing.py for tasks to queue
[2024-09-21T19:40:54.177+0000] {logging_mixin.py:190} INFO - [2024-09-21T19:40:54.177+0000] {dagbag.py:587} INFO - Filling up the DagBag from /opt/airflow/dags/user_processing.py
[2024-09-21T19:40:54.187+0000] {processor.py:925} INFO - DAG(s) 'user_processing' retrieved from /opt/airflow/dags/user_processing.py
[2024-09-21T19:40:54.205+0000] {logging_mixin.py:190} INFO - [2024-09-21T19:40:54.205+0000] {dag.py:3229} INFO - Sync 1 DAGs
[2024-09-21T19:40:54.221+0000] {logging_mixin.py:190} INFO - [2024-09-21T19:40:54.221+0000] {dag.py:4156} INFO - Setting next_dagrun for user_processing to 2024-09-20 00:00:00+00:00, run_after=2024-09-21 00:00:00+00:00
[2024-09-21T19:40:54.231+0000] {processor.py:208} INFO - Processing /opt/airflow/dags/user_processing.py took 0.063 seconds
[2024-09-21T19:41:24.461+0000] {processor.py:186} INFO - Started process (PID=6651) to work on /opt/airflow/dags/user_processing.py
[2024-09-21T19:41:24.462+0000] {processor.py:914} INFO - Processing file /opt/airflow/dags/user_processing.py for tasks to queue
[2024-09-21T19:41:24.464+0000] {logging_mixin.py:190} INFO - [2024-09-21T19:41:24.463+0000] {dagbag.py:587} INFO - Filling up the DagBag from /opt/airflow/dags/user_processing.py
[2024-09-21T19:41:24.475+0000] {processor.py:925} INFO - DAG(s) 'user_processing' retrieved from /opt/airflow/dags/user_processing.py
[2024-09-21T19:41:24.489+0000] {logging_mixin.py:190} INFO - [2024-09-21T19:41:24.489+0000] {dag.py:3229} INFO - Sync 1 DAGs
[2024-09-21T19:41:24.505+0000] {logging_mixin.py:190} INFO - [2024-09-21T19:41:24.505+0000] {dag.py:4156} INFO - Setting next_dagrun for user_processing to 2024-09-20 00:00:00+00:00, run_after=2024-09-21 00:00:00+00:00
[2024-09-21T19:41:24.514+0000] {processor.py:208} INFO - Processing /opt/airflow/dags/user_processing.py took 0.059 seconds
[2024-09-21T19:41:54.866+0000] {processor.py:186} INFO - Started process (PID=6714) to work on /opt/airflow/dags/user_processing.py
[2024-09-21T19:41:54.868+0000] {processor.py:914} INFO - Processing file /opt/airflow/dags/user_processing.py for tasks to queue
[2024-09-21T19:41:54.870+0000] {logging_mixin.py:190} INFO - [2024-09-21T19:41:54.870+0000] {dagbag.py:587} INFO - Filling up the DagBag from /opt/airflow/dags/user_processing.py
[2024-09-21T19:41:54.878+0000] {processor.py:925} INFO - DAG(s) 'user_processing' retrieved from /opt/airflow/dags/user_processing.py
[2024-09-21T19:41:54.895+0000] {logging_mixin.py:190} INFO - [2024-09-21T19:41:54.895+0000] {dag.py:3229} INFO - Sync 1 DAGs
[2024-09-21T19:41:54.912+0000] {logging_mixin.py:190} INFO - [2024-09-21T19:41:54.912+0000] {dag.py:4156} INFO - Setting next_dagrun for user_processing to 2024-09-20 00:00:00+00:00, run_after=2024-09-21 00:00:00+00:00
[2024-09-21T19:41:54.921+0000] {processor.py:208} INFO - Processing /opt/airflow/dags/user_processing.py took 0.059 seconds
[2024-09-21T19:42:25.163+0000] {processor.py:186} INFO - Started process (PID=6777) to work on /opt/airflow/dags/user_processing.py
[2024-09-21T19:42:25.164+0000] {processor.py:914} INFO - Processing file /opt/airflow/dags/user_processing.py for tasks to queue
[2024-09-21T19:42:25.166+0000] {logging_mixin.py:190} INFO - [2024-09-21T19:42:25.166+0000] {dagbag.py:587} INFO - Filling up the DagBag from /opt/airflow/dags/user_processing.py
[2024-09-21T19:42:25.176+0000] {processor.py:925} INFO - DAG(s) 'user_processing' retrieved from /opt/airflow/dags/user_processing.py
[2024-09-21T19:42:25.192+0000] {logging_mixin.py:190} INFO - [2024-09-21T19:42:25.191+0000] {dag.py:3229} INFO - Sync 1 DAGs
[2024-09-21T19:42:25.209+0000] {logging_mixin.py:190} INFO - [2024-09-21T19:42:25.209+0000] {dag.py:4156} INFO - Setting next_dagrun for user_processing to 2024-09-20 00:00:00+00:00, run_after=2024-09-21 00:00:00+00:00
[2024-09-21T19:42:25.218+0000] {processor.py:208} INFO - Processing /opt/airflow/dags/user_processing.py took 0.059 seconds
[2024-09-21T19:42:55.454+0000] {processor.py:186} INFO - Started process (PID=6840) to work on /opt/airflow/dags/user_processing.py
[2024-09-21T19:42:55.455+0000] {processor.py:914} INFO - Processing file /opt/airflow/dags/user_processing.py for tasks to queue
[2024-09-21T19:42:55.456+0000] {logging_mixin.py:190} INFO - [2024-09-21T19:42:55.456+0000] {dagbag.py:587} INFO - Filling up the DagBag from /opt/airflow/dags/user_processing.py
[2024-09-21T19:42:55.463+0000] {processor.py:925} INFO - DAG(s) 'user_processing' retrieved from /opt/airflow/dags/user_processing.py
[2024-09-21T19:42:55.473+0000] {logging_mixin.py:190} INFO - [2024-09-21T19:42:55.473+0000] {dag.py:3229} INFO - Sync 1 DAGs
[2024-09-21T19:42:55.485+0000] {logging_mixin.py:190} INFO - [2024-09-21T19:42:55.485+0000] {dag.py:4156} INFO - Setting next_dagrun for user_processing to 2024-09-20 00:00:00+00:00, run_after=2024-09-21 00:00:00+00:00
[2024-09-21T19:42:55.493+0000] {processor.py:208} INFO - Processing /opt/airflow/dags/user_processing.py took 0.043 seconds
[2024-09-21T19:43:25.811+0000] {processor.py:186} INFO - Started process (PID=6903) to work on /opt/airflow/dags/user_processing.py
[2024-09-21T19:43:25.812+0000] {processor.py:914} INFO - Processing file /opt/airflow/dags/user_processing.py for tasks to queue
[2024-09-21T19:43:25.814+0000] {logging_mixin.py:190} INFO - [2024-09-21T19:43:25.814+0000] {dagbag.py:587} INFO - Filling up the DagBag from /opt/airflow/dags/user_processing.py
[2024-09-21T19:43:25.823+0000] {processor.py:925} INFO - DAG(s) 'user_processing' retrieved from /opt/airflow/dags/user_processing.py
[2024-09-21T19:43:25.838+0000] {logging_mixin.py:190} INFO - [2024-09-21T19:43:25.838+0000] {dag.py:3229} INFO - Sync 1 DAGs
[2024-09-21T19:43:25.855+0000] {logging_mixin.py:190} INFO - [2024-09-21T19:43:25.854+0000] {dag.py:4156} INFO - Setting next_dagrun for user_processing to 2024-09-20 00:00:00+00:00, run_after=2024-09-21 00:00:00+00:00
[2024-09-21T19:43:25.864+0000] {processor.py:208} INFO - Processing /opt/airflow/dags/user_processing.py took 0.057 seconds
[2024-09-21T19:43:56.411+0000] {processor.py:186} INFO - Started process (PID=6966) to work on /opt/airflow/dags/user_processing.py
[2024-09-21T19:43:56.412+0000] {processor.py:914} INFO - Processing file /opt/airflow/dags/user_processing.py for tasks to queue
[2024-09-21T19:43:56.414+0000] {logging_mixin.py:190} INFO - [2024-09-21T19:43:56.413+0000] {dagbag.py:587} INFO - Filling up the DagBag from /opt/airflow/dags/user_processing.py
[2024-09-21T19:43:56.422+0000] {processor.py:925} INFO - DAG(s) 'user_processing' retrieved from /opt/airflow/dags/user_processing.py
[2024-09-21T19:43:56.439+0000] {logging_mixin.py:190} INFO - [2024-09-21T19:43:56.439+0000] {dag.py:3229} INFO - Sync 1 DAGs
[2024-09-21T19:43:56.454+0000] {logging_mixin.py:190} INFO - [2024-09-21T19:43:56.454+0000] {dag.py:4156} INFO - Setting next_dagrun for user_processing to 2024-09-20 00:00:00+00:00, run_after=2024-09-21 00:00:00+00:00
[2024-09-21T19:43:56.464+0000] {processor.py:208} INFO - Processing /opt/airflow/dags/user_processing.py took 0.058 seconds
[2024-09-21T19:44:27.005+0000] {processor.py:186} INFO - Started process (PID=7029) to work on /opt/airflow/dags/user_processing.py
[2024-09-21T19:44:27.006+0000] {processor.py:914} INFO - Processing file /opt/airflow/dags/user_processing.py for tasks to queue
[2024-09-21T19:44:27.010+0000] {logging_mixin.py:190} INFO - [2024-09-21T19:44:27.009+0000] {dagbag.py:587} INFO - Filling up the DagBag from /opt/airflow/dags/user_processing.py
[2024-09-21T19:44:27.022+0000] {processor.py:925} INFO - DAG(s) 'user_processing' retrieved from /opt/airflow/dags/user_processing.py
[2024-09-21T19:44:27.039+0000] {logging_mixin.py:190} INFO - [2024-09-21T19:44:27.039+0000] {dag.py:3229} INFO - Sync 1 DAGs
[2024-09-21T19:44:27.056+0000] {logging_mixin.py:190} INFO - [2024-09-21T19:44:27.055+0000] {dag.py:4156} INFO - Setting next_dagrun for user_processing to 2024-09-20 00:00:00+00:00, run_after=2024-09-21 00:00:00+00:00
[2024-09-21T19:44:27.067+0000] {processor.py:208} INFO - Processing /opt/airflow/dags/user_processing.py took 0.068 seconds
[2024-09-21T20:33:26.040+0000] {processor.py:186} INFO - Started process (PID=7030) to work on /opt/airflow/dags/user_processing.py
[2024-09-21T20:33:26.040+0000] {processor.py:914} INFO - Processing file /opt/airflow/dags/user_processing.py for tasks to queue
[2024-09-21T20:33:26.043+0000] {logging_mixin.py:190} INFO - [2024-09-21T20:33:26.042+0000] {dagbag.py:587} INFO - Filling up the DagBag from /opt/airflow/dags/user_processing.py
[2024-09-21T20:33:26.056+0000] {processor.py:925} INFO - DAG(s) 'user_processing' retrieved from /opt/airflow/dags/user_processing.py
[2024-09-21T20:33:26.073+0000] {logging_mixin.py:190} INFO - [2024-09-21T20:33:26.073+0000] {dag.py:3229} INFO - Sync 1 DAGs
[2024-09-21T20:33:26.088+0000] {logging_mixin.py:190} INFO - [2024-09-21T20:33:26.088+0000] {dag.py:4156} INFO - Setting next_dagrun for user_processing to 2024-09-20 00:00:00+00:00, run_after=2024-09-21 00:00:00+00:00
[2024-09-21T20:33:26.101+0000] {processor.py:208} INFO - Processing /opt/airflow/dags/user_processing.py took 0.068 seconds
[2024-09-21T21:45:21.578+0000] {processor.py:186} INFO - Started process (PID=7093) to work on /opt/airflow/dags/user_processing.py
[2024-09-21T21:45:21.578+0000] {processor.py:914} INFO - Processing file /opt/airflow/dags/user_processing.py for tasks to queue
[2024-09-21T21:45:21.580+0000] {logging_mixin.py:190} INFO - [2024-09-21T21:45:21.580+0000] {dagbag.py:587} INFO - Filling up the DagBag from /opt/airflow/dags/user_processing.py
[2024-09-21T21:45:21.598+0000] {processor.py:925} INFO - DAG(s) 'user_processing' retrieved from /opt/airflow/dags/user_processing.py
[2024-09-21T21:45:21.619+0000] {logging_mixin.py:190} INFO - [2024-09-21T21:45:21.619+0000] {dag.py:3229} INFO - Sync 1 DAGs
[2024-09-21T21:45:21.636+0000] {logging_mixin.py:190} INFO - [2024-09-21T21:45:21.635+0000] {dag.py:4156} INFO - Setting next_dagrun for user_processing to 2024-09-20 00:00:00+00:00, run_after=2024-09-21 00:00:00+00:00
[2024-09-21T21:45:21.648+0000] {processor.py:208} INFO - Processing /opt/airflow/dags/user_processing.py took 0.077 seconds
[2024-09-21T23:26:30.711+0000] {processor.py:186} INFO - Started process (PID=7156) to work on /opt/airflow/dags/user_processing.py
[2024-09-21T23:26:30.712+0000] {processor.py:914} INFO - Processing file /opt/airflow/dags/user_processing.py for tasks to queue
[2024-09-21T23:26:30.716+0000] {logging_mixin.py:190} INFO - [2024-09-21T23:26:30.716+0000] {dagbag.py:587} INFO - Filling up the DagBag from /opt/airflow/dags/user_processing.py
[2024-09-21T23:26:30.729+0000] {processor.py:925} INFO - DAG(s) 'user_processing' retrieved from /opt/airflow/dags/user_processing.py
[2024-09-21T23:26:30.746+0000] {logging_mixin.py:190} INFO - [2024-09-21T23:26:30.746+0000] {dag.py:3229} INFO - Sync 1 DAGs
[2024-09-21T23:26:30.763+0000] {logging_mixin.py:190} INFO - [2024-09-21T23:26:30.763+0000] {dag.py:4156} INFO - Setting next_dagrun for user_processing to 2024-09-20 00:00:00+00:00, run_after=2024-09-21 00:00:00+00:00
[2024-09-21T23:26:30.778+0000] {processor.py:208} INFO - Processing /opt/airflow/dags/user_processing.py took 0.073 seconds
