[2024-09-23T15:56:52.684+0000] {local_task_job_runner.py:123} INFO - ::group::Pre task execution logs
[2024-09-23T15:56:52.693+0000] {taskinstance.py:2612} INFO - Dependencies all met for dep_context=non-requeueable deps ti=<TaskInstance: 008-simple-extract-load-bq.check_for_table manual__2024-09-23T11:32:25.296554+00:00 [queued]>
[2024-09-23T15:56:52.696+0000] {taskinstance.py:2612} INFO - Dependencies all met for dep_context=requeueable deps ti=<TaskInstance: 008-simple-extract-load-bq.check_for_table manual__2024-09-23T11:32:25.296554+00:00 [queued]>
[2024-09-23T15:56:52.696+0000] {taskinstance.py:2865} INFO - Starting attempt 17 of 17
[2024-09-23T15:56:52.704+0000] {taskinstance.py:2888} INFO - Executing <Task(BigQueryTableExistenceSensor): check_for_table> on 2024-09-23 11:32:25.296554+00:00
[2024-09-23T15:56:52.708+0000] {warnings.py:112} WARNING - /home/***/.local/lib/python3.12/site-packages/***/task/task_runner/standard_task_runner.py:70: DeprecationWarning: This process (pid=3369) is multi-threaded, use of fork() may lead to deadlocks in the child.
  pid = os.fork()

[2024-09-23T15:56:52.709+0000] {standard_task_runner.py:72} INFO - Started process 3371 to run task
[2024-09-23T15:56:52.709+0000] {standard_task_runner.py:104} INFO - Running: ['***', 'tasks', 'run', '008-simple-extract-load-bq', 'check_for_table', 'manual__2024-09-23T11:32:25.296554+00:00', '--job-id', '189', '--raw', '--subdir', 'DAGS_FOLDER/008-simple-extract-load-bq.py', '--cfg-path', '/tmp/tmpx0z4au60']
[2024-09-23T15:56:52.710+0000] {standard_task_runner.py:105} INFO - Job 189: Subtask check_for_table
[2024-09-23T15:56:52.732+0000] {task_command.py:467} INFO - Running <TaskInstance: 008-simple-extract-load-bq.check_for_table manual__2024-09-23T11:32:25.296554+00:00 [running]> on host 49bf9bae52f3
[2024-09-23T15:56:52.771+0000] {taskinstance.py:3131} INFO - Exporting env vars: AIRFLOW_CTX_DAG_OWNER='***' AIRFLOW_CTX_DAG_ID='008-simple-extract-load-bq' AIRFLOW_CTX_TASK_ID='check_for_table' AIRFLOW_CTX_EXECUTION_DATE='2024-09-23T11:32:25.296554+00:00' AIRFLOW_CTX_TRY_NUMBER='17' AIRFLOW_CTX_DAG_RUN_ID='manual__2024-09-23T11:32:25.296554+00:00'
[2024-09-23T15:56:52.772+0000] {logging_mixin.py:190} INFO - Task instance is in running state
[2024-09-23T15:56:52.772+0000] {logging_mixin.py:190} INFO -  Previous state of the Task instance: queued
[2024-09-23T15:56:52.772+0000] {logging_mixin.py:190} INFO - Current task name:check_for_table state:running start_date:2024-09-23 15:56:52.693489+00:00
[2024-09-23T15:56:52.773+0000] {logging_mixin.py:190} INFO - Dag name:008-simple-extract-load-bq and current dag run status:running
[2024-09-23T15:56:52.773+0000] {taskinstance.py:731} INFO - ::endgroup::
[2024-09-23T15:56:52.773+0000] {baseoperator.py:405} WARNING - BigQueryTableExistenceSensor.execute cannot be called outside TaskInstance!
[2024-09-23T15:56:52.773+0000] {bigquery.py:106} INFO - Sensor checks existence of table: third-essence-345723:astronomer.forestfires
[2024-09-23T15:56:52.780+0000] {base.py:84} INFO - Retrieving connection 'bigquery'
[2024-09-23T15:56:53.207+0000] {base.py:336} INFO - Success criteria met. Exiting.
[2024-09-23T15:56:53.213+0000] {taskinstance.py:340} INFO - ::group::Post task execution logs
[2024-09-23T15:56:53.213+0000] {taskinstance.py:352} INFO - Marking task as SUCCESS. dag_id=008-simple-extract-load-bq, task_id=check_for_table, run_id=manual__2024-09-23T11:32:25.296554+00:00, execution_date=20240923T113225, start_date=20240923T155652, end_date=20240923T155653
[2024-09-23T15:56:53.218+0000] {logging_mixin.py:190} INFO - Task instance in success state
[2024-09-23T15:56:53.218+0000] {logging_mixin.py:190} INFO -  Previous state of the Task instance: running
[2024-09-23T15:56:53.218+0000] {logging_mixin.py:190} INFO - Dag name:008-simple-extract-load-bq queued_at:2024-09-23 15:56:45.610492+00:00
[2024-09-23T15:56:53.218+0000] {logging_mixin.py:190} INFO - Task hostname:49bf9bae52f3 operator:BigQueryTableExistenceSensor
[2024-09-23T15:56:53.228+0000] {local_task_job_runner.py:266} INFO - Task exited with return code 0
[2024-09-23T15:56:53.245+0000] {taskinstance.py:3900} INFO - 1 downstream tasks scheduled from follow-on schedule check
[2024-09-23T15:56:53.246+0000] {local_task_job_runner.py:245} INFO - ::endgroup::
