[2024-09-22T16:00:17.980+0000] {local_task_job_runner.py:123} INFO - ::group::Pre task execution logs
[2024-09-22T16:00:17.987+0000] {taskinstance.py:2612} INFO - Dependencies all met for dep_context=non-requeueable deps ti=<TaskInstance: project.create_table_2 manual__2024-09-22T15:42:00.765595+00:00 [queued]>
[2024-09-22T16:00:17.990+0000] {taskinstance.py:2612} INFO - Dependencies all met for dep_context=requeueable deps ti=<TaskInstance: project.create_table_2 manual__2024-09-22T15:42:00.765595+00:00 [queued]>
[2024-09-22T16:00:17.990+0000] {taskinstance.py:2865} INFO - Starting attempt 1 of 1
[2024-09-22T16:00:17.995+0000] {taskinstance.py:2888} INFO - Executing <Task(PostgresOperator): create_table_2> on 2024-09-22 15:42:00.765595+00:00
[2024-09-22T16:00:17.999+0000] {warnings.py:112} WARNING - /home/***/.local/lib/python3.12/site-packages/***/task/task_runner/standard_task_runner.py:70: DeprecationWarning: This process (pid=7938) is multi-threaded, use of fork() may lead to deadlocks in the child.
  pid = os.fork()

[2024-09-22T16:00:18.000+0000] {standard_task_runner.py:72} INFO - Started process 7940 to run task
[2024-09-22T16:00:18.001+0000] {standard_task_runner.py:104} INFO - Running: ['***', 'tasks', 'run', 'project', 'create_table_2', 'manual__2024-09-22T15:42:00.765595+00:00', '--job-id', '55', '--raw', '--subdir', 'DAGS_FOLDER/project.py', '--cfg-path', '/tmp/tmptuzifrvy']
[2024-09-22T16:00:18.002+0000] {standard_task_runner.py:105} INFO - Job 55: Subtask create_table_2
[2024-09-22T16:00:18.024+0000] {task_command.py:467} INFO - Running <TaskInstance: project.create_table_2 manual__2024-09-22T15:42:00.765595+00:00 [running]> on host 0bbd6d2129ab
[2024-09-22T16:00:18.061+0000] {taskinstance.py:3131} INFO - Exporting env vars: AIRFLOW_CTX_DAG_OWNER='***' AIRFLOW_CTX_DAG_ID='project' AIRFLOW_CTX_TASK_ID='create_table_2' AIRFLOW_CTX_EXECUTION_DATE='2024-09-22T15:42:00.765595+00:00' AIRFLOW_CTX_TRY_NUMBER='1' AIRFLOW_CTX_DAG_RUN_ID='manual__2024-09-22T15:42:00.765595+00:00'
[2024-09-22T16:00:18.062+0000] {logging_mixin.py:190} INFO - Task instance is in running state
[2024-09-22T16:00:18.062+0000] {logging_mixin.py:190} INFO -  Previous state of the Task instance: queued
[2024-09-22T16:00:18.062+0000] {logging_mixin.py:190} INFO - Current task name:create_table_2 state:running start_date:2024-09-22 16:00:17.987527+00:00
[2024-09-22T16:00:18.062+0000] {logging_mixin.py:190} INFO - Dag name:project and current dag run status:running
[2024-09-22T16:00:18.062+0000] {taskinstance.py:731} INFO - ::endgroup::
[2024-09-22T16:00:18.062+0000] {sql.py:266} INFO - Executing: CREATE TABLE IF NOT EXISTS users (
	firstname TEXT NOT NULL,
	lastname TEXT NOT NULL,
	username TEXT NOT NULL
);
[2024-09-22T16:00:18.066+0000] {base.py:84} INFO - Retrieving connection 'postgres'
[2024-09-22T16:00:18.071+0000] {base.py:84} INFO - Retrieving connection 'postgres'
[2024-09-22T16:00:18.073+0000] {sql.py:509} INFO - Running statement: CREATE TABLE IF NOT EXISTS users (
	firstname TEXT NOT NULL,
	lastname TEXT NOT NULL,
	username TEXT NOT NULL
);, parameters: None
[2024-09-22T16:00:18.078+0000] {taskinstance.py:340} INFO - ::group::Post task execution logs
[2024-09-22T16:00:18.078+0000] {taskinstance.py:352} INFO - Marking task as SUCCESS. dag_id=project, task_id=create_table_2, run_id=manual__2024-09-22T15:42:00.765595+00:00, execution_date=20240922T154200, start_date=20240922T160017, end_date=20240922T160018
[2024-09-22T16:00:18.082+0000] {logging_mixin.py:190} INFO - Task instance in success state
[2024-09-22T16:00:18.082+0000] {logging_mixin.py:190} INFO -  Previous state of the Task instance: running
[2024-09-22T16:00:18.082+0000] {logging_mixin.py:190} INFO - Dag name:project queued_at:2024-09-22 16:00:16.401147+00:00
[2024-09-22T16:00:18.082+0000] {logging_mixin.py:190} INFO - Task hostname:0bbd6d2129ab operator:PostgresOperator
[2024-09-22T16:00:18.101+0000] {local_task_job_runner.py:266} INFO - Task exited with return code 0
[2024-09-22T16:00:18.107+0000] {warnings.py:112} WARNING - /home/***/.local/lib/python3.12/site-packages/***/models/baseoperator.py:1378: AirflowProviderDeprecationWarning: Call to deprecated class SimpleHttpOperator. (Class `SimpleHttpOperator` is deprecated and will be removed in a future release. Please use `HttpOperator` instead.)
  result = cls.__new__(cls)

[2024-09-22T16:00:18.107+0000] {warnings.py:112} WARNING - /home/***/.local/lib/python3.12/site-packages/***/models/baseoperator.py:1378: AirflowProviderDeprecationWarning: Call to deprecated class PostgresOperator. (Please use `***.providers.common.sql.operators.sql.SQLExecuteQueryOperator`.Also, you can provide `hook_params={'schema': <database>}`.)
  result = cls.__new__(cls)

[2024-09-22T16:00:18.115+0000] {taskinstance.py:3900} INFO - 1 downstream tasks scheduled from follow-on schedule check
[2024-09-22T16:00:18.116+0000] {local_task_job_runner.py:245} INFO - ::endgroup::
