[2024-09-22T13:13:28.250+0000] {local_task_job_runner.py:123} INFO - ::group::Pre task execution logs
[2024-09-22T13:13:28.260+0000] {taskinstance.py:2612} INFO - Dependencies all met for dep_context=non-requeueable deps ti=<TaskInstance: project.extract_user manual__2024-09-22T12:57:24.010523+00:00 [queued]>
[2024-09-22T13:13:28.264+0000] {taskinstance.py:2612} INFO - Dependencies all met for dep_context=requeueable deps ti=<TaskInstance: project.extract_user manual__2024-09-22T12:57:24.010523+00:00 [queued]>
[2024-09-22T13:13:28.264+0000] {taskinstance.py:2865} INFO - Starting attempt 2 of 2
[2024-09-22T13:13:28.269+0000] {taskinstance.py:2888} INFO - Executing <Task(SimpleHttpOperator): extract_user> on 2024-09-22 12:57:24.010523+00:00
[2024-09-22T13:13:28.272+0000] {warnings.py:112} WARNING - /home/***/.local/lib/python3.12/site-packages/***/task/task_runner/standard_task_runner.py:70: DeprecationWarning: This process (pid=5580) is multi-threaded, use of fork() may lead to deadlocks in the child.
  pid = os.fork()

[2024-09-22T13:13:28.273+0000] {standard_task_runner.py:72} INFO - Started process 5582 to run task
[2024-09-22T13:13:28.274+0000] {standard_task_runner.py:104} INFO - Running: ['***', 'tasks', 'run', 'project', 'extract_user', 'manual__2024-09-22T12:57:24.010523+00:00', '--job-id', '23', '--raw', '--subdir', 'DAGS_FOLDER/project.py', '--cfg-path', '/tmp/tmpejaly1g8']
[2024-09-22T13:13:28.274+0000] {standard_task_runner.py:105} INFO - Job 23: Subtask extract_user
[2024-09-22T13:13:28.298+0000] {task_command.py:467} INFO - Running <TaskInstance: project.extract_user manual__2024-09-22T12:57:24.010523+00:00 [running]> on host 0bbd6d2129ab
[2024-09-22T13:13:28.333+0000] {taskinstance.py:3131} INFO - Exporting env vars: AIRFLOW_CTX_DAG_OWNER='***' AIRFLOW_CTX_DAG_ID='project' AIRFLOW_CTX_TASK_ID='extract_user' AIRFLOW_CTX_EXECUTION_DATE='2024-09-22T12:57:24.010523+00:00' AIRFLOW_CTX_TRY_NUMBER='2' AIRFLOW_CTX_DAG_RUN_ID='manual__2024-09-22T12:57:24.010523+00:00'
[2024-09-22T13:13:28.334+0000] {logging_mixin.py:190} INFO - Task instance is in running state
[2024-09-22T13:13:28.334+0000] {logging_mixin.py:190} INFO -  Previous state of the Task instance: queued
[2024-09-22T13:13:28.334+0000] {logging_mixin.py:190} INFO - Current task name:extract_user state:running start_date:2024-09-22 13:13:28.260594+00:00
[2024-09-22T13:13:28.335+0000] {logging_mixin.py:190} INFO - Dag name:project and current dag run status:running
[2024-09-22T13:13:28.335+0000] {taskinstance.py:731} INFO - ::endgroup::
[2024-09-22T13:13:28.335+0000] {http.py:173} INFO - Calling HTTP method
[2024-09-22T13:13:28.339+0000] {base.py:84} INFO - Retrieving connection 'user_api'
[2024-09-22T13:13:28.342+0000] {base.py:84} INFO - Retrieving connection 'user_api'
[2024-09-22T13:13:28.525+0000] {http.py:222} INFO - {"results":[{"gender":"female","name":{"title":"Mrs","first":"Lilia","last":"Vela"},"location":{"street":{"number":3290,"name":"Eje vial Gambia"},"city":"Xalisco","state":"Baja California","country":"Mexico","postcode":50939,"coordinates":{"latitude":"29.6092","longitude":"67.4439"},"timezone":{"offset":"+3:00","description":"Baghdad, Riyadh, Moscow, St. Petersburg"}},"email":"lilia.vela@example.com","login":{"uuid":"9e8859f0-7915-468f-8d0a-26af8d93a08e","username":"purpledog474","password":"383838","salt":"MevyI9aY","md5":"376339b41ca547385cfcd8a40bd21f16","sha1":"fc6538415d1c1b03b487c3a1b76428cb7640c6e5","sha256":"2a51e22a35d40dbc689ed7e25cc76c80937f5e9ffd6f81355f20fca2715b7184"},"dob":{"date":"1980-08-09T02:11:46.812Z","age":44},"registered":{"date":"2022-03-05T04:36:38.160Z","age":2},"phone":"(686) 260 5893","cell":"(653) 951 5284","id":{"name":"NSS","value":"74 12 34 9785 0"},"picture":{"large":"https://randomuser.me/api/portraits/women/52.jpg","medium":"https://randomuser.me/api/portraits/med/women/52.jpg","thumbnail":"https://randomuser.me/api/portraits/thumb/women/52.jpg"},"nat":"MX"}],"info":{"seed":"3191682038589001","results":1,"page":1,"version":"1.4"}}
[2024-09-22T13:13:28.544+0000] {taskinstance.py:340} INFO - ::group::Post task execution logs
[2024-09-22T13:13:28.545+0000] {taskinstance.py:352} INFO - Marking task as SUCCESS. dag_id=project, task_id=extract_user, run_id=manual__2024-09-22T12:57:24.010523+00:00, execution_date=20240922T125724, start_date=20240922T131328, end_date=20240922T131328
[2024-09-22T13:13:28.550+0000] {logging_mixin.py:190} INFO - Task instance in success state
[2024-09-22T13:13:28.551+0000] {logging_mixin.py:190} INFO -  Previous state of the Task instance: running
[2024-09-22T13:13:28.551+0000] {logging_mixin.py:190} INFO - Dag name:project queued_at:2024-09-22 13:13:23.950924+00:00
[2024-09-22T13:13:28.551+0000] {logging_mixin.py:190} INFO - Task hostname:0bbd6d2129ab operator:SimpleHttpOperator
[2024-09-22T13:13:28.591+0000] {local_task_job_runner.py:266} INFO - Task exited with return code 0
[2024-09-22T13:13:28.600+0000] {warnings.py:112} WARNING - /home/***/.local/lib/python3.12/site-packages/***/models/baseoperator.py:1378: AirflowProviderDeprecationWarning: Call to deprecated class SimpleHttpOperator. (Class `SimpleHttpOperator` is deprecated and will be removed in a future release. Please use `HttpOperator` instead.)
  result = cls.__new__(cls)

[2024-09-22T13:13:28.609+0000] {taskinstance.py:3900} INFO - 1 downstream tasks scheduled from follow-on schedule check
[2024-09-22T13:13:28.613+0000] {local_task_job_runner.py:245} INFO - ::endgroup::
