[2024-09-22T14:53:36.586+0000] {local_task_job_runner.py:123} INFO - ::group::Pre task execution logs
[2024-09-22T14:53:36.595+0000] {taskinstance.py:2612} INFO - Dependencies all met for dep_context=non-requeueable deps ti=<TaskInstance: project.extract_user manual__2024-09-22T12:57:24.010523+00:00 [queued]>
[2024-09-22T14:53:36.599+0000] {taskinstance.py:2612} INFO - Dependencies all met for dep_context=requeueable deps ti=<TaskInstance: project.extract_user manual__2024-09-22T12:57:24.010523+00:00 [queued]>
[2024-09-22T14:53:36.599+0000] {taskinstance.py:2865} INFO - Starting attempt 8 of 8
[2024-09-22T14:53:36.605+0000] {taskinstance.py:2888} INFO - Executing <Task(SimpleHttpOperator): extract_user> on 2024-09-22 12:57:24.010523+00:00
[2024-09-22T14:53:36.608+0000] {warnings.py:112} WARNING - /home/***/.local/lib/python3.12/site-packages/***/task/task_runner/standard_task_runner.py:70: DeprecationWarning: This process (pid=6988) is multi-threaded, use of fork() may lead to deadlocks in the child.
  pid = os.fork()

[2024-09-22T14:53:36.609+0000] {standard_task_runner.py:72} INFO - Started process 6990 to run task
[2024-09-22T14:53:36.609+0000] {standard_task_runner.py:104} INFO - Running: ['***', 'tasks', 'run', 'project', 'extract_user', 'manual__2024-09-22T12:57:24.010523+00:00', '--job-id', '41', '--raw', '--subdir', 'DAGS_FOLDER/project.py', '--cfg-path', '/tmp/tmp3ffjf_7c']
[2024-09-22T14:53:36.610+0000] {standard_task_runner.py:105} INFO - Job 41: Subtask extract_user
[2024-09-22T14:53:36.631+0000] {task_command.py:467} INFO - Running <TaskInstance: project.extract_user manual__2024-09-22T12:57:24.010523+00:00 [running]> on host 0bbd6d2129ab
[2024-09-22T14:53:36.663+0000] {taskinstance.py:3131} INFO - Exporting env vars: AIRFLOW_CTX_DAG_OWNER='***' AIRFLOW_CTX_DAG_ID='project' AIRFLOW_CTX_TASK_ID='extract_user' AIRFLOW_CTX_EXECUTION_DATE='2024-09-22T12:57:24.010523+00:00' AIRFLOW_CTX_TRY_NUMBER='8' AIRFLOW_CTX_DAG_RUN_ID='manual__2024-09-22T12:57:24.010523+00:00'
[2024-09-22T14:53:36.664+0000] {logging_mixin.py:190} INFO - Task instance is in running state
[2024-09-22T14:53:36.664+0000] {logging_mixin.py:190} INFO -  Previous state of the Task instance: queued
[2024-09-22T14:53:36.664+0000] {logging_mixin.py:190} INFO - Current task name:extract_user state:running start_date:2024-09-22 14:53:36.596016+00:00
[2024-09-22T14:53:36.665+0000] {logging_mixin.py:190} INFO - Dag name:project and current dag run status:running
[2024-09-22T14:53:36.665+0000] {taskinstance.py:731} INFO - ::endgroup::
[2024-09-22T14:53:36.665+0000] {http.py:173} INFO - Calling HTTP method
[2024-09-22T14:53:36.669+0000] {base.py:84} INFO - Retrieving connection 'user_api'
[2024-09-22T14:53:36.672+0000] {base.py:84} INFO - Retrieving connection 'user_api'
[2024-09-22T14:53:36.851+0000] {http.py:222} INFO - {"results":[{"gender":"female","name":{"title":"Miss","first":"Justine","last":"Lavoie"},"location":{"street":{"number":502,"name":"West Ave"},"city":"Minto","state":"Newfoundland and Labrador","country":"Canada","postcode":"G4I 5U1","coordinates":{"latitude":"-70.2500","longitude":"156.1873"},"timezone":{"offset":"+4:30","description":"Kabul"}},"email":"justine.lavoie@example.com","login":{"uuid":"a81a0f94-da6e-4ba8-ba38-98f9500e0286","username":"lazymeercat605","password":"command","salt":"Qy6UNGEP","md5":"d2ccab67df357b3ef2df023da6e15003","sha1":"b49789126e9e81182492e083b5de7c98b574901f","sha256":"a8b930c8767564d4d2b3fdaea928aa5f5224309bd443bc96c14e5b5a6ec4a467"},"dob":{"date":"2001-04-17T16:17:32.500Z","age":23},"registered":{"date":"2014-03-18T17:47:29.354Z","age":10},"phone":"A09 A15-3794","cell":"L72 H26-0051","id":{"name":"SIN","value":"398192120"},"picture":{"large":"https://randomuser.me/api/portraits/women/36.jpg","medium":"https://randomuser.me/api/portraits/med/women/36.jpg","thumbnail":"https://randomuser.me/api/portraits/thumb/women/36.jpg"},"nat":"CA"}],"info":{"seed":"45aa5b29ff937d70","results":1,"page":1,"version":"1.4"}}
[2024-09-22T14:53:36.869+0000] {taskinstance.py:340} INFO - ::group::Post task execution logs
[2024-09-22T14:53:36.870+0000] {taskinstance.py:352} INFO - Marking task as SUCCESS. dag_id=project, task_id=extract_user, run_id=manual__2024-09-22T12:57:24.010523+00:00, execution_date=20240922T125724, start_date=20240922T145336, end_date=20240922T145336
[2024-09-22T14:53:36.878+0000] {logging_mixin.py:190} INFO - Task instance in success state
[2024-09-22T14:53:36.878+0000] {logging_mixin.py:190} INFO -  Previous state of the Task instance: running
[2024-09-22T14:53:36.878+0000] {logging_mixin.py:190} INFO - Dag name:project queued_at:2024-09-22 14:53:33.949013+00:00
[2024-09-22T14:53:36.879+0000] {logging_mixin.py:190} INFO - Task hostname:0bbd6d2129ab operator:SimpleHttpOperator
[2024-09-22T14:53:36.926+0000] {local_task_job_runner.py:266} INFO - Task exited with return code 0
[2024-09-22T14:53:36.936+0000] {warnings.py:112} WARNING - /home/***/.local/lib/python3.12/site-packages/***/models/baseoperator.py:1378: AirflowProviderDeprecationWarning: Call to deprecated class SimpleHttpOperator. (Class `SimpleHttpOperator` is deprecated and will be removed in a future release. Please use `HttpOperator` instead.)
  result = cls.__new__(cls)

[2024-09-22T14:53:36.947+0000] {taskinstance.py:3900} INFO - 1 downstream tasks scheduled from follow-on schedule check
[2024-09-22T14:53:36.948+0000] {local_task_job_runner.py:245} INFO - ::endgroup::
