[2024-09-22T13:39:30.854+0000] {local_task_job_runner.py:123} INFO - ::group::Pre task execution logs
[2024-09-22T13:39:30.864+0000] {taskinstance.py:2612} INFO - Dependencies all met for dep_context=non-requeueable deps ti=<TaskInstance: project.extract_user manual__2024-09-22T12:57:24.010523+00:00 [queued]>
[2024-09-22T13:39:30.868+0000] {taskinstance.py:2612} INFO - Dependencies all met for dep_context=requeueable deps ti=<TaskInstance: project.extract_user manual__2024-09-22T12:57:24.010523+00:00 [queued]>
[2024-09-22T13:39:30.869+0000] {taskinstance.py:2865} INFO - Starting attempt 6 of 6
[2024-09-22T13:39:30.874+0000] {taskinstance.py:2888} INFO - Executing <Task(SimpleHttpOperator): extract_user> on 2024-09-22 12:57:24.010523+00:00
[2024-09-22T13:39:30.878+0000] {warnings.py:112} WARNING - /home/***/.local/lib/python3.12/site-packages/***/task/task_runner/standard_task_runner.py:70: DeprecationWarning: This process (pid=5986) is multi-threaded, use of fork() may lead to deadlocks in the child.
  pid = os.fork()

[2024-09-22T13:39:30.880+0000] {standard_task_runner.py:72} INFO - Started process 5988 to run task
[2024-09-22T13:39:30.880+0000] {standard_task_runner.py:104} INFO - Running: ['***', 'tasks', 'run', 'project', 'extract_user', 'manual__2024-09-22T12:57:24.010523+00:00', '--job-id', '35', '--raw', '--subdir', 'DAGS_FOLDER/project.py', '--cfg-path', '/tmp/tmpzi7uc3_i']
[2024-09-22T13:39:30.880+0000] {standard_task_runner.py:105} INFO - Job 35: Subtask extract_user
[2024-09-22T13:39:30.913+0000] {task_command.py:467} INFO - Running <TaskInstance: project.extract_user manual__2024-09-22T12:57:24.010523+00:00 [running]> on host 0bbd6d2129ab
[2024-09-22T13:39:30.952+0000] {taskinstance.py:3131} INFO - Exporting env vars: AIRFLOW_CTX_DAG_OWNER='***' AIRFLOW_CTX_DAG_ID='project' AIRFLOW_CTX_TASK_ID='extract_user' AIRFLOW_CTX_EXECUTION_DATE='2024-09-22T12:57:24.010523+00:00' AIRFLOW_CTX_TRY_NUMBER='6' AIRFLOW_CTX_DAG_RUN_ID='manual__2024-09-22T12:57:24.010523+00:00'
[2024-09-22T13:39:30.953+0000] {logging_mixin.py:190} INFO - Task instance is in running state
[2024-09-22T13:39:30.953+0000] {logging_mixin.py:190} INFO -  Previous state of the Task instance: queued
[2024-09-22T13:39:30.954+0000] {logging_mixin.py:190} INFO - Current task name:extract_user state:running start_date:2024-09-22 13:39:30.865168+00:00
[2024-09-22T13:39:30.954+0000] {logging_mixin.py:190} INFO - Dag name:project and current dag run status:running
[2024-09-22T13:39:30.954+0000] {taskinstance.py:731} INFO - ::endgroup::
[2024-09-22T13:39:30.954+0000] {http.py:173} INFO - Calling HTTP method
[2024-09-22T13:39:30.958+0000] {base.py:84} INFO - Retrieving connection 'user_api'
[2024-09-22T13:39:30.962+0000] {base.py:84} INFO - Retrieving connection 'user_api'
[2024-09-22T13:39:31.170+0000] {http.py:222} INFO - {"results":[{"gender":"male","name":{"title":"Mr","first":"Lauri","last":"Lehtonen"},"location":{"street":{"number":646,"name":"Mechelininkatu"},"city":"Savonlinna","state":"Kainuu","country":"Finland","postcode":52970,"coordinates":{"latitude":"-29.6629","longitude":"-11.6712"},"timezone":{"offset":"-3:30","description":"Newfoundland"}},"email":"lauri.lehtonen@example.com","login":{"uuid":"78516c27-dece-407c-ae6e-4537f28ffc5a","username":"happytiger329","password":"texas","salt":"36U5aEV6","md5":"18b09d8f42082d45c0d0484b3b4f1aab","sha1":"b6ba739a770a9b292524c722c83ce77b48125ae9","sha256":"a449b5030ec13c4346813e21345ace4c1f98f001f6c9c875dc473994431ddff0"},"dob":{"date":"1962-12-14T05:21:44.185Z","age":61},"registered":{"date":"2006-03-23T16:48:59.608Z","age":18},"phone":"09-159-983","cell":"046-121-07-26","id":{"name":"HETU","value":"NaNNA055undefined"},"picture":{"large":"https://randomuser.me/api/portraits/men/48.jpg","medium":"https://randomuser.me/api/portraits/med/men/48.jpg","thumbnail":"https://randomuser.me/api/portraits/thumb/men/48.jpg"},"nat":"FI"}],"info":{"seed":"b15cbbe2657e2984","results":1,"page":1,"version":"1.4"}}
[2024-09-22T13:39:31.186+0000] {taskinstance.py:340} INFO - ::group::Post task execution logs
[2024-09-22T13:39:31.186+0000] {taskinstance.py:352} INFO - Marking task as SUCCESS. dag_id=project, task_id=extract_user, run_id=manual__2024-09-22T12:57:24.010523+00:00, execution_date=20240922T125724, start_date=20240922T133930, end_date=20240922T133931
[2024-09-22T13:39:31.192+0000] {logging_mixin.py:190} INFO - Task instance in success state
[2024-09-22T13:39:31.193+0000] {logging_mixin.py:190} INFO -  Previous state of the Task instance: running
[2024-09-22T13:39:31.193+0000] {logging_mixin.py:190} INFO - Dag name:project queued_at:2024-09-22 13:39:28.058800+00:00
[2024-09-22T13:39:31.193+0000] {logging_mixin.py:190} INFO - Task hostname:0bbd6d2129ab operator:SimpleHttpOperator
[2024-09-22T13:39:31.233+0000] {local_task_job_runner.py:266} INFO - Task exited with return code 0
[2024-09-22T13:39:31.241+0000] {warnings.py:112} WARNING - /home/***/.local/lib/python3.12/site-packages/***/models/baseoperator.py:1378: AirflowProviderDeprecationWarning: Call to deprecated class SimpleHttpOperator. (Class `SimpleHttpOperator` is deprecated and will be removed in a future release. Please use `HttpOperator` instead.)
  result = cls.__new__(cls)

[2024-09-22T13:39:31.249+0000] {taskinstance.py:3900} INFO - 1 downstream tasks scheduled from follow-on schedule check
[2024-09-22T13:39:31.251+0000] {local_task_job_runner.py:245} INFO - ::endgroup::
