[2024-09-22T15:00:29.835+0000] {local_task_job_runner.py:123} INFO - ::group::Pre task execution logs
[2024-09-22T15:00:29.849+0000] {taskinstance.py:2612} INFO - Dependencies all met for dep_context=non-requeueable deps ti=<TaskInstance: project.extract_user manual__2024-09-22T12:57:24.010523+00:00 [queued]>
[2024-09-22T15:00:29.855+0000] {taskinstance.py:2612} INFO - Dependencies all met for dep_context=requeueable deps ti=<TaskInstance: project.extract_user manual__2024-09-22T12:57:24.010523+00:00 [queued]>
[2024-09-22T15:00:29.855+0000] {taskinstance.py:2865} INFO - Starting attempt 9 of 9
[2024-09-22T15:00:29.863+0000] {taskinstance.py:2888} INFO - Executing <Task(SimpleHttpOperator): extract_user> on 2024-09-22 12:57:24.010523+00:00
[2024-09-22T15:00:29.868+0000] {warnings.py:112} WARNING - /home/***/.local/lib/python3.12/site-packages/***/task/task_runner/standard_task_runner.py:70: DeprecationWarning: This process (pid=7100) is multi-threaded, use of fork() may lead to deadlocks in the child.
  pid = os.fork()

[2024-09-22T15:00:29.869+0000] {standard_task_runner.py:104} INFO - Running: ['***', 'tasks', 'run', 'project', 'extract_user', 'manual__2024-09-22T12:57:24.010523+00:00', '--job-id', '44', '--raw', '--subdir', 'DAGS_FOLDER/user_processing.py', '--cfg-path', '/tmp/tmpg8_mc7tf']
[2024-09-22T15:00:29.870+0000] {standard_task_runner.py:72} INFO - Started process 7102 to run task
[2024-09-22T15:00:29.870+0000] {standard_task_runner.py:105} INFO - Job 44: Subtask extract_user
[2024-09-22T15:00:29.895+0000] {task_command.py:467} INFO - Running <TaskInstance: project.extract_user manual__2024-09-22T12:57:24.010523+00:00 [running]> on host 0bbd6d2129ab
[2024-09-22T15:00:29.930+0000] {taskinstance.py:3131} INFO - Exporting env vars: AIRFLOW_CTX_DAG_OWNER='***' AIRFLOW_CTX_DAG_ID='project' AIRFLOW_CTX_TASK_ID='extract_user' AIRFLOW_CTX_EXECUTION_DATE='2024-09-22T12:57:24.010523+00:00' AIRFLOW_CTX_TRY_NUMBER='9' AIRFLOW_CTX_DAG_RUN_ID='manual__2024-09-22T12:57:24.010523+00:00'
[2024-09-22T15:00:29.931+0000] {logging_mixin.py:190} INFO - Task instance is in running state
[2024-09-22T15:00:29.931+0000] {logging_mixin.py:190} INFO -  Previous state of the Task instance: queued
[2024-09-22T15:00:29.931+0000] {logging_mixin.py:190} INFO - Current task name:extract_user state:running start_date:2024-09-22 15:00:29.849455+00:00
[2024-09-22T15:00:29.931+0000] {logging_mixin.py:190} INFO - Dag name:project and current dag run status:running
[2024-09-22T15:00:29.931+0000] {taskinstance.py:731} INFO - ::endgroup::
[2024-09-22T15:00:29.931+0000] {http.py:173} INFO - Calling HTTP method
[2024-09-22T15:00:29.935+0000] {base.py:84} INFO - Retrieving connection 'user_api'
[2024-09-22T15:00:29.939+0000] {base.py:84} INFO - Retrieving connection 'user_api'
[2024-09-22T15:00:30.110+0000] {http.py:222} INFO - {"results":[{"gender":"male","name":{"title":"Mr","first":"Onur","last":"Bademci"},"location":{"street":{"number":133,"name":"Filistin Cd"},"city":"Çorum","state":"Giresun","country":"Turkey","postcode":79089,"coordinates":{"latitude":"69.9711","longitude":"-82.7288"},"timezone":{"offset":"+5:30","description":"Bombay, Calcutta, Madras, New Delhi"}},"email":"onur.bademci@example.com","login":{"uuid":"d2b0935c-56d0-4f43-bc34-d29ef9b2f288","username":"blueelephant856","password":"sandwich","salt":"vAYb0tp8","md5":"0e96d1574851de94d4f4990c5231fb39","sha1":"d7287d57b6d9694313cec41cd8ec43796294fdc5","sha256":"73eb8b02110ef0ceb54e85d28596c98909d658604c64a20575f9055be813884f"},"dob":{"date":"1954-02-20T18:25:56.680Z","age":70},"registered":{"date":"2014-03-16T23:28:25.891Z","age":10},"phone":"(957)-191-5572","cell":"(280)-026-7538","id":{"name":"","value":null},"picture":{"large":"https://randomuser.me/api/portraits/men/88.jpg","medium":"https://randomuser.me/api/portraits/med/men/88.jpg","thumbnail":"https://randomuser.me/api/portraits/thumb/men/88.jpg"},"nat":"TR"}],"info":{"seed":"6b5164a0270b085f","results":1,"page":1,"version":"1.4"}}
[2024-09-22T15:00:30.127+0000] {taskinstance.py:340} INFO - ::group::Post task execution logs
[2024-09-22T15:00:30.127+0000] {taskinstance.py:352} INFO - Marking task as SUCCESS. dag_id=project, task_id=extract_user, run_id=manual__2024-09-22T12:57:24.010523+00:00, execution_date=20240922T125724, start_date=20240922T150029, end_date=20240922T150030
[2024-09-22T15:00:30.135+0000] {logging_mixin.py:190} INFO - Task instance in success state
[2024-09-22T15:00:30.135+0000] {logging_mixin.py:190} INFO -  Previous state of the Task instance: running
[2024-09-22T15:00:30.135+0000] {logging_mixin.py:190} INFO - Dag name:project queued_at:2024-09-22 15:00:26.434000+00:00
[2024-09-22T15:00:30.135+0000] {logging_mixin.py:190} INFO - Task hostname:0bbd6d2129ab operator:SimpleHttpOperator
[2024-09-22T15:00:30.184+0000] {local_task_job_runner.py:266} INFO - Task exited with return code 0
[2024-09-22T15:00:30.194+0000] {warnings.py:112} WARNING - /home/***/.local/lib/python3.12/site-packages/***/models/baseoperator.py:1378: AirflowProviderDeprecationWarning: Call to deprecated class SimpleHttpOperator. (Class `SimpleHttpOperator` is deprecated and will be removed in a future release. Please use `HttpOperator` instead.)
  result = cls.__new__(cls)

[2024-09-22T15:00:30.204+0000] {taskinstance.py:3900} INFO - 1 downstream tasks scheduled from follow-on schedule check
[2024-09-22T15:00:30.206+0000] {local_task_job_runner.py:245} INFO - ::endgroup::
