[2024-09-22T14:31:10.789+0000] {local_task_job_runner.py:123} INFO - ::group::Pre task execution logs
[2024-09-22T14:31:10.800+0000] {taskinstance.py:2612} INFO - Dependencies all met for dep_context=non-requeueable deps ti=<TaskInstance: project.extract_user manual__2024-09-22T12:57:24.010523+00:00 [queued]>
[2024-09-22T14:31:10.804+0000] {taskinstance.py:2612} INFO - Dependencies all met for dep_context=requeueable deps ti=<TaskInstance: project.extract_user manual__2024-09-22T12:57:24.010523+00:00 [queued]>
[2024-09-22T14:31:10.805+0000] {taskinstance.py:2865} INFO - Starting attempt 7 of 7
[2024-09-22T14:31:10.810+0000] {taskinstance.py:2888} INFO - Executing <Task(SimpleHttpOperator): extract_user> on 2024-09-22 12:57:24.010523+00:00
[2024-09-22T14:31:10.814+0000] {warnings.py:112} WARNING - /home/***/.local/lib/python3.12/site-packages/***/task/task_runner/standard_task_runner.py:70: DeprecationWarning: This process (pid=6679) is multi-threaded, use of fork() may lead to deadlocks in the child.
  pid = os.fork()

[2024-09-22T14:31:10.815+0000] {standard_task_runner.py:72} INFO - Started process 6681 to run task
[2024-09-22T14:31:10.816+0000] {standard_task_runner.py:104} INFO - Running: ['***', 'tasks', 'run', 'project', 'extract_user', 'manual__2024-09-22T12:57:24.010523+00:00', '--job-id', '38', '--raw', '--subdir', 'DAGS_FOLDER/project.py', '--cfg-path', '/tmp/tmpk_r_vhkz']
[2024-09-22T14:31:10.816+0000] {standard_task_runner.py:105} INFO - Job 38: Subtask extract_user
[2024-09-22T14:31:10.840+0000] {task_command.py:467} INFO - Running <TaskInstance: project.extract_user manual__2024-09-22T12:57:24.010523+00:00 [running]> on host 0bbd6d2129ab
[2024-09-22T14:31:10.878+0000] {taskinstance.py:3131} INFO - Exporting env vars: AIRFLOW_CTX_DAG_OWNER='***' AIRFLOW_CTX_DAG_ID='project' AIRFLOW_CTX_TASK_ID='extract_user' AIRFLOW_CTX_EXECUTION_DATE='2024-09-22T12:57:24.010523+00:00' AIRFLOW_CTX_TRY_NUMBER='7' AIRFLOW_CTX_DAG_RUN_ID='manual__2024-09-22T12:57:24.010523+00:00'
[2024-09-22T14:31:10.879+0000] {logging_mixin.py:190} INFO - Task instance is in running state
[2024-09-22T14:31:10.879+0000] {logging_mixin.py:190} INFO -  Previous state of the Task instance: queued
[2024-09-22T14:31:10.880+0000] {logging_mixin.py:190} INFO - Current task name:extract_user state:running start_date:2024-09-22 14:31:10.800846+00:00
[2024-09-22T14:31:10.880+0000] {logging_mixin.py:190} INFO - Dag name:project and current dag run status:running
[2024-09-22T14:31:10.880+0000] {taskinstance.py:731} INFO - ::endgroup::
[2024-09-22T14:31:10.880+0000] {http.py:173} INFO - Calling HTTP method
[2024-09-22T14:31:10.884+0000] {base.py:84} INFO - Retrieving connection 'user_api'
[2024-09-22T14:31:10.888+0000] {base.py:84} INFO - Retrieving connection 'user_api'
[2024-09-22T14:31:11.310+0000] {http.py:222} INFO - {"results":[{"gender":"female","name":{"title":"Mrs","first":"Juliette","last":"Slawa"},"location":{"street":{"number":2421,"name":"West Ave"},"city":"Borden","state":"Québec","country":"Canada","postcode":"H9S 0H7","coordinates":{"latitude":"-71.3303","longitude":"4.8805"},"timezone":{"offset":"+7:00","description":"Bangkok, Hanoi, Jakarta"}},"email":"juliette.slawa@example.com","login":{"uuid":"9d7d3f1d-cfb0-4ff0-89a3-e25b25199aad","username":"bluetiger218","password":"mustang6","salt":"0Uc79aHK","md5":"1eb6b5ee6d11220559959471b3ad314f","sha1":"38ef99548f28b7de70b4d850d4e0a2a9f5ba5ddc","sha256":"d27cc535af1496eb9841a9ce448772a582c3474993e5ed9348eeac39533de06e"},"dob":{"date":"1964-04-27T22:21:51.816Z","age":60},"registered":{"date":"2016-09-09T06:55:16.580Z","age":8},"phone":"I16 O66-8567","cell":"D37 M64-7232","id":{"name":"SIN","value":"467967147"},"picture":{"large":"https://randomuser.me/api/portraits/women/17.jpg","medium":"https://randomuser.me/api/portraits/med/women/17.jpg","thumbnail":"https://randomuser.me/api/portraits/thumb/women/17.jpg"},"nat":"CA"}],"info":{"seed":"3435b69e51d6bf7a","results":1,"page":1,"version":"1.4"}}
[2024-09-22T14:31:11.329+0000] {taskinstance.py:340} INFO - ::group::Post task execution logs
[2024-09-22T14:31:11.330+0000] {taskinstance.py:352} INFO - Marking task as SUCCESS. dag_id=project, task_id=extract_user, run_id=manual__2024-09-22T12:57:24.010523+00:00, execution_date=20240922T125724, start_date=20240922T143110, end_date=20240922T143111
[2024-09-22T14:31:11.357+0000] {logging_mixin.py:190} INFO - Task instance in success state
[2024-09-22T14:31:11.357+0000] {logging_mixin.py:190} INFO -  Previous state of the Task instance: running
[2024-09-22T14:31:11.357+0000] {logging_mixin.py:190} INFO - Dag name:project queued_at:2024-09-22 14:31:07.005386+00:00
[2024-09-22T14:31:11.357+0000] {logging_mixin.py:190} INFO - Task hostname:0bbd6d2129ab operator:SimpleHttpOperator
[2024-09-22T14:31:11.375+0000] {local_task_job_runner.py:266} INFO - Task exited with return code 0
[2024-09-22T14:31:11.392+0000] {warnings.py:112} WARNING - /home/***/.local/lib/python3.12/site-packages/***/models/baseoperator.py:1378: AirflowProviderDeprecationWarning: Call to deprecated class SimpleHttpOperator. (Class `SimpleHttpOperator` is deprecated and will be removed in a future release. Please use `HttpOperator` instead.)
  result = cls.__new__(cls)

[2024-09-22T14:31:11.401+0000] {taskinstance.py:3900} INFO - 1 downstream tasks scheduled from follow-on schedule check
[2024-09-22T14:31:11.401+0000] {local_task_job_runner.py:245} INFO - ::endgroup::
