[2024-09-22T13:33:43.593+0000] {local_task_job_runner.py:123} INFO - ::group::Pre task execution logs
[2024-09-22T13:33:43.604+0000] {taskinstance.py:2612} INFO - Dependencies all met for dep_context=non-requeueable deps ti=<TaskInstance: project.extract_user manual__2024-09-22T12:57:24.010523+00:00 [queued]>
[2024-09-22T13:33:43.609+0000] {taskinstance.py:2612} INFO - Dependencies all met for dep_context=requeueable deps ti=<TaskInstance: project.extract_user manual__2024-09-22T12:57:24.010523+00:00 [queued]>
[2024-09-22T13:33:43.609+0000] {taskinstance.py:2865} INFO - Starting attempt 5 of 5
[2024-09-22T13:33:43.615+0000] {taskinstance.py:2888} INFO - Executing <Task(SimpleHttpOperator): extract_user> on 2024-09-22 12:57:24.010523+00:00
[2024-09-22T13:33:43.619+0000] {warnings.py:112} WARNING - /home/***/.local/lib/python3.12/site-packages/***/task/task_runner/standard_task_runner.py:70: DeprecationWarning: This process (pid=5897) is multi-threaded, use of fork() may lead to deadlocks in the child.
  pid = os.fork()

[2024-09-22T13:33:43.620+0000] {standard_task_runner.py:72} INFO - Started process 5899 to run task
[2024-09-22T13:33:43.622+0000] {standard_task_runner.py:104} INFO - Running: ['***', 'tasks', 'run', 'project', 'extract_user', 'manual__2024-09-22T12:57:24.010523+00:00', '--job-id', '32', '--raw', '--subdir', 'DAGS_FOLDER/project.py', '--cfg-path', '/tmp/tmphwj7a91c']
[2024-09-22T13:33:43.623+0000] {standard_task_runner.py:105} INFO - Job 32: Subtask extract_user
[2024-09-22T13:33:43.648+0000] {task_command.py:467} INFO - Running <TaskInstance: project.extract_user manual__2024-09-22T12:57:24.010523+00:00 [running]> on host 0bbd6d2129ab
[2024-09-22T13:33:43.690+0000] {taskinstance.py:3131} INFO - Exporting env vars: AIRFLOW_CTX_DAG_OWNER='***' AIRFLOW_CTX_DAG_ID='project' AIRFLOW_CTX_TASK_ID='extract_user' AIRFLOW_CTX_EXECUTION_DATE='2024-09-22T12:57:24.010523+00:00' AIRFLOW_CTX_TRY_NUMBER='5' AIRFLOW_CTX_DAG_RUN_ID='manual__2024-09-22T12:57:24.010523+00:00'
[2024-09-22T13:33:43.691+0000] {logging_mixin.py:190} INFO - Task instance is in running state
[2024-09-22T13:33:43.692+0000] {logging_mixin.py:190} INFO -  Previous state of the Task instance: queued
[2024-09-22T13:33:43.692+0000] {logging_mixin.py:190} INFO - Current task name:extract_user state:running start_date:2024-09-22 13:33:43.605092+00:00
[2024-09-22T13:33:43.692+0000] {logging_mixin.py:190} INFO - Dag name:project and current dag run status:running
[2024-09-22T13:33:43.692+0000] {taskinstance.py:731} INFO - ::endgroup::
[2024-09-22T13:33:43.692+0000] {http.py:173} INFO - Calling HTTP method
[2024-09-22T13:33:43.697+0000] {base.py:84} INFO - Retrieving connection 'user_api'
[2024-09-22T13:33:43.702+0000] {base.py:84} INFO - Retrieving connection 'user_api'
[2024-09-22T13:33:43.899+0000] {http.py:222} INFO - {"results":[{"gender":"male","name":{"title":"Mr","first":"Joseph","last":"Payne"},"location":{"street":{"number":8175,"name":"Tara Street"},"city":"Malahide","state":"Wexford","country":"Ireland","postcode":19184,"coordinates":{"latitude":"3.6477","longitude":"-158.1787"},"timezone":{"offset":"-11:00","description":"Midway Island, Samoa"}},"email":"joseph.payne@example.com","login":{"uuid":"8b0dd9f1-c0b0-4155-8106-90c98b5a88df","username":"angrykoala650","password":"beach","salt":"XaRdfwtG","md5":"96741fb72e3eb1c140d59e380e7b0d96","sha1":"882bf393ebfbb41887fe22969076a11379a8119d","sha256":"825e985a4e8a267524aab1f606a0662d55b206adaf780983fe70c292c44c3b50"},"dob":{"date":"1945-08-24T23:39:48.812Z","age":79},"registered":{"date":"2018-01-06T23:45:38.730Z","age":6},"phone":"041-736-5589","cell":"081-179-3453","id":{"name":"PPS","value":"9892373T"},"picture":{"large":"https://randomuser.me/api/portraits/men/62.jpg","medium":"https://randomuser.me/api/portraits/med/men/62.jpg","thumbnail":"https://randomuser.me/api/portraits/thumb/men/62.jpg"},"nat":"IE"}],"info":{"seed":"f071fd2ed44dfb2b","results":1,"page":1,"version":"1.4"}}
[2024-09-22T13:33:43.913+0000] {taskinstance.py:340} INFO - ::group::Post task execution logs
[2024-09-22T13:33:43.914+0000] {taskinstance.py:352} INFO - Marking task as SUCCESS. dag_id=project, task_id=extract_user, run_id=manual__2024-09-22T12:57:24.010523+00:00, execution_date=20240922T125724, start_date=20240922T133343, end_date=20240922T133343
[2024-09-22T13:33:43.919+0000] {logging_mixin.py:190} INFO - Task instance in success state
[2024-09-22T13:33:43.919+0000] {logging_mixin.py:190} INFO -  Previous state of the Task instance: running
[2024-09-22T13:33:43.919+0000] {logging_mixin.py:190} INFO - Dag name:project queued_at:2024-09-22 13:33:40.899381+00:00
[2024-09-22T13:33:43.920+0000] {logging_mixin.py:190} INFO - Task hostname:0bbd6d2129ab operator:SimpleHttpOperator
[2024-09-22T13:33:43.927+0000] {local_task_job_runner.py:266} INFO - Task exited with return code 0
[2024-09-22T13:33:43.934+0000] {warnings.py:112} WARNING - /home/***/.local/lib/python3.12/site-packages/***/models/baseoperator.py:1378: AirflowProviderDeprecationWarning: Call to deprecated class SimpleHttpOperator. (Class `SimpleHttpOperator` is deprecated and will be removed in a future release. Please use `HttpOperator` instead.)
  result = cls.__new__(cls)

[2024-09-22T13:33:43.943+0000] {taskinstance.py:3900} INFO - 1 downstream tasks scheduled from follow-on schedule check
[2024-09-22T13:33:43.946+0000] {local_task_job_runner.py:245} INFO - ::endgroup::
