[2024-09-22T15:42:02.634+0000] {local_task_job_runner.py:123} INFO - ::group::Pre task execution logs
[2024-09-22T15:42:02.646+0000] {taskinstance.py:2612} INFO - Dependencies all met for dep_context=non-requeueable deps ti=<TaskInstance: project.extract_user manual__2024-09-22T12:57:24.010523+00:00 [queued]>
[2024-09-22T15:42:02.653+0000] {taskinstance.py:2612} INFO - Dependencies all met for dep_context=requeueable deps ti=<TaskInstance: project.extract_user manual__2024-09-22T12:57:24.010523+00:00 [queued]>
[2024-09-22T15:42:02.654+0000] {taskinstance.py:2865} INFO - Starting attempt 10 of 10
[2024-09-22T15:42:02.661+0000] {taskinstance.py:2888} INFO - Executing <Task(SimpleHttpOperator): extract_user> on 2024-09-22 12:57:24.010523+00:00
[2024-09-22T15:42:02.664+0000] {warnings.py:112} WARNING - /home/***/.local/lib/python3.12/site-packages/***/task/task_runner/standard_task_runner.py:70: DeprecationWarning: This process (pid=7668) is multi-threaded, use of fork() may lead to deadlocks in the child.
  pid = os.fork()

[2024-09-22T15:42:02.665+0000] {standard_task_runner.py:72} INFO - Started process 7672 to run task
[2024-09-22T15:42:02.666+0000] {standard_task_runner.py:104} INFO - Running: ['***', 'tasks', 'run', 'project', 'extract_user', 'manual__2024-09-22T12:57:24.010523+00:00', '--job-id', '47', '--raw', '--subdir', 'DAGS_FOLDER/project.py', '--cfg-path', '/tmp/tmp6nt2ifie']
[2024-09-22T15:42:02.667+0000] {standard_task_runner.py:105} INFO - Job 47: Subtask extract_user
[2024-09-22T15:42:02.691+0000] {task_command.py:467} INFO - Running <TaskInstance: project.extract_user manual__2024-09-22T12:57:24.010523+00:00 [running]> on host 0bbd6d2129ab
[2024-09-22T15:42:02.735+0000] {taskinstance.py:3131} INFO - Exporting env vars: AIRFLOW_CTX_DAG_OWNER='***' AIRFLOW_CTX_DAG_ID='project' AIRFLOW_CTX_TASK_ID='extract_user' AIRFLOW_CTX_EXECUTION_DATE='2024-09-22T12:57:24.010523+00:00' AIRFLOW_CTX_TRY_NUMBER='10' AIRFLOW_CTX_DAG_RUN_ID='manual__2024-09-22T12:57:24.010523+00:00'
[2024-09-22T15:42:02.735+0000] {logging_mixin.py:190} INFO - Task instance is in running state
[2024-09-22T15:42:02.736+0000] {logging_mixin.py:190} INFO -  Previous state of the Task instance: queued
[2024-09-22T15:42:02.736+0000] {logging_mixin.py:190} INFO - Current task name:extract_user state:running start_date:2024-09-22 15:42:02.647214+00:00
[2024-09-22T15:42:02.736+0000] {logging_mixin.py:190} INFO - Dag name:project and current dag run status:running
[2024-09-22T15:42:02.736+0000] {taskinstance.py:731} INFO - ::endgroup::
[2024-09-22T15:42:02.736+0000] {http.py:173} INFO - Calling HTTP method
[2024-09-22T15:42:02.741+0000] {base.py:84} INFO - Retrieving connection 'user_api'
[2024-09-22T15:42:02.745+0000] {base.py:84} INFO - Retrieving connection 'user_api'
[2024-09-22T15:42:03.116+0000] {http.py:222} INFO - {"results":[{"gender":"male","name":{"title":"Mr","first":"Ken","last":"Little"},"location":{"street":{"number":9700,"name":"Railroad St"},"city":"Cairns","state":"Western Australia","country":"Australia","postcode":6767,"coordinates":{"latitude":"-89.5836","longitude":"-54.7432"},"timezone":{"offset":"+9:00","description":"Tokyo, Seoul, Osaka, Sapporo, Yakutsk"}},"email":"ken.little@example.com","login":{"uuid":"98dfa4ff-2633-4273-9628-b7390bdc1a79","username":"blacklion761","password":"glacier","salt":"ixnmjBm1","md5":"fdc94f26763729767932d6f4b24cee02","sha1":"5ec61306e5ded11ad6c77568b687a69f2f700f4a","sha256":"088c9c88633d3647328b4c2b056eb3384695a89a074b7ae7335916897ae44e86"},"dob":{"date":"1972-09-11T05:45:14.379Z","age":52},"registered":{"date":"2006-11-10T13:30:13.714Z","age":17},"phone":"00-6870-6454","cell":"0470-475-550","id":{"name":"TFN","value":"772862401"},"picture":{"large":"https://randomuser.me/api/portraits/men/61.jpg","medium":"https://randomuser.me/api/portraits/med/men/61.jpg","thumbnail":"https://randomuser.me/api/portraits/thumb/men/61.jpg"},"nat":"AU"}],"info":{"seed":"2747454ad00525ef","results":1,"page":1,"version":"1.4"}}
[2024-09-22T15:42:03.140+0000] {taskinstance.py:340} INFO - ::group::Post task execution logs
[2024-09-22T15:42:03.141+0000] {taskinstance.py:352} INFO - Marking task as SUCCESS. dag_id=project, task_id=extract_user, run_id=manual__2024-09-22T12:57:24.010523+00:00, execution_date=20240922T125724, start_date=20240922T154202, end_date=20240922T154203
[2024-09-22T15:42:03.150+0000] {logging_mixin.py:190} INFO - Task instance in success state
[2024-09-22T15:42:03.150+0000] {logging_mixin.py:190} INFO -  Previous state of the Task instance: running
[2024-09-22T15:42:03.151+0000] {logging_mixin.py:190} INFO - Dag name:project queued_at:2024-09-22 15:41:58.626216+00:00
[2024-09-22T15:42:03.151+0000] {logging_mixin.py:190} INFO - Task hostname:0bbd6d2129ab operator:SimpleHttpOperator
[2024-09-22T15:42:03.181+0000] {local_task_job_runner.py:266} INFO - Task exited with return code 0
[2024-09-22T15:42:03.192+0000] {warnings.py:112} WARNING - /home/***/.local/lib/python3.12/site-packages/***/models/baseoperator.py:1378: AirflowProviderDeprecationWarning: Call to deprecated class SimpleHttpOperator. (Class `SimpleHttpOperator` is deprecated and will be removed in a future release. Please use `HttpOperator` instead.)
  result = cls.__new__(cls)

[2024-09-22T15:42:03.200+0000] {taskinstance.py:3900} INFO - 1 downstream tasks scheduled from follow-on schedule check
[2024-09-22T15:42:03.201+0000] {local_task_job_runner.py:245} INFO - ::endgroup::
